#
# There is insufficient memory for the Java Runtime Environment to continue.
# Native memory allocation (malloc) failed to allocate 1447792 bytes. Error detail: Chunk::new
# Possible reasons:
#   The system is out of physical RAM or swap space
#   This process is running with CompressedOops enabled, and the Java Heap may be blocking the growth of the native heap
# Possible solutions:
#   Reduce memory load on the system
#   Increase physical memory or swap space
#   Check if swap backing store is full
#   Decrease Java heap size (-Xmx/-Xms)
#   Decrease number of Java threads
#   Decrease Java thread stack sizes (-Xss)
#   Set larger code cache with -XX:ReservedCodeCacheSize=
#   JVM is running with Unscaled Compressed Oops mode in which the Java heap is
#     placed in the first 4GB address space. The Java Heap base address is the
#     maximum limit for the native heap growth. Please use -XX:HeapBaseMinAddress
#     to set the Java Heap base and to place the Java Heap above 4GB virtual address.
# This output file may be truncated or incomplete.
#
#  Out of Memory Error (arena.cpp:191), pid=37780, tid=10564
#
# JRE version: OpenJDK Runtime Environment Temurin-17.0.11+9 (17.0.11+9) (build 17.0.11+9)
# Java VM: OpenJDK 64-Bit Server VM Temurin-17.0.11+9 (17.0.11+9, mixed mode, tiered, compressed oops, compressed class ptrs, parallel gc, windows-amd64)
# No core dump will be written. Minidumps are not enabled by default on client versions of Windows
#

---------------  S U M M A R Y ------------

Command Line: --add-modules=ALL-SYSTEM --add-opens=java.base/java.util=ALL-UNNAMED --add-opens=java.base/java.lang=ALL-UNNAMED --add-opens=java.base/sun.nio.fs=ALL-UNNAMED -Declipse.application=org.eclipse.jdt.ls.core.id1 -Dosgi.bundles.defaultStartLevel=4 -Declipse.product=org.eclipse.jdt.ls.core.product -Djava.import.generatesMetadataFilesAtProjectRoot=false -DDetectVMInstallationsJob.disabled=true -Dfile.encoding=utf8 -XX:+UseParallelGC -XX:GCTimeRatio=4 -XX:AdaptiveSizePolicyWeight=90 -Dsun.zip.disableMemoryMapping=true -Xmx1G -Xms100m -Xlog:disable -javaagent:c:\Users\cheng\.cursor\extensions\redhat.java-1.31.0-win32-x64\lombok\lombok-1.18.32.jar c:\Users\cheng\.cursor\extensions\redhat.java-1.31.0-win32-x64\server\plugins\org.eclipse.equinox.launcher_1.6.800.v20240513-1750.jar -configuration c:\Users\cheng\AppData\Roaming\Cursor\User\globalStorage\redhat.java\1.31.0\config_ss_win -data c:\Users\cheng\AppData\Roaming\Cursor\User\workspaceStorage\0a2e1038fc00e70623d54bd91d206bcc\redhat.java\ss_ws --pipe=\\.\pipe\lsp-123188fad7cd3e4899f6ea9e85a0c0ff-sock

Host: AMD Ryzen 9 4900HS with Radeon Graphics         , 16 cores, 15G,  Windows 11 , 64 bit Build 22621 (10.0.22621.3527)
Time: Wed Jun  5 14:55:25 2024 Pacific Daylight Time elapsed time: 9.546421 seconds (0d 0h 0m 9s)

---------------  T H R E A D  ---------------

Current thread (0x000001b9b41317e0):  JavaThread "C2 CompilerThread1" daemon [_thread_in_native, id=10564, stack(0x000000a0c7c00000,0x000000a0c7d00000)]


Current CompileTask:
C2:   9546 5596       4       org.eclipse.core.internal.dtree.DataTreeWriter::writeNode (182 bytes)

Stack: [0x000000a0c7c00000,0x000000a0c7d00000]
Native frames: (J=compiled Java code, j=interpreted, Vv=VM code, C=native code)
V  [jvm.dll+0x67d429]
V  [jvm.dll+0x834b7a]
V  [jvm.dll+0x83663e]
V  [jvm.dll+0x836ca3]
V  [jvm.dll+0x247dbf]
V  [jvm.dll+0xac534]
V  [jvm.dll+0xacb7c]
V  [jvm.dll+0x366647]
V  [jvm.dll+0x330bba]
V  [jvm.dll+0x33005a]
V  [jvm.dll+0x21a471]
V  [jvm.dll+0x2198b1]
V  [jvm.dll+0x1a534d]
V  [jvm.dll+0x2295cd]
V  [jvm.dll+0x22779c]
V  [jvm.dll+0x7e9d07]
V  [jvm.dll+0x7e410a]
V  [jvm.dll+0x67c315]
C  [ucrtbase.dll+0x29333]
C  [KERNEL32.DLL+0x1257d]
C  [ntdll.dll+0x5aa48]


---------------  P R O C E S S  ---------------

Threads class SMR info:
_java_thread_list=0x000001b9bca1ad40, length=49, elements={
0x000001b995d7a210, 0x000001b9aedc8010, 0x000001b9aedc8e90, 0x000001b9a9bf4cd0,
0x000001b9a9bf5b50, 0x000001b9a9bf9080, 0x000001b9aedeb6d0, 0x000001b9aedf0630,
0x000001b9aedf6040, 0x000001b9aedff9b0, 0x000001b995ddeca0, 0x000001b9aeea3a90,
0x000001b9b100b350, 0x000001b9b1871220, 0x000001b9b19dea40, 0x000001b9b1b4bbd0,
0x000001b9b1abe680, 0x000001b9b18eae30, 0x000001b9b18e9f00, 0x000001b9b18ea410,
0x000001b9b23c6e80, 0x000001b9b23c1d80, 0x000001b9b23c5f50, 0x000001b9b23c4600,
0x000001b9b23c3be0, 0x000001b9b23bff20, 0x000001b9b23c5530, 0x000001b9b23c5a40,
0x000001b9b23c6460, 0x000001b9b23c6970, 0x000001b9b23c1360, 0x000001b9b23c31c0,
0x000001b9b23c40f0, 0x000001b9b23c0940, 0x000001b9b23c4b10, 0x000001b9b23c1870,
0x000001b9b23c7390, 0x000001b9b23c0430, 0x000001b9b23c5020, 0x000001b9b23c0e50,
0x000001b9b23c2290, 0x000001b9b23c2cb0, 0x000001b9b23c36d0, 0x000001b9bd9706a0,
0x000001b9bd973430, 0x000001b9bd970bb0, 0x000001b9b41317e0, 0x000001b9b4131290,
0x000001b9bd975cb0
}

Java Threads: ( => current thread )
  0x000001b995d7a210 JavaThread "main" [_thread_blocked, id=45964, stack(0x000000a0c6c00000,0x000000a0c6d00000)]
  0x000001b9aedc8010 JavaThread "Reference Handler" daemon [_thread_blocked, id=21008, stack(0x000000a0c6f00000,0x000000a0c7000000)]
  0x000001b9aedc8e90 JavaThread "Finalizer" daemon [_thread_blocked, id=12132, stack(0x000000a0c7000000,0x000000a0c7100000)]
  0x000001b9a9bf4cd0 JavaThread "Signal Dispatcher" daemon [_thread_blocked, id=19132, stack(0x000000a0c7100000,0x000000a0c7200000)]
  0x000001b9a9bf5b50 JavaThread "Attach Listener" daemon [_thread_blocked, id=40180, stack(0x000000a0c7200000,0x000000a0c7300000)]
  0x000001b9a9bf9080 JavaThread "Service Thread" daemon [_thread_blocked, id=21212, stack(0x000000a0c7300000,0x000000a0c7400000)]
  0x000001b9aedeb6d0 JavaThread "Monitor Deflation Thread" daemon [_thread_blocked, id=10052, stack(0x000000a0c7400000,0x000000a0c7500000)]
  0x000001b9aedf0630 JavaThread "C2 CompilerThread0" daemon [_thread_in_native, id=24460, stack(0x000000a0c7500000,0x000000a0c7600000)]
  0x000001b9aedf6040 JavaThread "C1 CompilerThread0" daemon [_thread_blocked, id=4044, stack(0x000000a0c7600000,0x000000a0c7700000)]
  0x000001b9aedff9b0 JavaThread "Sweeper thread" daemon [_thread_blocked, id=13232, stack(0x000000a0c7700000,0x000000a0c7800000)]
  0x000001b995ddeca0 JavaThread "Common-Cleaner" daemon [_thread_blocked, id=13328, stack(0x000000a0c7800000,0x000000a0c7900000)]
  0x000001b9aeea3a90 JavaThread "C1 CompilerThread1" daemon [_thread_blocked, id=36700, stack(0x000000a0c7900000,0x000000a0c7a00000)]
  0x000001b9b100b350 JavaThread "Notification Thread" daemon [_thread_blocked, id=11132, stack(0x000000a0c7e00000,0x000000a0c7f00000)]
  0x000001b9b1871220 JavaThread "Active Thread: Equinox Container: d0e0a9af-8fa7-42cb-b02a-e0995fdfcaee" [_thread_blocked, id=23460, stack(0x000000a0c8700000,0x000000a0c8800000)]
  0x000001b9b19dea40 JavaThread "Framework Event Dispatcher: Equinox Container: d0e0a9af-8fa7-42cb-b02a-e0995fdfcaee" daemon [_thread_blocked, id=30040, stack(0x000000a0c8000000,0x000000a0c8100000)]
  0x000001b9b1b4bbd0 JavaThread "Start Level: Equinox Container: d0e0a9af-8fa7-42cb-b02a-e0995fdfcaee" daemon [_thread_blocked, id=41148, stack(0x000000a0c8100000,0x000000a0c8200000)]
  0x000001b9b1abe680 JavaThread "SCR Component Actor" daemon [_thread_blocked, id=1524, stack(0x000000a0c8800000,0x000000a0c8900000)]
  0x000001b9b18eae30 JavaThread "Worker-JM" [_thread_blocked, id=12112, stack(0x000000a0c7b00000,0x000000a0c7c00000)]
  0x000001b9b18e9f00 JavaThread "Worker-0" [_thread_blocked, id=24896, stack(0x000000a0c9000000,0x000000a0c9100000)]
  0x000001b9b18ea410 JavaThread "Worker-1" [_thread_blocked, id=1952, stack(0x000000a0c8f00000,0x000000a0c9000000)]
  0x000001b9b23c6e80 JavaThread "JNA Cleaner" daemon [_thread_blocked, id=16392, stack(0x000000a0c9400000,0x000000a0c9500000)]
  0x000001b9b23c1d80 JavaThread "Thread-2" daemon [_thread_in_native, id=23056, stack(0x000000a0c9500000,0x000000a0c9600000)]
  0x000001b9b23c5f50 JavaThread "Thread-3" daemon [_thread_in_native, id=45260, stack(0x000000a0c9600000,0x000000a0c9700000)]
  0x000001b9b23c4600 JavaThread "Thread-4" daemon [_thread_in_native, id=22072, stack(0x000000a0c9700000,0x000000a0c9800000)]
  0x000001b9b23c3be0 JavaThread "Thread-5" daemon [_thread_in_native, id=6064, stack(0x000000a0c9800000,0x000000a0c9900000)]
  0x000001b9b23bff20 JavaThread "Thread-6" daemon [_thread_in_native, id=13664, stack(0x000000a0c9900000,0x000000a0c9a00000)]
  0x000001b9b23c5530 JavaThread "Thread-7" daemon [_thread_in_native, id=39188, stack(0x000000a0c9a00000,0x000000a0c9b00000)]
  0x000001b9b23c5a40 JavaThread "Thread-8" daemon [_thread_in_native, id=31216, stack(0x000000a0c9b00000,0x000000a0c9c00000)]
  0x000001b9b23c6460 JavaThread "Thread-9" daemon [_thread_in_native, id=36500, stack(0x000000a0c9c00000,0x000000a0c9d00000)]
  0x000001b9b23c6970 JavaThread "Thread-10" daemon [_thread_in_native, id=8496, stack(0x000000a0c9d00000,0x000000a0c9e00000)]
  0x000001b9b23c1360 JavaThread "Thread-11" daemon [_thread_in_native, id=20128, stack(0x000000a0c9e00000,0x000000a0c9f00000)]
  0x000001b9b23c31c0 JavaThread "Thread-12" daemon [_thread_in_native, id=10700, stack(0x000000a0c9f00000,0x000000a0ca000000)]
  0x000001b9b23c40f0 JavaThread "Thread-13" daemon [_thread_in_native, id=9048, stack(0x000000a0ca000000,0x000000a0ca100000)]
  0x000001b9b23c0940 JavaThread "Thread-14" daemon [_thread_in_native, id=22976, stack(0x000000a0ca100000,0x000000a0ca200000)]
  0x000001b9b23c4b10 JavaThread "Thread-15" daemon [_thread_in_native, id=17228, stack(0x000000a0ca200000,0x000000a0ca300000)]
  0x000001b9b23c1870 JavaThread "Thread-16" daemon [_thread_in_native, id=17544, stack(0x000000a0ca300000,0x000000a0ca400000)]
  0x000001b9b23c7390 JavaThread "Thread-17" daemon [_thread_in_native, id=40144, stack(0x000000a0ca400000,0x000000a0ca500000)]
  0x000001b9b23c0430 JavaThread "Thread-18" daemon [_thread_in_native, id=21224, stack(0x000000a0ca500000,0x000000a0ca600000)]
  0x000001b9b23c5020 JavaThread "pool-2-thread-1" [_thread_blocked, id=22320, stack(0x000000a0ca600000,0x000000a0ca700000)]
  0x000001b9b23c0e50 JavaThread "WorkspaceEventsHandler" [_thread_blocked, id=19696, stack(0x000000a0ca700000,0x000000a0ca800000)]
  0x000001b9b23c2290 JavaThread "pool-1-thread-1" [_thread_blocked, id=20288, stack(0x000000a0ca800000,0x000000a0ca900000)]
  0x000001b9b23c2cb0 JavaThread "ForkJoinPool.commonPool-worker-1" daemon [_thread_blocked, id=23936, stack(0x000000a0ca900000,0x000000a0caa00000)]
  0x000001b9b23c36d0 JavaThread "ForkJoinPool.commonPool-worker-2" daemon [_thread_blocked, id=25100, stack(0x000000a0caa00000,0x000000a0cab00000)]
  0x000001b9bd9706a0 JavaThread "ForkJoinPool.commonPool-worker-3" daemon [_thread_blocked, id=14304, stack(0x000000a0cab00000,0x000000a0cac00000)]
  0x000001b9bd973430 JavaThread "Worker-2" [_thread_blocked, id=13504, stack(0x000000a0c8e00000,0x000000a0c8f00000)]
  0x000001b9bd970bb0 JavaThread "pool-3-thread-1" [_thread_blocked, id=13404, stack(0x000000a0c7a00000,0x000000a0c7b00000)]
=>0x000001b9b41317e0 JavaThread "C2 CompilerThread1" daemon [_thread_in_native, id=10564, stack(0x000000a0c7c00000,0x000000a0c7d00000)]
  0x000001b9b4131290 JavaThread "C2 CompilerThread2" daemon [_thread_blocked, id=38988, stack(0x000000a0c7d00000,0x000000a0c7e00000)]
  0x000001b9bd975cb0 JavaThread "Framework stop - Equinox Container: d0e0a9af-8fa7-42cb-b02a-e0995fdfcaee" [_thread_in_Java, id=35180, stack(0x000000a0c8b00000,0x000000a0c8c00000)]

Other Threads:
  0x000001b9a9be9010 VMThread "VM Thread" [stack: 0x000000a0c6e00000,0x000000a0c6f00000] [id=17848]
  0x000001b9b0ff1ff0 WatcherThread [stack: 0x000000a0c7f00000,0x000000a0c8000000] [id=44300]
  0x000001b995d8fde0 GCTaskThread "GC Thread#0" [stack: 0x000000a0c6d00000,0x000000a0c6e00000] [id=8016]
  0x000001b9b1b08230 GCTaskThread "GC Thread#1" [stack: 0x000000a0c8200000,0x000000a0c8300000] [id=44984]
  0x000001b9b1b08700 GCTaskThread "GC Thread#2" [stack: 0x000000a0c8300000,0x000000a0c8400000] [id=19728]
  0x000001b9b1b089c0 GCTaskThread "GC Thread#3" [stack: 0x000000a0c8400000,0x000000a0c8500000] [id=39472]
  0x000001b9b1b08c80 GCTaskThread "GC Thread#4" [stack: 0x000000a0c8500000,0x000000a0c8600000] [id=15912]
  0x000001b9b1b08f40 GCTaskThread "GC Thread#5" [stack: 0x000000a0c8600000,0x000000a0c8700000] [id=34540]
  0x000001b9b1ddacc0 GCTaskThread "GC Thread#6" [stack: 0x000000a0c8900000,0x000000a0c8a00000] [id=20616]
  0x000001b9b1ac2f10 GCTaskThread "GC Thread#7" [stack: 0x000000a0c8a00000,0x000000a0c8b00000] [id=22692]
  0x000001b9b1a7b850 GCTaskThread "GC Thread#8" [stack: 0x000000a0c8c00000,0x000000a0c8d00000] [id=3992]
  0x000001b9b1a7c330 GCTaskThread "GC Thread#9" [stack: 0x000000a0c8d00000,0x000000a0c8e00000] [id=4160]
  0x000001b9b1e11550 GCTaskThread "GC Thread#10" [stack: 0x000000a0c9100000,0x000000a0c9200000] [id=27472]
  0x000001b9b1e234e0 GCTaskThread "GC Thread#11" [stack: 0x000000a0c9200000,0x000000a0c9300000] [id=46184]
  0x000001b9b209d4d0 GCTaskThread "GC Thread#12" [stack: 0x000000a0c9300000,0x000000a0c9400000] [id=10408]

Threads with active compile tasks:
C2 CompilerThread0     9563 5650       4       java.lang.invoke.MethodType::makeImpl (109 bytes)
C1 CompilerThread1     9563 5663       1       org.apache.felix.scr.impl.inject.methods.BaseMethod::getMethodName (5 bytes)
C2 CompilerThread1     9563 5596       4       org.eclipse.core.internal.dtree.DataTreeWriter::writeNode (182 bytes)

VM state: not at safepoint (normal execution)

VM Mutex/Monitor currently owned by a thread: None

Heap address: 0x00000000c0000000, size: 1024 MB, Compressed Oops mode: 32-bit

CDS archive(s) not mapped
Compressed class space mapped at: 0x0000000100000000-0x0000000140000000, reserved size: 1073741824
Narrow klass base: 0x0000000000000000, Narrow klass shift: 3, Narrow klass range: 0x140000000

GC Precious Log:
 CPUs: 16 total, 16 available
 Memory: 15789M
 Large Page Support: Disabled
 NUMA Support: Disabled
 Compressed Oops: Enabled (32-bit)
 Alignments: Space 512K, Generation 512K, Heap 2M
 Heap Min Capacity: 100M
 Heap Initial Capacity: 100M
 Heap Max Capacity: 1G
 Pre-touch: Disabled
 Parallel Workers: 13

Heap:
 PSYoungGen      total 23040K, used 4016K [0x00000000eab00000, 0x00000000ec300000, 0x0000000100000000)
  eden space 21504K, 13% used [0x00000000eab00000,0x00000000eadd57e8,0x00000000ec000000)
  from space 1536K, 72% used [0x00000000ec080000,0x00000000ec196860,0x00000000ec200000)
  to   space 1024K, 0% used [0x00000000ec200000,0x00000000ec200000,0x00000000ec300000)
 ParOldGen       total 68608K, used 37692K [0x00000000c0000000, 0x00000000c4300000, 0x00000000eab00000)
  object space 68608K, 54% used [0x00000000c0000000,0x00000000c24cf178,0x00000000c4300000)
 Metaspace       used 48101K, committed 48960K, reserved 1114112K
  class space    used 4860K, committed 5248K, reserved 1048576K

Card table byte_map: [0x000001b995700000,0x000001b995910000] _byte_map_base: 0x000001b995100000

Marking Bits: (ParMarkBitMap*) 0x00007ffebcbfd820
 Begin Bits: [0x000001b9a7a00000, 0x000001b9a8a00000)
 End Bits:   [0x000001b9a8a00000, 0x000001b9a9a00000)

Polling page: 0x000001b993cf0000

Metaspace:

Usage:
  Non-class:     42.23 MB used.
      Class:      4.75 MB used.
       Both:     46.97 MB used.

Virtual space:
  Non-class space:       64.00 MB reserved,      42.69 MB ( 67%) committed,  1 nodes.
      Class space:        1.00 GB reserved,       5.12 MB ( <1%) committed,  1 nodes.
             Both:        1.06 GB reserved,      47.81 MB (  4%) committed. 

Chunk freelists:
   Non-Class:  4.55 MB
       Class:  10.72 MB
        Both:  15.27 MB

MaxMetaspaceSize: unlimited
CompressedClassSpaceSize: 1.00 GB
Initial GC threshold: 21.00 MB
Current GC threshold: 58.38 MB
CDS: off
MetaspaceReclaimPolicy: balanced
 - commit_granule_bytes: 65536.
 - commit_granule_words: 8192.
 - virtual_space_node_default_size: 8388608.
 - enlarge_chunks_in_place: 1.
 - new_chunks_are_fully_committed: 0.
 - uncommit_free_chunks: 1.
 - use_allocation_guard: 0.
 - handle_deallocations: 1.


Internal statistics:

num_allocs_failed_limit: 6.
num_arena_births: 448.
num_arena_deaths: 14.
num_vsnodes_births: 2.
num_vsnodes_deaths: 0.
num_space_committed: 765.
num_space_uncommitted: 0.
num_chunks_returned_to_freelist: 20.
num_chunks_taken_from_freelist: 2085.
num_chunk_merges: 11.
num_chunk_splits: 1339.
num_chunks_enlarged: 880.
num_inconsistent_stats: 0.

CodeHeap 'non-profiled nmethods': size=119168Kb used=3205Kb max_used=3404Kb free=115962Kb
 bounds [0x000001b9a05a0000, 0x000001b9a0910000, 0x000001b9a7a00000]
CodeHeap 'profiled nmethods': size=119104Kb used=9934Kb max_used=11552Kb free=109169Kb
 bounds [0x000001b998a00000, 0x000001b999550000, 0x000001b99fe50000]
CodeHeap 'non-nmethods': size=7488Kb used=1902Kb max_used=3066Kb free=5585Kb
 bounds [0x000001b99fe50000, 0x000001b9a0160000, 0x000001b9a05a0000]
 total_blobs=5472 nmethods=4788 adapters=595
 compilation: enabled
              stopped_count=0, restarted_count=0
 full_count=0

Compilation events (20 events):
Event: 9.531 Thread 0x000001b9aeea3a90 5636       3       org.eclipse.osgi.internal.framework.FilterImpl$Item::compare_ObjectArray (38 bytes)
Event: 9.531 Thread 0x000001b9aedf6040 nmethod 5634 0x000001b998a34e10 code [0x000001b998a351a0, 0x000001b998a36af8]
Event: 9.531 Thread 0x000001b9aeea3a90 nmethod 5636 0x000001b998d9f290 code [0x000001b998d9f440, 0x000001b998d9f6e8]
Event: 9.535 Thread 0x000001b9aedf0630 5637       4       java.lang.StringBuilder::length (5 bytes)
Event: 9.536 Thread 0x000001b9aeea3a90 5638   !   3       java.lang.invoke.BoundMethodHandle$Species_L::copyWithExtendL (31 bytes)
Event: 9.536 Thread 0x000001b9aedf0630 nmethod 5637 0x000001b9a06d2c90 code [0x000001b9a06d2e00, 0x000001b9a06d2e78]
Event: 9.536 Thread 0x000001b9aedf6040 5639       1       org.eclipse.osgi.container.ModuleWire::getRequirer (5 bytes)
Event: 9.536 Thread 0x000001b9aeea3a90 nmethod 5638 0x000001b998c57b10 code [0x000001b998c57d40, 0x000001b998c58808]
Event: 9.536 Thread 0x000001b9aeea3a90 5640       1       org.eclipse.osgi.container.ModuleWire::getProvider (5 bytes)
Event: 9.536 Thread 0x000001b9aedf6040 nmethod 5639 0x000001b9a06d2990 code [0x000001b9a06d2b20, 0x000001b9a06d2bf8]
Event: 9.536 Thread 0x000001b9aeea3a90 nmethod 5640 0x000001b9a06d2690 code [0x000001b9a06d2820, 0x000001b9a06d28f8]
Event: 9.539 Thread 0x000001b9aedf6040 5641       3       org.eclipse.osgi.internal.container.ComputeNodeOrder$Digraph::addEdge (67 bytes)
Event: 9.539 Thread 0x000001b9aedf6040 nmethod 5641 0x000001b998b04610 code [0x000001b998b04820, 0x000001b998b04ed8]
Event: 9.541 Thread 0x000001b9aedf0630 5642       4       jdk.internal.org.objectweb.asm.MethodWriter::visitEnd (1 bytes)
Event: 9.542 Thread 0x000001b9aedf0630 nmethod 5642 0x000001b9a06d2390 code [0x000001b9a06d2500, 0x000001b9a06d2578]
Event: 9.542 Thread 0x000001b9aeea3a90 5643       3       java.lang.invoke.ClassSpecializer$SpeciesData::factory (14 bytes)
Event: 9.542 Thread 0x000001b9aeea3a90 nmethod 5643 0x000001b998dd5090 code [0x000001b998dd5240, 0x000001b998dd5508]
Event: 9.544 Thread 0x000001b9aeea3a90 5644       1       java.lang.Module::getName (5 bytes)
Event: 9.544 Thread 0x000001b9b4131290 5645       4       jdk.internal.jimage.BasicImageReader::getLocationIndex (52 bytes)
Event: 9.544 Thread 0x000001b9aeea3a90 nmethod 5644 0x000001b9a06d1f90 code [0x000001b9a06d2120, 0x000001b9a06d21f8]

GC Heap History (20 events):
Event: 4.427 GC heap before
{Heap before GC invocations=18 (full 2):
 PSYoungGen      total 24064K, used 24000K [0x00000000eab00000, 0x00000000ec480000, 0x0000000100000000)
  eden space 22016K, 100% used [0x00000000eab00000,0x00000000ec080000,0x00000000ec080000)
  from space 2048K, 96% used [0x00000000ec180000,0x00000000ec370010,0x00000000ec380000)
  to   space 1024K, 0% used [0x00000000ec380000,0x00000000ec380000,0x00000000ec480000)
 ParOldGen       total 68608K, used 25236K [0x00000000c0000000, 0x00000000c4300000, 0x00000000eab00000)
  object space 68608K, 36% used [0x00000000c0000000,0x00000000c18a51d0,0x00000000c4300000)
 Metaspace       used 39950K, committed 40704K, reserved 1114112K
  class space    used 4041K, committed 4416K, reserved 1048576K
}
Event: 4.431 GC heap after
{Heap after GC invocations=18 (full 2):
 PSYoungGen      total 22528K, used 1016K [0x00000000eab00000, 0x00000000ec780000, 0x0000000100000000)
  eden space 21504K, 0% used [0x00000000eab00000,0x00000000eab00000,0x00000000ec000000)
  from space 1024K, 99% used [0x00000000ec380000,0x00000000ec47e1e8,0x00000000ec480000)
  to   space 3584K, 0% used [0x00000000ec000000,0x00000000ec000000,0x00000000ec380000)
 ParOldGen       total 68608K, used 27302K [0x00000000c0000000, 0x00000000c4300000, 0x00000000eab00000)
  object space 68608K, 39% used [0x00000000c0000000,0x00000000c1aa9880,0x00000000c4300000)
 Metaspace       used 39950K, committed 40704K, reserved 1114112K
  class space    used 4041K, committed 4416K, reserved 1048576K
}
Event: 4.969 GC heap before
{Heap before GC invocations=19 (full 2):
 PSYoungGen      total 22528K, used 22520K [0x00000000eab00000, 0x00000000ec780000, 0x0000000100000000)
  eden space 21504K, 100% used [0x00000000eab00000,0x00000000ec000000,0x00000000ec000000)
  from space 1024K, 99% used [0x00000000ec380000,0x00000000ec47e1e8,0x00000000ec480000)
  to   space 3584K, 0% used [0x00000000ec000000,0x00000000ec000000,0x00000000ec380000)
 ParOldGen       total 68608K, used 27302K [0x00000000c0000000, 0x00000000c4300000, 0x00000000eab00000)
  object space 68608K, 39% used [0x00000000c0000000,0x00000000c1aa9880,0x00000000c4300000)
 Metaspace       used 41346K, committed 42112K, reserved 1114112K
  class space    used 4183K, committed 4544K, reserved 1048576K
}
Event: 4.970 GC heap after
{Heap after GC invocations=19 (full 2):
 PSYoungGen      total 22016K, used 448K [0x00000000eab00000, 0x00000000ec400000, 0x0000000100000000)
  eden space 21504K, 0% used [0x00000000eab00000,0x00000000eab00000,0x00000000ec000000)
  from space 512K, 87% used [0x00000000ec000000,0x00000000ec070000,0x00000000ec080000)
  to   space 1536K, 0% used [0x00000000ec280000,0x00000000ec280000,0x00000000ec400000)
 ParOldGen       total 68608K, used 28337K [0x00000000c0000000, 0x00000000c4300000, 0x00000000eab00000)
  object space 68608K, 41% used [0x00000000c0000000,0x00000000c1bac428,0x00000000c4300000)
 Metaspace       used 41346K, committed 42112K, reserved 1114112K
  class space    used 4183K, committed 4544K, reserved 1048576K
}
Event: 6.473 GC heap before
{Heap before GC invocations=20 (full 2):
 PSYoungGen      total 22016K, used 21952K [0x00000000eab00000, 0x00000000ec400000, 0x0000000100000000)
  eden space 21504K, 100% used [0x00000000eab00000,0x00000000ec000000,0x00000000ec000000)
  from space 512K, 87% used [0x00000000ec000000,0x00000000ec070000,0x00000000ec080000)
  to   space 1536K, 0% used [0x00000000ec280000,0x00000000ec280000,0x00000000ec400000)
 ParOldGen       total 68608K, used 28337K [0x00000000c0000000, 0x00000000c4300000, 0x00000000eab00000)
  object space 68608K, 41% used [0x00000000c0000000,0x00000000c1bac428,0x00000000c4300000)
 Metaspace       used 43656K, committed 44416K, reserved 1114112K
  class space    used 4405K, committed 4736K, reserved 1048576K
}
Event: 6.474 GC heap after
{Heap after GC invocations=20 (full 2):
 PSYoungGen      total 22528K, used 736K [0x00000000eab00000, 0x00000000ec380000, 0x0000000100000000)
  eden space 21504K, 0% used [0x00000000eab00000,0x00000000eab00000,0x00000000ec000000)
  from space 1024K, 71% used [0x00000000ec280000,0x00000000ec338040,0x00000000ec380000)
  to   space 1024K, 0% used [0x00000000ec180000,0x00000000ec180000,0x00000000ec280000)
 ParOldGen       total 68608K, used 28609K [0x00000000c0000000, 0x00000000c4300000, 0x00000000eab00000)
  object space 68608K, 41% used [0x00000000c0000000,0x00000000c1bf0428,0x00000000c4300000)
 Metaspace       used 43656K, committed 44416K, reserved 1114112K
  class space    used 4405K, committed 4736K, reserved 1048576K
}
Event: 6.499 GC heap before
{Heap before GC invocations=21 (full 2):
 PSYoungGen      total 22528K, used 22240K [0x00000000eab00000, 0x00000000ec380000, 0x0000000100000000)
  eden space 21504K, 99% used [0x00000000eab00000,0x00000000ebfffff0,0x00000000ec000000)
  from space 1024K, 71% used [0x00000000ec280000,0x00000000ec338040,0x00000000ec380000)
  to   space 1024K, 0% used [0x00000000ec180000,0x00000000ec180000,0x00000000ec280000)
 ParOldGen       total 68608K, used 28609K [0x00000000c0000000, 0x00000000c4300000, 0x00000000eab00000)
  object space 68608K, 41% used [0x00000000c0000000,0x00000000c1bf0428,0x00000000c4300000)
 Metaspace       used 43659K, committed 44416K, reserved 1114112K
  class space    used 4405K, committed 4736K, reserved 1048576K
}
Event: 6.501 GC heap after
{Heap after GC invocations=21 (full 2):
 PSYoungGen      total 22528K, used 1024K [0x00000000eab00000, 0x00000000ec600000, 0x0000000100000000)
  eden space 21504K, 0% used [0x00000000eab00000,0x00000000eab00000,0x00000000ec000000)
  from space 1024K, 100% used [0x00000000ec180000,0x00000000ec280000,0x00000000ec280000)
  to   space 3072K, 0% used [0x00000000ec300000,0x00000000ec300000,0x00000000ec600000)
 ParOldGen       total 68608K, used 30073K [0x00000000c0000000, 0x00000000c4300000, 0x00000000eab00000)
  object space 68608K, 43% used [0x00000000c0000000,0x00000000c1d5e468,0x00000000c4300000)
 Metaspace       used 43659K, committed 44416K, reserved 1114112K
  class space    used 4405K, committed 4736K, reserved 1048576K
}
Event: 6.530 GC heap before
{Heap before GC invocations=22 (full 2):
 PSYoungGen      total 22528K, used 22528K [0x00000000eab00000, 0x00000000ec600000, 0x0000000100000000)
  eden space 21504K, 100% used [0x00000000eab00000,0x00000000ec000000,0x00000000ec000000)
  from space 1024K, 100% used [0x00000000ec180000,0x00000000ec280000,0x00000000ec280000)
  to   space 3072K, 0% used [0x00000000ec300000,0x00000000ec300000,0x00000000ec600000)
 ParOldGen       total 68608K, used 30073K [0x00000000c0000000, 0x00000000c4300000, 0x00000000eab00000)
  object space 68608K, 43% used [0x00000000c0000000,0x00000000c1d5e468,0x00000000c4300000)
 Metaspace       used 43661K, committed 44416K, reserved 1114112K
  class space    used 4405K, committed 4736K, reserved 1048576K
}
Event: 6.532 GC heap after
{Heap after GC invocations=22 (full 2):
 PSYoungGen      total 24576K, used 2656K [0x00000000eab00000, 0x00000000ec600000, 0x0000000100000000)
  eden space 21504K, 0% used [0x00000000eab00000,0x00000000eab00000,0x00000000ec000000)
  from space 3072K, 86% used [0x00000000ec300000,0x00000000ec598010,0x00000000ec600000)
  to   space 3072K, 0% used [0x00000000ec000000,0x00000000ec000000,0x00000000ec300000)
 ParOldGen       total 68608K, used 31153K [0x00000000c0000000, 0x00000000c4300000, 0x00000000eab00000)
  object space 68608K, 45% used [0x00000000c0000000,0x00000000c1e6c468,0x00000000c4300000)
 Metaspace       used 43661K, committed 44416K, reserved 1114112K
  class space    used 4405K, committed 4736K, reserved 1048576K
}
Event: 6.563 GC heap before
{Heap before GC invocations=23 (full 2):
 PSYoungGen      total 24576K, used 24160K [0x00000000eab00000, 0x00000000ec600000, 0x0000000100000000)
  eden space 21504K, 100% used [0x00000000eab00000,0x00000000ec000000,0x00000000ec000000)
  from space 3072K, 86% used [0x00000000ec300000,0x00000000ec598010,0x00000000ec600000)
  to   space 3072K, 0% used [0x00000000ec000000,0x00000000ec000000,0x00000000ec300000)
 ParOldGen       total 68608K, used 31153K [0x00000000c0000000, 0x00000000c4300000, 0x00000000eab00000)
  object space 68608K, 45% used [0x00000000c0000000,0x00000000c1e6c468,0x00000000c4300000)
 Metaspace       used 43684K, committed 44416K, reserved 1114112K
  class space    used 4407K, committed 4736K, reserved 1048576K
}
Event: 6.566 GC heap after
{Heap after GC invocations=23 (full 2):
 PSYoungGen      total 23552K, used 1792K [0x00000000eab00000, 0x00000000ec500000, 0x0000000100000000)
  eden space 21504K, 0% used [0x00000000eab00000,0x00000000eab00000,0x00000000ec000000)
  from space 2048K, 87% used [0x00000000ec000000,0x00000000ec1c0000,0x00000000ec200000)
  to   space 2560K, 0% used [0x00000000ec280000,0x00000000ec280000,0x00000000ec500000)
 ParOldGen       total 68608K, used 33289K [0x00000000c0000000, 0x00000000c4300000, 0x00000000eab00000)
  object space 68608K, 48% used [0x00000000c0000000,0x00000000c2082478,0x00000000c4300000)
 Metaspace       used 43684K, committed 44416K, reserved 1114112K
  class space    used 4407K, committed 4736K, reserved 1048576K
}
Event: 6.713 GC heap before
{Heap before GC invocations=24 (full 2):
 PSYoungGen      total 23552K, used 23296K [0x00000000eab00000, 0x00000000ec500000, 0x0000000100000000)
  eden space 21504K, 100% used [0x00000000eab00000,0x00000000ec000000,0x00000000ec000000)
  from space 2048K, 87% used [0x00000000ec000000,0x00000000ec1c0000,0x00000000ec200000)
  to   space 2560K, 0% used [0x00000000ec280000,0x00000000ec280000,0x00000000ec500000)
 ParOldGen       total 68608K, used 33289K [0x00000000c0000000, 0x00000000c4300000, 0x00000000eab00000)
  object space 68608K, 48% used [0x00000000c0000000,0x00000000c2082478,0x00000000c4300000)
 Metaspace       used 44424K, committed 45248K, reserved 1114112K
  class space    used 4502K, committed 4864K, reserved 1048576K
}
Event: 6.715 GC heap after
{Heap after GC invocations=24 (full 2):
 PSYoungGen      total 23552K, used 1920K [0x00000000eab00000, 0x00000000ec480000, 0x0000000100000000)
  eden space 21504K, 0% used [0x00000000eab00000,0x00000000eab00000,0x00000000ec000000)
  from space 2048K, 93% used [0x00000000ec280000,0x00000000ec460000,0x00000000ec480000)
  to   space 2048K, 0% used [0x00000000ec000000,0x00000000ec000000,0x00000000ec200000)
 ParOldGen       total 68608K, used 34899K [0x00000000c0000000, 0x00000000c4300000, 0x00000000eab00000)
  object space 68608K, 50% used [0x00000000c0000000,0x00000000c2214d78,0x00000000c4300000)
 Metaspace       used 44424K, committed 45248K, reserved 1114112K
  class space    used 4502K, committed 4864K, reserved 1048576K
}
Event: 7.013 GC heap before
{Heap before GC invocations=25 (full 2):
 PSYoungGen      total 23552K, used 23263K [0x00000000eab00000, 0x00000000ec480000, 0x0000000100000000)
  eden space 21504K, 99% used [0x00000000eab00000,0x00000000ebfd7c68,0x00000000ec000000)
  from space 2048K, 93% used [0x00000000ec280000,0x00000000ec460000,0x00000000ec480000)
  to   space 2048K, 0% used [0x00000000ec000000,0x00000000ec000000,0x00000000ec200000)
 ParOldGen       total 68608K, used 34899K [0x00000000c0000000, 0x00000000c4300000, 0x00000000eab00000)
  object space 68608K, 50% used [0x00000000c0000000,0x00000000c2214d78,0x00000000c4300000)
 Metaspace       used 45559K, committed 46272K, reserved 1114112K
  class space    used 4605K, committed 4928K, reserved 1048576K
}
Event: 7.015 GC heap after
{Heap after GC invocations=25 (full 2):
 PSYoungGen      total 23552K, used 1782K [0x00000000eab00000, 0x00000000ec400000, 0x0000000100000000)
  eden space 21504K, 0% used [0x00000000eab00000,0x00000000eab00000,0x00000000ec000000)
  from space 2048K, 87% used [0x00000000ec000000,0x00000000ec1bda28,0x00000000ec200000)
  to   space 2048K, 0% used [0x00000000ec200000,0x00000000ec200000,0x00000000ec400000)
 ParOldGen       total 68608K, used 36655K [0x00000000c0000000, 0x00000000c4300000, 0x00000000eab00000)
  object space 68608K, 53% used [0x00000000c0000000,0x00000000c23cbe98,0x00000000c4300000)
 Metaspace       used 45559K, committed 46272K, reserved 1114112K
  class space    used 4605K, committed 4928K, reserved 1048576K
}
Event: 7.114 GC heap before
{Heap before GC invocations=26 (full 2):
 PSYoungGen      total 23552K, used 23286K [0x00000000eab00000, 0x00000000ec400000, 0x0000000100000000)
  eden space 21504K, 100% used [0x00000000eab00000,0x00000000ec000000,0x00000000ec000000)
  from space 2048K, 87% used [0x00000000ec000000,0x00000000ec1bda28,0x00000000ec200000)
  to   space 2048K, 0% used [0x00000000ec200000,0x00000000ec200000,0x00000000ec400000)
 ParOldGen       total 68608K, used 36655K [0x00000000c0000000, 0x00000000c4300000, 0x00000000eab00000)
  object space 68608K, 53% used [0x00000000c0000000,0x00000000c23cbe98,0x00000000c4300000)
 Metaspace       used 45575K, committed 46272K, reserved 1114112K
  class space    used 4605K, committed 4928K, reserved 1048576K
}
Event: 7.117 GC heap after
{Heap after GC invocations=26 (full 2):
 PSYoungGen      total 23040K, used 1216K [0x00000000eab00000, 0x00000000ec380000, 0x0000000100000000)
  eden space 21504K, 0% used [0x00000000eab00000,0x00000000eab00000,0x00000000ec000000)
  from space 1536K, 79% used [0x00000000ec200000,0x00000000ec330038,0x00000000ec380000)
  to   space 1536K, 0% used [0x00000000ec080000,0x00000000ec080000,0x00000000ec200000)
 ParOldGen       total 68608K, used 37660K [0x00000000c0000000, 0x00000000c4300000, 0x00000000eab00000)
  object space 68608K, 54% used [0x00000000c0000000,0x00000000c24c7178,0x00000000c4300000)
 Metaspace       used 45575K, committed 46272K, reserved 1114112K
  class space    used 4605K, committed 4928K, reserved 1048576K
}
Event: 9.455 GC heap before
{Heap before GC invocations=27 (full 2):
 PSYoungGen      total 23040K, used 22720K [0x00000000eab00000, 0x00000000ec380000, 0x0000000100000000)
  eden space 21504K, 100% used [0x00000000eab00000,0x00000000ec000000,0x00000000ec000000)
  from space 1536K, 79% used [0x00000000ec200000,0x00000000ec330038,0x00000000ec380000)
  to   space 1536K, 0% used [0x00000000ec080000,0x00000000ec080000,0x00000000ec200000)
 ParOldGen       total 68608K, used 37660K [0x00000000c0000000, 0x00000000c4300000, 0x00000000eab00000)
  object space 68608K, 54% used [0x00000000c0000000,0x00000000c24c7178,0x00000000c4300000)
 Metaspace       used 47759K, committed 48576K, reserved 1114112K
  class space    used 4811K, committed 5184K, reserved 1048576K
}
Event: 9.457 GC heap after
{Heap after GC invocations=27 (full 2):
 PSYoungGen      total 23040K, used 1114K [0x00000000eab00000, 0x00000000ec300000, 0x0000000100000000)
  eden space 21504K, 0% used [0x00000000eab00000,0x00000000eab00000,0x00000000ec000000)
  from space 1536K, 72% used [0x00000000ec080000,0x00000000ec196860,0x00000000ec200000)
  to   space 1024K, 0% used [0x00000000ec200000,0x00000000ec200000,0x00000000ec300000)
 ParOldGen       total 68608K, used 37692K [0x00000000c0000000, 0x00000000c4300000, 0x00000000eab00000)
  object space 68608K, 54% used [0x00000000c0000000,0x00000000c24cf178,0x00000000c4300000)
 Metaspace       used 47759K, committed 48576K, reserved 1114112K
  class space    used 4811K, committed 5184K, reserved 1048576K
}

Dll operation events (10 events):
Event: 0.009 Loaded shared library c:\Users\cheng\.cursor\extensions\redhat.java-1.31.0-win32-x64\jre\17.0.11-win32-x86_64\bin\java.dll
Event: 0.106 Loaded shared library c:\Users\cheng\.cursor\extensions\redhat.java-1.31.0-win32-x64\jre\17.0.11-win32-x86_64\bin\zip.dll
Event: 0.108 Loaded shared library C:\Users\cheng\.cursor\extensions\redhat.java-1.31.0-win32-x64\jre\17.0.11-win32-x86_64\bin\instrument.dll
Event: 0.116 Loaded shared library C:\Users\cheng\.cursor\extensions\redhat.java-1.31.0-win32-x64\jre\17.0.11-win32-x86_64\bin\net.dll
Event: 0.118 Loaded shared library C:\Users\cheng\.cursor\extensions\redhat.java-1.31.0-win32-x64\jre\17.0.11-win32-x86_64\bin\nio.dll
Event: 0.122 Loaded shared library C:\Users\cheng\.cursor\extensions\redhat.java-1.31.0-win32-x64\jre\17.0.11-win32-x86_64\bin\zip.dll
Event: 0.134 Loaded shared library C:\Users\cheng\.cursor\extensions\redhat.java-1.31.0-win32-x64\jre\17.0.11-win32-x86_64\bin\jimage.dll
Event: 0.172 Loaded shared library c:\Users\cheng\.cursor\extensions\redhat.java-1.31.0-win32-x64\jre\17.0.11-win32-x86_64\bin\verify.dll
Event: 1.076 Loaded shared library C:\Users\cheng\AppData\Roaming\Cursor\User\globalStorage\redhat.java\1.31.0\config_ss_win\org.eclipse.equinox.launcher\org.eclipse.equinox.launcher.win32.win32.x86_64_1.2.1000.v20240507-1834\eclipse_11902.dll
Event: 2.937 Loaded shared library C:\Users\cheng\AppData\Local\Temp\jna-94627417\jna16294065551688960085.dll

Deoptimization events (20 events):
Event: 9.473 Thread 0x000001b9bd972500 Uncommon trap: trap_request=0xffffffc6 fr.pc=0x000001b9a073cfd4 relative=0x0000000000000734
Event: 9.473 Thread 0x000001b9bd972500 Uncommon trap: reason=bimorphic_or_optimized_type_check action=maybe_recompile pc=0x000001b9a073cfd4 method=org.eclipse.core.internal.watson.ElementTreeIterator.doIteration(Lorg/eclipse/core/internal/dtree/DataTreeNode;Lorg/eclipse/core/internal/watson/IE
Event: 9.473 Thread 0x000001b9bd972500 DEOPT PACKING pc=0x000001b9a073cfd4 sp=0x000000a0c8bfe850
Event: 9.473 Thread 0x000001b9bd972500 DEOPT UNPACKING pc=0x000001b99fea66a3 sp=0x000000a0c8bfe820 mode 2
Event: 9.475 Thread 0x000001b9bd973940 DEOPT PACKING pc=0x000001b998b93985 sp=0x000000a0cacfe810
Event: 9.475 Thread 0x000001b9bd973940 DEOPT UNPACKING pc=0x000001b99fea6e43 sp=0x000000a0cacfdcb8 mode 0
Event: 9.479 Thread 0x000001b9bd973940 DEOPT PACKING pc=0x000001b998b93985 sp=0x000000a0cacfe790
Event: 9.479 Thread 0x000001b9bd973940 DEOPT UNPACKING pc=0x000001b99fea6e43 sp=0x000000a0cacfdc38 mode 0
Event: 9.481 Thread 0x000001b9bd973940 DEOPT PACKING pc=0x000001b998b93985 sp=0x000000a0cacfe890
Event: 9.481 Thread 0x000001b9bd973940 DEOPT UNPACKING pc=0x000001b99fea6e43 sp=0x000000a0cacfdd38 mode 0
Event: 9.484 Thread 0x000001b9bd973940 DEOPT PACKING pc=0x000001b998b93985 sp=0x000000a0cacfe890
Event: 9.484 Thread 0x000001b9bd973940 DEOPT UNPACKING pc=0x000001b99fea6e43 sp=0x000000a0cacfdd38 mode 0
Event: 9.485 Thread 0x000001b9bd973940 DEOPT PACKING pc=0x000001b998b93985 sp=0x000000a0cacfe710
Event: 9.485 Thread 0x000001b9bd973940 DEOPT UNPACKING pc=0x000001b99fea6e43 sp=0x000000a0cacfdbb8 mode 0
Event: 9.486 Thread 0x000001b9bd973940 DEOPT PACKING pc=0x000001b998b93985 sp=0x000000a0cacfe910
Event: 9.486 Thread 0x000001b9bd973940 DEOPT UNPACKING pc=0x000001b99fea6e43 sp=0x000000a0cacfddb8 mode 0
Event: 9.531 Thread 0x000001b9b23c2290 Uncommon trap: trap_request=0x0000002e fr.pc=0x000001b9a08530d0 relative=0x00000000000003b0
Event: 9.531 Thread 0x000001b9b23c2290 Uncommon trap: reason=unloaded action=reinterpret pc=0x000001b9a08530d0 method=org.eclipse.jdt.ls.core.internal.ConnectionStreamFactory$NamedPipeInputStream.read()I @ 119 c2
Event: 9.531 Thread 0x000001b9b23c2290 DEOPT PACKING pc=0x000001b9a08530d0 sp=0x000000a0ca8fee30
Event: 9.531 Thread 0x000001b9b23c2290 DEOPT UNPACKING pc=0x000001b99fea66a3 sp=0x000000a0ca8fede0 mode 2

Classes unloaded (7 events):
Event: 1.710 Thread 0x000001b9a9be9010 Unloading class 0x000000010021a400 'java/lang/invoke/LambdaForm$MH+0x000000010021a400'
Event: 1.710 Thread 0x000001b9a9be9010 Unloading class 0x000000010021a000 'java/lang/invoke/LambdaForm$MH+0x000000010021a000'
Event: 1.710 Thread 0x000001b9a9be9010 Unloading class 0x0000000100219c00 'java/lang/invoke/LambdaForm$MH+0x0000000100219c00'
Event: 1.710 Thread 0x000001b9a9be9010 Unloading class 0x0000000100219800 'java/lang/invoke/LambdaForm$MH+0x0000000100219800'
Event: 1.710 Thread 0x000001b9a9be9010 Unloading class 0x0000000100219400 'java/lang/invoke/LambdaForm$BMH+0x0000000100219400'
Event: 1.710 Thread 0x000001b9a9be9010 Unloading class 0x0000000100219000 'java/lang/invoke/LambdaForm$DMH+0x0000000100219000'
Event: 1.710 Thread 0x000001b9a9be9010 Unloading class 0x0000000100214400 'java/lang/invoke/LambdaForm$DMH+0x0000000100214400'

Classes redefined (0 events):
No events

Internal exceptions (20 events):
Event: 5.020 Thread 0x000001b9b23c2cb0 Implicit null exception at 0x000001b9a082fe4f to 0x000001b9a0830b50
Event: 5.176 Thread 0x000001b9b23c2cb0 Exception <a 'java/lang/LinkageError'{0x00000000eb614b20}: loader lombok.launch.ShadowClassLoader @3baa2e6f attempted duplicate class definition for lombok.launch.PatchFixesHider$FieldInitializer. (lombok.launch.PatchFixesHider$FieldInitializer is in unnamed module of loader lombok.launch.ShadowClassLoader @3baa2e6f, parent loader org.eclipse.osgi.internal.loader.EquinoxClassLoader @6de4a55c)> (0x00000000eb614b20) 
thrown [s\src\hotspot\share\classfile\systemDictionary.cpp, line 1723]
Event: 5.177 Thread 0x000001b9b23c2290 Exception <a 'java/lang/LinkageError'{0x00000000eb6c6e78}: loader lombok.launch.ShadowClassLoader @3baa2e6f attempted duplicate class definition for lombok.launch.PatchFixesHider$FieldInitializer. (lombok.launch.PatchFixesHider$FieldInitializer is in unnamed module of loader lombok.launch.ShadowClassLoader @3baa2e6f, parent loader org.eclipse.osgi.internal.loader.EquinoxClassLoader @6de4a55c)> (0x00000000eb6c6e78) 
thrown [s\src\hotspot\share\classfile\systemDictionary.cpp, line 1723]
Event: 5.391 Thread 0x000001b9bd9706a0 Exception <a 'java/lang/NoSuchMethodError'{0x00000000ebda9288}: 'int java.lang.invoke.DirectMethodHandle$Holder.invokeVirtual(java.lang.Object, java.lang.Object)'> (0x00000000ebda9288) 
thrown [s\src\hotspot\share\interpreter\linkResolver.cpp, line 759]
Event: 6.639 Thread 0x000001b9b18ea410 Exception <a 'java/lang/NoSuchMethodError'{0x00000000ebd801a0}: 'int java.lang.invoke.DirectMethodHandle$Holder.invokeStatic(java.lang.Object, java.lang.Object, java.lang.Object, int)'> (0x00000000ebd801a0) 
thrown [s\src\hotspot\share\interpreter\linkResolver.cpp, line 759]
Event: 6.667 Thread 0x000001b9b18ea410 Exception <a 'java/lang/NoSuchMethodError'{0x00000000ebe6d068}: 'int java.lang.invoke.DirectMethodHandle$Holder.invokeVirtual(java.lang.Object, java.lang.Object, java.lang.Object)'> (0x00000000ebe6d068) 
thrown [s\src\hotspot\share\interpreter\linkResolver.cpp, line 759]
Event: 6.674 Thread 0x000001b9b18ea410 Exception <a 'java/lang/NoSuchMethodError'{0x00000000ebe98cc0}: 'int java.lang.invoke.DirectMethodHandle$Holder.invokeSpecialIFC(java.lang.Object, java.lang.Object, java.lang.Object)'> (0x00000000ebe98cc0) 
thrown [s\src\hotspot\share\interpreter\linkResolver.cpp, line 759]
Event: 6.733 Thread 0x000001b9b18ea410 Exception <a 'java/io/FileNotFoundException'{0x00000000eabfb650}> (0x00000000eabfb650) 
thrown [s\src\hotspot\share\prims\jni.cpp, line 516]
Event: 6.739 Thread 0x000001b9b18ea410 Exception <a 'java/io/FileNotFoundException'{0x00000000eac11a40}> (0x00000000eac11a40) 
thrown [s\src\hotspot\share\prims\jni.cpp, line 516]
Event: 6.739 Thread 0x000001b9b18ea410 Exception <a 'java/io/FileNotFoundException'{0x00000000eac12a38}> (0x00000000eac12a38) 
thrown [s\src\hotspot\share\prims\jni.cpp, line 516]
Event: 7.591 Thread 0x000001b9b18ea410 Exception <a 'java/io/FileNotFoundException'{0x00000000eb7047d0}> (0x00000000eb7047d0) 
thrown [s\src\hotspot\share\prims\jni.cpp, line 516]
Event: 7.592 Thread 0x000001b9b18ea410 Exception <a 'java/io/FileNotFoundException'{0x00000000eb7057d8}> (0x00000000eb7057d8) 
thrown [s\src\hotspot\share\prims\jni.cpp, line 516]
Event: 7.593 Thread 0x000001b9b18ea410 Exception <a 'java/io/FileNotFoundException'{0x00000000eb706548}> (0x00000000eb706548) 
thrown [s\src\hotspot\share\prims\jni.cpp, line 516]
Event: 9.281 Thread 0x000001b9bd973430 Exception <a 'java/io/FileNotFoundException'{0x00000000ebb8e450}> (0x00000000ebb8e450) 
thrown [s\src\hotspot\share\prims\jni.cpp, line 516]
Event: 9.461 Thread 0x000001b9bd973430 Exception <a 'java/lang/NoSuchMethodError'{0x00000000eab16328}: 'java.lang.Object java.lang.invoke.DirectMethodHandle$Holder.newInvokeSpecial(java.lang.Object, java.lang.Object, java.lang.Object, java.lang.Object, java.lang.Object, java.lang.Object, java.lang.Object, java.lang.Object, java.lang.Object, java.lang.Object)'> (0x00000000eab16328) 
thrown [s\src\hotspot\share\interpreter\linkResolver.cpp, line 759]
Event: 9.461 Thread 0x000001b9bd973430 Exception <a 'java/lang/NoSuchMethodError'{0x00000000eab1b258}: 'java.lang.Object java.lang.invoke.DirectMethodHandle$Holder.invokeSpecial(java.lang.Object, java.lang.Object, java.lang.Object, java.lang.Object, java.lang.Object, java.lang.Object, java.lang.Object, java.lang.Object, java.lang.Object, java.lang.Object, java.lang.Object)'> (0x00000000eab1b258) 
thrown [s\src\hotspot\share\interpreter\linkResolver.cpp, line 759]
Event: 9.462 Thread 0x000001b9bd973430 Exception <a 'java/lang/NoSuchMethodError'{0x00000000eab1f768}: 'java.lang.Object java.lang.invoke.Invokers$Holder.linkToTargetMethod(java.lang.Object, java.lang.Object, java.lang.Object, java.lang.Object, java.lang.Object, java.lang.Object, java.lang.Object, java.lang.Object, java.lang.Object, java.lang.Object)'> (0x00000000eab1f768) 
thrown [s\src\hotspot\share\interpreter\linkResolver.cpp, line 759]
Event: 9.503 Thread 0x000001b9bd973430 Exception <a 'sun/nio/fs/WindowsException'{0x00000000eabae498}> (0x00000000eabae498) 
thrown [s\src\hotspot\share\prims\jni.cpp, line 516]
Event: 9.530 Thread 0x000001b9b23c2290 Exception <a 'java/io/IOException'{0x00000000eabeba08}> (0x00000000eabeba08) 
thrown [s\src\hotspot\share\prims\jni.cpp, line 516]
Event: 9.543 Thread 0x000001b9b23c2290 Exception <a 'java/lang/ClassNotFoundException'{0x00000000ead233b0}: sun/util/logging/resources/spi/loggingProvider> (0x00000000ead233b0) 
thrown [s\src\hotspot\share\classfile\systemDictionary.cpp, line 256]

VM Operations (20 events):
Event: 6.778 Executing VM operation: HandshakeAllThreads
Event: 6.778 Executing VM operation: HandshakeAllThreads done
Event: 7.012 Executing VM operation: ParallelGCFailedAllocation
Event: 7.015 Executing VM operation: ParallelGCFailedAllocation done
Event: 7.114 Executing VM operation: ParallelGCFailedAllocation
Event: 7.117 Executing VM operation: ParallelGCFailedAllocation done
Event: 7.398 Executing VM operation: HandshakeAllThreads
Event: 7.398 Executing VM operation: HandshakeAllThreads done
Event: 7.398 Executing VM operation: HandshakeAllThreads
Event: 7.398 Executing VM operation: HandshakeAllThreads done
Event: 7.421 Executing VM operation: HandshakeAllThreads
Event: 7.421 Executing VM operation: HandshakeAllThreads done
Event: 7.437 Executing VM operation: HandshakeAllThreads
Event: 7.437 Executing VM operation: HandshakeAllThreads done
Event: 7.609 Executing VM operation: ICBufferFull
Event: 7.609 Executing VM operation: ICBufferFull done
Event: 8.613 Executing VM operation: Cleanup
Event: 8.613 Executing VM operation: Cleanup done
Event: 9.455 Executing VM operation: ParallelGCFailedAllocation
Event: 9.457 Executing VM operation: ParallelGCFailedAllocation done

Events (20 events):
Event: 9.542 loading class java/lang/Throwable$WrappedPrintWriter
Event: 9.542 loading class java/lang/Throwable$PrintStreamOrWriter
Event: 9.542 loading class java/lang/Throwable$PrintStreamOrWriter done
Event: 9.542 loading class java/lang/Throwable$WrappedPrintWriter done
Event: 9.543 loading class java/util/logging/Level$RbAccess
Event: 9.543 loading class java/util/logging/Level$RbAccess done
Event: 9.543 loading class sun/util/logging/resources/logging
Event: 9.544 loading class sun/util/logging/resources/logging done
Event: 9.544 loading class javax/security/auth/login/Configuration
Event: 9.544 loading class sun/util/logging/resources/logging_en
Event: 9.544 loading class sun/util/logging/resources/logging_en done
Event: 9.544 loading class sun/util/logging/resources/logging_en
Event: 9.544 loading class sun/util/logging/resources/logging_en done
Event: 9.544 loading class sun/util/logging/resources/logging_en_US
Event: 9.544 loading class sun/util/logging/resources/logging_en_US done
Event: 9.544 loading class sun/util/logging/resources/logging_en_US
Event: 9.544 loading class sun/util/logging/resources/logging_en_US done
Event: 9.544 loading class javax/security/auth/login/Configuration done
Event: 9.544 loading class java/util/Formatter$DateTime
Event: 9.545 loading class java/util/Formatter$DateTime done


Dynamic libraries:
0x00007ff7ed6f0000 - 0x00007ff7ed6fe000 	c:\Users\cheng\.cursor\extensions\redhat.java-1.31.0-win32-x64\jre\17.0.11-win32-x86_64\bin\java.exe
0x00007fff24370000 - 0x00007fff24587000 	C:\WINDOWS\SYSTEM32\ntdll.dll
0x00007fff23140000 - 0x00007fff23204000 	C:\WINDOWS\System32\KERNEL32.DLL
0x00007fff21950000 - 0x00007fff21cf7000 	C:\WINDOWS\System32\KERNELBASE.dll
0x00007fff1e430000 - 0x00007fff1e4c7000 	C:\WINDOWS\SYSTEM32\apphelp.dll
0x00007fff21e20000 - 0x00007fff21f31000 	C:\WINDOWS\System32\ucrtbase.dll
0x00007fff10650000 - 0x00007fff10667000 	c:\Users\cheng\.cursor\extensions\redhat.java-1.31.0-win32-x64\jre\17.0.11-win32-x86_64\bin\jli.dll
0x00007fff10630000 - 0x00007fff1064b000 	c:\Users\cheng\.cursor\extensions\redhat.java-1.31.0-win32-x64\jre\17.0.11-win32-x86_64\bin\VCRUNTIME140.dll
0x00007fff23590000 - 0x00007fff2373e000 	C:\WINDOWS\System32\USER32.dll
0x00007fff22000000 - 0x00007fff22026000 	C:\WINDOWS\System32\win32u.dll
0x00007fff0f6b0000 - 0x00007fff0f943000 	C:\WINDOWS\WinSxS\amd64_microsoft.windows.common-controls_6595b64144ccf1df_6.0.22621.3527_none_270e469b73872a76\COMCTL32.dll
0x00007fff24000000 - 0x00007fff240a7000 	C:\WINDOWS\System32\msvcrt.dll
0x00007fff22150000 - 0x00007fff22179000 	C:\WINDOWS\System32\GDI32.dll
0x00007fff21d00000 - 0x00007fff21e19000 	C:\WINDOWS\System32\gdi32full.dll
0x00007fff216c0000 - 0x00007fff2175a000 	C:\WINDOWS\System32\msvcp_win.dll
0x00007fff22ce0000 - 0x00007fff22d11000 	C:\WINDOWS\System32\IMM32.DLL
0x00007fff1a8c0000 - 0x00007fff1a8cc000 	c:\Users\cheng\.cursor\extensions\redhat.java-1.31.0-win32-x64\jre\17.0.11-win32-x86_64\bin\vcruntime140_1.dll
0x00007ffed9ec0000 - 0x00007ffed9f4d000 	c:\Users\cheng\.cursor\extensions\redhat.java-1.31.0-win32-x64\jre\17.0.11-win32-x86_64\bin\msvcp140.dll
0x00007ffebc060000 - 0x00007ffebccc2000 	c:\Users\cheng\.cursor\extensions\redhat.java-1.31.0-win32-x64\jre\17.0.11-win32-x86_64\bin\server\jvm.dll
0x00007fff22bb0000 - 0x00007fff22c62000 	C:\WINDOWS\System32\ADVAPI32.dll
0x00007fff220a0000 - 0x00007fff22148000 	C:\WINDOWS\System32\sechost.dll
0x00007fff21690000 - 0x00007fff216b8000 	C:\WINDOWS\System32\bcrypt.dll
0x00007fff23220000 - 0x00007fff23335000 	C:\WINDOWS\System32\RPCRT4.dll
0x00007fff185d0000 - 0x00007fff185da000 	C:\WINDOWS\SYSTEM32\VERSION.dll
0x00007fff07bb0000 - 0x00007fff07bb9000 	C:\WINDOWS\SYSTEM32\WSOCK32.dll
0x00007fff20fa0000 - 0x00007fff20fed000 	C:\WINDOWS\SYSTEM32\POWRPROF.dll
0x00007fff1f040000 - 0x00007fff1f074000 	C:\WINDOWS\SYSTEM32\WINMM.dll
0x00007fff230c0000 - 0x00007fff23131000 	C:\WINDOWS\System32\WS2_32.dll
0x00007fff20ed0000 - 0x00007fff20ee3000 	C:\WINDOWS\SYSTEM32\UMPDC.dll
0x00007fff20610000 - 0x00007fff20628000 	C:\WINDOWS\SYSTEM32\kernel.appcore.dll
0x00007fff10620000 - 0x00007fff1062a000 	c:\Users\cheng\.cursor\extensions\redhat.java-1.31.0-win32-x64\jre\17.0.11-win32-x86_64\bin\jimage.dll
0x00007fff1ee00000 - 0x00007fff1f032000 	C:\WINDOWS\SYSTEM32\DBGHELP.DLL
0x00007fff22810000 - 0x00007fff22b98000 	C:\WINDOWS\System32\combase.dll
0x00007fff22fe0000 - 0x00007fff230b7000 	C:\WINDOWS\System32\OLEAUT32.dll
0x00007fff1eda0000 - 0x00007fff1edd2000 	C:\WINDOWS\SYSTEM32\dbgcore.DLL
0x00007fff218d0000 - 0x00007fff21949000 	C:\WINDOWS\System32\bcryptPrimitives.dll
0x00007fff10610000 - 0x00007fff1061e000 	c:\Users\cheng\.cursor\extensions\redhat.java-1.31.0-win32-x64\jre\17.0.11-win32-x86_64\bin\instrument.dll
0x00007ffef4fc0000 - 0x00007ffef4fe5000 	c:\Users\cheng\.cursor\extensions\redhat.java-1.31.0-win32-x64\jre\17.0.11-win32-x86_64\bin\java.dll
0x00007ffef5150000 - 0x00007ffef5168000 	c:\Users\cheng\.cursor\extensions\redhat.java-1.31.0-win32-x64\jre\17.0.11-win32-x86_64\bin\zip.dll
0x00007fff23740000 - 0x00007fff23f9c000 	C:\WINDOWS\System32\SHELL32.dll
0x00007fff1f580000 - 0x00007fff1fe76000 	C:\WINDOWS\SYSTEM32\windows.storage.dll
0x00007fff1f440000 - 0x00007fff1f57e000 	C:\WINDOWS\SYSTEM32\wintypes.dll
0x00007fff240b0000 - 0x00007fff241a5000 	C:\WINDOWS\System32\SHCORE.dll
0x00007fff23fa0000 - 0x00007fff23ffe000 	C:\WINDOWS\System32\shlwapi.dll
0x00007fff215c0000 - 0x00007fff215e1000 	C:\WINDOWS\SYSTEM32\profapi.dll
0x00007ffef4fa0000 - 0x00007ffef4fb9000 	C:\Users\cheng\.cursor\extensions\redhat.java-1.31.0-win32-x64\jre\17.0.11-win32-x86_64\bin\net.dll
0x00007fff1aa90000 - 0x00007fff1abc6000 	C:\WINDOWS\SYSTEM32\WINHTTP.dll
0x00007fff20ae0000 - 0x00007fff20b49000 	C:\WINDOWS\system32\mswsock.dll
0x00007ffef4a60000 - 0x00007ffef4a76000 	C:\Users\cheng\.cursor\extensions\redhat.java-1.31.0-win32-x64\jre\17.0.11-win32-x86_64\bin\nio.dll
0x00007fff105d0000 - 0x00007fff105e0000 	c:\Users\cheng\.cursor\extensions\redhat.java-1.31.0-win32-x64\jre\17.0.11-win32-x86_64\bin\verify.dll
0x00007ffee3e30000 - 0x00007ffee3e74000 	C:\Users\cheng\AppData\Roaming\Cursor\User\globalStorage\redhat.java\1.31.0\config_ss_win\org.eclipse.equinox.launcher\org.eclipse.equinox.launcher.win32.win32.x86_64_1.2.1000.v20240507-1834\eclipse_11902.dll
0x00007fff23360000 - 0x00007fff23505000 	C:\WINDOWS\System32\ole32.dll
0x00007fff20d80000 - 0x00007fff20d9b000 	C:\WINDOWS\SYSTEM32\CRYPTSP.dll
0x00007fff205d0000 - 0x00007fff20605000 	C:\WINDOWS\system32\rsaenh.dll
0x00007fff20ba0000 - 0x00007fff20bc8000 	C:\WINDOWS\SYSTEM32\USERENV.dll
0x00007fff20da0000 - 0x00007fff20dac000 	C:\WINDOWS\SYSTEM32\CRYPTBASE.dll
0x00007fff200e0000 - 0x00007fff2010d000 	C:\WINDOWS\SYSTEM32\IPHLPAPI.DLL
0x00007fff23210000 - 0x00007fff23219000 	C:\WINDOWS\System32\NSI.dll
0x00007fff1a710000 - 0x00007fff1a729000 	C:\WINDOWS\SYSTEM32\dhcpcsvc6.DLL
0x00007fff1a6f0000 - 0x00007fff1a70f000 	C:\WINDOWS\SYSTEM32\dhcpcsvc.DLL
0x00007fff20150000 - 0x00007fff20248000 	C:\WINDOWS\SYSTEM32\DNSAPI.dll
0x00007ffee1700000 - 0x00007ffee1745000 	C:\Users\cheng\AppData\Local\Temp\jna-94627417\jna16294065551688960085.dll
0x00007fff22ba0000 - 0x00007fff22ba8000 	C:\WINDOWS\System32\PSAPI.DLL
0x00007fff20690000 - 0x00007fff206c4000 	C:\WINDOWS\SYSTEM32\ntmarta.dll

dbghelp: loaded successfully - version: 4.0.5 - missing functions: none
symbol engine: initialized successfully - sym options: 0x614 - pdb path: .;c:\Users\cheng\.cursor\extensions\redhat.java-1.31.0-win32-x64\jre\17.0.11-win32-x86_64\bin;C:\WINDOWS\SYSTEM32;C:\WINDOWS\WinSxS\amd64_microsoft.windows.common-controls_6595b64144ccf1df_6.0.22621.3527_none_270e469b73872a76;c:\Users\cheng\.cursor\extensions\redhat.java-1.31.0-win32-x64\jre\17.0.11-win32-x86_64\bin\server;C:\Users\cheng\AppData\Roaming\Cursor\User\globalStorage\redhat.java\1.31.0\config_ss_win\org.eclipse.equinox.launcher\org.eclipse.equinox.launcher.win32.win32.x86_64_1.2.1000.v20240507-1834;C:\Users\cheng\AppData\Local\Temp\jna-94627417

VM Arguments:
jvm_args: --add-modules=ALL-SYSTEM --add-opens=java.base/java.util=ALL-UNNAMED --add-opens=java.base/java.lang=ALL-UNNAMED --add-opens=java.base/sun.nio.fs=ALL-UNNAMED -Declipse.application=org.eclipse.jdt.ls.core.id1 -Dosgi.bundles.defaultStartLevel=4 -Declipse.product=org.eclipse.jdt.ls.core.product -Djava.import.generatesMetadataFilesAtProjectRoot=false -DDetectVMInstallationsJob.disabled=true -Dfile.encoding=utf8 -XX:+UseParallelGC -XX:GCTimeRatio=4 -XX:AdaptiveSizePolicyWeight=90 -Dsun.zip.disableMemoryMapping=true -Xmx1G -Xms100m -Xlog:disable -javaagent:c:\Users\cheng\.cursor\extensions\redhat.java-1.31.0-win32-x64\lombok\lombok-1.18.32.jar 
java_command: c:\Users\cheng\.cursor\extensions\redhat.java-1.31.0-win32-x64\server\plugins\org.eclipse.equinox.launcher_1.6.800.v20240513-1750.jar -configuration c:\Users\cheng\AppData\Roaming\Cursor\User\globalStorage\redhat.java\1.31.0\config_ss_win -data c:\Users\cheng\AppData\Roaming\Cursor\User\workspaceStorage\0a2e1038fc00e70623d54bd91d206bcc\redhat.java\ss_ws --pipe=\\.\pipe\lsp-123188fad7cd3e4899f6ea9e85a0c0ff-sock
java_class_path (initial): c:\Users\cheng\.cursor\extensions\redhat.java-1.31.0-win32-x64\server\plugins\org.eclipse.equinox.launcher_1.6.800.v20240513-1750.jar
Launcher Type: SUN_STANDARD

[Global flags]
    uintx AdaptiveSizePolicyWeight                 = 90                                        {product} {command line}
     intx CICompilerCount                          = 12                                        {product} {ergonomic}
    uintx GCTimeRatio                              = 4                                         {product} {command line}
   size_t InitialHeapSize                          = 104857600                                 {product} {command line}
   size_t MaxHeapSize                              = 1073741824                                {product} {command line}
   size_t MaxNewSize                               = 357564416                                 {product} {ergonomic}
   size_t MinHeapDeltaBytes                        = 524288                                    {product} {ergonomic}
   size_t MinHeapSize                              = 104857600                                 {product} {command line}
   size_t NewSize                                  = 34603008                                  {product} {ergonomic}
    uintx NonNMethodCodeHeapSize                   = 7602480                                {pd product} {ergonomic}
    uintx NonProfiledCodeHeapSize                  = 122027880                              {pd product} {ergonomic}
   size_t OldSize                                  = 70254592                                  {product} {ergonomic}
    uintx ProfiledCodeHeapSize                     = 122027880                              {pd product} {ergonomic}
    uintx ReservedCodeCacheSize                    = 251658240                              {pd product} {ergonomic}
     bool SegmentedCodeCache                       = true                                      {product} {ergonomic}
   size_t SoftMaxHeapSize                          = 1073741824                             {manageable} {ergonomic}
     bool UseCompressedClassPointers               = true                           {product lp64_product} {ergonomic}
     bool UseCompressedOops                        = true                           {product lp64_product} {ergonomic}
     bool UseLargePagesIndividualAllocation        = false                                  {pd product} {ergonomic}
     bool UseParallelGC                            = true                                      {product} {command line}

Logging:
Log output configuration:
 #0: stdout all=off uptime,level,tags
 #1: stderr all=off uptime,level,tags

Environment Variables:
PATH=c:\Users\cheng\AppData\Local\Programs\cursor\resources\app\bin;C:\Program Files\Common Files\Oracle\Java\javapath;C:\Python312\Scripts\;C:\Python312\;C:\Windows\system32;C:\Windows;C:\Windows\System32\Wbem;C:\Windows\System32\WindowsPowerShell\v1.0\;C:\Windows\System32\OpenSSH\;C:\Program Files (x86)\NVIDIA Corporation\PhysX\Common;C:\WINDOWS\system32;C:\WINDOWS;C:\WINDOWS\System32\Wbem;C:\WINDOWS\System32\WindowsPowerShell\v1.0\;C:\WINDOWS\System32\OpenSSH\;C:\Program Files\Git\cmd;C:\Program Files\dotnet\;C:\ProgramData\chocolatey\bin;C:\Program Files\apache-maven-3.9.6\bin;C:\Program Files\nodejs;;C:\Program Files\Docker\Docker\resources\bin;C:\Users\cheng\AppData\Local\Microsoft\WindowsApps;C:\Users\cheng\AppData\Roaming\npm;C:\Users\cheng\AppData\Local\GitHubDesktop\bin;C:\Users\cheng\.dotnet\tools;c:\Users\cheng\AppData\Local\Programs\cursor\resources\app\bin;C:\Users\cheng\AppData\Local\Programs\Microsoft VS Code\bin;C:\Users\cheng\AppData\Local\Microsoft\WinGet\Links
USERNAME=cheng
OS=Windows_NT
PROCESSOR_IDENTIFIER=AMD64 Family 23 Model 96 Stepping 1, AuthenticAMD
TMP=C:\Users\cheng\AppData\Local\Temp
TEMP=C:\Users\cheng\AppData\Local\Temp



Periodic native trim disabled


---------------  S Y S T E M  ---------------

OS:
 Windows 11 , 64 bit Build 22621 (10.0.22621.3527)
OS uptime: 5 days 6:57 hours
Hyper-V role detected

CPU: total 16 (initial active 16) (16 cores per cpu, 2 threads per core) family 23 model 96 stepping 1 microcode 0x0, cx8, cmov, fxsr, ht, mmx, 3dnowpref, sse, sse2, sse3, ssse3, sse4a, sse4.1, sse4.2, popcnt, lzcnt, tsc, tscinvbit, avx, avx2, aes, clmul, bmi1, bmi2, adx, sha, fma, vzeroupper, clflush, clflushopt, hv
Processor Information for all 16 processors :
  Max Mhz: 3000, Current Mhz: 3000, Mhz Limit: 3000

Memory: 4k page, system-wide physical 15789M (5787M free)
TotalPageFile size 64941M (AvailPageFile size 5M)
current process WorkingSet (physical memory assigned to process): 238M, peak: 252M
current process commit charge ("private bytes"): 326M, peak: 353M

vm_info: OpenJDK 64-Bit Server VM (17.0.11+9) for windows-amd64 JRE (17.0.11+9), built on Apr 17 2024 06:07:48 by "admin" with MS VC++ 16.10 / 16.11 (VS2019)

END.
