#
# There is insufficient memory for the Java Runtime Environment to continue.
# Native memory allocation (malloc) failed to allocate 1844176 bytes. Error detail: Chunk::new
# Possible reasons:
#   The system is out of physical RAM or swap space
#   This process is running with CompressedOops enabled, and the Java Heap may be blocking the growth of the native heap
# Possible solutions:
#   Reduce memory load on the system
#   Increase physical memory or swap space
#   Check if swap backing store is full
#   Decrease Java heap size (-Xmx/-Xms)
#   Decrease number of Java threads
#   Decrease Java thread stack sizes (-Xss)
#   Set larger code cache with -XX:ReservedCodeCacheSize=
#   JVM is running with Unscaled Compressed Oops mode in which the Java heap is
#     placed in the first 4GB address space. The Java Heap base address is the
#     maximum limit for the native heap growth. Please use -XX:HeapBaseMinAddress
#     to set the Java Heap base and to place the Java Heap above 4GB virtual address.
# This output file may be truncated or incomplete.
#
#  Out of Memory Error (arena.cpp:191), pid=39252, tid=20916
#
# JRE version: OpenJDK Runtime Environment Temurin-17.0.11+9 (17.0.11+9) (build 17.0.11+9)
# Java VM: OpenJDK 64-Bit Server VM Temurin-17.0.11+9 (17.0.11+9, mixed mode, tiered, compressed oops, compressed class ptrs, parallel gc, windows-amd64)
# No core dump will be written. Minidumps are not enabled by default on client versions of Windows
#

---------------  S U M M A R Y ------------

Command Line: --add-modules=ALL-SYSTEM --add-opens=java.base/java.util=ALL-UNNAMED --add-opens=java.base/java.lang=ALL-UNNAMED --add-opens=java.base/sun.nio.fs=ALL-UNNAMED -Declipse.application=org.eclipse.jdt.ls.core.id1 -Dosgi.bundles.defaultStartLevel=4 -Declipse.product=org.eclipse.jdt.ls.core.product -Djava.import.generatesMetadataFilesAtProjectRoot=false -DDetectVMInstallationsJob.disabled=true -Dfile.encoding=utf8 -XX:+UseParallelGC -XX:GCTimeRatio=4 -XX:AdaptiveSizePolicyWeight=90 -Dsun.zip.disableMemoryMapping=true -Xmx1G -Xms100m -Xlog:disable -javaagent:c:\Users\cheng\.cursor\extensions\redhat.java-1.31.0-win32-x64\lombok\lombok-1.18.32.jar -XX:+HeapDumpOnOutOfMemoryError -XX:HeapDumpPath=c:\Users\cheng\AppData\Roaming\Cursor\User\workspaceStorage\0a2e1038fc00e70623d54bd91d206bcc\redhat.java -Daether.dependencyCollector.impl=bf c:\Users\cheng\.cursor\extensions\redhat.java-1.31.0-win32-x64\server\plugins\org.eclipse.equinox.launcher_1.6.800.v20240513-1750.jar -configuration c:\Users\cheng\AppData\Roaming\Cursor\User\globalStorage\redhat.java\1.31.0\config_win -data c:\Users\cheng\AppData\Roaming\Cursor\User\workspaceStorage\0a2e1038fc00e70623d54bd91d206bcc\redhat.java\jdt_ws --pipe=\\.\pipe\lsp-cb3f55214c6995e8b63c51b6dc989d39-sock

Host: AMD Ryzen 9 4900HS with Radeon Graphics         , 16 cores, 15G,  Windows 11 , 64 bit Build 22621 (10.0.22621.3527)
Time: Wed Jun  5 14:55:13 2024 Pacific Daylight Time elapsed time: 48.211049 seconds (0d 0h 0m 48s)

---------------  T H R E A D  ---------------

Current thread (0x000001d7b57265a0):  JavaThread "C2 CompilerThread2" daemon [_thread_in_native, id=20916, stack(0x000000b9d8400000,0x000000b9d8500000)]


Current CompileTask:
C2:  48211 15503   !   4       org.eclipse.jdt.internal.compiler.lookup.BinaryTypeBinding::superclass (207 bytes)

Stack: [0x000000b9d8400000,0x000000b9d8500000]
Native frames: (J=compiled Java code, j=interpreted, Vv=VM code, C=native code)
V  [jvm.dll+0x67d429]
V  [jvm.dll+0x834b7a]
V  [jvm.dll+0x83663e]
V  [jvm.dll+0x836ca3]
V  [jvm.dll+0x247dbf]
V  [jvm.dll+0xac534]
V  [jvm.dll+0xacb7c]
V  [jvm.dll+0x3665f2]
V  [jvm.dll+0x1bd086]
V  [jvm.dll+0x21a5c9]
V  [jvm.dll+0x2198b1]
V  [jvm.dll+0x1a534d]
V  [jvm.dll+0x2295cd]
V  [jvm.dll+0x22779c]
V  [jvm.dll+0x7e9d07]
V  [jvm.dll+0x7e410a]
V  [jvm.dll+0x67c315]
C  [ucrtbase.dll+0x29333]
C  [KERNEL32.DLL+0x1257d]
C  [ntdll.dll+0x5aa48]


---------------  P R O C E S S  ---------------

Threads class SMR info:
_java_thread_list=0x000001d7c4d82240, length=62, elements={
0x000001d79946b870, 0x000001d7b2429370, 0x000001d7b242bc20, 0x000001d7ad2e9760,
0x000001d7ad2ea5e0, 0x000001d7ad2eb460, 0x000001d7ad2ed030, 0x000001d7ad2ee570,
0x000001d7b244e840, 0x000001d7b2451f20, 0x000001d7b2525ba0, 0x000001d7b45bbe00,
0x000001d7b4d4d100, 0x000001d7b4f1ae20, 0x000001d7b4f1b8b0, 0x000001d7b25d4b10,
0x000001d7b52d7f50, 0x000001d7b4678970, 0x000001d7b4678460, 0x000001d7b4679390,
0x000001d7b46798a0, 0x000001d7b467a7d0, 0x000001d7b4677a40, 0x000001d7b4677020,
0x000001d7b4677530, 0x000001d7b4677f50, 0x000001d7b4678e80, 0x000001d7b73f20f0,
0x000001d7b73f3530, 0x000001d7b73f11c0, 0x000001d7b73ef360, 0x000001d7b73f0290,
0x000001d7b73f2b10, 0x000001d7b73f5390, 0x000001d7b73f3020, 0x000001d7b73ef870,
0x000001d7b73f1be0, 0x000001d7b73f4460, 0x000001d7b73f16d0, 0x000001d7b73f2600,
0x000001d7b73f07a0, 0x000001d7b73f3a40, 0x000001d7b73f3f50, 0x000001d7b73f0cb0,
0x000001d7b73f5db0, 0x000001d7b73f62c0, 0x000001d7b73f67d0, 0x000001d7b73f6ce0,
0x000001d7b467a2c0, 0x000001d7b73f4e80, 0x000001d7ccc35570, 0x000001d7ccc34b50,
0x000001d7ccc318b0, 0x000001d7ccc36ec0, 0x000001d7ccc31dc0, 0x000001d7ccc322d0,
0x000001d7ccc364a0, 0x000001d7ccc30e90, 0x000001d7ccc2ff60, 0x000001d7b5723b20,
0x000001d7ccc373d0, 0x000001d7b57265a0
}

Java Threads: ( => current thread )
  0x000001d79946b870 JavaThread "main" [_thread_blocked, id=12892, stack(0x000000b9d3900000,0x000000b9d3a00000)]
  0x000001d7b2429370 JavaThread "Reference Handler" daemon [_thread_blocked, id=40908, stack(0x000000b9d3c00000,0x000000b9d3d00000)]
  0x000001d7b242bc20 JavaThread "Finalizer" daemon [_thread_blocked, id=28840, stack(0x000000b9d3d00000,0x000000b9d3e00000)]
  0x000001d7ad2e9760 JavaThread "Signal Dispatcher" daemon [_thread_blocked, id=28104, stack(0x000000b9d3e00000,0x000000b9d3f00000)]
  0x000001d7ad2ea5e0 JavaThread "Attach Listener" daemon [_thread_blocked, id=38332, stack(0x000000b9d3f00000,0x000000b9d4000000)]
  0x000001d7ad2eb460 JavaThread "Service Thread" daemon [_thread_blocked, id=26112, stack(0x000000b9d4000000,0x000000b9d4100000)]
  0x000001d7ad2ed030 JavaThread "Monitor Deflation Thread" daemon [_thread_blocked, id=4696, stack(0x000000b9d4100000,0x000000b9d4200000)]
  0x000001d7ad2ee570 JavaThread "C2 CompilerThread0" daemon [_thread_blocked, id=39424, stack(0x000000b9d4200000,0x000000b9d4300000)]
  0x000001d7b244e840 JavaThread "C1 CompilerThread0" daemon [_thread_blocked, id=37328, stack(0x000000b9d4300000,0x000000b9d4400000)]
  0x000001d7b2451f20 JavaThread "Sweeper thread" daemon [_thread_blocked, id=33828, stack(0x000000b9d4400000,0x000000b9d4500000)]
  0x000001d7b2525ba0 JavaThread "Common-Cleaner" daemon [_thread_blocked, id=37996, stack(0x000000b9d4500000,0x000000b9d4600000)]
  0x000001d7b45bbe00 JavaThread "Notification Thread" daemon [_thread_blocked, id=6388, stack(0x000000b9d4900000,0x000000b9d4a00000)]
  0x000001d7b4d4d100 JavaThread "Active Thread: Equinox Container: 73c172ab-52ef-4f1d-9b66-f746fb3a123f" [_thread_blocked, id=8160, stack(0x000000b9d5300000,0x000000b9d5400000)]
  0x000001d7b4f1ae20 JavaThread "Framework Event Dispatcher: Equinox Container: 73c172ab-52ef-4f1d-9b66-f746fb3a123f" daemon [_thread_blocked, id=19444, stack(0x000000b9d4800000,0x000000b9d4900000)]
  0x000001d7b4f1b8b0 JavaThread "Start Level: Equinox Container: 73c172ab-52ef-4f1d-9b66-f746fb3a123f" daemon [_thread_blocked, id=18352, stack(0x000000b9d4b00000,0x000000b9d4c00000)]
  0x000001d7b25d4b10 JavaThread "Bundle File Closer" daemon [_thread_blocked, id=47260, stack(0x000000b9d5400000,0x000000b9d5500000)]
  0x000001d7b52d7f50 JavaThread "SCR Component Actor" daemon [_thread_blocked, id=33848, stack(0x000000b9d4700000,0x000000b9d4800000)]
  0x000001d7b4678970 JavaThread "Worker-JM" [_thread_blocked, id=31536, stack(0x000000b9d5d00000,0x000000b9d5e00000)]
  0x000001d7b4678460 JavaThread "Worker-0" [_thread_blocked, id=15948, stack(0x000000b9d5f00000,0x000000b9d6000000)]
  0x000001d7b4679390 JavaThread "Worker-1" [_thread_blocked, id=28212, stack(0x000000b9d6000000,0x000000b9d6100000)]
  0x000001d7b46798a0 JavaThread "Java indexing" daemon [_thread_blocked, id=9020, stack(0x000000b9d6300000,0x000000b9d6400000)]
  0x000001d7b467a7d0 JavaThread "JNA Cleaner" daemon [_thread_blocked, id=36136, stack(0x000000b9d6400000,0x000000b9d6500000)]
  0x000001d7b4677a40 JavaThread "Thread-2" daemon [_thread_in_native, id=34592, stack(0x000000b9d6500000,0x000000b9d6600000)]
  0x000001d7b4677020 JavaThread "Thread-3" daemon [_thread_in_native, id=31604, stack(0x000000b9d6600000,0x000000b9d6700000)]
  0x000001d7b4677530 JavaThread "Thread-4" daemon [_thread_in_native, id=35804, stack(0x000000b9d6700000,0x000000b9d6800000)]
  0x000001d7b4677f50 JavaThread "Thread-5" daemon [_thread_in_native, id=35936, stack(0x000000b9d6800000,0x000000b9d6900000)]
  0x000001d7b4678e80 JavaThread "Thread-6" daemon [_thread_in_native, id=11936, stack(0x000000b9d6900000,0x000000b9d6a00000)]
  0x000001d7b73f20f0 JavaThread "Thread-7" daemon [_thread_in_native, id=43060, stack(0x000000b9d6a00000,0x000000b9d6b00000)]
  0x000001d7b73f3530 JavaThread "Thread-8" daemon [_thread_in_native, id=47684, stack(0x000000b9d6b00000,0x000000b9d6c00000)]
  0x000001d7b73f11c0 JavaThread "Thread-9" daemon [_thread_in_native, id=45624, stack(0x000000b9d6c00000,0x000000b9d6d00000)]
  0x000001d7b73ef360 JavaThread "Thread-10" daemon [_thread_in_native, id=27444, stack(0x000000b9d6d00000,0x000000b9d6e00000)]
  0x000001d7b73f0290 JavaThread "Thread-11" daemon [_thread_in_native, id=6768, stack(0x000000b9d6e00000,0x000000b9d6f00000)]
  0x000001d7b73f2b10 JavaThread "Thread-12" daemon [_thread_in_native, id=22660, stack(0x000000b9d6f00000,0x000000b9d7000000)]
  0x000001d7b73f5390 JavaThread "Thread-13" daemon [_thread_in_native, id=35772, stack(0x000000b9d7000000,0x000000b9d7100000)]
  0x000001d7b73f3020 JavaThread "Thread-14" daemon [_thread_in_native, id=32764, stack(0x000000b9d7100000,0x000000b9d7200000)]
  0x000001d7b73ef870 JavaThread "Thread-15" daemon [_thread_in_native, id=33956, stack(0x000000b9d7200000,0x000000b9d7300000)]
  0x000001d7b73f1be0 JavaThread "Thread-16" daemon [_thread_in_native, id=40780, stack(0x000000b9d7300000,0x000000b9d7400000)]
  0x000001d7b73f4460 JavaThread "Thread-17" daemon [_thread_in_native, id=11920, stack(0x000000b9d7400000,0x000000b9d7500000)]
  0x000001d7b73f16d0 JavaThread "Thread-18" daemon [_thread_in_native, id=38872, stack(0x000000b9d7500000,0x000000b9d7600000)]
  0x000001d7b73f2600 JavaThread "pool-2-thread-1" [_thread_blocked, id=14752, stack(0x000000b9d7600000,0x000000b9d7700000)]
  0x000001d7b73f07a0 JavaThread "Worker-2" [_thread_blocked, id=37000, stack(0x000000b9d7700000,0x000000b9d7800000)]
  0x000001d7b73f3a40 JavaThread "WorkspaceEventsHandler" [_thread_blocked, id=26012, stack(0x000000b9d7800000,0x000000b9d7900000)]
  0x000001d7b73f3f50 JavaThread "pool-1-thread-1" [_thread_blocked, id=38272, stack(0x000000b9d7900000,0x000000b9d7a00000)]
  0x000001d7b73f0cb0 JavaThread "Worker-3" [_thread_blocked, id=39380, stack(0x000000b9d7d00000,0x000000b9d7e00000)]
  0x000001d7b73f5db0 JavaThread "ForkJoinPool.commonPool-worker-1" daemon [_thread_blocked, id=12580, stack(0x000000b9d7b00000,0x000000b9d7c00000)]
  0x000001d7b73f62c0 JavaThread "ForkJoinPool.commonPool-worker-2" daemon [_thread_blocked, id=9752, stack(0x000000b9d7f00000,0x000000b9d8000000)]
  0x000001d7b73f67d0 JavaThread "Worker-4" [_thread_blocked, id=12628, stack(0x000000b9d6200000,0x000000b9d6300000)]
  0x000001d7b73f6ce0 JavaThread "Worker-5" [_thread_blocked, id=26496, stack(0x000000b9d7a00000,0x000000b9d7b00000)]
  0x000001d7b467a2c0 JavaThread "Worker-6" [_thread_blocked, id=18016, stack(0x000000b9d8000000,0x000000b9d8100000)]
  0x000001d7b73f4e80 JavaThread "ForkJoinPool.commonPool-worker-3" daemon [_thread_blocked, id=30808, stack(0x000000b9d7c00000,0x000000b9d7d00000)]
  0x000001d7ccc35570 JavaThread "ForkJoinPool.commonPool-worker-4" daemon [_thread_blocked, id=30464, stack(0x000000b9d8500000,0x000000b9d8600000)]
  0x000001d7ccc34b50 JavaThread "Worker-7" [_thread_blocked, id=30728, stack(0x000000b9d8600000,0x000000b9d8700000)]
  0x000001d7ccc318b0 JavaThread "ForkJoinPool.commonPool-worker-5" daemon [_thread_blocked, id=36772, stack(0x000000b9d8700000,0x000000b9d8800000)]
  0x000001d7ccc36ec0 JavaThread "ForkJoinPool.commonPool-worker-6" daemon [_thread_blocked, id=24396, stack(0x000000b9d9700000,0x000000b9d9800000)]
  0x000001d7ccc31dc0 JavaThread "ForkJoinPool.commonPool-worker-7" daemon [_thread_blocked, id=31212, stack(0x000000b9d8100000,0x000000b9d8200000)]
  0x000001d7ccc322d0 JavaThread "ForkJoinPool.commonPool-worker-8" daemon [_thread_blocked, id=19564, stack(0x000000b9d5700000,0x000000b9d5800000)]
  0x000001d7ccc364a0 JavaThread "Cleaner-0" daemon [_thread_blocked, id=32556, stack(0x000000b9d6100000,0x000000b9d6200000)]
  0x000001d7ccc30e90 JavaThread "ForkJoinPool.commonPool-worker-9" daemon [_thread_blocked, id=20256, stack(0x000000b9d5500000,0x000000b9d5600000)]
  0x000001d7ccc2ff60 JavaThread "ForkJoinPool.commonPool-worker-10" daemon [_thread_blocked, id=2960, stack(0x000000b9d5600000,0x000000b9d5700000)]
  0x000001d7b5723b20 JavaThread "C2 CompilerThread1" daemon [_thread_blocked, id=11968, stack(0x000000b9d5800000,0x000000b9d5900000)]
  0x000001d7ccc373d0 JavaThread "ForkJoinPool.commonPool-worker-11" daemon [_thread_blocked, id=13748, stack(0x000000b9d5900000,0x000000b9d5a00000)]
=>0x000001d7b57265a0 JavaThread "C2 CompilerThread2" daemon [_thread_in_native, id=20916, stack(0x000000b9d8400000,0x000000b9d8500000)]

Other Threads:
  0x000001d7ad2dd450 VMThread "VM Thread" [stack: 0x000000b9d3b00000,0x000000b9d3c00000] [id=38292]
  0x000001d7b45bc2e0 WatcherThread [stack: 0x000000b9d4a00000,0x000000b9d4b00000] [id=12904]
  0x000001d799481fe0 GCTaskThread "GC Thread#0" [stack: 0x000000b9d3a00000,0x000000b9d3b00000] [id=11648]
  0x000001d7b496b670 GCTaskThread "GC Thread#1" [stack: 0x000000b9d4e00000,0x000000b9d4f00000] [id=20564]
  0x000001d7b4968ad0 GCTaskThread "GC Thread#2" [stack: 0x000000b9d4f00000,0x000000b9d5000000] [id=24836]
  0x000001d7b4eac4d0 GCTaskThread "GC Thread#3" [stack: 0x000000b9d5000000,0x000000b9d5100000] [id=7628]
  0x000001d7b4eac790 GCTaskThread "GC Thread#4" [stack: 0x000000b9d5100000,0x000000b9d5200000] [id=31372]
  0x000001d7b4e16800 GCTaskThread "GC Thread#5" [stack: 0x000000b9d5200000,0x000000b9d5300000] [id=1492]
  0x000001d7b4f1a6b0 GCTaskThread "GC Thread#6" [stack: 0x000000b9d4c00000,0x000000b9d4d00000] [id=12492]
  0x000001d7b4f12da0 GCTaskThread "GC Thread#7" [stack: 0x000000b9d4d00000,0x000000b9d4e00000] [id=15200]
  0x000001d7b25c8a10 GCTaskThread "GC Thread#8" [stack: 0x000000b9d4600000,0x000000b9d4700000] [id=16552]
  0x000001d7b50751a0 GCTaskThread "GC Thread#9" [stack: 0x000000b9d5a00000,0x000000b9d5b00000] [id=30296]
  0x000001d7b5074b40 GCTaskThread "GC Thread#10" [stack: 0x000000b9d5b00000,0x000000b9d5c00000] [id=11256]
  0x000001d7b5074e00 GCTaskThread "GC Thread#11" [stack: 0x000000b9d5c00000,0x000000b9d5d00000] [id=46144]
  0x000001d7b47ba670 GCTaskThread "GC Thread#12" [stack: 0x000000b9d5e00000,0x000000b9d5f00000] [id=33420]

Threads with active compile tasks:
C2 CompilerThread2    48222 15503   !   4       org.eclipse.jdt.internal.compiler.lookup.BinaryTypeBinding::superclass (207 bytes)

VM state: not at safepoint (normal execution)

VM Mutex/Monitor currently owned by a thread: None

Heap address: 0x00000000c0000000, size: 1024 MB, Compressed Oops mode: 32-bit

CDS archive(s) not mapped
Compressed class space mapped at: 0x0000000100000000-0x0000000140000000, reserved size: 1073741824
Narrow klass base: 0x0000000000000000, Narrow klass shift: 3, Narrow klass range: 0x140000000

GC Precious Log:
 CPUs: 16 total, 16 available
 Memory: 15789M
 Large Page Support: Disabled
 NUMA Support: Disabled
 Compressed Oops: Enabled (32-bit)
 Alignments: Space 512K, Generation 512K, Heap 2M
 Heap Min Capacity: 100M
 Heap Initial Capacity: 100M
 Heap Max Capacity: 1G
 Pre-touch: Disabled
 Parallel Workers: 13

Heap:
 PSYoungGen      total 5120K, used 3724K [0x00000000eab00000, 0x00000000eb200000, 0x0000000100000000)
  eden space 4096K, 73% used [0x00000000eab00000,0x00000000eadf4888,0x00000000eaf00000)
  from space 1024K, 68% used [0x00000000eaf00000,0x00000000eafae900,0x00000000eb000000)
  to   space 1024K, 0% used [0x00000000eb100000,0x00000000eb100000,0x00000000eb200000)
 ParOldGen       total 314880K, used 312451K [0x00000000c0000000, 0x00000000d3380000, 0x00000000eab00000)
  object space 314880K, 99% used [0x00000000c0000000,0x00000000d3120f08,0x00000000d3380000)
 Metaspace       used 83293K, committed 84736K, reserved 1179648K
  class space    used 8633K, committed 9280K, reserved 1048576K

Card table byte_map: [0x000001d798df0000,0x000001d799000000] _byte_map_base: 0x000001d7987f0000

Marking Bits: (ParMarkBitMap*) 0x00007ffeceded820
 Begin Bits: [0x000001d7ab0f0000, 0x000001d7ac0f0000)
 End Bits:   [0x000001d7ac0f0000, 0x000001d7ad0f0000)

Polling page: 0x000001d7971e0000

Metaspace:

Usage:
  Non-class:     72.91 MB used.
      Class:      8.43 MB used.
       Both:     81.34 MB used.

Virtual space:
  Non-class space:      128.00 MB reserved,      73.69 MB ( 58%) committed,  2 nodes.
      Class space:        1.00 GB reserved,       9.06 MB ( <1%) committed,  1 nodes.
             Both:        1.12 GB reserved,      82.75 MB (  7%) committed. 

Chunk freelists:
   Non-Class:  6.23 MB
       Class:  6.94 MB
        Both:  13.17 MB

MaxMetaspaceSize: unlimited
CompressedClassSpaceSize: 1.00 GB
Initial GC threshold: 21.00 MB
Current GC threshold: 133.75 MB
CDS: off
MetaspaceReclaimPolicy: balanced
 - commit_granule_bytes: 65536.
 - commit_granule_words: 8192.
 - virtual_space_node_default_size: 8388608.
 - enlarge_chunks_in_place: 1.
 - new_chunks_are_fully_committed: 0.
 - uncommit_free_chunks: 1.
 - use_allocation_guard: 0.
 - handle_deallocations: 1.


Internal statistics:

num_allocs_failed_limit: 9.
num_arena_births: 1060.
num_arena_deaths: 44.
num_vsnodes_births: 3.
num_vsnodes_deaths: 0.
num_space_committed: 1324.
num_space_uncommitted: 0.
num_chunks_returned_to_freelist: 68.
num_chunks_taken_from_freelist: 4539.
num_chunk_merges: 17.
num_chunk_splits: 2713.
num_chunks_enlarged: 1510.
num_inconsistent_stats: 0.

CodeHeap 'non-profiled nmethods': size=119168Kb used=11866Kb max_used=11866Kb free=107301Kb
 bounds [0x000001d7a3c90000, 0x000001d7a4830000, 0x000001d7ab0f0000]
CodeHeap 'profiled nmethods': size=119104Kb used=28545Kb max_used=28545Kb free=90558Kb
 bounds [0x000001d79c0f0000, 0x000001d79dce0000, 0x000001d7a3540000]
CodeHeap 'non-nmethods': size=7488Kb used=1437Kb max_used=3212Kb free=6050Kb
 bounds [0x000001d7a3540000, 0x000001d7a3880000, 0x000001d7a3c90000]
 total_blobs=13414 nmethods=12622 adapters=704
 compilation: enabled
              stopped_count=0, restarted_count=0
 full_count=0

Compilation events (20 events):
Event: 47.933 Thread 0x000001d7b5723b20 nmethod 15461 0x000001d7a4819f10 code [0x000001d7a481a080, 0x000001d7a481a178]
Event: 47.933 Thread 0x000001d7b5723b20 15470       4       org.eclipse.jdt.internal.compiler.env.ITypeAnnotationWalker$1::toSupertype (2 bytes)
Event: 47.933 Thread 0x000001d7b5723b20 nmethod 15470 0x000001d7a481a290 code [0x000001d7a481a400, 0x000001d7a481a478]
Event: 48.023 Thread 0x000001d7b5723b20 15522       4       java.lang.AbstractStringBuilder::charAt (36 bytes)
Event: 48.023 Thread 0x000001d7b244e840 15523       3       org.eclipse.core.internal.resources.Resource::isHidden (51 bytes)
Event: 48.024 Thread 0x000001d7b244e840 nmethod 15523 0x000001d79dcd0c10 code [0x000001d79dcd0e00, 0x000001d79dcd15e8]
Event: 48.024 Thread 0x000001d7b5723b20 nmethod 15522 0x000001d7a481a590 code [0x000001d7a481a720, 0x000001d7a481a838]
Event: 48.083 Thread 0x000001d7b5723b20 15524       4       java.io.File::getParentFile (41 bytes)
Event: 48.083 Thread 0x000001d7b244e840 15526       1       org.eclipse.jdt.internal.core.PackageFragmentRoot::isExternal (2 bytes)
Event: 48.083 Thread 0x000001d7b244e840 nmethod 15526 0x000001d7a481a990 code [0x000001d7a481ab20, 0x000001d7a481abf8]
Event: 48.084 Thread 0x000001d7b244e840 15527       3       org.eclipse.jface.text.AbstractLineTracker$SessionData::isSessionActive (11 bytes)
Event: 48.084 Thread 0x000001d7b244e840 nmethod 15527 0x000001d79dcd1810 code [0x000001d79dcd19a0, 0x000001d79dcd1b18]
Event: 48.084 Thread 0x000001d7b244e840 15528       3       org.eclipse.jdt.internal.core.manipulation.JavaElementLabelComposerCore::getFlag (12 bytes)
Event: 48.084 Thread 0x000001d7b244e840 nmethod 15528 0x000001d79dcd1b90 code [0x000001d79dcd1d20, 0x000001d79dcd1e78]
Event: 48.084 Thread 0x000001d7b244e840 15529       3       org.eclipse.jdt.core.SourceRange::<init> (15 bytes)
Event: 48.084 Thread 0x000001d7b244e840 nmethod 15529 0x000001d79dcd1f10 code [0x000001d79dcd20a0, 0x000001d79dcd2218]
Event: 48.090 Thread 0x000001d7b5723b20 nmethod 15524 0x000001d7a481ac90 code [0x000001d7a481ae40, 0x000001d7a481b7b8]
Event: 48.090 Thread 0x000001d7b5723b20 15525       4       java.util.regex.Pattern::newSlice (181 bytes)
Event: 48.101 Thread 0x000001d7b5723b20 nmethod 15525 0x000001d7a481bd10 code [0x000001d7a481bee0, 0x000001d7a481c838]
Event: 48.111 Thread 0x000001d7ad2ee570 nmethod 15459 0x000001d7a481cc90 code [0x000001d7a481d200, 0x000001d7a48230d8]

GC Heap History (20 events):
Event: 45.470 GC heap before
{Heap before GC invocations=464 (full 21):
 PSYoungGen      total 5120K, used 5110K [0x00000000eab00000, 0x00000000eb800000, 0x0000000100000000)
  eden space 4096K, 100% used [0x00000000eab00000,0x00000000eaf00000,0x00000000eaf00000)
  from space 1024K, 99% used [0x00000000eaf00000,0x00000000eaffd9a0,0x00000000eb000000)
  to   space 4608K, 0% used [0x00000000eb380000,0x00000000eb380000,0x00000000eb800000)
 ParOldGen       total 314880K, used 296528K [0x00000000c0000000, 0x00000000d3380000, 0x00000000eab00000)
  object space 314880K, 94% used [0x00000000c0000000,0x00000000d2194378,0x00000000d3380000)
 Metaspace       used 83114K, committed 84544K, reserved 1179648K
  class space    used 8633K, committed 9280K, reserved 1048576K
}
Event: 45.473 GC heap after
{Heap after GC invocations=464 (full 21):
 PSYoungGen      total 8704K, used 4256K [0x00000000eab00000, 0x00000000eb900000, 0x0000000100000000)
  eden space 4096K, 0% used [0x00000000eab00000,0x00000000eab00000,0x00000000eaf00000)
  from space 4608K, 92% used [0x00000000eb380000,0x00000000eb7a8000,0x00000000eb800000)
  to   space 4608K, 0% used [0x00000000eaf00000,0x00000000eaf00000,0x00000000eb380000)
 ParOldGen       total 314880K, used 297591K [0x00000000c0000000, 0x00000000d3380000, 0x00000000eab00000)
  object space 314880K, 94% used [0x00000000c0000000,0x00000000d229dd18,0x00000000d3380000)
 Metaspace       used 83114K, committed 84544K, reserved 1179648K
  class space    used 8633K, committed 9280K, reserved 1048576K
}
Event: 45.488 GC heap before
{Heap before GC invocations=465 (full 21):
 PSYoungGen      total 8704K, used 8352K [0x00000000eab00000, 0x00000000eb900000, 0x0000000100000000)
  eden space 4096K, 100% used [0x00000000eab00000,0x00000000eaf00000,0x00000000eaf00000)
  from space 4608K, 92% used [0x00000000eb380000,0x00000000eb7a8000,0x00000000eb800000)
  to   space 4608K, 0% used [0x00000000eaf00000,0x00000000eaf00000,0x00000000eb380000)
 ParOldGen       total 314880K, used 297591K [0x00000000c0000000, 0x00000000d3380000, 0x00000000eab00000)
  object space 314880K, 94% used [0x00000000c0000000,0x00000000d229dd18,0x00000000d3380000)
 Metaspace       used 83125K, committed 84544K, reserved 1179648K
  class space    used 8633K, committed 9280K, reserved 1048576K
}
Event: 45.496 GC heap after
{Heap after GC invocations=465 (full 21):
 PSYoungGen      total 6144K, used 1626K [0x00000000eab00000, 0x00000000eb600000, 0x0000000100000000)
  eden space 4096K, 0% used [0x00000000eab00000,0x00000000eab00000,0x00000000eaf00000)
  from space 2048K, 79% used [0x00000000eaf00000,0x00000000eb096900,0x00000000eb100000)
  to   space 3072K, 0% used [0x00000000eb300000,0x00000000eb300000,0x00000000eb600000)
 ParOldGen       total 314880K, used 301719K [0x00000000c0000000, 0x00000000d3380000, 0x00000000eab00000)
  object space 314880K, 95% used [0x00000000c0000000,0x00000000d26a5d18,0x00000000d3380000)
 Metaspace       used 83125K, committed 84544K, reserved 1179648K
  class space    used 8633K, committed 9280K, reserved 1048576K
}
Event: 45.521 GC heap before
{Heap before GC invocations=466 (full 21):
 PSYoungGen      total 6144K, used 5722K [0x00000000eab00000, 0x00000000eb600000, 0x0000000100000000)
  eden space 4096K, 100% used [0x00000000eab00000,0x00000000eaf00000,0x00000000eaf00000)
  from space 2048K, 79% used [0x00000000eaf00000,0x00000000eb096900,0x00000000eb100000)
  to   space 3072K, 0% used [0x00000000eb300000,0x00000000eb300000,0x00000000eb600000)
 ParOldGen       total 314880K, used 301719K [0x00000000c0000000, 0x00000000d3380000, 0x00000000eab00000)
  object space 314880K, 95% used [0x00000000c0000000,0x00000000d26a5d18,0x00000000d3380000)
 Metaspace       used 83143K, committed 84544K, reserved 1179648K
  class space    used 8633K, committed 9280K, reserved 1048576K
}
Event: 45.524 GC heap after
{Heap after GC invocations=466 (full 21):
 PSYoungGen      total 5632K, used 224K [0x00000000eab00000, 0x00000000eb380000, 0x0000000100000000)
  eden space 5120K, 0% used [0x00000000eab00000,0x00000000eab00000,0x00000000eb000000)
  from space 512K, 43% used [0x00000000eb300000,0x00000000eb338000,0x00000000eb380000)
  to   space 1024K, 0% used [0x00000000eb180000,0x00000000eb180000,0x00000000eb280000)
 ParOldGen       total 314880K, used 302787K [0x00000000c0000000, 0x00000000d3380000, 0x00000000eab00000)
  object space 314880K, 96% used [0x00000000c0000000,0x00000000d27b0f18,0x00000000d3380000)
 Metaspace       used 83143K, committed 84544K, reserved 1179648K
  class space    used 8633K, committed 9280K, reserved 1048576K
}
Event: 45.663 GC heap before
{Heap before GC invocations=467 (full 21):
 PSYoungGen      total 5632K, used 5344K [0x00000000eab00000, 0x00000000eb380000, 0x0000000100000000)
  eden space 5120K, 100% used [0x00000000eab00000,0x00000000eb000000,0x00000000eb000000)
  from space 512K, 43% used [0x00000000eb300000,0x00000000eb338000,0x00000000eb380000)
  to   space 1024K, 0% used [0x00000000eb180000,0x00000000eb180000,0x00000000eb280000)
 ParOldGen       total 314880K, used 302787K [0x00000000c0000000, 0x00000000d3380000, 0x00000000eab00000)
  object space 314880K, 96% used [0x00000000c0000000,0x00000000d27b0f18,0x00000000d3380000)
 Metaspace       used 83224K, committed 84672K, reserved 1179648K
  class space    used 8633K, committed 9280K, reserved 1048576K
}
Event: 45.664 GC heap after
{Heap after GC invocations=467 (full 21):
 PSYoungGen      total 7168K, used 1008K [0x00000000eab00000, 0x00000000eb400000, 0x0000000100000000)
  eden space 6144K, 0% used [0x00000000eab00000,0x00000000eab00000,0x00000000eb100000)
  from space 1024K, 98% used [0x00000000eb180000,0x00000000eb27c010,0x00000000eb280000)
  to   space 1536K, 0% used [0x00000000eb280000,0x00000000eb280000,0x00000000eb400000)
 ParOldGen       total 314880K, used 302904K [0x00000000c0000000, 0x00000000d3380000, 0x00000000eab00000)
  object space 314880K, 96% used [0x00000000c0000000,0x00000000d27ce118,0x00000000d3380000)
 Metaspace       used 83224K, committed 84672K, reserved 1179648K
  class space    used 8633K, committed 9280K, reserved 1048576K
}
Event: 47.791 GC heap before
{Heap before GC invocations=468 (full 21):
 PSYoungGen      total 7168K, used 7152K [0x00000000eab00000, 0x00000000eb400000, 0x0000000100000000)
  eden space 6144K, 100% used [0x00000000eab00000,0x00000000eb100000,0x00000000eb100000)
  from space 1024K, 98% used [0x00000000eb180000,0x00000000eb27c010,0x00000000eb280000)
  to   space 1536K, 0% used [0x00000000eb280000,0x00000000eb280000,0x00000000eb400000)
 ParOldGen       total 314880K, used 302904K [0x00000000c0000000, 0x00000000d3380000, 0x00000000eab00000)
  object space 314880K, 96% used [0x00000000c0000000,0x00000000d27ce118,0x00000000d3380000)
 Metaspace       used 83241K, committed 84672K, reserved 1179648K
  class space    used 8633K, committed 9280K, reserved 1048576K
}
Event: 47.794 GC heap after
{Heap after GC invocations=468 (full 21):
 PSYoungGen      total 3584K, used 1514K [0x00000000eab00000, 0x00000000ebc00000, 0x0000000100000000)
  eden space 2048K, 0% used [0x00000000eab00000,0x00000000eab00000,0x00000000ead00000)
  from space 1536K, 98% used [0x00000000eb280000,0x00000000eb3fabc0,0x00000000eb400000)
  to   space 5632K, 0% used [0x00000000ead00000,0x00000000ead00000,0x00000000eb280000)
 ParOldGen       total 314880K, used 305964K [0x00000000c0000000, 0x00000000d3380000, 0x00000000eab00000)
  object space 314880K, 97% used [0x00000000c0000000,0x00000000d2acb148,0x00000000d3380000)
 Metaspace       used 83241K, committed 84672K, reserved 1179648K
  class space    used 8633K, committed 9280K, reserved 1048576K
}
Event: 47.798 GC heap before
{Heap before GC invocations=469 (full 21):
 PSYoungGen      total 3584K, used 3562K [0x00000000eab00000, 0x00000000ebc00000, 0x0000000100000000)
  eden space 2048K, 100% used [0x00000000eab00000,0x00000000ead00000,0x00000000ead00000)
  from space 1536K, 98% used [0x00000000eb280000,0x00000000eb3fabc0,0x00000000eb400000)
  to   space 5632K, 0% used [0x00000000ead00000,0x00000000ead00000,0x00000000eb280000)
 ParOldGen       total 314880K, used 305964K [0x00000000c0000000, 0x00000000d3380000, 0x00000000eab00000)
  object space 314880K, 97% used [0x00000000c0000000,0x00000000d2acb148,0x00000000d3380000)
 Metaspace       used 83241K, committed 84672K, reserved 1179648K
  class space    used 8633K, committed 9280K, reserved 1048576K
}
Event: 47.800 GC heap after
{Heap after GC invocations=469 (full 21):
 PSYoungGen      total 4608K, used 2208K [0x00000000eab00000, 0x00000000eb380000, 0x0000000100000000)
  eden space 2048K, 0% used [0x00000000eab00000,0x00000000eab00000,0x00000000ead00000)
  from space 2560K, 86% used [0x00000000ead00000,0x00000000eaf28000,0x00000000eaf80000)
  to   space 3072K, 0% used [0x00000000eb080000,0x00000000eb080000,0x00000000eb380000)
 ParOldGen       total 314880K, used 307527K [0x00000000c0000000, 0x00000000d3380000, 0x00000000eab00000)
  object space 314880K, 97% used [0x00000000c0000000,0x00000000d2c51d08,0x00000000d3380000)
 Metaspace       used 83241K, committed 84672K, reserved 1179648K
  class space    used 8633K, committed 9280K, reserved 1048576K
}
Event: 47.808 GC heap before
{Heap before GC invocations=470 (full 21):
 PSYoungGen      total 4608K, used 4256K [0x00000000eab00000, 0x00000000eb380000, 0x0000000100000000)
  eden space 2048K, 100% used [0x00000000eab00000,0x00000000ead00000,0x00000000ead00000)
  from space 2560K, 86% used [0x00000000ead00000,0x00000000eaf28000,0x00000000eaf80000)
  to   space 3072K, 0% used [0x00000000eb080000,0x00000000eb080000,0x00000000eb380000)
 ParOldGen       total 314880K, used 307527K [0x00000000c0000000, 0x00000000d3380000, 0x00000000eab00000)
  object space 314880K, 97% used [0x00000000c0000000,0x00000000d2c51d08,0x00000000d3380000)
 Metaspace       used 83241K, committed 84672K, reserved 1179648K
  class space    used 8633K, committed 9280K, reserved 1048576K
}
Event: 47.813 GC heap after
{Heap after GC invocations=470 (full 21):
 PSYoungGen      total 5120K, used 2240K [0x00000000eab00000, 0x00000000eb300000, 0x0000000100000000)
  eden space 2560K, 0% used [0x00000000eab00000,0x00000000eab00000,0x00000000ead80000)
  from space 2560K, 87% used [0x00000000eb080000,0x00000000eb2b0000,0x00000000eb300000)
  to   space 2560K, 0% used [0x00000000eae00000,0x00000000eae00000,0x00000000eb080000)
 ParOldGen       total 314880K, used 309567K [0x00000000c0000000, 0x00000000d3380000, 0x00000000eab00000)
  object space 314880K, 98% used [0x00000000c0000000,0x00000000d2e4fd08,0x00000000d3380000)
 Metaspace       used 83241K, committed 84672K, reserved 1179648K
  class space    used 8633K, committed 9280K, reserved 1048576K
}
Event: 47.825 GC heap before
{Heap before GC invocations=471 (full 21):
 PSYoungGen      total 5120K, used 4800K [0x00000000eab00000, 0x00000000eb300000, 0x0000000100000000)
  eden space 2560K, 100% used [0x00000000eab00000,0x00000000ead80000,0x00000000ead80000)
  from space 2560K, 87% used [0x00000000eb080000,0x00000000eb2b0000,0x00000000eb300000)
  to   space 2560K, 0% used [0x00000000eae00000,0x00000000eae00000,0x00000000eb080000)
 ParOldGen       total 314880K, used 309567K [0x00000000c0000000, 0x00000000d3380000, 0x00000000eab00000)
  object space 314880K, 98% used [0x00000000c0000000,0x00000000d2e4fd08,0x00000000d3380000)
 Metaspace       used 83241K, committed 84672K, reserved 1179648K
  class space    used 8633K, committed 9280K, reserved 1048576K
}
Event: 47.828 GC heap after
{Heap after GC invocations=471 (full 21):
 PSYoungGen      total 4608K, used 1178K [0x00000000eab00000, 0x00000000eb200000, 0x0000000100000000)
  eden space 3072K, 0% used [0x00000000eab00000,0x00000000eab00000,0x00000000eae00000)
  from space 1536K, 76% used [0x00000000eae00000,0x00000000eaf26900,0x00000000eaf80000)
  to   space 2048K, 0% used [0x00000000eb000000,0x00000000eb000000,0x00000000eb200000)
 ParOldGen       total 314880K, used 311655K [0x00000000c0000000, 0x00000000d3380000, 0x00000000eab00000)
  object space 314880K, 98% used [0x00000000c0000000,0x00000000d3059d08,0x00000000d3380000)
 Metaspace       used 83241K, committed 84672K, reserved 1179648K
  class space    used 8633K, committed 9280K, reserved 1048576K
}
Event: 47.850 GC heap before
{Heap before GC invocations=472 (full 21):
 PSYoungGen      total 4608K, used 4250K [0x00000000eab00000, 0x00000000eb200000, 0x0000000100000000)
  eden space 3072K, 100% used [0x00000000eab00000,0x00000000eae00000,0x00000000eae00000)
  from space 1536K, 76% used [0x00000000eae00000,0x00000000eaf26900,0x00000000eaf80000)
  to   space 2048K, 0% used [0x00000000eb000000,0x00000000eb000000,0x00000000eb200000)
 ParOldGen       total 314880K, used 311655K [0x00000000c0000000, 0x00000000d3380000, 0x00000000eab00000)
  object space 314880K, 98% used [0x00000000c0000000,0x00000000d3059d08,0x00000000d3380000)
 Metaspace       used 83255K, committed 84672K, reserved 1179648K
  class space    used 8633K, committed 9280K, reserved 1048576K
}
Event: 47.853 GC heap after
{Heap after GC invocations=472 (full 21):
 PSYoungGen      total 5120K, used 320K [0x00000000eab00000, 0x00000000eb100000, 0x0000000100000000)
  eden space 4096K, 0% used [0x00000000eab00000,0x00000000eab00000,0x00000000eaf00000)
  from space 1024K, 31% used [0x00000000eb000000,0x00000000eb050000,0x00000000eb100000)
  to   space 1024K, 0% used [0x00000000eaf00000,0x00000000eaf00000,0x00000000eb000000)
 ParOldGen       total 314880K, used 312379K [0x00000000c0000000, 0x00000000d3380000, 0x00000000eab00000)
  object space 314880K, 99% used [0x00000000c0000000,0x00000000d310ef08,0x00000000d3380000)
 Metaspace       used 83255K, committed 84672K, reserved 1179648K
  class space    used 8633K, committed 9280K, reserved 1048576K
}
Event: 47.862 GC heap before
{Heap before GC invocations=473 (full 21):
 PSYoungGen      total 5120K, used 4416K [0x00000000eab00000, 0x00000000eb100000, 0x0000000100000000)
  eden space 4096K, 100% used [0x00000000eab00000,0x00000000eaf00000,0x00000000eaf00000)
  from space 1024K, 31% used [0x00000000eb000000,0x00000000eb050000,0x00000000eb100000)
  to   space 1024K, 0% used [0x00000000eaf00000,0x00000000eaf00000,0x00000000eb000000)
 ParOldGen       total 314880K, used 312379K [0x00000000c0000000, 0x00000000d3380000, 0x00000000eab00000)
  object space 314880K, 99% used [0x00000000c0000000,0x00000000d310ef08,0x00000000d3380000)
 Metaspace       used 83257K, committed 84672K, reserved 1179648K
  class space    used 8633K, committed 9280K, reserved 1048576K
}
Event: 47.863 GC heap after
{Heap after GC invocations=473 (full 21):
 PSYoungGen      total 5120K, used 698K [0x00000000eab00000, 0x00000000eb200000, 0x0000000100000000)
  eden space 4096K, 0% used [0x00000000eab00000,0x00000000eab00000,0x00000000eaf00000)
  from space 1024K, 68% used [0x00000000eaf00000,0x00000000eafae900,0x00000000eb000000)
  to   space 1024K, 0% used [0x00000000eb100000,0x00000000eb100000,0x00000000eb200000)
 ParOldGen       total 314880K, used 312451K [0x00000000c0000000, 0x00000000d3380000, 0x00000000eab00000)
  object space 314880K, 99% used [0x00000000c0000000,0x00000000d3120f08,0x00000000d3380000)
 Metaspace       used 83257K, committed 84672K, reserved 1179648K
  class space    used 8633K, committed 9280K, reserved 1048576K
}

Dll operation events (12 events):
Event: 0.011 Loaded shared library c:\Users\cheng\.cursor\extensions\redhat.java-1.31.0-win32-x64\jre\17.0.11-win32-x86_64\bin\java.dll
Event: 0.267 Loaded shared library c:\Users\cheng\.cursor\extensions\redhat.java-1.31.0-win32-x64\jre\17.0.11-win32-x86_64\bin\zip.dll
Event: 0.271 Loaded shared library C:\Users\cheng\.cursor\extensions\redhat.java-1.31.0-win32-x64\jre\17.0.11-win32-x86_64\bin\instrument.dll
Event: 0.300 Loaded shared library C:\Users\cheng\.cursor\extensions\redhat.java-1.31.0-win32-x64\jre\17.0.11-win32-x86_64\bin\net.dll
Event: 0.305 Loaded shared library C:\Users\cheng\.cursor\extensions\redhat.java-1.31.0-win32-x64\jre\17.0.11-win32-x86_64\bin\nio.dll
Event: 0.319 Loaded shared library C:\Users\cheng\.cursor\extensions\redhat.java-1.31.0-win32-x64\jre\17.0.11-win32-x86_64\bin\zip.dll
Event: 0.343 Loaded shared library C:\Users\cheng\.cursor\extensions\redhat.java-1.31.0-win32-x64\jre\17.0.11-win32-x86_64\bin\jimage.dll
Event: 0.423 Loaded shared library c:\Users\cheng\.cursor\extensions\redhat.java-1.31.0-win32-x64\jre\17.0.11-win32-x86_64\bin\verify.dll
Event: 4.187 Loaded shared library C:\Users\cheng\AppData\Roaming\Cursor\User\globalStorage\redhat.java\1.31.0\config_win\org.eclipse.equinox.launcher\org.eclipse.equinox.launcher.win32.win32.x86_64_1.2.1000.v20240507-1834\eclipse_11902.dll
Event: 14.773 Loaded shared library C:\Users\cheng\AppData\Local\Temp\jna-94627417\jna10798290460786545292.dll
Event: 16.071 Loaded shared library C:\Users\cheng\.cursor\extensions\redhat.java-1.31.0-win32-x64\jre\17.0.11-win32-x86_64\bin\sunmscapi.dll
Event: 16.172 Loaded shared library C:\Users\cheng\.cursor\extensions\redhat.java-1.31.0-win32-x64\jre\17.0.11-win32-x86_64\bin\extnet.dll

Deoptimization events (20 events):
Event: 45.476 Thread 0x000001d7ccc322d0 DEOPT PACKING pc=0x000001d7a40fc204 sp=0x000000b9d57fdf20
Event: 45.476 Thread 0x000001d7ccc322d0 DEOPT UNPACKING pc=0x000001d7a35966a3 sp=0x000000b9d57fdeb0 mode 2
Event: 45.531 Thread 0x000001d7ccc322d0 Uncommon trap: trap_request=0xffffffc6 fr.pc=0x000001d7a475ae70 relative=0x0000000000001510
Event: 45.531 Thread 0x000001d7ccc322d0 Uncommon trap: reason=bimorphic_or_optimized_type_check action=maybe_recompile pc=0x000001d7a475ae70 method=org.eclipse.jdt.internal.compiler.parser.Scanner.maybeAtLambdaOrCast()Z @ 120 c2
Event: 45.531 Thread 0x000001d7ccc322d0 DEOPT PACKING pc=0x000001d7a475ae70 sp=0x000000b9d57fe140
Event: 45.531 Thread 0x000001d7ccc322d0 DEOPT UNPACKING pc=0x000001d7a35966a3 sp=0x000000b9d57fe050 mode 2
Event: 45.538 Thread 0x000001d7ccc322d0 Uncommon trap: trap_request=0xffffffc6 fr.pc=0x000001d7a475ae70 relative=0x0000000000001510
Event: 45.538 Thread 0x000001d7ccc322d0 Uncommon trap: reason=bimorphic_or_optimized_type_check action=maybe_recompile pc=0x000001d7a475ae70 method=org.eclipse.jdt.internal.compiler.parser.Scanner.maybeAtLambdaOrCast()Z @ 120 c2
Event: 45.538 Thread 0x000001d7ccc322d0 DEOPT PACKING pc=0x000001d7a475ae70 sp=0x000000b9d57fd9c0
Event: 45.538 Thread 0x000001d7ccc322d0 DEOPT UNPACKING pc=0x000001d7a35966a3 sp=0x000000b9d57fd8d0 mode 2
Event: 45.557 Thread 0x000001d7ccc322d0 Uncommon trap: trap_request=0xffffffde fr.pc=0x000001d7a4068068 relative=0x0000000000000068
Event: 45.557 Thread 0x000001d7ccc322d0 Uncommon trap: reason=class_check action=maybe_recompile pc=0x000001d7a4068068 method=java.util.LinkedHashMap.afterNodeInsertion(Z)V @ 15 c2
Event: 45.557 Thread 0x000001d7ccc322d0 DEOPT PACKING pc=0x000001d7a4068068 sp=0x000000b9d57fec90
Event: 45.557 Thread 0x000001d7ccc322d0 DEOPT UNPACKING pc=0x000001d7a35966a3 sp=0x000000b9d57fec08 mode 2
Event: 47.885 Thread 0x000001d7ccc2ff60 DEOPT PACKING pc=0x000001d79ca065a0 sp=0x000000b9d56fe530
Event: 47.885 Thread 0x000001d7ccc2ff60 DEOPT UNPACKING pc=0x000001d7a3596e43 sp=0x000000b9d56fd9e8 mode 0
Event: 47.892 Thread 0x000001d7ccc2ff60 Uncommon trap: trap_request=0xffffffde fr.pc=0x000001d7a4068068 relative=0x0000000000000068
Event: 47.892 Thread 0x000001d7ccc2ff60 Uncommon trap: reason=class_check action=maybe_recompile pc=0x000001d7a4068068 method=java.util.LinkedHashMap.afterNodeInsertion(Z)V @ 15 c2
Event: 47.892 Thread 0x000001d7ccc2ff60 DEOPT PACKING pc=0x000001d7a4068068 sp=0x000000b9d56fe9f0
Event: 47.892 Thread 0x000001d7ccc2ff60 DEOPT UNPACKING pc=0x000001d7a35966a3 sp=0x000000b9d56fe968 mode 2

Classes unloaded (20 events):
Event: 14.543 Thread 0x000001d7ad2dd450 Unloading class 0x0000000100250000 'java/lang/invoke/LambdaForm$MH+0x0000000100250000'
Event: 14.543 Thread 0x000001d7ad2dd450 Unloading class 0x000000010024bc00 'java/lang/invoke/LambdaForm$MH+0x000000010024bc00'
Event: 14.543 Thread 0x000001d7ad2dd450 Unloading class 0x000000010024b800 'java/lang/invoke/LambdaForm$BMH+0x000000010024b800'
Event: 14.543 Thread 0x000001d7ad2dd450 Unloading class 0x000000010024b400 'java/lang/invoke/LambdaForm$DMH+0x000000010024b400'
Event: 14.543 Thread 0x000001d7ad2dd450 Unloading class 0x0000000100248800 'java/lang/invoke/LambdaForm$DMH+0x0000000100248800'
Event: 18.888 Thread 0x000001d7ad2dd450 Unloading class 0x00000001006b8c00 'jdk/internal/reflect/GeneratedSerializationConstructorAccessor31'
Event: 18.888 Thread 0x000001d7ad2dd450 Unloading class 0x00000001006b8000 'jdk/internal/reflect/GeneratedSerializationConstructorAccessor28'
Event: 18.888 Thread 0x000001d7ad2dd450 Unloading class 0x00000001006b6c00 'jdk/internal/reflect/GeneratedSerializationConstructorAccessor26'
Event: 18.888 Thread 0x000001d7ad2dd450 Unloading class 0x00000001006b6400 'jdk/internal/reflect/GeneratedSerializationConstructorAccessor25'
Event: 27.623 Thread 0x000001d7ad2dd450 Unloading class 0x00000001007d4000 'java/lang/invoke/LambdaForm$DMH+0x00000001007d4000'
Event: 27.623 Thread 0x000001d7ad2dd450 Unloading class 0x00000001007c8400 'java/lang/invoke/LambdaForm$DMH+0x00000001007c8400'
Event: 29.072 Thread 0x000001d7ad2dd450 Unloading class 0x000000010081c000 'java/lang/invoke/LambdaForm$DMH+0x000000010081c000'
Event: 33.137 Thread 0x000001d7ad2dd450 Unloading class 0x0000000100890800 'java/lang/invoke/LambdaForm$MH+0x0000000100890800'
Event: 33.137 Thread 0x000001d7ad2dd450 Unloading class 0x000000010088d800 'java/lang/invoke/LambdaForm$MH+0x000000010088d800'
Event: 33.137 Thread 0x000001d7ad2dd450 Unloading class 0x0000000100890400 'java/lang/invoke/LambdaForm$MH+0x0000000100890400'
Event: 33.137 Thread 0x000001d7ad2dd450 Unloading class 0x0000000100890000 'java/lang/invoke/LambdaForm$MH+0x0000000100890000'
Event: 33.137 Thread 0x000001d7ad2dd450 Unloading class 0x000000010088cc00 'java/lang/invoke/LambdaForm$DMH+0x000000010088cc00'
Event: 33.137 Thread 0x000001d7ad2dd450 Unloading class 0x000000010088c800 'java/lang/invoke/LambdaForm$DMH+0x000000010088c800'
Event: 33.137 Thread 0x000001d7ad2dd450 Unloading class 0x000000010088d400 'java/lang/invoke/LambdaForm$DMH+0x000000010088d400'
Event: 33.137 Thread 0x000001d7ad2dd450 Unloading class 0x000000010088d000 'java/lang/invoke/LambdaForm$DMH+0x000000010088d000'

Classes redefined (0 events):
No events

Internal exceptions (20 events):
Event: 42.186 Thread 0x000001d7b46798a0 Exception <a 'sun/nio/fs/WindowsException'{0x00000000eb3e5c50}> (0x00000000eb3e5c50) 
thrown [s\src\hotspot\share\prims\jni.cpp, line 516]
Event: 42.230 Thread 0x000001d7b46798a0 Exception <a 'sun/nio/fs/WindowsException'{0x00000000eaefa0a0}> (0x00000000eaefa0a0) 
thrown [s\src\hotspot\share\prims\jni.cpp, line 516]
Event: 42.265 Thread 0x000001d7b46798a0 Exception <a 'sun/nio/fs/WindowsException'{0x00000000eaf837d0}> (0x00000000eaf837d0) 
thrown [s\src\hotspot\share\prims\jni.cpp, line 516]
Event: 42.278 Thread 0x000001d7b46798a0 Exception <a 'sun/nio/fs/WindowsException'{0x00000000eaff9280}> (0x00000000eaff9280) 
thrown [s\src\hotspot\share\prims\jni.cpp, line 516]
Event: 42.289 Thread 0x000001d7b46798a0 Exception <a 'sun/nio/fs/WindowsException'{0x00000000eb01ef10}> (0x00000000eb01ef10) 
thrown [s\src\hotspot\share\prims\jni.cpp, line 516]
Event: 42.326 Thread 0x000001d7b46798a0 Exception <a 'sun/nio/fs/WindowsException'{0x00000000eb22d318}> (0x00000000eb22d318) 
thrown [s\src\hotspot\share\prims\jni.cpp, line 516]
Event: 42.338 Thread 0x000001d7b46798a0 Exception <a 'sun/nio/fs/WindowsException'{0x00000000eb2baaf0}> (0x00000000eb2baaf0) 
thrown [s\src\hotspot\share\prims\jni.cpp, line 516]
Event: 42.394 Thread 0x000001d7b46798a0 Exception <a 'sun/nio/fs/WindowsException'{0x00000000eb2427f8}> (0x00000000eb2427f8) 
thrown [s\src\hotspot\share\prims\jni.cpp, line 516]
Event: 42.426 Thread 0x000001d7b46798a0 Exception <a 'sun/nio/fs/WindowsException'{0x00000000eb209cd0}> (0x00000000eb209cd0) 
thrown [s\src\hotspot\share\prims\jni.cpp, line 516]
Event: 42.437 Thread 0x000001d7b46798a0 Exception <a 'sun/nio/fs/WindowsException'{0x00000000eb216230}> (0x00000000eb216230) 
thrown [s\src\hotspot\share\prims\jni.cpp, line 516]
Event: 42.605 Thread 0x000001d7b46798a0 Exception <a 'sun/nio/fs/WindowsException'{0x00000000eab8d290}> (0x00000000eab8d290) 
thrown [s\src\hotspot\share\prims\jni.cpp, line 516]
Event: 42.760 Thread 0x000001d7b46798a0 Exception <a 'sun/nio/fs/WindowsException'{0x00000000eb0a1900}> (0x00000000eb0a1900) 
thrown [s\src\hotspot\share\prims\jni.cpp, line 516]
Event: 42.770 Thread 0x000001d7b46798a0 Exception <a 'sun/nio/fs/WindowsException'{0x00000000eb0addf8}> (0x00000000eb0addf8) 
thrown [s\src\hotspot\share\prims\jni.cpp, line 516]
Event: 42.781 Thread 0x000001d7b46798a0 Exception <a 'sun/nio/fs/WindowsException'{0x00000000eb0ba7f0}> (0x00000000eb0ba7f0) 
thrown [s\src\hotspot\share\prims\jni.cpp, line 516]
Event: 43.279 Thread 0x000001d7ccc318b0 Implicit null exception at 0x000001d7a438edac to 0x000001d7a43906fc
Event: 43.378 Thread 0x000001d7b73f62c0 Implicit null exception at 0x000001d7a4444e7b to 0x000001d7a4446598
Event: 43.501 Thread 0x000001d7ccc318b0 Exception <a 'sun/nio/fs/WindowsException'{0x00000000eac6bc38}> (0x00000000eac6bc38) 
thrown [s\src\hotspot\share\prims\jni.cpp, line 516]
Event: 43.780 Thread 0x000001d7ccc318b0 Exception <a 'java/lang/NoSuchMethodError'{0x00000000eaef1eb0}: 'java.lang.Object java.lang.invoke.DirectMethodHandle$Holder.newInvokeSpecial(java.lang.Object, java.lang.Object, int, java.lang.Object, java.lang.Object, java.lang.Object, java.lang.Object)'> (0x00000000eaef1eb0) 
thrown [s\src\hotspot\share\interpreter\linkResolver.cpp, line 759]
Event: 45.658 Thread 0x000001d7b4678460 Exception <a 'sun/nio/fs/WindowsException'{0x00000000eafc1468}> (0x00000000eafc1468) 
thrown [s\src\hotspot\share\prims\jni.cpp, line 516]
Event: 45.658 Thread 0x000001d7b4678460 Exception <a 'sun/nio/fs/WindowsException'{0x00000000eafc1d00}> (0x00000000eafc1d00) 
thrown [s\src\hotspot\share\prims\jni.cpp, line 516]

VM Operations (20 events):
Event: 45.488 Executing VM operation: ParallelGCFailedAllocation
Event: 45.496 Executing VM operation: ParallelGCFailedAllocation done
Event: 45.520 Executing VM operation: ParallelGCFailedAllocation
Event: 45.524 Executing VM operation: ParallelGCFailedAllocation done
Event: 45.663 Executing VM operation: ParallelGCFailedAllocation
Event: 45.664 Executing VM operation: ParallelGCFailedAllocation done
Event: 46.678 Executing VM operation: Cleanup
Event: 46.678 Executing VM operation: Cleanup done
Event: 47.791 Executing VM operation: ParallelGCFailedAllocation
Event: 47.794 Executing VM operation: ParallelGCFailedAllocation done
Event: 47.798 Executing VM operation: ParallelGCFailedAllocation
Event: 47.800 Executing VM operation: ParallelGCFailedAllocation done
Event: 47.808 Executing VM operation: ParallelGCFailedAllocation
Event: 47.813 Executing VM operation: ParallelGCFailedAllocation done
Event: 47.825 Executing VM operation: ParallelGCFailedAllocation
Event: 47.828 Executing VM operation: ParallelGCFailedAllocation done
Event: 47.850 Executing VM operation: ParallelGCFailedAllocation
Event: 47.853 Executing VM operation: ParallelGCFailedAllocation done
Event: 47.862 Executing VM operation: ParallelGCFailedAllocation
Event: 47.863 Executing VM operation: ParallelGCFailedAllocation done

Events (20 events):
Event: 43.596 Thread 0x000001d7b5726af0 Thread added: 0x000001d7b5726af0
Event: 43.596 Thread 0x000001d7b57265a0 Thread added: 0x000001d7b57265a0
Event: 43.671 loading class jdk/internal/ref/CleanerImpl$InnocuousThreadFactory
Event: 43.671 loading class jdk/internal/ref/CleanerImpl$InnocuousThreadFactory done
Event: 43.671 Thread 0x000001d7ccc364a0 Thread added: 0x000001d7ccc364a0
Event: 45.426 Thread 0x000001d7b5726af0 Thread exited: 0x000001d7b5726af0
Event: 45.426 Thread 0x000001d7b57265a0 Thread exited: 0x000001d7b57265a0
Event: 45.426 Thread 0x000001d7b5727590 Thread exited: 0x000001d7b5727590
Event: 45.426 Thread 0x000001d7b57245c0 Thread exited: 0x000001d7b57245c0
Event: 45.442 Thread 0x000001d7ccc30e90 Thread added: 0x000001d7ccc30e90
Event: 45.476 Thread 0x000001d7ccc2ff60 Thread added: 0x000001d7ccc2ff60
Event: 45.500 Thread 0x000001d7b5723b20 Thread added: 0x000001d7b5723b20
Event: 45.504 Thread 0x000001d7b5728030 Thread added: 0x000001d7b5728030
Event: 45.539 Thread 0x000001d7b57245c0 Thread added: 0x000001d7b57245c0
Event: 45.549 Thread 0x000001d7b5727590 Thread added: 0x000001d7b5727590
Event: 47.774 Thread 0x000001d7b5727590 Thread exited: 0x000001d7b5727590
Event: 47.775 Thread 0x000001d7b57245c0 Thread exited: 0x000001d7b57245c0
Event: 47.775 Thread 0x000001d7b5728030 Thread exited: 0x000001d7b5728030
Event: 47.775 Thread 0x000001d7ccc373d0 Thread added: 0x000001d7ccc373d0
Event: 47.837 Thread 0x000001d7b57265a0 Thread added: 0x000001d7b57265a0


Dynamic libraries:
0x00007ff7ed6f0000 - 0x00007ff7ed6fe000 	c:\Users\cheng\.cursor\extensions\redhat.java-1.31.0-win32-x64\jre\17.0.11-win32-x86_64\bin\java.exe
0x00007fff24370000 - 0x00007fff24587000 	C:\WINDOWS\SYSTEM32\ntdll.dll
0x00007fff23140000 - 0x00007fff23204000 	C:\WINDOWS\System32\KERNEL32.DLL
0x00007fff21950000 - 0x00007fff21cf7000 	C:\WINDOWS\System32\KERNELBASE.dll
0x00007fff1e430000 - 0x00007fff1e4c7000 	C:\WINDOWS\SYSTEM32\apphelp.dll
0x00007fff21e20000 - 0x00007fff21f31000 	C:\WINDOWS\System32\ucrtbase.dll
0x00007ffef5150000 - 0x00007ffef5167000 	c:\Users\cheng\.cursor\extensions\redhat.java-1.31.0-win32-x64\jre\17.0.11-win32-x86_64\bin\jli.dll
0x00007fff23590000 - 0x00007fff2373e000 	C:\WINDOWS\System32\USER32.dll
0x00007fff22000000 - 0x00007fff22026000 	C:\WINDOWS\System32\win32u.dll
0x00007fff22150000 - 0x00007fff22179000 	C:\WINDOWS\System32\GDI32.dll
0x00007fff21d00000 - 0x00007fff21e19000 	C:\WINDOWS\System32\gdi32full.dll
0x00007ffef4a60000 - 0x00007ffef4a7b000 	c:\Users\cheng\.cursor\extensions\redhat.java-1.31.0-win32-x64\jre\17.0.11-win32-x86_64\bin\VCRUNTIME140.dll
0x00007fff216c0000 - 0x00007fff2175a000 	C:\WINDOWS\System32\msvcp_win.dll
0x00007fff0f6b0000 - 0x00007fff0f943000 	C:\WINDOWS\WinSxS\amd64_microsoft.windows.common-controls_6595b64144ccf1df_6.0.22621.3527_none_270e469b73872a76\COMCTL32.dll
0x00007fff24000000 - 0x00007fff240a7000 	C:\WINDOWS\System32\msvcrt.dll
0x00007fff22ce0000 - 0x00007fff22d11000 	C:\WINDOWS\System32\IMM32.DLL
0x00007fff09d10000 - 0x00007fff09d1c000 	c:\Users\cheng\.cursor\extensions\redhat.java-1.31.0-win32-x64\jre\17.0.11-win32-x86_64\bin\vcruntime140_1.dll
0x00007ffed9ec0000 - 0x00007ffed9f4d000 	c:\Users\cheng\.cursor\extensions\redhat.java-1.31.0-win32-x64\jre\17.0.11-win32-x86_64\bin\msvcp140.dll
0x00007ffece250000 - 0x00007ffeceeb2000 	c:\Users\cheng\.cursor\extensions\redhat.java-1.31.0-win32-x64\jre\17.0.11-win32-x86_64\bin\server\jvm.dll
0x00007fff22bb0000 - 0x00007fff22c62000 	C:\WINDOWS\System32\ADVAPI32.dll
0x00007fff220a0000 - 0x00007fff22148000 	C:\WINDOWS\System32\sechost.dll
0x00007fff21690000 - 0x00007fff216b8000 	C:\WINDOWS\System32\bcrypt.dll
0x00007fff23220000 - 0x00007fff23335000 	C:\WINDOWS\System32\RPCRT4.dll
0x00007fff1f040000 - 0x00007fff1f074000 	C:\WINDOWS\SYSTEM32\WINMM.dll
0x00007fff07bb0000 - 0x00007fff07bb9000 	C:\WINDOWS\SYSTEM32\WSOCK32.dll
0x00007fff20fa0000 - 0x00007fff20fed000 	C:\WINDOWS\SYSTEM32\POWRPROF.dll
0x00007fff185d0000 - 0x00007fff185da000 	C:\WINDOWS\SYSTEM32\VERSION.dll
0x00007fff230c0000 - 0x00007fff23131000 	C:\WINDOWS\System32\WS2_32.dll
0x00007fff20ed0000 - 0x00007fff20ee3000 	C:\WINDOWS\SYSTEM32\UMPDC.dll
0x00007fff20610000 - 0x00007fff20628000 	C:\WINDOWS\SYSTEM32\kernel.appcore.dll
0x00007fff09620000 - 0x00007fff0962a000 	c:\Users\cheng\.cursor\extensions\redhat.java-1.31.0-win32-x64\jre\17.0.11-win32-x86_64\bin\jimage.dll
0x00007fff1ee00000 - 0x00007fff1f032000 	C:\WINDOWS\SYSTEM32\DBGHELP.DLL
0x00007fff22810000 - 0x00007fff22b98000 	C:\WINDOWS\System32\combase.dll
0x00007fff22fe0000 - 0x00007fff230b7000 	C:\WINDOWS\System32\OLEAUT32.dll
0x00007fff1eda0000 - 0x00007fff1edd2000 	C:\WINDOWS\SYSTEM32\dbgcore.DLL
0x00007fff218d0000 - 0x00007fff21949000 	C:\WINDOWS\System32\bcryptPrimitives.dll
0x00007fff092e0000 - 0x00007fff092ee000 	c:\Users\cheng\.cursor\extensions\redhat.java-1.31.0-win32-x64\jre\17.0.11-win32-x86_64\bin\instrument.dll
0x00007ffee5b30000 - 0x00007ffee5b55000 	c:\Users\cheng\.cursor\extensions\redhat.java-1.31.0-win32-x64\jre\17.0.11-win32-x86_64\bin\java.dll
0x00007ffef1870000 - 0x00007ffef1888000 	c:\Users\cheng\.cursor\extensions\redhat.java-1.31.0-win32-x64\jre\17.0.11-win32-x86_64\bin\zip.dll
0x00007fff23740000 - 0x00007fff23f9c000 	C:\WINDOWS\System32\SHELL32.dll
0x00007fff1f580000 - 0x00007fff1fe76000 	C:\WINDOWS\SYSTEM32\windows.storage.dll
0x00007fff1f440000 - 0x00007fff1f57e000 	C:\WINDOWS\SYSTEM32\wintypes.dll
0x00007fff240b0000 - 0x00007fff241a5000 	C:\WINDOWS\System32\SHCORE.dll
0x00007fff23fa0000 - 0x00007fff23ffe000 	C:\WINDOWS\System32\shlwapi.dll
0x00007fff215c0000 - 0x00007fff215e1000 	C:\WINDOWS\SYSTEM32\profapi.dll
0x00007fff106e0000 - 0x00007fff106f9000 	C:\Users\cheng\.cursor\extensions\redhat.java-1.31.0-win32-x64\jre\17.0.11-win32-x86_64\bin\net.dll
0x00007fff1aa90000 - 0x00007fff1abc6000 	C:\WINDOWS\SYSTEM32\WINHTTP.dll
0x00007fff20ae0000 - 0x00007fff20b49000 	C:\WINDOWS\system32\mswsock.dll
0x00007fff106c0000 - 0x00007fff106d6000 	C:\Users\cheng\.cursor\extensions\redhat.java-1.31.0-win32-x64\jre\17.0.11-win32-x86_64\bin\nio.dll
0x00007fff106b0000 - 0x00007fff106c0000 	c:\Users\cheng\.cursor\extensions\redhat.java-1.31.0-win32-x64\jre\17.0.11-win32-x86_64\bin\verify.dll
0x00007fff10610000 - 0x00007fff10654000 	C:\Users\cheng\AppData\Roaming\Cursor\User\globalStorage\redhat.java\1.31.0\config_win\org.eclipse.equinox.launcher\org.eclipse.equinox.launcher.win32.win32.x86_64_1.2.1000.v20240507-1834\eclipse_11902.dll
0x00007fff23360000 - 0x00007fff23505000 	C:\WINDOWS\System32\ole32.dll
0x00007fff20d80000 - 0x00007fff20d9b000 	C:\WINDOWS\SYSTEM32\CRYPTSP.dll
0x00007fff205d0000 - 0x00007fff20605000 	C:\WINDOWS\system32\rsaenh.dll
0x00007fff20ba0000 - 0x00007fff20bc8000 	C:\WINDOWS\SYSTEM32\USERENV.dll
0x00007fff20da0000 - 0x00007fff20dac000 	C:\WINDOWS\SYSTEM32\CRYPTBASE.dll
0x00007fff200e0000 - 0x00007fff2010d000 	C:\WINDOWS\SYSTEM32\IPHLPAPI.DLL
0x00007fff23210000 - 0x00007fff23219000 	C:\WINDOWS\System32\NSI.dll
0x00007fff1a710000 - 0x00007fff1a729000 	C:\WINDOWS\SYSTEM32\dhcpcsvc6.DLL
0x00007fff1a6f0000 - 0x00007fff1a70f000 	C:\WINDOWS\SYSTEM32\dhcpcsvc.DLL
0x00007fff20150000 - 0x00007fff20248000 	C:\WINDOWS\SYSTEM32\DNSAPI.dll
0x00007ffef4fa0000 - 0x00007ffef4fe5000 	C:\Users\cheng\AppData\Local\Temp\jna-94627417\jna10798290460786545292.dll
0x00007fff22ba0000 - 0x00007fff22ba8000 	C:\WINDOWS\System32\PSAPI.DLL
0x00007fff105d0000 - 0x00007fff105de000 	C:\Users\cheng\.cursor\extensions\redhat.java-1.31.0-win32-x64\jre\17.0.11-win32-x86_64\bin\sunmscapi.dll
0x00007fff21760000 - 0x00007fff218c8000 	C:\WINDOWS\System32\CRYPT32.dll
0x00007fff21030000 - 0x00007fff2105e000 	C:\WINDOWS\SYSTEM32\ncrypt.dll
0x00007fff20ff0000 - 0x00007fff21027000 	C:\WINDOWS\SYSTEM32\NTASN1.dll
0x00007fff0d0f0000 - 0x00007fff0d0fa000 	C:\Windows\System32\rasadhlp.dll
0x00007fff19670000 - 0x00007fff196f3000 	C:\WINDOWS\System32\fwpuclnt.dll
0x00007fff092b0000 - 0x00007fff092b9000 	C:\Users\cheng\.cursor\extensions\redhat.java-1.31.0-win32-x64\jre\17.0.11-win32-x86_64\bin\extnet.dll

dbghelp: loaded successfully - version: 4.0.5 - missing functions: none
symbol engine: initialized successfully - sym options: 0x614 - pdb path: .;c:\Users\cheng\.cursor\extensions\redhat.java-1.31.0-win32-x64\jre\17.0.11-win32-x86_64\bin;C:\WINDOWS\SYSTEM32;C:\WINDOWS\WinSxS\amd64_microsoft.windows.common-controls_6595b64144ccf1df_6.0.22621.3527_none_270e469b73872a76;c:\Users\cheng\.cursor\extensions\redhat.java-1.31.0-win32-x64\jre\17.0.11-win32-x86_64\bin\server;C:\Users\cheng\AppData\Roaming\Cursor\User\globalStorage\redhat.java\1.31.0\config_win\org.eclipse.equinox.launcher\org.eclipse.equinox.launcher.win32.win32.x86_64_1.2.1000.v20240507-1834;C:\Users\cheng\AppData\Local\Temp\jna-94627417

VM Arguments:
jvm_args: --add-modules=ALL-SYSTEM --add-opens=java.base/java.util=ALL-UNNAMED --add-opens=java.base/java.lang=ALL-UNNAMED --add-opens=java.base/sun.nio.fs=ALL-UNNAMED -Declipse.application=org.eclipse.jdt.ls.core.id1 -Dosgi.bundles.defaultStartLevel=4 -Declipse.product=org.eclipse.jdt.ls.core.product -Djava.import.generatesMetadataFilesAtProjectRoot=false -DDetectVMInstallationsJob.disabled=true -Dfile.encoding=utf8 -XX:+UseParallelGC -XX:GCTimeRatio=4 -XX:AdaptiveSizePolicyWeight=90 -Dsun.zip.disableMemoryMapping=true -Xmx1G -Xms100m -Xlog:disable -javaagent:c:\Users\cheng\.cursor\extensions\redhat.java-1.31.0-win32-x64\lombok\lombok-1.18.32.jar -XX:+HeapDumpOnOutOfMemoryError -XX:HeapDumpPath=c:\Users\cheng\AppData\Roaming\Cursor\User\workspaceStorage\0a2e1038fc00e70623d54bd91d206bcc\redhat.java -Daether.dependencyCollector.impl=bf 
java_command: c:\Users\cheng\.cursor\extensions\redhat.java-1.31.0-win32-x64\server\plugins\org.eclipse.equinox.launcher_1.6.800.v20240513-1750.jar -configuration c:\Users\cheng\AppData\Roaming\Cursor\User\globalStorage\redhat.java\1.31.0\config_win -data c:\Users\cheng\AppData\Roaming\Cursor\User\workspaceStorage\0a2e1038fc00e70623d54bd91d206bcc\redhat.java\jdt_ws --pipe=\\.\pipe\lsp-cb3f55214c6995e8b63c51b6dc989d39-sock
java_class_path (initial): c:\Users\cheng\.cursor\extensions\redhat.java-1.31.0-win32-x64\server\plugins\org.eclipse.equinox.launcher_1.6.800.v20240513-1750.jar
Launcher Type: SUN_STANDARD

[Global flags]
    uintx AdaptiveSizePolicyWeight                 = 90                                        {product} {command line}
     intx CICompilerCount                          = 12                                        {product} {ergonomic}
    uintx GCTimeRatio                              = 4                                         {product} {command line}
     bool HeapDumpOnOutOfMemoryError               = true                                   {manageable} {command line}
    ccstr HeapDumpPath                             = c:\Users\cheng\AppData\Roaming\Cursor\User\workspaceStorage\0a2e1038fc00e70623d54bd91d206bcc\redhat.java         {manageable} {command line}
   size_t InitialHeapSize                          = 104857600                                 {product} {command line}
   size_t MaxHeapSize                              = 1073741824                                {product} {command line}
   size_t MaxNewSize                               = 357564416                                 {product} {ergonomic}
   size_t MinHeapDeltaBytes                        = 524288                                    {product} {ergonomic}
   size_t MinHeapSize                              = 104857600                                 {product} {command line}
   size_t NewSize                                  = 34603008                                  {product} {ergonomic}
    uintx NonNMethodCodeHeapSize                   = 7602480                                {pd product} {ergonomic}
    uintx NonProfiledCodeHeapSize                  = 122027880                              {pd product} {ergonomic}
   size_t OldSize                                  = 70254592                                  {product} {ergonomic}
    uintx ProfiledCodeHeapSize                     = 122027880                              {pd product} {ergonomic}
    uintx ReservedCodeCacheSize                    = 251658240                              {pd product} {ergonomic}
     bool SegmentedCodeCache                       = true                                      {product} {ergonomic}
   size_t SoftMaxHeapSize                          = 1073741824                             {manageable} {ergonomic}
     bool UseCompressedClassPointers               = true                           {product lp64_product} {ergonomic}
     bool UseCompressedOops                        = true                           {product lp64_product} {ergonomic}
     bool UseLargePagesIndividualAllocation        = false                                  {pd product} {ergonomic}
     bool UseParallelGC                            = true                                      {product} {command line}

Logging:
Log output configuration:
 #0: stdout all=off uptime,level,tags
 #1: stderr all=off uptime,level,tags

Environment Variables:
PATH=c:\Users\cheng\AppData\Local\Programs\cursor\resources\app\bin;C:\Program Files\Common Files\Oracle\Java\javapath;C:\Python312\Scripts\;C:\Python312\;C:\Windows\system32;C:\Windows;C:\Windows\System32\Wbem;C:\Windows\System32\WindowsPowerShell\v1.0\;C:\Windows\System32\OpenSSH\;C:\Program Files (x86)\NVIDIA Corporation\PhysX\Common;C:\WINDOWS\system32;C:\WINDOWS;C:\WINDOWS\System32\Wbem;C:\WINDOWS\System32\WindowsPowerShell\v1.0\;C:\WINDOWS\System32\OpenSSH\;C:\Program Files\Git\cmd;C:\Program Files\dotnet\;C:\ProgramData\chocolatey\bin;C:\Program Files\apache-maven-3.9.6\bin;C:\Program Files\nodejs;;C:\Program Files\Docker\Docker\resources\bin;C:\Users\cheng\AppData\Local\Microsoft\WindowsApps;C:\Users\cheng\AppData\Roaming\npm;C:\Users\cheng\AppData\Local\GitHubDesktop\bin;C:\Users\cheng\.dotnet\tools;c:\Users\cheng\AppData\Local\Programs\cursor\resources\app\bin;C:\Users\cheng\AppData\Local\Programs\Microsoft VS Code\bin;C:\Users\cheng\AppData\Local\Microsoft\WinGet\Links
USERNAME=cheng
OS=Windows_NT
PROCESSOR_IDENTIFIER=AMD64 Family 23 Model 96 Stepping 1, AuthenticAMD
TMP=C:\Users\cheng\AppData\Local\Temp
TEMP=C:\Users\cheng\AppData\Local\Temp



Periodic native trim disabled


---------------  S Y S T E M  ---------------

OS:
 Windows 11 , 64 bit Build 22621 (10.0.22621.3527)
OS uptime: 5 days 6:57 hours
Hyper-V role detected

CPU: total 16 (initial active 16) (16 cores per cpu, 2 threads per core) family 23 model 96 stepping 1 microcode 0x0, cx8, cmov, fxsr, ht, mmx, 3dnowpref, sse, sse2, sse3, ssse3, sse4a, sse4.1, sse4.2, popcnt, lzcnt, tsc, tscinvbit, avx, avx2, aes, clmul, bmi1, bmi2, adx, sha, fma, vzeroupper, clflush, clflushopt, hv
Processor Information for all 16 processors :
  Max Mhz: 3000, Current Mhz: 3000, Mhz Limit: 3000

Memory: 4k page, system-wide physical 15789M (5520M free)
TotalPageFile size 64941M (AvailPageFile size 5M)
current process WorkingSet (physical memory assigned to process): 770M, peak: 881M
current process commit charge ("private bytes"): 673M, peak: 836M

vm_info: OpenJDK 64-Bit Server VM (17.0.11+9) for windows-amd64 JRE (17.0.11+9), built on Apr 17 2024 06:07:48 by "admin" with MS VC++ 16.10 / 16.11 (VS2019)

END.
