#
# There is insufficient memory for the Java Runtime Environment to continue.
# Native memory allocation (mmap) failed to map 78643200 bytes. Error detail: G1 virtual space
# Possible reasons:
#   The system is out of physical RAM or swap space
#   This process is running with CompressedOops enabled, and the Java Heap may be blocking the growth of the native heap
# Possible solutions:
#   Reduce memory load on the system
#   Increase physical memory or swap space
#   Check if swap backing store is full
#   Decrease Java heap size (-Xmx/-Xms)
#   Decrease number of Java threads
#   Decrease Java thread stack sizes (-Xss)
#   Set larger code cache with -XX:ReservedCodeCacheSize=
#   JVM is running with Unscaled Compressed Oops mode in which the Java heap is
#     placed in the first 4GB address space. The Java Heap base address is the
#     maximum limit for the native heap growth. Please use -XX:HeapBaseMinAddress
#     to set the Java Heap base and to place the Java Heap above 4GB virtual address.
# This output file may be truncated or incomplete.
#
#  Out of Memory Error (os_windows.cpp:3613), pid=19992, tid=45724
#
# JRE version: OpenJDK Runtime Environment Temurin-17.0.11+9 (17.0.11+9) (build 17.0.11+9)
# Java VM: OpenJDK 64-Bit Server VM Temurin-17.0.11+9 (17.0.11+9, mixed mode, emulated-client, tiered, compressed oops, compressed class ptrs, g1 gc, windows-amd64)
# No core dump will be written. Minidumps are not enabled by default on client versions of Windows
#

---------------  S U M M A R Y ------------

Command Line: -Xmx1024m -Dsts.lsp.client=vscode -Dsts.log.file=/dev/null -XX:TieredStopAtLevel=1 -Xlog:jni+resolve=off -Dspring.config.location=file:c:\Users\cheng\.cursor\extensions\vmware.vscode-spring-boot-1.54.0\language-server\BOOT-INF\classes\application.properties org.springframework.ide.vscode.boot.app.BootLanguageServerBootApp

Host: AMD Ryzen 9 4900HS with Radeon Graphics         , 16 cores, 15G,  Windows 11 , 64 bit Build 22621 (10.0.22621.3527)
Time: Wed Jun  5 14:55:12 2024 Pacific Daylight Time elapsed time: 16.624816 seconds (0d 0h 0m 16s)

---------------  T H R E A D  ---------------

Current thread (0x0000021284a7ebb0):  VMThread "VM Thread" [stack: 0x000000b328500000,0x000000b328600000] [id=45724]

Stack: [0x000000b328500000,0x000000b328600000]
Native frames: (J=compiled Java code, j=interpreted, Vv=VM code, C=native code)
V  [jvm.dll+0x67d429]
V  [jvm.dll+0x834b7a]
V  [jvm.dll+0x83663e]
V  [jvm.dll+0x836ca3]
V  [jvm.dll+0x247dbf]
V  [jvm.dll+0x67a269]
V  [jvm.dll+0x66ecda]
V  [jvm.dll+0x30797b]
V  [jvm.dll+0x30ee26]
V  [jvm.dll+0x35e80e]
V  [jvm.dll+0x35ea3f]
V  [jvm.dll+0x2de6b8]
V  [jvm.dll+0x2dcac4]
V  [jvm.dll+0x2dc0cc]
V  [jvm.dll+0x31facb]
V  [jvm.dll+0x83b19b]
V  [jvm.dll+0x83bed2]
V  [jvm.dll+0x83c3ed]
V  [jvm.dll+0x83c7c4]
V  [jvm.dll+0x83c890]
V  [jvm.dll+0x7e410a]
V  [jvm.dll+0x67c315]
C  [ucrtbase.dll+0x29333]
C  [KERNEL32.DLL+0x1257d]
C  [ntdll.dll+0x5aa48]

VM_Operation (0x000000b32b9fdfe0): G1CollectForAllocation, mode: safepoint, requested by thread 0x000002128a80d6d0


---------------  P R O C E S S  ---------------

Threads class SMR info:
_java_thread_list=0x000002128b46b430, length=43, elements={
0x0000021284aca390, 0x0000021284acb120, 0x0000021284b05530, 0x0000021284b07010,
0x0000021284b099f0, 0x0000021284b0a8d0, 0x0000021284b0b250, 0x0000021284b0df80,
0x0000021284d1a760, 0x0000021284d2b430, 0x0000021284d33240, 0x00000212897b18b0,
0x0000021289cb34e0, 0x0000021289f61040, 0x0000021289f6eba0, 0x000002128a678770,
0x000002128a69bb60, 0x000002128a6a4ca0, 0x00000212f9054360, 0x000002128a6cab10,
0x000002128a7011b0, 0x000002128a70a280, 0x000002128a70a760, 0x000002128a711190,
0x000002128a711bb0, 0x000002128a7116a0, 0x000002128a70e400, 0x000002128a70e910,
0x000002128a70fd50, 0x000002128a70ee20, 0x000002128a70f330, 0x000002128a710260,
0x000002128a70f840, 0x000002128a710770, 0x000002128a710c80, 0x000002128a809a10,
0x000002128a80f530, 0x000002128a80d6d0, 0x000002128a80b360, 0x000002128a80d1c0,
0x000002128a808ae0, 0x000002128a80ff50, 0x000002128a810460
}

Java Threads: ( => current thread )
  0x0000021284aca390 JavaThread "Reference Handler" daemon [_thread_blocked, id=41156, stack(0x000000b328600000,0x000000b328700000)]
  0x0000021284acb120 JavaThread "Finalizer" daemon [_thread_blocked, id=18964, stack(0x000000b328700000,0x000000b328800000)]
  0x0000021284b05530 JavaThread "Signal Dispatcher" daemon [_thread_blocked, id=12180, stack(0x000000b328800000,0x000000b328900000)]
  0x0000021284b07010 JavaThread "Attach Listener" daemon [_thread_blocked, id=16060, stack(0x000000b328900000,0x000000b328a00000)]
  0x0000021284b099f0 JavaThread "Service Thread" daemon [_thread_blocked, id=17836, stack(0x000000b328a00000,0x000000b328b00000)]
  0x0000021284b0a8d0 JavaThread "Monitor Deflation Thread" daemon [_thread_blocked, id=44948, stack(0x000000b328b00000,0x000000b328c00000)]
  0x0000021284b0b250 JavaThread "C1 CompilerThread0" daemon [_thread_blocked, id=7044, stack(0x000000b328c00000,0x000000b328d00000)]
  0x0000021284b0df80 JavaThread "Sweeper thread" daemon [_thread_blocked, id=41936, stack(0x000000b328d00000,0x000000b328e00000)]
  0x0000021284d1a760 JavaThread "C1 CompilerThread1" daemon [_thread_blocked, id=19712, stack(0x000000b328e00000,0x000000b328f00000)]
  0x0000021284d2b430 JavaThread "Notification Thread" daemon [_thread_blocked, id=33112, stack(0x000000b329000000,0x000000b329100000)]
  0x0000021284d33240 JavaThread "Common-Cleaner" daemon [_thread_blocked, id=17000, stack(0x000000b329200000,0x000000b329300000)]
  0x00000212897b18b0 JavaThread "C1 CompilerThread2" daemon [_thread_blocked, id=35500, stack(0x000000b328f00000,0x000000b329000000)]
  0x0000021289cb34e0 JavaThread "C1 CompilerThread3" daemon [_thread_blocked, id=33284, stack(0x000000b329800000,0x000000b329900000)]
  0x0000021289f61040 JavaThread "C1 CompilerThread4" daemon [_thread_blocked, id=10756, stack(0x000000b329a00000,0x000000b329b00000)]
  0x0000021289f6eba0 JavaThread "C1 CompilerThread5" daemon [_thread_blocked, id=28396, stack(0x000000b329b00000,0x000000b329c00000)]
  0x000002128a678770 JavaThread "boundedElastic-evictor-1" daemon [_thread_blocked, id=42580, stack(0x000000b32a400000,0x000000b32a500000)]
  0x000002128a69bb60 JavaThread "pool-13-thread-1" [_thread_blocked, id=27028, stack(0x000000b32a500000,0x000000b32a600000)]
  0x000002128a6a4ca0 JavaThread "LanguageServerApp-lifecycle" [_thread_blocked, id=19052, stack(0x000000b32a600000,0x000000b32a700000)]
  0x00000212f9054360 JavaThread "DestroyJavaVM" [_thread_blocked, id=20920, stack(0x000000b327f00000,0x000000b328000000)]
  0x000002128a6cab10 JavaThread "pool-14-thread-1" [_thread_in_native, id=14536, stack(0x000000b32a700000,0x000000b32a800000)]
  0x000002128a7011b0 JavaThread "Simple-Language-Server main thread" daemon [_thread_blocked, id=18520, stack(0x000000b32a800000,0x000000b32a900000)]
  0x000002128a70a280 JavaThread "pool-3-thread-1" [_thread_blocked, id=17584, stack(0x000000b32a900000,0x000000b32aa00000)]
  0x000002128a70a760 JavaThread "pool-3-thread-2" [_thread_blocked, id=45796, stack(0x000000b32aa00000,0x000000b32ab00000)]
  0x000002128a711190 JavaThread "pool-3-thread-3" [_thread_blocked, id=38064, stack(0x000000b32ab00000,0x000000b32ac00000)]
  0x000002128a711bb0 JavaThread "pool-8-thread-1" [_thread_blocked, id=15044, stack(0x000000b32ac00000,0x000000b32ad00000)]
  0x000002128a7116a0 JavaThread "parallel-1" daemon [_thread_blocked, id=22192, stack(0x000000b32ad00000,0x000000b32ae00000)]
  0x000002128a70e400 JavaThread "pool-6-thread-1" [_thread_blocked, id=15960, stack(0x000000b32ae00000,0x000000b32af00000)]
  0x000002128a70e910 JavaThread "parallel-2" daemon [_thread_blocked, id=34156, stack(0x000000b32af00000,0x000000b32b000000)]
  0x000002128a70fd50 JavaThread "parallel-3" daemon [_thread_blocked, id=9372, stack(0x000000b32b000000,0x000000b32b100000)]
  0x000002128a70ee20 JavaThread "pool-5-thread-1" [_thread_blocked, id=41596, stack(0x000000b32b100000,0x000000b32b200000)]
  0x000002128a70f330 JavaThread "ForkJoinPool.commonPool-worker-1" daemon [_thread_blocked, id=2832, stack(0x000000b32b200000,0x000000b32b300000)]
  0x000002128a710260 JavaThread "pool-5-thread-2" [_thread_blocked, id=6048, stack(0x000000b32b300000,0x000000b32b400000)]
  0x000002128a70f840 JavaThread "pool-5-thread-3" [_thread_blocked, id=20164, stack(0x000000b32b400000,0x000000b32b500000)]
  0x000002128a710770 JavaThread "pool-4-thread-1" [_thread_blocked, id=4664, stack(0x000000b32b500000,0x000000b32b600000)]
  0x000002128a710c80 JavaThread "parallel-4" daemon [_thread_blocked, id=12856, stack(0x000000b32b600000,0x000000b32b700000)]
  0x000002128a809a10 JavaThread "parallel-5" daemon [_thread_blocked, id=8068, stack(0x000000b32b700000,0x000000b32b800000)]
  0x000002128a80f530 JavaThread "Reconciler-1" daemon [_thread_blocked, id=40568, stack(0x000000b32b800000,0x000000b32b900000)]
  0x000002128a80d6d0 JavaThread "Project-Reconciler-1" daemon [_thread_blocked, id=42276, stack(0x000000b32b900000,0x000000b32ba00000)]
  0x000002128a80b360 JavaThread "OkHttp api.spring.io" daemon [_thread_in_native, id=30656, stack(0x000000b32bb00000,0x000000b32bc00000)]
  0x000002128a80d1c0 JavaThread "OkHttp TaskRunner" daemon [_thread_blocked, id=42552, stack(0x000000b32bc00000,0x000000b32bd00000)]
  0x000002128a808ae0 JavaThread "OkHttp TaskRunner" daemon [_thread_blocked, id=45484, stack(0x000000b32bd00000,0x000000b32be00000)]
  0x000002128a80ff50 JavaThread "Okio Watchdog" daemon [_thread_blocked, id=41800, stack(0x000000b32be00000,0x000000b32bf00000)]
  0x000002128a810460 JavaThread "OkHttp TaskRunner" daemon [_thread_blocked, id=43848, stack(0x000000b32bf00000,0x000000b32c000000)]

Other Threads:
=>0x0000021284a7ebb0 VMThread "VM Thread" [stack: 0x000000b328500000,0x000000b328600000] [id=45724]
  0x0000021284d2b910 WatcherThread [stack: 0x000000b329100000,0x000000b329200000] [id=42640]
  0x00000212f9093330 GCTaskThread "GC Thread#0" [stack: 0x000000b328000000,0x000000b328100000] [id=25692]
  0x0000021289a70150 GCTaskThread "GC Thread#1" [stack: 0x000000b329300000,0x000000b329400000] [id=33796]
  0x0000021289a6fe90 GCTaskThread "GC Thread#2" [stack: 0x000000b329400000,0x000000b329500000] [id=28428]
  0x0000021289a70410 GCTaskThread "GC Thread#3" [stack: 0x000000b329500000,0x000000b329600000] [id=7680]
  0x0000021289a706d0 GCTaskThread "GC Thread#4" [stack: 0x000000b329600000,0x000000b329700000] [id=37604]
  0x0000021289a6f0d0 GCTaskThread "GC Thread#5" [stack: 0x000000b329700000,0x000000b329800000] [id=8596]
  0x0000021289a6f910 GCTaskThread "GC Thread#6" [stack: 0x000000b329c00000,0x000000b329d00000] [id=41572]
  0x0000021289a6f390 GCTaskThread "GC Thread#7" [stack: 0x000000b329d00000,0x000000b329e00000] [id=21976]
  0x0000021289a6f650 GCTaskThread "GC Thread#8" [stack: 0x000000b329e00000,0x000000b329f00000] [id=24036]
  0x0000021289a6fbd0 GCTaskThread "GC Thread#9" [stack: 0x000000b329f00000,0x000000b32a000000] [id=13564]
  0x000002128a0da1b0 GCTaskThread "GC Thread#10" [stack: 0x000000b32a000000,0x000000b32a100000] [id=12980]
  0x000002128a0d7df0 GCTaskThread "GC Thread#11" [stack: 0x000000b32a100000,0x000000b32a200000] [id=23616]
  0x000002128a0d80b0 GCTaskThread "GC Thread#12" [stack: 0x000000b329900000,0x000000b329a00000] [id=47400]
  0x00000212f909d1a0 ConcurrentGCThread "G1 Main Marker" [stack: 0x000000b328100000,0x000000b328200000] [id=21124]
  0x00000212f90a0690 ConcurrentGCThread "G1 Conc#0" [stack: 0x000000b328200000,0x000000b328300000] [id=4132]
  0x000002128a0d7b30 ConcurrentGCThread "G1 Conc#1" [stack: 0x000000b32a200000,0x000000b32a300000] [id=33720]
  0x000002128a0d7030 ConcurrentGCThread "G1 Conc#2" [stack: 0x000000b32a300000,0x000000b32a400000] [id=42764]
  0x00000212f90eea90 ConcurrentGCThread "G1 Refine#0" [stack: 0x000000b328300000,0x000000b328400000] [id=24220]
  0x0000021284912740 ConcurrentGCThread "G1 Service" [stack: 0x000000b328400000,0x000000b328500000] [id=20084]

Threads with active compile tasks:

VM state: at safepoint (normal execution)

VM Mutex/Monitor currently owned by a thread:  ([mutex/lock_event])
[0x00000212f9042ce0] Threads_lock - owner thread: 0x0000021284a7ebb0
[0x00000212f90525a0] Heap_lock - owner thread: 0x000002128a80d6d0

Heap address: 0x00000000c0000000, size: 1024 MB, Compressed Oops mode: 32-bit

CDS archive(s) not mapped
Compressed class space mapped at: 0x0000000100000000-0x0000000140000000, reserved size: 1073741824
Narrow klass base: 0x0000000000000000, Narrow klass shift: 3, Narrow klass range: 0x140000000

GC Precious Log:
 CPUs: 16 total, 16 available
 Memory: 15789M
 Large Page Support: Disabled
 NUMA Support: Disabled
 Compressed Oops: Enabled (32-bit)
 Heap Region Size: 1M
 Heap Min Capacity: 8M
 Heap Initial Capacity: 248M
 Heap Max Capacity: 1G
 Pre-touch: Disabled
 Parallel Workers: 13
 Concurrent Workers: 3
 Concurrent Refinement Workers: 13
 Periodic GC: Disabled

Heap:
 garbage-first heap   total 78848K, used 46366K [0x00000000c0000000, 0x0000000100000000)
  region size 1024K, 3 young (3072K), 3 survivors (3072K)
 Metaspace       used 58326K, committed 58880K, reserved 1114112K
  class space    used 7234K, committed 7488K, reserved 1048576K

Heap Regions: E=young(eden), S=young(survivor), O=old, HS=humongous(starts), HC=humongous(continues), CS=collection set, F=free, OA=open archive, CA=closed archive, TAMS=top-at-mark-start (previous, next)
|   0|0x00000000c0000000, 0x00000000c0100000, 0x00000000c0100000|100%|HS|  |TAMS 0x00000000c0100000, 0x00000000c0100000| Complete 
|   1|0x00000000c0100000, 0x00000000c0200000, 0x00000000c0200000|100%|HC|  |TAMS 0x00000000c0200000, 0x00000000c0200000| Complete 
|   2|0x00000000c0200000, 0x00000000c0300000, 0x00000000c0300000|100%|HC|  |TAMS 0x00000000c0300000, 0x00000000c0300000| Complete 
|   3|0x00000000c0300000, 0x00000000c0400000, 0x00000000c0400000|100%|HC|  |TAMS 0x00000000c0400000, 0x00000000c0400000| Complete 
|   4|0x00000000c0400000, 0x00000000c0500000, 0x00000000c0500000|100%|HS|  |TAMS 0x00000000c0500000, 0x00000000c0500000| Complete 
|   5|0x00000000c0500000, 0x00000000c0600000, 0x00000000c0600000|100%|HC|  |TAMS 0x00000000c0600000, 0x00000000c0600000| Complete 
|   6|0x00000000c0600000, 0x00000000c0700000, 0x00000000c0700000|100%| O|  |TAMS 0x00000000c0700000, 0x00000000c0700000| Untracked 
|   7|0x00000000c0700000, 0x00000000c0700000, 0x00000000c0800000|  0%| F|  |TAMS 0x00000000c0700000, 0x00000000c0700000| Untracked 
|   8|0x00000000c0800000, 0x00000000c0900000, 0x00000000c0900000|100%| O|  |TAMS 0x00000000c0900000, 0x00000000c0900000| Untracked 
|   9|0x00000000c0900000, 0x00000000c0a00000, 0x00000000c0a00000|100%| O|  |TAMS 0x00000000c0a00000, 0x00000000c0a00000| Untracked 
|  10|0x00000000c0a00000, 0x00000000c0b00000, 0x00000000c0b00000|100%| O|  |TAMS 0x00000000c0b00000, 0x00000000c0b00000| Untracked 
|  11|0x00000000c0b00000, 0x00000000c0c00000, 0x00000000c0c00000|100%| O|  |TAMS 0x00000000c0c00000, 0x00000000c0c00000| Untracked 
|  12|0x00000000c0c00000, 0x00000000c0d00000, 0x00000000c0d00000|100%| O|  |TAMS 0x00000000c0d00000, 0x00000000c0d00000| Untracked 
|  13|0x00000000c0d00000, 0x00000000c0e00000, 0x00000000c0e00000|100%| O|  |TAMS 0x00000000c0e00000, 0x00000000c0e00000| Untracked 
|  14|0x00000000c0e00000, 0x00000000c0f00000, 0x00000000c0f00000|100%| O|  |TAMS 0x00000000c0f00000, 0x00000000c0f00000| Untracked 
|  15|0x00000000c0f00000, 0x00000000c0fcae00, 0x00000000c1000000| 79%| O|  |TAMS 0x00000000c0fcae00, 0x00000000c0fcae00| Untracked 
|  16|0x00000000c1000000, 0x00000000c1100000, 0x00000000c1100000|100%| O|  |TAMS 0x00000000c1100000, 0x00000000c1100000| Untracked 
|  17|0x00000000c1100000, 0x00000000c1200000, 0x00000000c1200000|100%| O|  |TAMS 0x00000000c1200000, 0x00000000c1200000| Untracked 
|  18|0x00000000c1200000, 0x00000000c1300000, 0x00000000c1300000|100%| O|  |TAMS 0x00000000c1300000, 0x00000000c1300000| Untracked 
|  19|0x00000000c1300000, 0x00000000c1400000, 0x00000000c1400000|100%| O|  |TAMS 0x00000000c1400000, 0x00000000c1400000| Untracked 
|  20|0x00000000c1400000, 0x00000000c1500000, 0x00000000c1500000|100%| O|  |TAMS 0x00000000c1500000, 0x00000000c1500000| Untracked 
|  21|0x00000000c1500000, 0x00000000c1600000, 0x00000000c1600000|100%| O|  |TAMS 0x00000000c1600000, 0x00000000c1600000| Untracked 
|  22|0x00000000c1600000, 0x00000000c1700000, 0x00000000c1700000|100%| O|  |TAMS 0x00000000c1700000, 0x00000000c1700000| Untracked 
|  23|0x00000000c1700000, 0x00000000c1800000, 0x00000000c1800000|100%| O|  |TAMS 0x00000000c1800000, 0x00000000c1800000| Untracked 
|  24|0x00000000c1800000, 0x00000000c1900000, 0x00000000c1900000|100%| O|  |TAMS 0x00000000c1900000, 0x00000000c1900000| Untracked 
|  25|0x00000000c1900000, 0x00000000c1a00000, 0x00000000c1a00000|100%| O|  |TAMS 0x00000000c1a00000, 0x00000000c1a00000| Untracked 
|  26|0x00000000c1a00000, 0x00000000c1b00000, 0x00000000c1b00000|100%| O|  |TAMS 0x00000000c1b00000, 0x00000000c1b00000| Untracked 
|  27|0x00000000c1b00000, 0x00000000c1c00000, 0x00000000c1c00000|100%| O|  |TAMS 0x00000000c1c00000, 0x00000000c1c00000| Untracked 
|  28|0x00000000c1c00000, 0x00000000c1d00000, 0x00000000c1d00000|100%| O|  |TAMS 0x00000000c1d00000, 0x00000000c1d00000| Untracked 
|  29|0x00000000c1d00000, 0x00000000c1e00000, 0x00000000c1e00000|100%| O|  |TAMS 0x00000000c1e00000, 0x00000000c1e00000| Untracked 
|  30|0x00000000c1e00000, 0x00000000c1f00000, 0x00000000c1f00000|100%| O|  |TAMS 0x00000000c1f00000, 0x00000000c1f00000| Untracked 
|  31|0x00000000c1f00000, 0x00000000c2000000, 0x00000000c2000000|100%|HS|  |TAMS 0x00000000c2000000, 0x00000000c2000000| Complete 
|  32|0x00000000c2000000, 0x00000000c2100000, 0x00000000c2100000|100%| O|  |TAMS 0x00000000c2100000, 0x00000000c2100000| Untracked 
|  33|0x00000000c2100000, 0x00000000c2200000, 0x00000000c2200000|100%| O|  |TAMS 0x00000000c2200000, 0x00000000c2200000| Untracked 
|  34|0x00000000c2200000, 0x00000000c2300000, 0x00000000c2300000|100%| O|  |TAMS 0x00000000c2300000, 0x00000000c2300000| Untracked 
|  35|0x00000000c2300000, 0x00000000c2400000, 0x00000000c2400000|100%| O|  |TAMS 0x00000000c238e600, 0x00000000c2400000| Untracked 
|  36|0x00000000c2400000, 0x00000000c2500000, 0x00000000c2500000|100%| O|  |TAMS 0x00000000c2400000, 0x00000000c2500000| Untracked 
|  37|0x00000000c2500000, 0x00000000c2600000, 0x00000000c2600000|100%| O|  |TAMS 0x00000000c2500000, 0x00000000c2600000| Untracked 
|  38|0x00000000c2600000, 0x00000000c2700000, 0x00000000c2700000|100%| O|  |TAMS 0x00000000c2600000, 0x00000000c2700000| Untracked 
|  39|0x00000000c2700000, 0x00000000c2800000, 0x00000000c2800000|100%| O|  |TAMS 0x00000000c2700000, 0x00000000c2800000| Untracked 
|  40|0x00000000c2800000, 0x00000000c2900000, 0x00000000c2900000|100%| O|  |TAMS 0x00000000c2800000, 0x00000000c2900000| Untracked 
|  41|0x00000000c2900000, 0x00000000c2a00000, 0x00000000c2a00000|100%| O|  |TAMS 0x00000000c2900000, 0x00000000c2a00000| Untracked 
|  42|0x00000000c2a00000, 0x00000000c2b00000, 0x00000000c2b00000|100%| O|  |TAMS 0x00000000c2a00000, 0x00000000c2b00000| Untracked 
|  43|0x00000000c2b00000, 0x00000000c2c00000, 0x00000000c2c00000|100%| O|  |TAMS 0x00000000c2b00000, 0x00000000c2c00000| Untracked 
|  44|0x00000000c2c00000, 0x00000000c2c33200, 0x00000000c2d00000| 19%| O|  |TAMS 0x00000000c2c00000, 0x00000000c2c33200| Untracked 
|  45|0x00000000c2d00000, 0x00000000c2d00000, 0x00000000c2e00000|  0%| F|  |TAMS 0x00000000c2d00000, 0x00000000c2d00000| Untracked 
|  46|0x00000000c2e00000, 0x00000000c2e00000, 0x00000000c2f00000|  0%| F|  |TAMS 0x00000000c2e00000, 0x00000000c2e00000| Untracked 
|  47|0x00000000c2f00000, 0x00000000c2f00000, 0x00000000c3000000|  0%| F|  |TAMS 0x00000000c2f00000, 0x00000000c2f00000| Untracked 
|  48|0x00000000c3000000, 0x00000000c3000000, 0x00000000c3100000|  0%| F|  |TAMS 0x00000000c3000000, 0x00000000c3000000| Untracked 
|  49|0x00000000c3100000, 0x00000000c3100000, 0x00000000c3200000|  0%| F|  |TAMS 0x00000000c3100000, 0x00000000c3100000| Untracked 
|  50|0x00000000c3200000, 0x00000000c3200000, 0x00000000c3300000|  0%| F|  |TAMS 0x00000000c3200000, 0x00000000c3200000| Untracked 
|  51|0x00000000c3300000, 0x00000000c3300000, 0x00000000c3400000|  0%| F|  |TAMS 0x00000000c3300000, 0x00000000c3300000| Untracked 
|  52|0x00000000c3400000, 0x00000000c3400000, 0x00000000c3500000|  0%| F|  |TAMS 0x00000000c3400000, 0x00000000c3400000| Untracked 
|  53|0x00000000c3500000, 0x00000000c3500000, 0x00000000c3600000|  0%| F|  |TAMS 0x00000000c3500000, 0x00000000c3500000| Untracked 
|  54|0x00000000c3600000, 0x00000000c3600000, 0x00000000c3700000|  0%| F|  |TAMS 0x00000000c3600000, 0x00000000c3600000| Untracked 
|  55|0x00000000c3700000, 0x00000000c3749850, 0x00000000c3800000| 28%| S|CS|TAMS 0x00000000c3700000, 0x00000000c3700000| Complete 
|  56|0x00000000c3800000, 0x00000000c3900000, 0x00000000c3900000|100%| S|CS|TAMS 0x00000000c3800000, 0x00000000c3800000| Complete 
|  57|0x00000000c3900000, 0x00000000c3a00000, 0x00000000c3a00000|100%| S|CS|TAMS 0x00000000c3900000, 0x00000000c3900000| Complete 
|  58|0x00000000c3a00000, 0x00000000c3a00000, 0x00000000c3b00000|  0%| F|  |TAMS 0x00000000c3a00000, 0x00000000c3a00000| Untracked 
|  59|0x00000000c3b00000, 0x00000000c3b00000, 0x00000000c3c00000|  0%| F|  |TAMS 0x00000000c3b00000, 0x00000000c3b00000| Untracked 
|  60|0x00000000c3c00000, 0x00000000c3c00000, 0x00000000c3d00000|  0%| F|  |TAMS 0x00000000c3c00000, 0x00000000c3c00000| Untracked 
|  61|0x00000000c3d00000, 0x00000000c3d00000, 0x00000000c3e00000|  0%| F|  |TAMS 0x00000000c3d00000, 0x00000000c3d00000| Untracked 
|  62|0x00000000c3e00000, 0x00000000c3e00000, 0x00000000c3f00000|  0%| F|  |TAMS 0x00000000c3e00000, 0x00000000c3e00000| Untracked 
|  63|0x00000000c3f00000, 0x00000000c3f00000, 0x00000000c4000000|  0%| F|  |TAMS 0x00000000c3f00000, 0x00000000c3f00000| Untracked 
|  64|0x00000000c4000000, 0x00000000c4000000, 0x00000000c4100000|  0%| F|  |TAMS 0x00000000c4000000, 0x00000000c4000000| Untracked 
|  65|0x00000000c4100000, 0x00000000c4100000, 0x00000000c4200000|  0%| F|  |TAMS 0x00000000c4100000, 0x00000000c4100000| Untracked 
|  66|0x00000000c4200000, 0x00000000c4200000, 0x00000000c4300000|  0%| F|  |TAMS 0x00000000c4200000, 0x00000000c4200000| Untracked 
|  67|0x00000000c4300000, 0x00000000c4300000, 0x00000000c4400000|  0%| F|  |TAMS 0x00000000c4300000, 0x00000000c4300000| Untracked 
|  68|0x00000000c4400000, 0x00000000c4400000, 0x00000000c4500000|  0%| F|  |TAMS 0x00000000c4400000, 0x00000000c4400000| Untracked 
|  69|0x00000000c4500000, 0x00000000c4500000, 0x00000000c4600000|  0%| F|  |TAMS 0x00000000c4500000, 0x00000000c4500000| Untracked 
| 208|0x00000000cd000000, 0x00000000cd000000, 0x00000000cd100000|  0%| F|  |TAMS 0x00000000cd000000, 0x00000000cd000000| Untracked 
| 209|0x00000000cd100000, 0x00000000cd100000, 0x00000000cd200000|  0%| F|  |TAMS 0x00000000cd100000, 0x00000000cd100000| Untracked 
| 210|0x00000000cd200000, 0x00000000cd200000, 0x00000000cd300000|  0%| F|  |TAMS 0x00000000cd200000, 0x00000000cd200000| Untracked 
| 211|0x00000000cd300000, 0x00000000cd300000, 0x00000000cd400000|  0%| F|  |TAMS 0x00000000cd300000, 0x00000000cd300000| Untracked 
| 212|0x00000000cd400000, 0x00000000cd400000, 0x00000000cd500000|  0%| F|  |TAMS 0x00000000cd400000, 0x00000000cd400000| Untracked 
| 246|0x00000000cf600000, 0x00000000cf600000, 0x00000000cf700000|  0%| F|  |TAMS 0x00000000cf600000, 0x00000000cf600000| Untracked 
| 247|0x00000000cf700000, 0x00000000cf700000, 0x00000000cf800000|  0%| F|  |TAMS 0x00000000cf700000, 0x00000000cf700000| Untracked 

Card table byte_map: [0x00000212ff530000,0x00000212ff730000] _byte_map_base: 0x00000212fef30000

Marking Bits (Prev, Next): (CMBitMap*) 0x00000212f90938a0, (CMBitMap*) 0x00000212f9093860
 Prev Bits: [0x0000021281000000, 0x0000021282000000)
 Next Bits: [0x0000021280000000, 0x0000021281000000)

Polling page: 0x00000212f87f0000

Metaspace:

Usage:
  Non-class:     49.89 MB used.
      Class:      7.06 MB used.
       Both:     56.96 MB used.

Virtual space:
  Non-class space:       64.00 MB reserved,      50.19 MB ( 78%) committed,  1 nodes.
      Class space:        1.00 GB reserved,       7.31 MB ( <1%) committed,  1 nodes.
             Both:        1.06 GB reserved,      57.50 MB (  5%) committed. 

Chunk freelists:
   Non-Class:  13.45 MB
       Class:  8.54 MB
        Both:  21.99 MB

MaxMetaspaceSize: unlimited
CompressedClassSpaceSize: 1.00 GB
Initial GC threshold: 21.00 MB
Current GC threshold: 80.12 MB
CDS: off
MetaspaceReclaimPolicy: balanced
 - commit_granule_bytes: 65536.
 - commit_granule_words: 8192.
 - virtual_space_node_default_size: 8388608.
 - enlarge_chunks_in_place: 1.
 - new_chunks_are_fully_committed: 0.
 - uncommit_free_chunks: 1.
 - use_allocation_guard: 0.
 - handle_deallocations: 1.


Internal statistics:

num_allocs_failed_limit: 6.
num_arena_births: 614.
num_arena_deaths: 0.
num_vsnodes_births: 2.
num_vsnodes_deaths: 0.
num_space_committed: 920.
num_space_uncommitted: 0.
num_chunks_returned_to_freelist: 6.
num_chunks_taken_from_freelist: 2407.
num_chunk_merges: 6.
num_chunk_splits: 1714.
num_chunks_enlarged: 1320.
num_inconsistent_stats: 0.

CodeCache: size=49152Kb used=12020Kb max_used=12020Kb free=37131Kb
 bounds [0x00000212fbcd0000, 0x00000212fc890000, 0x00000212fecd0000]
 total_blobs=5797 nmethods=5124 adapters=595
 compilation: enabled
              stopped_count=0, restarted_count=0
 full_count=0

Compilation events (20 events):
Event: 16.612 Thread 0x0000021289cb34e0 nmethod 5116 0x00000212fc88a110 code [0x00000212fc88a2c0, 0x00000212fc88a528]
Event: 16.613 Thread 0x0000021289f61040 nmethod 5114 0x00000212fc88a710 code [0x00000212fc88a920, 0x00000212fc88ad98]
Event: 16.613 Thread 0x0000021284b0b250 5117       1       org.springframework.ide.vscode.boot.validation.generations.json.SpringProject::setName (6 bytes)
Event: 16.613 Thread 0x0000021289f6eba0 5118       1       org.springframework.ide.vscode.boot.validation.generations.json.SpringProject::setRepositoryUrl (6 bytes)
Event: 16.613 Thread 0x0000021289cb34e0 5119       1       org.springframework.ide.vscode.boot.validation.generations.json.SpringProject::setSlug (6 bytes)
Event: 16.613 Thread 0x00000212897b18b0 5120       1       org.springframework.ide.vscode.boot.validation.generations.json.SpringProject::setStatus (6 bytes)
Event: 16.613 Thread 0x0000021289f61040 5121       1       org.springframework.ide.vscode.boot.validation.generations.json.JsonHalLinks::set_links (6 bytes)
Event: 16.613 Thread 0x0000021284d1a760 5122       1       org.springframework.ide.vscode.boot.validation.generations.json.SpringProject::getSlug (5 bytes)
Event: 16.614 Thread 0x0000021289cb34e0 nmethod 5119 0x00000212fc88b090 code [0x00000212fc88b220, 0x00000212fc88b338]
Event: 16.614 Thread 0x0000021284b0b250 nmethod 5117 0x00000212fc88b390 code [0x00000212fc88b520, 0x00000212fc88b638]
Event: 16.614 Thread 0x0000021289f61040 nmethod 5121 0x00000212fc88b690 code [0x00000212fc88b820, 0x00000212fc88b938]
Event: 16.614 Thread 0x0000021289cb34e0 5123       1       com.google.common.collect.ImmutableEntry::getKey (5 bytes)
Event: 16.614 Thread 0x0000021289f6eba0 nmethod 5118 0x00000212fc88b990 code [0x00000212fc88bb20, 0x00000212fc88bc38]
Event: 16.614 Thread 0x00000212897b18b0 nmethod 5120 0x00000212fc88bc90 code [0x00000212fc88be20, 0x00000212fc88bf38]
Event: 16.614 Thread 0x0000021284d1a760 nmethod 5122 0x00000212fc88bf90 code [0x00000212fc88c120, 0x00000212fc88c1f8]
Event: 16.614 Thread 0x0000021289cb34e0 nmethod 5123 0x00000212fc88c290 code [0x00000212fc88c420, 0x00000212fc88c4f8]
Event: 16.614 Thread 0x0000021284d1a760 5124  s    1       java.io.BufferedOutputStream::flush (12 bytes)
Event: 16.614 Thread 0x0000021284d1a760 nmethod 5124 0x00000212fc88c590 code [0x00000212fc88c740, 0x00000212fc88c918]
Event: 16.621 Thread 0x0000021289f61040 5125       1       java.math.BigDecimal::valueOf (46 bytes)
Event: 16.621 Thread 0x0000021289f61040 nmethod 5125 0x00000212fc88ca10 code [0x00000212fc88cbe0, 0x00000212fc88cf48]

GC Heap History (20 events):
Event: 9.446 GC heap after
{Heap after GC invocations=3 (full 0):
 garbage-first heap   total 253952K, used 20887K [0x00000000c0000000, 0x0000000100000000)
  region size 1024K, 5 young (5120K), 5 survivors (5120K)
 Metaspace       used 21254K, committed 21504K, reserved 1114112K
  class space    used 2608K, committed 2752K, reserved 1048576K
}
Event: 10.679 GC heap before
{Heap before GC invocations=4 (full 0):
 garbage-first heap   total 78848K, used 59799K [0x00000000c0000000, 0x0000000100000000)
  region size 1024K, 44 young (45056K), 5 survivors (5120K)
 Metaspace       used 28017K, committed 28288K, reserved 1114112K
  class space    used 3491K, committed 3584K, reserved 1048576K
}
Event: 10.687 GC heap after
{Heap after GC invocations=5 (full 0):
 garbage-first heap   total 78848K, used 24520K [0x00000000c0000000, 0x0000000100000000)
  region size 1024K, 4 young (4096K), 4 survivors (4096K)
 Metaspace       used 28017K, committed 28288K, reserved 1114112K
  class space    used 3491K, committed 3584K, reserved 1048576K
}
Event: 11.724 GC heap before
{Heap before GC invocations=5 (full 0):
 garbage-first heap   total 78848K, used 51144K [0x00000000c0000000, 0x0000000100000000)
  region size 1024K, 30 young (30720K), 4 survivors (4096K)
 Metaspace       used 32148K, committed 32512K, reserved 1114112K
  class space    used 4079K, committed 4288K, reserved 1048576K
}
Event: 11.733 GC heap after
{Heap after GC invocations=6 (full 0):
 garbage-first heap   total 78848K, used 26774K [0x00000000c0000000, 0x0000000100000000)
  region size 1024K, 3 young (3072K), 3 survivors (3072K)
 Metaspace       used 32148K, committed 32512K, reserved 1114112K
  class space    used 4079K, committed 4288K, reserved 1048576K
}
Event: 13.743 GC heap before
{Heap before GC invocations=6 (full 0):
 garbage-first heap   total 78848K, used 48278K [0x00000000c0000000, 0x0000000100000000)
  region size 1024K, 26 young (26624K), 3 survivors (3072K)
 Metaspace       used 35621K, committed 35968K, reserved 1114112K
  class space    used 4581K, committed 4736K, reserved 1048576K
}
Event: 13.753 GC heap after
{Heap after GC invocations=7 (full 0):
 garbage-first heap   total 78848K, used 28635K [0x00000000c0000000, 0x0000000100000000)
  region size 1024K, 3 young (3072K), 3 survivors (3072K)
 Metaspace       used 35621K, committed 35968K, reserved 1114112K
  class space    used 4581K, committed 4736K, reserved 1048576K
}
Event: 14.613 GC heap before
{Heap before GC invocations=8 (full 0):
 garbage-first heap   total 78848K, used 54235K [0x00000000c0000000, 0x0000000100000000)
  region size 1024K, 29 young (29696K), 3 survivors (3072K)
 Metaspace       used 39839K, committed 40256K, reserved 1114112K
  class space    used 5286K, committed 5504K, reserved 1048576K
}
Event: 14.616 GC heap after
{Heap after GC invocations=9 (full 0):
 garbage-first heap   total 78848K, used 30937K [0x00000000c0000000, 0x0000000100000000)
  region size 1024K, 3 young (3072K), 3 survivors (3072K)
 Metaspace       used 39839K, committed 40256K, reserved 1114112K
  class space    used 5286K, committed 5504K, reserved 1048576K
}
Event: 14.961 GC heap before
{Heap before GC invocations=9 (full 0):
 garbage-first heap   total 78848K, used 55513K [0x00000000c0000000, 0x0000000100000000)
  region size 1024K, 28 young (28672K), 3 survivors (3072K)
 Metaspace       used 42856K, committed 43392K, reserved 1114112K
  class space    used 5578K, committed 5824K, reserved 1048576K
}
Event: 14.964 GC heap after
{Heap after GC invocations=10 (full 0):
 garbage-first heap   total 78848K, used 33647K [0x00000000c0000000, 0x0000000100000000)
  region size 1024K, 3 young (3072K), 3 survivors (3072K)
 Metaspace       used 42856K, committed 43392K, reserved 1114112K
  class space    used 5578K, committed 5824K, reserved 1048576K
}
Event: 15.225 GC heap before
{Heap before GC invocations=10 (full 0):
 garbage-first heap   total 78848K, used 58223K [0x00000000c0000000, 0x0000000100000000)
  region size 1024K, 27 young (27648K), 3 survivors (3072K)
 Metaspace       used 46658K, committed 47104K, reserved 1114112K
  class space    used 5931K, committed 6144K, reserved 1048576K
}
Event: 15.227 GC heap after
{Heap after GC invocations=11 (full 0):
 garbage-first heap   total 78848K, used 40293K [0x00000000c0000000, 0x0000000100000000)
  region size 1024K, 4 young (4096K), 4 survivors (4096K)
 Metaspace       used 46658K, committed 47104K, reserved 1114112K
  class space    used 5931K, committed 6144K, reserved 1048576K
}
Event: 15.471 GC heap before
{Heap before GC invocations=11 (full 0):
 garbage-first heap   total 78848K, used 60773K [0x00000000c0000000, 0x0000000100000000)
  region size 1024K, 24 young (24576K), 4 survivors (4096K)
 Metaspace       used 48651K, committed 49152K, reserved 1114112K
  class space    used 6151K, committed 6400K, reserved 1048576K
}
Event: 15.473 GC heap after
{Heap after GC invocations=12 (full 0):
 garbage-first heap   total 78848K, used 42373K [0x00000000c0000000, 0x0000000100000000)
  region size 1024K, 2 young (2048K), 2 survivors (2048K)
 Metaspace       used 48651K, committed 49152K, reserved 1114112K
  class space    used 6151K, committed 6400K, reserved 1048576K
}
Event: 15.833 GC heap before
{Heap before GC invocations=13 (full 0):
 garbage-first heap   total 78848K, used 61829K [0x00000000c0000000, 0x0000000100000000)
  region size 1024K, 21 young (21504K), 2 survivors (2048K)
 Metaspace       used 52461K, committed 52992K, reserved 1114112K
  class space    used 6501K, committed 6784K, reserved 1048576K
}
Event: 15.834 GC heap after
{Heap after GC invocations=14 (full 0):
 garbage-first heap   total 78848K, used 44145K [0x00000000c0000000, 0x0000000100000000)
  region size 1024K, 2 young (2048K), 2 survivors (2048K)
 Metaspace       used 52461K, committed 52992K, reserved 1114112K
  class space    used 6501K, committed 6784K, reserved 1048576K
}
Event: 15.837 GC heap before
{Heap before GC invocations=14 (full 0):
 garbage-first heap   total 78848K, used 45169K [0x00000000c0000000, 0x0000000100000000)
  region size 1024K, 3 young (3072K), 2 survivors (2048K)
 Metaspace       used 52461K, committed 52992K, reserved 1114112K
  class space    used 6501K, committed 6784K, reserved 1048576K
}
Event: 15.838 GC heap after
{Heap after GC invocations=15 (full 0):
 garbage-first heap   total 78848K, used 44432K [0x00000000c0000000, 0x0000000100000000)
  region size 1024K, 1 young (1024K), 1 survivors (1024K)
 Metaspace       used 52461K, committed 52992K, reserved 1114112K
  class space    used 6501K, committed 6784K, reserved 1048576K
}
Event: 16.622 GC heap before
{Heap before GC invocations=15 (full 0):
 garbage-first heap   total 78848K, used 61840K [0x00000000c0000000, 0x0000000100000000)
  region size 1024K, 19 young (19456K), 1 survivors (1024K)
 Metaspace       used 58326K, committed 58880K, reserved 1114112K
  class space    used 7234K, committed 7488K, reserved 1048576K
}

Dll operation events (10 events):
Event: 0.011 Loaded shared library c:\Users\cheng\.cursor\extensions\redhat.java-1.31.0-win32-x64\jre\17.0.11-win32-x86_64\bin\java.dll
Event: 0.292 Loaded shared library C:\Users\cheng\.cursor\extensions\redhat.java-1.31.0-win32-x64\jre\17.0.11-win32-x86_64\bin\net.dll
Event: 0.295 Loaded shared library C:\Users\cheng\.cursor\extensions\redhat.java-1.31.0-win32-x64\jre\17.0.11-win32-x86_64\bin\nio.dll
Event: 0.781 Loaded shared library C:\Users\cheng\.cursor\extensions\redhat.java-1.31.0-win32-x64\jre\17.0.11-win32-x86_64\bin\zip.dll
Event: 7.652 Loaded shared library C:\Users\cheng\.cursor\extensions\redhat.java-1.31.0-win32-x64\jre\17.0.11-win32-x86_64\bin\jimage.dll
Event: 9.318 Loaded shared library c:\Users\cheng\.cursor\extensions\redhat.java-1.31.0-win32-x64\jre\17.0.11-win32-x86_64\bin\verify.dll
Event: 14.037 Loaded shared library C:\Users\cheng\.cursor\extensions\redhat.java-1.31.0-win32-x64\jre\17.0.11-win32-x86_64\bin\management.dll
Event: 14.041 Loaded shared library C:\Users\cheng\.cursor\extensions\redhat.java-1.31.0-win32-x64\jre\17.0.11-win32-x86_64\bin\management_ext.dll
Event: 15.794 Loaded shared library C:\Users\cheng\.cursor\extensions\redhat.java-1.31.0-win32-x64\jre\17.0.11-win32-x86_64\bin\sunmscapi.dll
Event: 15.982 Loaded shared library C:\Users\cheng\.cursor\extensions\redhat.java-1.31.0-win32-x64\jre\17.0.11-win32-x86_64\bin\extnet.dll

Deoptimization events (12 events):
Event: 14.373 Thread 0x000002128a6cab10 DEOPT PACKING pc=0x00000212fc3c3901 sp=0x000000b32a7fdeb0
Event: 14.373 Thread 0x000002128a6cab10 DEOPT UNPACKING pc=0x00000212fbd27143 sp=0x000000b32a7fd340 mode 3
Event: 14.410 Thread 0x000002128a7011b0 DEOPT PACKING pc=0x00000212fc3a4417 sp=0x000000b32a8fef50
Event: 14.410 Thread 0x000002128a7011b0 DEOPT UNPACKING pc=0x00000212fbd27143 sp=0x000000b32a8fe3a8 mode 3
Event: 15.645 Thread 0x000002128a70ee20 DEOPT PACKING pc=0x00000212fc561424 sp=0x000000b32b1fefd0
Event: 15.645 Thread 0x000002128a70ee20 DEOPT UNPACKING pc=0x00000212fbd27143 sp=0x000000b32b1fe4b8 mode 0
Event: 15.651 Thread 0x000002128a710260 DEOPT PACKING pc=0x00000212fc561424 sp=0x000000b32b3ff190
Event: 15.651 Thread 0x000002128a710260 DEOPT UNPACKING pc=0x00000212fbd27143 sp=0x000000b32b3fe678 mode 0
Event: 15.658 Thread 0x000002128a70f840 DEOPT PACKING pc=0x00000212fc561424 sp=0x000000b32b4fed80
Event: 15.658 Thread 0x000002128a70f840 DEOPT UNPACKING pc=0x00000212fbd27143 sp=0x000000b32b4fe268 mode 0
Event: 15.853 Thread 0x000002128a80d6d0 DEOPT PACKING pc=0x00000212fbecc58c sp=0x000000b32b9fafe0
Event: 15.853 Thread 0x000002128a80d6d0 DEOPT UNPACKING pc=0x00000212fbd27143 sp=0x000000b32b9fa4a8 mode 0

Classes unloaded (0 events):
No events

Classes redefined (0 events):
No events

Internal exceptions (20 events):
Event: 14.769 Thread 0x000002128a70e400 Exception <a 'sun/nio/fs/WindowsException'{0x00000000c4196d98}> (0x00000000c4196d98) 
thrown [s\src\hotspot\share\prims\jni.cpp, line 516]
Event: 14.769 Thread 0x000002128a70e400 Exception <a 'sun/nio/fs/WindowsException'{0x00000000c4197798}> (0x00000000c4197798) 
thrown [s\src\hotspot\share\prims\jni.cpp, line 516]
Event: 14.769 Thread 0x000002128a70e400 Exception <a 'sun/nio/fs/WindowsException'{0x00000000c4198220}> (0x00000000c4198220) 
thrown [s\src\hotspot\share\prims\jni.cpp, line 516]
Event: 14.770 Thread 0x000002128a70e400 Exception <a 'sun/nio/fs/WindowsException'{0x00000000c41a1520}> (0x00000000c41a1520) 
thrown [s\src\hotspot\share\prims\jni.cpp, line 516]
Event: 14.770 Thread 0x000002128a70e400 Exception <a 'sun/nio/fs/WindowsException'{0x00000000c41a1e40}> (0x00000000c41a1e40) 
thrown [s\src\hotspot\share\prims\jni.cpp, line 516]
Event: 14.770 Thread 0x000002128a70e400 Exception <a 'sun/nio/fs/WindowsException'{0x00000000c41a2748}> (0x00000000c41a2748) 
thrown [s\src\hotspot\share\prims\jni.cpp, line 516]
Event: 14.770 Thread 0x000002128a70e400 Exception <a 'sun/nio/fs/WindowsException'{0x00000000c41a3068}> (0x00000000c41a3068) 
thrown [s\src\hotspot\share\prims\jni.cpp, line 516]
Event: 14.770 Thread 0x000002128a70e400 Exception <a 'sun/nio/fs/WindowsException'{0x00000000c41a3a68}> (0x00000000c41a3a68) 
thrown [s\src\hotspot\share\prims\jni.cpp, line 516]
Event: 14.771 Thread 0x000002128a70e400 Exception <a 'sun/nio/fs/WindowsException'{0x00000000c41a44f0}> (0x00000000c41a44f0) 
thrown [s\src\hotspot\share\prims\jni.cpp, line 516]
Event: 14.902 Thread 0x000002128a710770 Exception <a 'java/lang/NoSuchMethodError'{0x00000000c3ab4e08}: 'java.lang.Object java.lang.invoke.Invokers$Holder.invoke_MT(java.lang.Object, java.lang.Object, java.lang.Object)'> (0x00000000c3ab4e08) 
thrown [s\src\hotspot\share\interpreter\linkResolver.cpp, line 759]
Event: 15.218 Thread 0x000002128a710770 Exception <a 'java/lang/IncompatibleClassChangeError'{0x00000000c39f96a8}: Found class java.lang.Object, but interface was expected> (0x00000000c39f96a8) 
thrown [s\src\hotspot\share\interpreter\linkResolver.cpp, line 826]
Event: 15.265 Thread 0x000002128a710770 Exception <a 'java/lang/NoSuchMethodError'{0x00000000c4356678}: 'int java.lang.invoke.DirectMethodHandle$Holder.invokeSpecialIFC(java.lang.Object, java.lang.Object, java.lang.Object)'> (0x00000000c4356678) 
thrown [s\src\hotspot\share\interpreter\linkResolver.cpp, line 759]
Event: 15.423 Thread 0x000002128a710770 Exception <a 'java/lang/NoSuchMethodError'{0x00000000c3dd9b90}: 'int java.lang.invoke.DirectMethodHandle$Holder.invokeStatic(java.lang.Object, int, java.lang.Object)'> (0x00000000c3dd9b90) 
thrown [s\src\hotspot\share\interpreter\linkResolver.cpp, line 759]
Event: 15.648 Thread 0x000002128a70e400 Exception <a 'sun/nio/fs/WindowsException'{0x00000000cd2d83c0}> (0x00000000cd2d83c0) 
thrown [s\src\hotspot\share\prims\jni.cpp, line 516]
Event: 15.657 Thread 0x000002128a80f530 Exception <a 'java/lang/NoSuchMethodError'{0x00000000cd1a7310}: 'java.lang.Object java.lang.invoke.DirectMethodHandle$Holder.newInvokeSpecial(java.lang.Object, java.lang.Object, java.lang.Object, java.lang.Object, java.lang.Object, long)'> (0x00000000cd1a7310) 
thrown [s\src\hotspot\share\interpreter\linkResolver.cpp, line 759]
Event: 15.658 Thread 0x000002128a80f530 Exception <a 'java/lang/NoSuchMethodError'{0x00000000cd1ab9b8}: 'java.lang.Object java.lang.invoke.DirectMethodHandle$Holder.invokeSpecial(java.lang.Object, java.lang.Object, java.lang.Object, java.lang.Object, java.lang.Object, java.lang.Object, long)'> (0x00000000cd1ab9b8) 
thrown [s\src\hotspot\share\interpreter\linkResolver.cpp, line 759]
Event: 15.666 Thread 0x000002128a80d6d0 Exception <a 'java/lang/NoSuchMethodError'{0x00000000cd015760}: 'void java.lang.invoke.DirectMethodHandle$Holder.invokeVirtual(java.lang.Object, java.lang.Object, java.lang.Object, java.lang.Object)'> (0x00000000cd015760) 
thrown [s\src\hotspot\share\interpreter\linkResolver.cpp, line 759]
Event: 15.753 Thread 0x000002128a80d6d0 Exception <a 'java/lang/NoSuchMethodError'{0x00000000c3f25e98}: 'java.lang.Object java.lang.invoke.DirectMethodHandle$Holder.invokeStatic(java.lang.Object, java.lang.Object, int, java.lang.Object)'> (0x00000000c3f25e98) 
thrown [s\src\hotspot\share\interpreter\linkResolver.cpp, line 759]
Event: 15.754 Thread 0x000002128a80d6d0 Exception <a 'java/lang/NoSuchMethodError'{0x00000000c3f326f0}: 'java.lang.Object java.lang.invoke.DirectMethodHandle$Holder.newInvokeSpecial(java.lang.Object, java.lang.Object, int)'> (0x00000000c3f326f0) 
thrown [s\src\hotspot\share\interpreter\linkResolver.cpp, line 759]
Event: 15.848 Thread 0x000002128a80d6d0 Exception <a 'sun/nio/fs/WindowsException'{0x00000000cd46e788}> (0x00000000cd46e788) 
thrown [s\src\hotspot\share\prims\jni.cpp, line 516]

VM Operations (20 events):
Event: 15.583 Executing VM operation: HandshakeAllThreads done
Event: 15.584 Executing VM operation: HandshakeAllThreads
Event: 15.584 Executing VM operation: HandshakeAllThreads done
Event: 15.792 Executing VM operation: HandshakeAllThreads
Event: 15.792 Executing VM operation: HandshakeAllThreads done
Event: 15.833 Executing VM operation: G1CollectForAllocation
Event: 15.834 Executing VM operation: G1CollectForAllocation done
Event: 15.837 Executing VM operation: G1CollectForAllocation
Event: 15.838 Executing VM operation: G1CollectForAllocation done
Event: 15.849 Executing VM operation: HandshakeAllThreads
Event: 15.849 Executing VM operation: HandshakeAllThreads done
Event: 15.852 Executing VM operation: HandshakeAllThreads
Event: 15.852 Executing VM operation: HandshakeAllThreads done
Event: 15.853 Executing VM operation: HandshakeAllThreads
Event: 15.853 Executing VM operation: HandshakeAllThreads done
Event: 16.040 Executing VM operation: HandshakeAllThreads
Event: 16.040 Executing VM operation: HandshakeAllThreads done
Event: 16.511 Executing VM operation: HandshakeAllThreads
Event: 16.511 Executing VM operation: HandshakeAllThreads done
Event: 16.622 Executing VM operation: G1CollectForAllocation

Events (20 events):
Event: 16.126 loading class com/sun/crypto/provider/GaloisCounterMode$GCMEncrypt done
Event: 16.126 loading class com/sun/crypto/provider/GaloisCounterMode$GCTRGHASH
Event: 16.126 loading class com/sun/crypto/provider/GaloisCounterMode$GCTRGHASH done
Event: 16.126 loading class javax/net/ssl/SSLEngineResult$HandshakeStatus
Event: 16.127 loading class javax/net/ssl/SSLEngineResult$HandshakeStatus done
Event: 16.127 loading class jdk/internal/event/TLSHandshakeEvent
Event: 16.127 loading class jdk/internal/event/TLSHandshakeEvent done
Event: 16.158 Thread 0x000002128a80b360 Thread added: 0x000002128a80b360
Event: 16.158 Thread 0x000002128a80d1c0 Thread added: 0x000002128a80d1c0
Event: 16.158 Thread 0x000002128a808ae0 Thread added: 0x000002128a808ae0
Event: 16.170 Thread 0x000002128a80ff50 Thread added: 0x000002128a80ff50
Event: 16.185 loading class sun/security/ssl/PostHandshakeContext
Event: 16.186 loading class sun/security/ssl/PostHandshakeContext done
Event: 16.186 loading class sun/security/ssl/NewSessionTicket$T13NewSessionTicketMessage
Event: 16.186 loading class sun/security/ssl/NewSessionTicket$NewSessionTicketMessage
Event: 16.186 loading class sun/security/ssl/NewSessionTicket$NewSessionTicketMessage done
Event: 16.186 loading class sun/security/ssl/NewSessionTicket$T13NewSessionTicketMessage done
Event: 16.191 Thread 0x000002128a810460 Thread added: 0x000002128a810460
Event: 16.449 loading class java/io/PushbackInputStream
Event: 16.449 loading class java/io/PushbackInputStream done


Dynamic libraries:
0x00007ff7ed6f0000 - 0x00007ff7ed6fe000 	c:\Users\cheng\.cursor\extensions\redhat.java-1.31.0-win32-x64\jre\17.0.11-win32-x86_64\bin\java.exe
0x00007fff24370000 - 0x00007fff24587000 	C:\WINDOWS\SYSTEM32\ntdll.dll
0x00007fff23140000 - 0x00007fff23204000 	C:\WINDOWS\System32\KERNEL32.DLL
0x00007fff21950000 - 0x00007fff21cf7000 	C:\WINDOWS\System32\KERNELBASE.dll
0x00007fff1e430000 - 0x00007fff1e4c7000 	C:\WINDOWS\SYSTEM32\apphelp.dll
0x00007fff21e20000 - 0x00007fff21f31000 	C:\WINDOWS\System32\ucrtbase.dll
0x00007ffef5150000 - 0x00007ffef5167000 	c:\Users\cheng\.cursor\extensions\redhat.java-1.31.0-win32-x64\jre\17.0.11-win32-x86_64\bin\jli.dll
0x00007ffef4a60000 - 0x00007ffef4a7b000 	c:\Users\cheng\.cursor\extensions\redhat.java-1.31.0-win32-x64\jre\17.0.11-win32-x86_64\bin\VCRUNTIME140.dll
0x00007fff23590000 - 0x00007fff2373e000 	C:\WINDOWS\System32\USER32.dll
0x00007fff0f6b0000 - 0x00007fff0f943000 	C:\WINDOWS\WinSxS\amd64_microsoft.windows.common-controls_6595b64144ccf1df_6.0.22621.3527_none_270e469b73872a76\COMCTL32.dll
0x00007fff22000000 - 0x00007fff22026000 	C:\WINDOWS\System32\win32u.dll
0x00007fff24000000 - 0x00007fff240a7000 	C:\WINDOWS\System32\msvcrt.dll
0x00007fff22150000 - 0x00007fff22179000 	C:\WINDOWS\System32\GDI32.dll
0x00007fff21d00000 - 0x00007fff21e19000 	C:\WINDOWS\System32\gdi32full.dll
0x00007fff216c0000 - 0x00007fff2175a000 	C:\WINDOWS\System32\msvcp_win.dll
0x00007fff22ce0000 - 0x00007fff22d11000 	C:\WINDOWS\System32\IMM32.DLL
0x00007fff09d10000 - 0x00007fff09d1c000 	c:\Users\cheng\.cursor\extensions\redhat.java-1.31.0-win32-x64\jre\17.0.11-win32-x86_64\bin\vcruntime140_1.dll
0x00007ffed9ec0000 - 0x00007ffed9f4d000 	c:\Users\cheng\.cursor\extensions\redhat.java-1.31.0-win32-x64\jre\17.0.11-win32-x86_64\bin\msvcp140.dll
0x00007ffece250000 - 0x00007ffeceeb2000 	c:\Users\cheng\.cursor\extensions\redhat.java-1.31.0-win32-x64\jre\17.0.11-win32-x86_64\bin\server\jvm.dll
0x00007fff22bb0000 - 0x00007fff22c62000 	C:\WINDOWS\System32\ADVAPI32.dll
0x00007fff220a0000 - 0x00007fff22148000 	C:\WINDOWS\System32\sechost.dll
0x00007fff21690000 - 0x00007fff216b8000 	C:\WINDOWS\System32\bcrypt.dll
0x00007fff23220000 - 0x00007fff23335000 	C:\WINDOWS\System32\RPCRT4.dll
0x00007fff07bb0000 - 0x00007fff07bb9000 	C:\WINDOWS\SYSTEM32\WSOCK32.dll
0x00007fff20fa0000 - 0x00007fff20fed000 	C:\WINDOWS\SYSTEM32\POWRPROF.dll
0x00007fff230c0000 - 0x00007fff23131000 	C:\WINDOWS\System32\WS2_32.dll
0x00007fff185d0000 - 0x00007fff185da000 	C:\WINDOWS\SYSTEM32\VERSION.dll
0x00007fff1f040000 - 0x00007fff1f074000 	C:\WINDOWS\SYSTEM32\WINMM.dll
0x00007fff20ed0000 - 0x00007fff20ee3000 	C:\WINDOWS\SYSTEM32\UMPDC.dll
0x00007fff20610000 - 0x00007fff20628000 	C:\WINDOWS\SYSTEM32\kernel.appcore.dll
0x00007fff09620000 - 0x00007fff0962a000 	c:\Users\cheng\.cursor\extensions\redhat.java-1.31.0-win32-x64\jre\17.0.11-win32-x86_64\bin\jimage.dll
0x00007fff1ee00000 - 0x00007fff1f032000 	C:\WINDOWS\SYSTEM32\DBGHELP.DLL
0x00007fff22810000 - 0x00007fff22b98000 	C:\WINDOWS\System32\combase.dll
0x00007fff22fe0000 - 0x00007fff230b7000 	C:\WINDOWS\System32\OLEAUT32.dll
0x00007fff1eda0000 - 0x00007fff1edd2000 	C:\WINDOWS\SYSTEM32\dbgcore.DLL
0x00007fff218d0000 - 0x00007fff21949000 	C:\WINDOWS\System32\bcryptPrimitives.dll
0x00007ffee5b30000 - 0x00007ffee5b55000 	c:\Users\cheng\.cursor\extensions\redhat.java-1.31.0-win32-x64\jre\17.0.11-win32-x86_64\bin\java.dll
0x00007ffef1870000 - 0x00007ffef1888000 	c:\Users\cheng\.cursor\extensions\redhat.java-1.31.0-win32-x64\jre\17.0.11-win32-x86_64\bin\zip.dll
0x00007fff23740000 - 0x00007fff23f9c000 	C:\WINDOWS\System32\SHELL32.dll
0x00007fff1f580000 - 0x00007fff1fe76000 	C:\WINDOWS\SYSTEM32\windows.storage.dll
0x00007fff1f440000 - 0x00007fff1f57e000 	C:\WINDOWS\SYSTEM32\wintypes.dll
0x00007fff240b0000 - 0x00007fff241a5000 	C:\WINDOWS\System32\SHCORE.dll
0x00007fff23fa0000 - 0x00007fff23ffe000 	C:\WINDOWS\System32\shlwapi.dll
0x00007fff215c0000 - 0x00007fff215e1000 	C:\WINDOWS\SYSTEM32\profapi.dll
0x00007fff106e0000 - 0x00007fff106f9000 	C:\Users\cheng\.cursor\extensions\redhat.java-1.31.0-win32-x64\jre\17.0.11-win32-x86_64\bin\net.dll
0x00007fff1aa90000 - 0x00007fff1abc6000 	C:\WINDOWS\SYSTEM32\WINHTTP.dll
0x00007fff20ae0000 - 0x00007fff20b49000 	C:\WINDOWS\system32\mswsock.dll
0x00007fff106c0000 - 0x00007fff106d6000 	C:\Users\cheng\.cursor\extensions\redhat.java-1.31.0-win32-x64\jre\17.0.11-win32-x86_64\bin\nio.dll
0x00007fff106b0000 - 0x00007fff106c0000 	c:\Users\cheng\.cursor\extensions\redhat.java-1.31.0-win32-x64\jre\17.0.11-win32-x86_64\bin\verify.dll
0x00007fff20d80000 - 0x00007fff20d9b000 	C:\WINDOWS\SYSTEM32\CRYPTSP.dll
0x00007fff205d0000 - 0x00007fff20605000 	C:\WINDOWS\system32\rsaenh.dll
0x00007fff20ba0000 - 0x00007fff20bc8000 	C:\WINDOWS\SYSTEM32\USERENV.dll
0x00007fff20da0000 - 0x00007fff20dac000 	C:\WINDOWS\SYSTEM32\CRYPTBASE.dll
0x00007fff200e0000 - 0x00007fff2010d000 	C:\WINDOWS\SYSTEM32\IPHLPAPI.DLL
0x00007fff23210000 - 0x00007fff23219000 	C:\WINDOWS\System32\NSI.dll
0x00007fff1a710000 - 0x00007fff1a729000 	C:\WINDOWS\SYSTEM32\dhcpcsvc6.DLL
0x00007fff1a6f0000 - 0x00007fff1a70f000 	C:\WINDOWS\SYSTEM32\dhcpcsvc.DLL
0x00007fff20150000 - 0x00007fff20248000 	C:\WINDOWS\SYSTEM32\DNSAPI.dll
0x00007fff1c7e0000 - 0x00007fff1c7e9000 	C:\Users\cheng\.cursor\extensions\redhat.java-1.31.0-win32-x64\jre\17.0.11-win32-x86_64\bin\management.dll
0x00007fff1c7d0000 - 0x00007fff1c7db000 	C:\Users\cheng\.cursor\extensions\redhat.java-1.31.0-win32-x64\jre\17.0.11-win32-x86_64\bin\management_ext.dll
0x00007fff22ba0000 - 0x00007fff22ba8000 	C:\WINDOWS\System32\PSAPI.DLL
0x00007fff105d0000 - 0x00007fff105de000 	C:\Users\cheng\.cursor\extensions\redhat.java-1.31.0-win32-x64\jre\17.0.11-win32-x86_64\bin\sunmscapi.dll
0x00007fff21760000 - 0x00007fff218c8000 	C:\WINDOWS\System32\CRYPT32.dll
0x00007fff21030000 - 0x00007fff2105e000 	C:\WINDOWS\SYSTEM32\ncrypt.dll
0x00007fff20ff0000 - 0x00007fff21027000 	C:\WINDOWS\SYSTEM32\NTASN1.dll
0x00007fff0d0f0000 - 0x00007fff0d0fa000 	C:\Windows\System32\rasadhlp.dll
0x00007fff19670000 - 0x00007fff196f3000 	C:\WINDOWS\System32\fwpuclnt.dll
0x00007fff092b0000 - 0x00007fff092b9000 	C:\Users\cheng\.cursor\extensions\redhat.java-1.31.0-win32-x64\jre\17.0.11-win32-x86_64\bin\extnet.dll

dbghelp: loaded successfully - version: 4.0.5 - missing functions: none
symbol engine: initialized successfully - sym options: 0x614 - pdb path: .;c:\Users\cheng\.cursor\extensions\redhat.java-1.31.0-win32-x64\jre\17.0.11-win32-x86_64\bin;C:\WINDOWS\SYSTEM32;C:\WINDOWS\WinSxS\amd64_microsoft.windows.common-controls_6595b64144ccf1df_6.0.22621.3527_none_270e469b73872a76;c:\Users\cheng\.cursor\extensions\redhat.java-1.31.0-win32-x64\jre\17.0.11-win32-x86_64\bin\server

VM Arguments:
jvm_args: -Xmx1024m -Dsts.lsp.client=vscode -Dsts.log.file=/dev/null -XX:TieredStopAtLevel=1 -Xlog:jni+resolve=off -Dspring.config.location=file:c:\Users\cheng\.cursor\extensions\vmware.vscode-spring-boot-1.54.0\language-server\BOOT-INF\classes\application.properties 
java_command: org.springframework.ide.vscode.boot.app.BootLanguageServerBootApp
java_class_path (initial): c:\Users\cheng\.cursor\extensions\vmware.vscode-spring-boot-1.54.0\language-server\BOOT-INF\classes;c:\Users\cheng\.cursor\extensions\vmware.vscode-spring-boot-1.54.0\language-server\BOOT-INF\lib\annotations-24.1.0.jar;c:\Users\cheng\.cursor\extensions\vmware.vscode-spring-boot-1.54.0\language-server\BOOT-INF\lib\antlr4-runtime-4.13.1.jar;c:\Users\cheng\.cursor\extensions\vmware.vscode-spring-boot-1.54.0\language-server\BOOT-INF\lib\asm-9.7.jar;c:\Users\cheng\.cursor\extensions\vmware.vscode-spring-boot-1.54.0\language-server\BOOT-INF\lib\asm-analysis-9.7.jar;c:\Users\cheng\.cursor\extensions\vmware.vscode-spring-boot-1.54.0\language-server\BOOT-INF\lib\asm-tree-9.7.jar;c:\Users\cheng\.cursor\extensions\vmware.vscode-spring-boot-1.54.0\language-server\BOOT-INF\lib\asm-util-9.7.jar;c:\Users\cheng\.cursor\extensions\vmware.vscode-spring-boot-1.54.0\language-server\BOOT-INF\lib\caffeine-3.1.8.jar;c:\Users\cheng\.cursor\extensions\vmware.vscode-spring-boot-1.54.0\language-server\BOOT-INF\lib\checker-qual-3.12.0.jar;c:\Users\cheng\.cursor\extensions\vmware.vscode-spring-boot-1.54.0\language-server\BOOT-INF\lib\classgraph-4.8.149.jar;c:\Users\cheng\.cursor\extensions\vmware.vscode-spring-boot-1.54.0\language-server\BOOT-INF\lib\commons-codec-1.16.1.jar;c:\Users\cheng\.cursor\extensions\vmware.vscode-spring-boot-1.54.0\language-server\BOOT-INF\lib\commons-compress-1.26.1.jar;c:\Users\cheng\.cursor\extensions\vmware.vscode-spring-boot-1.54.0\language-server\BOOT-INF\lib\commons-io-2.4.jar;c:\Users\cheng\.cursor\extensions\vmware.vscode-spring-boot-1.54.0\language-server\BOOT-INF\lib\commons-java-1.54.0-SNAPSHOT.jar;c:\Users\cheng\.cursor\extensions\vmware.vscode-spring-boot-1.54.0\language-server\BOOT-INF\lib\commons-lang3-3.13.0.jar;c:\Users\cheng\.cursor\extensions\vmware.vscode-spring-boot-1.54.0\language-server\BOOT-INF\lib\commons-language-server-1.54.0-SNAPSHOT.jar;c:\Users\cheng\.cursor\extensions\vmware.vscode-spring-boot-1.54.0\language
Launcher Type: SUN_STANDARD

[Global flags]
     intx CICompilerCount                          = 12                                        {product} {ergonomic}
     uint ConcGCThreads                            = 3                                         {product} {ergonomic}
     uint G1ConcRefinementThreads                  = 13                                        {product} {ergonomic}
   size_t G1HeapRegionSize                         = 1048576                                   {product} {ergonomic}
    uintx GCDrainStackTargetSize                   = 64                                        {product} {ergonomic}
   size_t InitialHeapSize                          = 260046848                                 {product} {ergonomic}
   size_t MarkStackSize                            = 4194304                                   {product} {ergonomic}
   size_t MaxHeapSize                              = 1073741824                                {product} {command line}
   size_t MaxNewSize                               = 643825664                                 {product} {ergonomic}
   size_t MinHeapDeltaBytes                        = 1048576                                   {product} {ergonomic}
   size_t MinHeapSize                              = 8388608                                   {product} {ergonomic}
    uintx NonProfiledCodeHeapSize                  = 0                                      {pd product} {ergonomic}
     bool ProfileInterpreter                       = false                                  {pd product} {command line}
    uintx ProfiledCodeHeapSize                     = 0                                      {pd product} {ergonomic}
   size_t SoftMaxHeapSize                          = 1073741824                             {manageable} {ergonomic}
     intx TieredStopAtLevel                        = 1                                         {product} {command line}
     bool UseCompressedClassPointers               = true                           {product lp64_product} {ergonomic}
     bool UseCompressedOops                        = true                           {product lp64_product} {ergonomic}
     bool UseG1GC                                  = true                                      {product} {ergonomic}
     bool UseLargePagesIndividualAllocation        = false                                  {pd product} {ergonomic}

Logging:
Log output configuration:
 #0: stdout all=warning,jni+resolve=off uptime,level,tags
 #1: stderr all=off uptime,level,tags

Environment Variables:
PATH=c:\Users\cheng\AppData\Local\Programs\cursor\resources\app\bin;C:\Program Files\Common Files\Oracle\Java\javapath;C:\Python312\Scripts\;C:\Python312\;C:\Windows\system32;C:\Windows;C:\Windows\System32\Wbem;C:\Windows\System32\WindowsPowerShell\v1.0\;C:\Windows\System32\OpenSSH\;C:\Program Files (x86)\NVIDIA Corporation\PhysX\Common;C:\WINDOWS\system32;C:\WINDOWS;C:\WINDOWS\System32\Wbem;C:\WINDOWS\System32\WindowsPowerShell\v1.0\;C:\WINDOWS\System32\OpenSSH\;C:\Program Files\Git\cmd;C:\Program Files\dotnet\;C:\ProgramData\chocolatey\bin;C:\Program Files\apache-maven-3.9.6\bin;C:\Program Files\nodejs;;C:\Program Files\Docker\Docker\resources\bin;C:\Users\cheng\AppData\Local\Microsoft\WindowsApps;C:\Users\cheng\AppData\Roaming\npm;C:\Users\cheng\AppData\Local\GitHubDesktop\bin;C:\Users\cheng\.dotnet\tools;c:\Users\cheng\AppData\Local\Programs\cursor\resources\app\bin;C:\Users\cheng\AppData\Local\Programs\Microsoft VS Code\bin;C:\Users\cheng\AppData\Local\Microsoft\WinGet\Links
USERNAME=cheng
OS=Windows_NT
PROCESSOR_IDENTIFIER=AMD64 Family 23 Model 96 Stepping 1, AuthenticAMD
TMP=C:\Users\cheng\AppData\Local\Temp
TEMP=C:\Users\cheng\AppData\Local\Temp



Periodic native trim disabled


---------------  S Y S T E M  ---------------

OS:
 Windows 11 , 64 bit Build 22621 (10.0.22621.3527)
OS uptime: 5 days 6:57 hours
Hyper-V role detected

CPU: total 16 (initial active 16) (16 cores per cpu, 2 threads per core) family 23 model 96 stepping 1 microcode 0x0, cx8, cmov, fxsr, ht, mmx, 3dnowpref, sse, sse2, sse3, ssse3, sse4a, sse4.1, sse4.2, popcnt, lzcnt, tsc, tscinvbit, avx, avx2, aes, clmul, bmi1, bmi2, adx, sha, fma, vzeroupper, clflush, clflushopt, hv
Processor Information for all 16 processors :
  Max Mhz: 3000, Current Mhz: 3000, Mhz Limit: 3000

Memory: 4k page, system-wide physical 15789M (5363M free)
TotalPageFile size 64941M (AvailPageFile size 74M)
current process WorkingSet (physical memory assigned to process): 207M, peak: 207M
current process commit charge ("private bytes"): 255M, peak: 372M

vm_info: OpenJDK 64-Bit Server VM (17.0.11+9) for windows-amd64 JRE (17.0.11+9), built on Apr 17 2024 06:07:48 by "admin" with MS VC++ 16.10 / 16.11 (VS2019)

END.
