#
# There is insufficient memory for the Java Runtime Environment to continue.
# Native memory allocation (malloc) failed to allocate 2350144 bytes. Error detail: Chunk::new
# Possible reasons:
#   The system is out of physical RAM or swap space
#   This process is running with CompressedOops enabled, and the Java Heap may be blocking the growth of the native heap
# Possible solutions:
#   Reduce memory load on the system
#   Increase physical memory or swap space
#   Check if swap backing store is full
#   Decrease Java heap size (-Xmx/-Xms)
#   Decrease number of Java threads
#   Decrease Java thread stack sizes (-Xss)
#   Set larger code cache with -XX:ReservedCodeCacheSize=
#   JVM is running with Unscaled Compressed Oops mode in which the Java heap is
#     placed in the first 4GB address space. The Java Heap base address is the
#     maximum limit for the native heap growth. Please use -XX:HeapBaseMinAddress
#     to set the Java Heap base and to place the Java Heap above 4GB virtual address.
# This output file may be truncated or incomplete.
#
#  Out of Memory Error (arena.cpp:191), pid=36136, tid=44188
#
# JRE version: OpenJDK Runtime Environment Temurin-17.0.11+9 (17.0.11+9) (build 17.0.11+9)
# Java VM: OpenJDK 64-Bit Server VM Temurin-17.0.11+9 (17.0.11+9, mixed mode, tiered, compressed oops, compressed class ptrs, parallel gc, windows-amd64)
# No core dump will be written. Minidumps are not enabled by default on client versions of Windows
#

---------------  S U M M A R Y ------------

Command Line: --add-modules=ALL-SYSTEM --add-opens=java.base/java.util=ALL-UNNAMED --add-opens=java.base/java.lang=ALL-UNNAMED --add-opens=java.base/sun.nio.fs=ALL-UNNAMED -Declipse.application=org.eclipse.jdt.ls.core.id1 -Dosgi.bundles.defaultStartLevel=4 -Declipse.product=org.eclipse.jdt.ls.core.product -Djava.import.generatesMetadataFilesAtProjectRoot=false -DDetectVMInstallationsJob.disabled=true -Dfile.encoding=utf8 -XX:+UseParallelGC -XX:GCTimeRatio=4 -XX:AdaptiveSizePolicyWeight=90 -Dsun.zip.disableMemoryMapping=true -Xmx1G -Xms100m -Xlog:disable -javaagent:c:\Users\cheng\.cursor\extensions\redhat.java-1.31.0-win32-x64\lombok\lombok-1.18.32.jar -XX:+HeapDumpOnOutOfMemoryError -XX:HeapDumpPath=c:\Users\cheng\AppData\Roaming\Cursor\User\workspaceStorage\0a2e1038fc00e70623d54bd91d206bcc\redhat.java -Daether.dependencyCollector.impl=bf c:\Users\cheng\.cursor\extensions\redhat.java-1.31.0-win32-x64\server\plugins\org.eclipse.equinox.launcher_1.6.800.v20240513-1750.jar -configuration c:\Users\cheng\AppData\Roaming\Cursor\User\globalStorage\redhat.java\1.31.0\config_win -data c:\Users\cheng\AppData\Roaming\Cursor\User\workspaceStorage\0a2e1038fc00e70623d54bd91d206bcc\redhat.java\jdt_ws --pipe=\\.\pipe\lsp-acc46efd6f981d509cf0c6e20f49490a-sock

Host: AMD Ryzen 9 4900HS with Radeon Graphics         , 16 cores, 15G,  Windows 11 , 64 bit Build 22621 (10.0.22621.3527)
Time: Wed Jun  5 14:59:54 2024 Pacific Daylight Time elapsed time: 16.361460 seconds (0d 0h 0m 16s)

---------------  T H R E A D  ---------------

Current thread (0x0000019d97f99000):  JavaThread "C2 CompilerThread2" daemon [_thread_in_native, id=44188, stack(0x0000006c69d00000,0x0000006c69e00000)]


Current CompileTask:
C2:  16361 13981   !   4       org.eclipse.jdt.internal.compiler.classfmt.ClassFileReader::<init> (2158 bytes)

Stack: [0x0000006c69d00000,0x0000006c69e00000]
Native frames: (J=compiled Java code, j=interpreted, Vv=VM code, C=native code)
V  [jvm.dll+0x67d429]
V  [jvm.dll+0x834b7a]
V  [jvm.dll+0x83663e]
V  [jvm.dll+0x836ca3]
V  [jvm.dll+0x247dbf]
V  [jvm.dll+0xac534]
V  [jvm.dll+0xacb7c]
V  [jvm.dll+0x366647]
V  [jvm.dll+0x1bd086]
V  [jvm.dll+0x21a5c9]
V  [jvm.dll+0x2198b1]
V  [jvm.dll+0x1a534d]
V  [jvm.dll+0x2295cd]
V  [jvm.dll+0x22779c]
V  [jvm.dll+0x7e9d07]
V  [jvm.dll+0x7e410a]
V  [jvm.dll+0x67c315]
C  [ucrtbase.dll+0x29333]
C  [KERNEL32.DLL+0x1257d]
C  [ntdll.dll+0x5aa48]


---------------  P R O C E S S  ---------------

Threads class SMR info:
_java_thread_list=0x0000019d9b2b3220, length=70, elements={
0x0000019df67a31d0, 0x0000019d940e8020, 0x0000019d940e95d0, 0x0000019d940f2ff0,
0x0000019d94108000, 0x0000019d94108b90, 0x0000019d94109720, 0x0000019d94114060,
0x0000019d94116d90, 0x0000019d941196b0, 0x0000019d941d61e0, 0x0000019d942abae0,
0x0000019d943e60a0, 0x0000019d941d8040, 0x0000019d941d66f0, 0x0000019d941d7620,
0x0000019d941d7b30, 0x0000019d941d8a60, 0x0000019d941d6c00, 0x0000019d975f1200,
0x0000019d941d9990, 0x0000019d9758be80, 0x0000019d975886d0, 0x0000019d97f99000,
0x0000019d97588be0, 0x0000019d9758c390, 0x0000019d9758af50, 0x0000019d9758cdb0,
0x0000019d975881c0, 0x0000019d9758d2c0, 0x0000019d97587290, 0x0000019d9758d7d0,
0x0000019d97586360, 0x0000019d975877a0, 0x0000019d97586870, 0x0000019d9758dce0,
0x0000019d975890f0, 0x0000019d9758b460, 0x0000019d97589600, 0x0000019d9758b970,
0x0000019d97589b10, 0x0000019d9758a020, 0x0000019d9758aa40, 0x0000019d981abac0,
0x0000019d981af270, 0x0000019d981b06b0, 0x0000019d9779ad90, 0x0000019d981ac9f0,
0x0000019d981ab5b0, 0x0000019d981ae340, 0x0000019d981b1af0, 0x0000019d981b0bc0,
0x0000019d981b10d0, 0x0000019d981ae850, 0x0000019d981afc90, 0x0000019d981ab0a0,
0x0000019d981b2a20, 0x0000019d981b2510, 0x0000019d981acf00, 0x0000019d981b01a0,
0x0000019d981b15e0, 0x0000019d941d9480, 0x0000019d941d7110, 0x0000019d9ce01d70,
0x0000019d9cdfff10, 0x0000019d9ce01350, 0x0000019d9cdfd690, 0x0000019d99544620,
0x0000019d99543630, 0x0000019d99543b80
}

Java Threads: ( => current thread )
  0x0000019df67a31d0 JavaThread "main" [_thread_blocked, id=38872, stack(0x0000006c67500000,0x0000006c67600000)]
  0x0000019d940e8020 JavaThread "Reference Handler" daemon [_thread_blocked, id=18532, stack(0x0000006c67800000,0x0000006c67900000)]
  0x0000019d940e95d0 JavaThread "Finalizer" daemon [_thread_blocked, id=27996, stack(0x0000006c67900000,0x0000006c67a00000)]
  0x0000019d940f2ff0 JavaThread "Signal Dispatcher" daemon [_thread_blocked, id=18140, stack(0x0000006c67a00000,0x0000006c67b00000)]
  0x0000019d94108000 JavaThread "Attach Listener" daemon [_thread_blocked, id=27948, stack(0x0000006c67b00000,0x0000006c67c00000)]
  0x0000019d94108b90 JavaThread "Service Thread" daemon [_thread_blocked, id=42976, stack(0x0000006c67c00000,0x0000006c67d00000)]
  0x0000019d94109720 JavaThread "Monitor Deflation Thread" daemon [_thread_blocked, id=4056, stack(0x0000006c67d00000,0x0000006c67e00000)]
  0x0000019d94114060 JavaThread "C2 CompilerThread0" daemon [_thread_blocked, id=46036, stack(0x0000006c67e00000,0x0000006c67f00000)]
  0x0000019d94116d90 JavaThread "C1 CompilerThread0" daemon [_thread_blocked, id=30984, stack(0x0000006c67f00000,0x0000006c68000000)]
  0x0000019d941196b0 JavaThread "Sweeper thread" daemon [_thread_blocked, id=32564, stack(0x0000006c68000000,0x0000006c68100000)]
  0x0000019d941d61e0 JavaThread "Common-Cleaner" daemon [_thread_blocked, id=13132, stack(0x0000006c68100000,0x0000006c68200000)]
  0x0000019d942abae0 JavaThread "C1 CompilerThread1" daemon [_thread_blocked, id=47088, stack(0x0000006c68200000,0x0000006c68300000)]
  0x0000019d943e60a0 JavaThread "C1 CompilerThread2" daemon [_thread_blocked, id=30184, stack(0x0000006c68400000,0x0000006c68500000)]
  0x0000019d941d8040 JavaThread "Notification Thread" daemon [_thread_blocked, id=4736, stack(0x0000006c68600000,0x0000006c68700000)]
  0x0000019d941d66f0 JavaThread "Active Thread: Equinox Container: d9c559f7-8932-4208-8d5c-426f3e09a47d" [_thread_blocked, id=44388, stack(0x0000006c68900000,0x0000006c68a00000)]
  0x0000019d941d7620 JavaThread "Framework Event Dispatcher: Equinox Container: d9c559f7-8932-4208-8d5c-426f3e09a47d" daemon [_thread_blocked, id=12636, stack(0x0000006c68f00000,0x0000006c69000000)]
  0x0000019d941d7b30 JavaThread "Start Level: Equinox Container: d9c559f7-8932-4208-8d5c-426f3e09a47d" daemon [_thread_blocked, id=13512, stack(0x0000006c69000000,0x0000006c69100000)]
  0x0000019d941d8a60 JavaThread "Bundle File Closer" daemon [_thread_blocked, id=27584, stack(0x0000006c69300000,0x0000006c69400000)]
  0x0000019d941d6c00 JavaThread "SCR Component Actor" daemon [_thread_blocked, id=28656, stack(0x0000006c69500000,0x0000006c69600000)]
  0x0000019d975f1200 JavaThread "C2 CompilerThread1" daemon [_thread_blocked, id=27360, stack(0x0000006c68300000,0x0000006c68400000)]
  0x0000019d941d9990 JavaThread "Worker-JM" [_thread_blocked, id=22784, stack(0x0000006c69800000,0x0000006c69900000)]
  0x0000019d9758be80 JavaThread "Worker-0" [_thread_blocked, id=27516, stack(0x0000006c69a00000,0x0000006c69b00000)]
  0x0000019d975886d0 JavaThread "Worker-1" [_thread_blocked, id=40916, stack(0x0000006c69b00000,0x0000006c69c00000)]
=>0x0000019d97f99000 JavaThread "C2 CompilerThread2" daemon [_thread_in_native, id=44188, stack(0x0000006c69d00000,0x0000006c69e00000)]
  0x0000019d97588be0 JavaThread "Java indexing" daemon [_thread_in_native, id=40772, stack(0x0000006c69e00000,0x0000006c69f00000)]
  0x0000019d9758c390 JavaThread "JNA Cleaner" daemon [_thread_blocked, id=44220, stack(0x0000006c69f00000,0x0000006c6a000000)]
  0x0000019d9758af50 JavaThread "Thread-2" daemon [_thread_in_native, id=7000, stack(0x0000006c6a000000,0x0000006c6a100000)]
  0x0000019d9758cdb0 JavaThread "Thread-3" daemon [_thread_in_native, id=31388, stack(0x0000006c6a100000,0x0000006c6a200000)]
  0x0000019d975881c0 JavaThread "Thread-4" daemon [_thread_in_native, id=14044, stack(0x0000006c6a200000,0x0000006c6a300000)]
  0x0000019d9758d2c0 JavaThread "Thread-5" daemon [_thread_in_native, id=43872, stack(0x0000006c6a300000,0x0000006c6a400000)]
  0x0000019d97587290 JavaThread "Thread-6" daemon [_thread_in_native, id=12340, stack(0x0000006c6a400000,0x0000006c6a500000)]
  0x0000019d9758d7d0 JavaThread "Thread-7" daemon [_thread_in_native, id=6200, stack(0x0000006c6a500000,0x0000006c6a600000)]
  0x0000019d97586360 JavaThread "Thread-8" daemon [_thread_in_native, id=44888, stack(0x0000006c6a600000,0x0000006c6a700000)]
  0x0000019d975877a0 JavaThread "Thread-9" daemon [_thread_in_native, id=33208, stack(0x0000006c6a700000,0x0000006c6a800000)]
  0x0000019d97586870 JavaThread "Thread-10" daemon [_thread_in_native, id=48016, stack(0x0000006c6a800000,0x0000006c6a900000)]
  0x0000019d9758dce0 JavaThread "Thread-11" daemon [_thread_in_native, id=39352, stack(0x0000006c6a900000,0x0000006c6aa00000)]
  0x0000019d975890f0 JavaThread "Thread-12" daemon [_thread_in_native, id=17988, stack(0x0000006c6aa00000,0x0000006c6ab00000)]
  0x0000019d9758b460 JavaThread "Thread-13" daemon [_thread_in_native, id=46016, stack(0x0000006c6ab00000,0x0000006c6ac00000)]
  0x0000019d97589600 JavaThread "Thread-14" daemon [_thread_in_native, id=4428, stack(0x0000006c6ac00000,0x0000006c6ad00000)]
  0x0000019d9758b970 JavaThread "Thread-15" daemon [_thread_in_native, id=11512, stack(0x0000006c6ad00000,0x0000006c6ae00000)]
  0x0000019d97589b10 JavaThread "Thread-16" daemon [_thread_in_native, id=27252, stack(0x0000006c6ae00000,0x0000006c6af00000)]
  0x0000019d9758a020 JavaThread "Thread-17" daemon [_thread_in_native, id=40076, stack(0x0000006c6af00000,0x0000006c6b000000)]
  0x0000019d9758aa40 JavaThread "Thread-18" daemon [_thread_in_native, id=21764, stack(0x0000006c6b000000,0x0000006c6b100000)]
  0x0000019d981abac0 JavaThread "pool-2-thread-1" [_thread_blocked, id=17064, stack(0x0000006c6b100000,0x0000006c6b200000)]
  0x0000019d981af270 JavaThread "WorkspaceEventsHandler" [_thread_blocked, id=41788, stack(0x0000006c6b200000,0x0000006c6b300000)]
  0x0000019d981b06b0 JavaThread "pool-1-thread-1" [_thread_blocked, id=38424, stack(0x0000006c6b300000,0x0000006c6b400000)]
  0x0000019d9779ad90 JavaThread "C2 CompilerThread3" daemon [_thread_blocked, id=10800, stack(0x0000006c6b400000,0x0000006c6b500000)]
  0x0000019d981ac9f0 JavaThread "Worker-2" [_thread_blocked, id=10744, stack(0x0000006c6b900000,0x0000006c6ba00000)]
  0x0000019d981ab5b0 JavaThread "Worker-3" [_thread_blocked, id=8216, stack(0x0000006c6ba00000,0x0000006c6bb00000)]
  0x0000019d981ae340 JavaThread "ForkJoinPool.commonPool-worker-1" daemon [_thread_blocked, id=13720, stack(0x0000006c6b800000,0x0000006c6b900000)]
  0x0000019d981b1af0 JavaThread "ForkJoinPool.commonPool-worker-2" daemon [_thread_blocked, id=25308, stack(0x0000006c6bb00000,0x0000006c6bc00000)]
  0x0000019d981b0bc0 JavaThread "ForkJoinPool.commonPool-worker-3" daemon [_thread_blocked, id=36476, stack(0x0000006c6bc00000,0x0000006c6bd00000)]
  0x0000019d981b10d0 JavaThread "Worker-4" [_thread_blocked, id=23544, stack(0x0000006c6be00000,0x0000006c6bf00000)]
  0x0000019d981ae850 JavaThread "Worker-5" [_thread_blocked, id=43724, stack(0x0000006c6bf00000,0x0000006c6c000000)]
  0x0000019d981afc90 JavaThread "Worker-6: Java indexing... " [_thread_blocked, id=6864, stack(0x0000006c6c000000,0x0000006c6c100000)]
  0x0000019d981ab0a0 JavaThread "ForkJoinPool.commonPool-worker-4" daemon [_thread_blocked, id=36680, stack(0x0000006c69600000,0x0000006c69700000)]
  0x0000019d981b2a20 JavaThread "ForkJoinPool.commonPool-worker-5" daemon [_thread_blocked, id=45884, stack(0x0000006c6c100000,0x0000006c6c200000)]
  0x0000019d981b2510 JavaThread "ForkJoinPool.commonPool-worker-6" daemon [_thread_blocked, id=21612, stack(0x0000006c6c200000,0x0000006c6c300000)]
  0x0000019d981acf00 JavaThread "ForkJoinPool.commonPool-worker-7" daemon [_thread_blocked, id=31712, stack(0x0000006c6c300000,0x0000006c6c400000)]
  0x0000019d981b01a0 JavaThread "ForkJoinPool.commonPool-worker-8" daemon [_thread_blocked, id=36628, stack(0x0000006c6c400000,0x0000006c6c500000)]
  0x0000019d981b15e0 JavaThread "ForkJoinPool.commonPool-worker-9" daemon [_thread_blocked, id=38976, stack(0x0000006c6c500000,0x0000006c6c600000)]
  0x0000019d941d9480 JavaThread "ForkJoinPool.commonPool-worker-10" daemon [_thread_blocked, id=16436, stack(0x0000006c6c600000,0x0000006c6c700000)]
  0x0000019d941d7110 JavaThread "ForkJoinPool.commonPool-worker-11" daemon [_thread_blocked, id=42932, stack(0x0000006c6c700000,0x0000006c6c800000)]
  0x0000019d9ce01d70 JavaThread "ForkJoinPool.commonPool-worker-12" daemon [_thread_blocked, id=33892, stack(0x0000006c6c800000,0x0000006c6c900000)]
  0x0000019d9cdfff10 JavaThread "ForkJoinPool.commonPool-worker-13" daemon [_thread_blocked, id=34800, stack(0x0000006c6cb00000,0x0000006c6cc00000)]
  0x0000019d9ce01350 JavaThread "ForkJoinPool.commonPool-worker-14" daemon [_thread_blocked, id=32052, stack(0x0000006c6c900000,0x0000006c6ca00000)]
  0x0000019d9cdfd690 JavaThread "ForkJoinPool.commonPool-worker-15" daemon [_thread_blocked, id=41956, stack(0x0000006c6cc00000,0x0000006c6cd00000)]
  0x0000019d99544620 JavaThread "C2 CompilerThread4" daemon [_thread_blocked, id=44300, stack(0x0000006c68500000,0x0000006c68600000)]
  0x0000019d99543630 JavaThread "C2 CompilerThread5" daemon [_thread_blocked, id=44984, stack(0x0000006c6b500000,0x0000006c6b600000)]
  0x0000019d99543b80 JavaThread "C2 CompilerThread6" daemon [_thread_blocked, id=34540, stack(0x0000006c6b600000,0x0000006c6b700000)]

Other Threads:
  0x0000019df683e8a0 VMThread "VM Thread" [stack: 0x0000006c67700000,0x0000006c67800000] [id=40232]
  0x0000019d96219030 WatcherThread [stack: 0x0000006c68700000,0x0000006c68800000] [id=37408]
  0x0000019df67b8ab0 GCTaskThread "GC Thread#0" [stack: 0x0000006c67600000,0x0000006c67700000] [id=11968]
  0x0000019d96ad9680 GCTaskThread "GC Thread#1" [stack: 0x0000006c68a00000,0x0000006c68b00000] [id=35048]
  0x0000019d967f9190 GCTaskThread "GC Thread#2" [stack: 0x0000006c68b00000,0x0000006c68c00000] [id=41000]
  0x0000019d967f9450 GCTaskThread "GC Thread#3" [stack: 0x0000006c68c00000,0x0000006c68d00000] [id=11168]
  0x0000019d96977ec0 GCTaskThread "GC Thread#4" [stack: 0x0000006c68d00000,0x0000006c68e00000] [id=47908]
  0x0000019d96db4ac0 GCTaskThread "GC Thread#5" [stack: 0x0000006c68e00000,0x0000006c68f00000] [id=13980]
  0x0000019d96c08310 GCTaskThread "GC Thread#6" [stack: 0x0000006c69100000,0x0000006c69200000] [id=35024]
  0x0000019d96c085d0 GCTaskThread "GC Thread#7" [stack: 0x0000006c69200000,0x0000006c69300000] [id=43256]
  0x0000019d96c08b50 GCTaskThread "GC Thread#8" [stack: 0x0000006c69400000,0x0000006c69500000] [id=24404]
  0x0000019d96c08050 GCTaskThread "GC Thread#9" [stack: 0x0000006c68800000,0x0000006c68900000] [id=47376]
  0x0000019d96c07550 GCTaskThread "GC Thread#10" [stack: 0x0000006c69700000,0x0000006c69800000] [id=3596]
  0x0000019d96c07810 GCTaskThread "GC Thread#11" [stack: 0x0000006c69900000,0x0000006c69a00000] [id=31784]
  0x0000019d96c08e10 GCTaskThread "GC Thread#12" [stack: 0x0000006c69c00000,0x0000006c69d00000] [id=11480]

Threads with active compile tasks:
C2 CompilerThread2    16377 13981   !   4       org.eclipse.jdt.internal.compiler.classfmt.ClassFileReader::<init> (2158 bytes)

VM state: not at safepoint (normal execution)

VM Mutex/Monitor currently owned by a thread: None

Heap address: 0x00000000c0000000, size: 1024 MB, Compressed Oops mode: 32-bit

CDS archive(s) not mapped
Compressed class space mapped at: 0x0000000100000000-0x0000000140000000, reserved size: 1073741824
Narrow klass base: 0x0000000000000000, Narrow klass shift: 3, Narrow klass range: 0x140000000

GC Precious Log:
 CPUs: 16 total, 16 available
 Memory: 15789M
 Large Page Support: Disabled
 NUMA Support: Disabled
 Compressed Oops: Enabled (32-bit)
 Alignments: Space 512K, Generation 512K, Heap 2M
 Heap Min Capacity: 100M
 Heap Initial Capacity: 100M
 Heap Max Capacity: 1G
 Pre-touch: Disabled
 Parallel Workers: 13

Heap:
 PSYoungGen      total 20480K, used 7639K [0x00000000eab00000, 0x00000000ec380000, 0x0000000100000000)
  eden space 16896K, 25% used [0x00000000eab00000,0x00000000eaf3b2f8,0x00000000ebb80000)
  from space 3584K, 92% used [0x00000000ec000000,0x00000000ec33acb8,0x00000000ec380000)
  to   space 4096K, 0% used [0x00000000ebb80000,0x00000000ebb80000,0x00000000ebf80000)
 ParOldGen       total 699392K, used 361399K [0x00000000c0000000, 0x00000000eab00000, 0x00000000eab00000)
  object space 699392K, 51% used [0x00000000c0000000,0x00000000d60edc90,0x00000000eab00000)
 Metaspace       used 76143K, committed 77568K, reserved 1179648K
  class space    used 7848K, committed 8448K, reserved 1048576K

Card table byte_map: [0x0000019df6120000,0x0000019df6330000] _byte_map_base: 0x0000019df5b20000

Marking Bits: (ParMarkBitMap*) 0x00007ffebcc9d820
 Begin Bits: [0x0000019df9420000, 0x0000019dfa420000)
 End Bits:   [0x0000019dfa420000, 0x0000019dfb420000)

Polling page: 0x0000019df46e0000

Metaspace:

Usage:
  Non-class:     66.69 MB used.
      Class:      7.66 MB used.
       Both:     74.36 MB used.

Virtual space:
  Non-class space:      128.00 MB reserved,      67.50 MB ( 53%) committed,  2 nodes.
      Class space:        1.00 GB reserved,       8.25 MB ( <1%) committed,  1 nodes.
             Both:        1.12 GB reserved,      75.75 MB (  7%) committed. 

Chunk freelists:
   Non-Class:  11.83 MB
       Class:  7.62 MB
        Both:  19.44 MB

MaxMetaspaceSize: unlimited
CompressedClassSpaceSize: 1.00 GB
Initial GC threshold: 21.00 MB
Current GC threshold: 125.62 MB
CDS: off
MetaspaceReclaimPolicy: balanced
 - commit_granule_bytes: 65536.
 - commit_granule_words: 8192.
 - virtual_space_node_default_size: 8388608.
 - enlarge_chunks_in_place: 1.
 - new_chunks_are_fully_committed: 0.
 - uncommit_free_chunks: 1.
 - use_allocation_guard: 0.
 - handle_deallocations: 1.


Internal statistics:

num_allocs_failed_limit: 9.
num_arena_births: 972.
num_arena_deaths: 36.
num_vsnodes_births: 3.
num_vsnodes_deaths: 0.
num_space_committed: 1212.
num_space_uncommitted: 0.
num_chunks_returned_to_freelist: 55.
num_chunks_taken_from_freelist: 4280.
num_chunk_merges: 19.
num_chunk_splits: 2577.
num_chunks_enlarged: 1405.
num_inconsistent_stats: 0.

CodeHeap 'non-profiled nmethods': size=119168Kb used=8483Kb max_used=8483Kb free=110685Kb
 bounds [0x0000019d87ba0000, 0x0000019d883f0000, 0x0000019d8f000000]
CodeHeap 'profiled nmethods': size=119104Kb used=23116Kb max_used=23632Kb free=95987Kb
 bounds [0x0000019d80000000, 0x0000019d81720000, 0x0000019d87450000]
CodeHeap 'non-nmethods': size=7488Kb used=2511Kb max_used=3196Kb free=4977Kb
 bounds [0x0000019d87450000, 0x0000019d87790000, 0x0000019d87ba0000]
 total_blobs=12162 nmethods=11426 adapters=646
 compilation: enabled
              stopped_count=0, restarted_count=0
 full_count=0

Compilation events (20 events):
Event: 16.130 Thread 0x0000019d94116d90 14152  s    3       org.eclipse.jdt.internal.core.search.processing.JobManager::isJobWaiting (31 bytes)
Event: 16.131 Thread 0x0000019d94116d90 nmethod 14152 0x0000019d812ca590 code [0x0000019d812ca7c0, 0x0000019d812cb068]
Event: 16.131 Thread 0x0000019d942abae0 nmethod 14151 0x0000019d81325e10 code [0x0000019d81326040, 0x0000019d81326b78]
Event: 16.135 Thread 0x0000019d942abae0 14153       3       org.eclipse.jdt.internal.compiler.util.HashtableOfIntValues::put (113 bytes)
Event: 16.135 Thread 0x0000019d942abae0 nmethod 14153 0x0000019d810e1310 code [0x0000019d810e1520, 0x0000019d810e1ba8]
Event: 16.151 Thread 0x0000019d99546600 14154       4       org.eclipse.jdt.internal.compiler.classfmt.MethodInfo::decodeAnnotations (69 bytes)
Event: 16.154 Thread 0x0000019d99546600 nmethod 14154 0x0000019d883d8990 code [0x0000019d883d8b20, 0x0000019d883d8e28]
Event: 16.168 Thread 0x0000019d99546600 14155       4       org.eclipse.jdt.internal.compiler.util.SimpleLookupTable::rehash (86 bytes)
Event: 16.176 Thread 0x0000019d99543630 14156       4       org.eclipse.jdt.internal.core.index.DiskIndex::writeDocumentNumbers (384 bytes)
Event: 16.186 Thread 0x0000019d99546600 nmethod 14155 0x0000019d883d9010 code [0x0000019d883d9220, 0x0000019d883d9f08]
Event: 16.217 Thread 0x0000019d99543630 nmethod 14156 0x0000019d883da690 code [0x0000019d883da8a0, 0x0000019d883dbb10]
Event: 16.219 Thread 0x0000019d94114060 14157       4       org.eclipse.jdt.internal.compiler.util.SimpleLookupTable::rehash (86 bytes)
Event: 16.235 Thread 0x0000019d94114060 nmethod 14157 0x0000019d883dc590 code [0x0000019d883dc7a0, 0x0000019d883dd488]
Event: 16.238 Thread 0x0000019d943e60a0 14158       3       org.eclipse.jdt.internal.core.search.indexing.AddJarFileToIndex::hasPreBuiltIndex (28 bytes)
Event: 16.238 Thread 0x0000019d943e60a0 nmethod 14158 0x0000019d81115890 code [0x0000019d81115a40, 0x0000019d81115d08]
Event: 16.261 Thread 0x0000019d942abae0 14159       3       org.eclipse.jdt.internal.core.search.indexing.IndexManager$MetaIndexUpdateRequest::equals (36 bytes)
Event: 16.261 Thread 0x0000019d942abae0 nmethod 14159 0x0000019d80ee5390 code [0x0000019d80ee5560, 0x0000019d80ee5998]
Event: 16.287 Thread 0x0000019d99544620 14160       4       org.eclipse.jdt.internal.core.search.indexing.BinaryContainer::isIdentifier (44 bytes)
Event: 16.288 Thread 0x0000019d99544620 nmethod 14160 0x0000019d883ddc10 code [0x0000019d883ddda0, 0x0000019d883dde88]
Event: 16.335 Thread 0x0000019d9779ad90 nmethod 14000 0x0000019d883ddf90 code [0x0000019d883de3c0, 0x0000019d883e6738]

GC Heap History (20 events):
Event: 15.569 GC heap before
{Heap before GC invocations=178 (full 21):
 PSYoungGen      total 22528K, used 22523K [0x00000000eab00000, 0x00000000ecd80000, 0x0000000100000000)
  eden space 14848K, 100% used [0x00000000eab00000,0x00000000eb980000,0x00000000eb980000)
  from space 7680K, 99% used [0x00000000ebb80000,0x00000000ec2fef40,0x00000000ec300000)
  to   space 10240K, 0% used [0x00000000ec380000,0x00000000ec380000,0x00000000ecd80000)
 ParOldGen       total 699392K, used 353920K [0x00000000c0000000, 0x00000000eab00000, 0x00000000eab00000)
  object space 699392K, 50% used [0x00000000c0000000,0x00000000d59a0258,0x00000000eab00000)
 Metaspace       used 76037K, committed 77440K, reserved 1179648K
  class space    used 7841K, committed 8448K, reserved 1048576K
}
Event: 15.573 GC heap after
{Heap after GC invocations=178 (full 21):
 PSYoungGen      total 19456K, used 3990K [0x00000000eab00000, 0x00000000ec780000, 0x0000000100000000)
  eden space 15360K, 0% used [0x00000000eab00000,0x00000000eab00000,0x00000000eba00000)
  from space 4096K, 97% used [0x00000000ec380000,0x00000000ec7658a0,0x00000000ec780000)
  to   space 6144K, 0% used [0x00000000ebb80000,0x00000000ebb80000,0x00000000ec180000)
 ParOldGen       total 699392K, used 357263K [0x00000000c0000000, 0x00000000eab00000, 0x00000000eab00000)
  object space 699392K, 51% used [0x00000000c0000000,0x00000000d5ce3c90,0x00000000eab00000)
 Metaspace       used 76037K, committed 77440K, reserved 1179648K
  class space    used 7841K, committed 8448K, reserved 1048576K
}
Event: 15.616 GC heap before
{Heap before GC invocations=179 (full 21):
 PSYoungGen      total 19456K, used 19350K [0x00000000eab00000, 0x00000000ec780000, 0x0000000100000000)
  eden space 15360K, 100% used [0x00000000eab00000,0x00000000eba00000,0x00000000eba00000)
  from space 4096K, 97% used [0x00000000ec380000,0x00000000ec7658a0,0x00000000ec780000)
  to   space 6144K, 0% used [0x00000000ebb80000,0x00000000ebb80000,0x00000000ec180000)
 ParOldGen       total 699392K, used 357263K [0x00000000c0000000, 0x00000000eab00000, 0x00000000eab00000)
  object space 699392K, 51% used [0x00000000c0000000,0x00000000d5ce3c90,0x00000000eab00000)
 Metaspace       used 76063K, committed 77440K, reserved 1179648K
  class space    used 7841K, committed 8448K, reserved 1048576K
}
Event: 15.619 GC heap after
{Heap after GC invocations=179 (full 21):
 PSYoungGen      total 21504K, used 5130K [0x00000000eab00000, 0x00000000ec580000, 0x0000000100000000)
  eden space 15872K, 0% used [0x00000000eab00000,0x00000000eab00000,0x00000000eba80000)
  from space 5632K, 91% used [0x00000000ebb80000,0x00000000ec082aa0,0x00000000ec100000)
  to   space 4608K, 0% used [0x00000000ec100000,0x00000000ec100000,0x00000000ec580000)
 ParOldGen       total 699392K, used 357271K [0x00000000c0000000, 0x00000000eab00000, 0x00000000eab00000)
  object space 699392K, 51% used [0x00000000c0000000,0x00000000d5ce5c90,0x00000000eab00000)
 Metaspace       used 76063K, committed 77440K, reserved 1179648K
  class space    used 7841K, committed 8448K, reserved 1048576K
}
Event: 15.667 GC heap before
{Heap before GC invocations=180 (full 21):
 PSYoungGen      total 21504K, used 21002K [0x00000000eab00000, 0x00000000ec580000, 0x0000000100000000)
  eden space 15872K, 100% used [0x00000000eab00000,0x00000000eba80000,0x00000000eba80000)
  from space 5632K, 91% used [0x00000000ebb80000,0x00000000ec082aa0,0x00000000ec100000)
  to   space 4608K, 0% used [0x00000000ec100000,0x00000000ec100000,0x00000000ec580000)
 ParOldGen       total 699392K, used 357271K [0x00000000c0000000, 0x00000000eab00000, 0x00000000eab00000)
  object space 699392K, 51% used [0x00000000c0000000,0x00000000d5ce5c90,0x00000000eab00000)
 Metaspace       used 76069K, committed 77440K, reserved 1179648K
  class space    used 7841K, committed 8448K, reserved 1048576K
}
Event: 15.672 GC heap after
{Heap after GC invocations=180 (full 21):
 PSYoungGen      total 19456K, used 4606K [0x00000000eab00000, 0x00000000eca00000, 0x0000000100000000)
  eden space 14848K, 0% used [0x00000000eab00000,0x00000000eab00000,0x00000000eb980000)
  from space 4608K, 99% used [0x00000000ec100000,0x00000000ec57f960,0x00000000ec580000)
  to   space 7680K, 0% used [0x00000000eb980000,0x00000000eb980000,0x00000000ec100000)
 ParOldGen       total 699392K, used 359671K [0x00000000c0000000, 0x00000000eab00000, 0x00000000eab00000)
  object space 699392K, 51% used [0x00000000c0000000,0x00000000d5f3dc90,0x00000000eab00000)
 Metaspace       used 76069K, committed 77440K, reserved 1179648K
  class space    used 7841K, committed 8448K, reserved 1048576K
}
Event: 15.725 GC heap before
{Heap before GC invocations=181 (full 21):
 PSYoungGen      total 19456K, used 19454K [0x00000000eab00000, 0x00000000eca00000, 0x0000000100000000)
  eden space 14848K, 100% used [0x00000000eab00000,0x00000000eb980000,0x00000000eb980000)
  from space 4608K, 99% used [0x00000000ec100000,0x00000000ec57f960,0x00000000ec580000)
  to   space 7680K, 0% used [0x00000000eb980000,0x00000000eb980000,0x00000000ec100000)
 ParOldGen       total 699392K, used 359671K [0x00000000c0000000, 0x00000000eab00000, 0x00000000eab00000)
  object space 699392K, 51% used [0x00000000c0000000,0x00000000d5f3dc90,0x00000000eab00000)
 Metaspace       used 76070K, committed 77440K, reserved 1179648K
  class space    used 7841K, committed 8448K, reserved 1048576K
}
Event: 15.730 GC heap after
{Heap after GC invocations=181 (full 21):
 PSYoungGen      total 19968K, used 4947K [0x00000000eab00000, 0x00000000ec600000, 0x0000000100000000)
  eden space 14848K, 0% used [0x00000000eab00000,0x00000000eab00000,0x00000000eb980000)
  from space 5120K, 96% used [0x00000000eb980000,0x00000000ebe54f48,0x00000000ebe80000)
  to   space 6144K, 0% used [0x00000000ec000000,0x00000000ec000000,0x00000000ec600000)
 ParOldGen       total 699392K, used 360007K [0x00000000c0000000, 0x00000000eab00000, 0x00000000eab00000)
  object space 699392K, 51% used [0x00000000c0000000,0x00000000d5f91c90,0x00000000eab00000)
 Metaspace       used 76070K, committed 77440K, reserved 1179648K
  class space    used 7841K, committed 8448K, reserved 1048576K
}
Event: 15.919 GC heap before
{Heap before GC invocations=182 (full 21):
 PSYoungGen      total 19968K, used 19795K [0x00000000eab00000, 0x00000000ec600000, 0x0000000100000000)
  eden space 14848K, 100% used [0x00000000eab00000,0x00000000eb980000,0x00000000eb980000)
  from space 5120K, 96% used [0x00000000eb980000,0x00000000ebe54f48,0x00000000ebe80000)
  to   space 6144K, 0% used [0x00000000ec000000,0x00000000ec000000,0x00000000ec600000)
 ParOldGen       total 699392K, used 360007K [0x00000000c0000000, 0x00000000eab00000, 0x00000000eab00000)
  object space 699392K, 51% used [0x00000000c0000000,0x00000000d5f91c90,0x00000000eab00000)
 Metaspace       used 76073K, committed 77440K, reserved 1179648K
  class space    used 7841K, committed 8448K, reserved 1048576K
}
Event: 15.922 GC heap after
{Heap after GC invocations=182 (full 21):
 PSYoungGen      total 18432K, used 2608K [0x00000000eab00000, 0x00000000ec300000, 0x0000000100000000)
  eden space 15360K, 0% used [0x00000000eab00000,0x00000000eab00000,0x00000000eba00000)
  from space 3072K, 84% used [0x00000000ec000000,0x00000000ec28c2f0,0x00000000ec300000)
  to   space 4096K, 0% used [0x00000000ebb00000,0x00000000ebb00000,0x00000000ebf00000)
 ParOldGen       total 699392K, used 360007K [0x00000000c0000000, 0x00000000eab00000, 0x00000000eab00000)
  object space 699392K, 51% used [0x00000000c0000000,0x00000000d5f91c90,0x00000000eab00000)
 Metaspace       used 76073K, committed 77440K, reserved 1179648K
  class space    used 7841K, committed 8448K, reserved 1048576K
}
Event: 16.005 GC heap before
{Heap before GC invocations=183 (full 21):
 PSYoungGen      total 18432K, used 17968K [0x00000000eab00000, 0x00000000ec300000, 0x0000000100000000)
  eden space 15360K, 100% used [0x00000000eab00000,0x00000000eba00000,0x00000000eba00000)
  from space 3072K, 84% used [0x00000000ec000000,0x00000000ec28c2f0,0x00000000ec300000)
  to   space 4096K, 0% used [0x00000000ebb00000,0x00000000ebb00000,0x00000000ebf00000)
 ParOldGen       total 699392K, used 360007K [0x00000000c0000000, 0x00000000eab00000, 0x00000000eab00000)
  object space 699392K, 51% used [0x00000000c0000000,0x00000000d5f91c90,0x00000000eab00000)
 Metaspace       used 76124K, committed 77568K, reserved 1179648K
  class space    used 7848K, committed 8448K, reserved 1048576K
}
Event: 16.008 GC heap after
{Heap after GC invocations=183 (full 21):
 PSYoungGen      total 19456K, used 3077K [0x00000000eab00000, 0x00000000ec180000, 0x0000000100000000)
  eden space 15872K, 0% used [0x00000000eab00000,0x00000000eab00000,0x00000000eba80000)
  from space 3584K, 85% used [0x00000000ebb00000,0x00000000ebe01738,0x00000000ebe80000)
  to   space 3072K, 0% used [0x00000000ebe80000,0x00000000ebe80000,0x00000000ec180000)
 ParOldGen       total 699392K, used 360007K [0x00000000c0000000, 0x00000000eab00000, 0x00000000eab00000)
  object space 699392K, 51% used [0x00000000c0000000,0x00000000d5f91c90,0x00000000eab00000)
 Metaspace       used 76124K, committed 77568K, reserved 1179648K
  class space    used 7848K, committed 8448K, reserved 1048576K
}
Event: 16.097 GC heap before
{Heap before GC invocations=184 (full 21):
 PSYoungGen      total 19456K, used 18949K [0x00000000eab00000, 0x00000000ec180000, 0x0000000100000000)
  eden space 15872K, 100% used [0x00000000eab00000,0x00000000eba80000,0x00000000eba80000)
  from space 3584K, 85% used [0x00000000ebb00000,0x00000000ebe01738,0x00000000ebe80000)
  to   space 3072K, 0% used [0x00000000ebe80000,0x00000000ebe80000,0x00000000ec180000)
 ParOldGen       total 699392K, used 360007K [0x00000000c0000000, 0x00000000eab00000, 0x00000000eab00000)
  object space 699392K, 51% used [0x00000000c0000000,0x00000000d5f91c90,0x00000000eab00000)
 Metaspace       used 76139K, committed 77568K, reserved 1179648K
  class space    used 7848K, committed 8448K, reserved 1048576K
}
Event: 16.099 GC heap after
{Heap after GC invocations=184 (full 21):
 PSYoungGen      total 19456K, used 3031K [0x00000000eab00000, 0x00000000ec180000, 0x0000000100000000)
  eden space 16384K, 0% used [0x00000000eab00000,0x00000000eab00000,0x00000000ebb00000)
  from space 3072K, 98% used [0x00000000ebe80000,0x00000000ec175c38,0x00000000ec180000)
  to   space 3072K, 0% used [0x00000000ebb80000,0x00000000ebb80000,0x00000000ebe80000)
 ParOldGen       total 699392K, used 360015K [0x00000000c0000000, 0x00000000eab00000, 0x00000000eab00000)
  object space 699392K, 51% used [0x00000000c0000000,0x00000000d5f93c90,0x00000000eab00000)
 Metaspace       used 76139K, committed 77568K, reserved 1179648K
  class space    used 7848K, committed 8448K, reserved 1048576K
}
Event: 16.195 GC heap before
{Heap before GC invocations=185 (full 21):
 PSYoungGen      total 19456K, used 19415K [0x00000000eab00000, 0x00000000ec180000, 0x0000000100000000)
  eden space 16384K, 100% used [0x00000000eab00000,0x00000000ebb00000,0x00000000ebb00000)
  from space 3072K, 98% used [0x00000000ebe80000,0x00000000ec175c38,0x00000000ec180000)
  to   space 3072K, 0% used [0x00000000ebb80000,0x00000000ebb80000,0x00000000ebe80000)
 ParOldGen       total 699392K, used 360015K [0x00000000c0000000, 0x00000000eab00000, 0x00000000eab00000)
  object space 699392K, 51% used [0x00000000c0000000,0x00000000d5f93c90,0x00000000eab00000)
 Metaspace       used 76142K, committed 77568K, reserved 1179648K
  class space    used 7848K, committed 8448K, reserved 1048576K
}
Event: 16.197 GC heap after
{Heap after GC invocations=185 (full 21):
 PSYoungGen      total 19456K, used 2209K [0x00000000eab00000, 0x00000000ec080000, 0x0000000100000000)
  eden space 16896K, 0% used [0x00000000eab00000,0x00000000eab00000,0x00000000ebb80000)
  from space 2560K, 86% used [0x00000000ebb80000,0x00000000ebda85d0,0x00000000ebe00000)
  to   space 2560K, 0% used [0x00000000ebe00000,0x00000000ebe00000,0x00000000ec080000)
 ParOldGen       total 699392K, used 360015K [0x00000000c0000000, 0x00000000eab00000, 0x00000000eab00000)
  object space 699392K, 51% used [0x00000000c0000000,0x00000000d5f93c90,0x00000000eab00000)
 Metaspace       used 76142K, committed 77568K, reserved 1179648K
  class space    used 7848K, committed 8448K, reserved 1048576K
}
Event: 16.268 GC heap before
{Heap before GC invocations=186 (full 21):
 PSYoungGen      total 19456K, used 19105K [0x00000000eab00000, 0x00000000ec080000, 0x0000000100000000)
  eden space 16896K, 100% used [0x00000000eab00000,0x00000000ebb80000,0x00000000ebb80000)
  from space 2560K, 86% used [0x00000000ebb80000,0x00000000ebda85d0,0x00000000ebe00000)
  to   space 2560K, 0% used [0x00000000ebe00000,0x00000000ebe00000,0x00000000ec080000)
 ParOldGen       total 699392K, used 360015K [0x00000000c0000000, 0x00000000eab00000, 0x00000000eab00000)
  object space 699392K, 51% used [0x00000000c0000000,0x00000000d5f93c90,0x00000000eab00000)
 Metaspace       used 76143K, committed 77568K, reserved 1179648K
  class space    used 7848K, committed 8448K, reserved 1048576K
}
Event: 16.271 GC heap after
{Heap after GC invocations=186 (full 21):
 PSYoungGen      total 18944K, used 2503K [0x00000000eab00000, 0x00000000ec200000, 0x0000000100000000)
  eden space 16384K, 0% used [0x00000000eab00000,0x00000000eab00000,0x00000000ebb00000)
  from space 2560K, 97% used [0x00000000ebe00000,0x00000000ec071c30,0x00000000ec080000)
  to   space 3072K, 0% used [0x00000000ebb00000,0x00000000ebb00000,0x00000000ebe00000)
 ParOldGen       total 699392K, used 360015K [0x00000000c0000000, 0x00000000eab00000, 0x00000000eab00000)
  object space 699392K, 51% used [0x00000000c0000000,0x00000000d5f93c90,0x00000000eab00000)
 Metaspace       used 76143K, committed 77568K, reserved 1179648K
  class space    used 7848K, committed 8448K, reserved 1048576K
}
Event: 16.308 GC heap before
{Heap before GC invocations=187 (full 21):
 PSYoungGen      total 18944K, used 18887K [0x00000000eab00000, 0x00000000ec200000, 0x0000000100000000)
  eden space 16384K, 100% used [0x00000000eab00000,0x00000000ebb00000,0x00000000ebb00000)
  from space 2560K, 97% used [0x00000000ebe00000,0x00000000ec071c30,0x00000000ec080000)
  to   space 3072K, 0% used [0x00000000ebb00000,0x00000000ebb00000,0x00000000ebe00000)
 ParOldGen       total 699392K, used 360015K [0x00000000c0000000, 0x00000000eab00000, 0x00000000eab00000)
  object space 699392K, 51% used [0x00000000c0000000,0x00000000d5f93c90,0x00000000eab00000)
 Metaspace       used 76143K, committed 77568K, reserved 1179648K
  class space    used 7848K, committed 8448K, reserved 1048576K
}
Event: 16.311 GC heap after
{Heap after GC invocations=187 (full 21):
 PSYoungGen      total 19456K, used 3069K [0x00000000eab00000, 0x00000000ec480000, 0x0000000100000000)
  eden space 16384K, 0% used [0x00000000eab00000,0x00000000eab00000,0x00000000ebb00000)
  from space 3072K, 99% used [0x00000000ebb00000,0x00000000ebdff438,0x00000000ebe00000)
  to   space 4608K, 0% used [0x00000000ec000000,0x00000000ec000000,0x00000000ec480000)
 ParOldGen       total 699392K, used 361175K [0x00000000c0000000, 0x00000000eab00000, 0x00000000eab00000)
  object space 699392K, 51% used [0x00000000c0000000,0x00000000d60b5c90,0x00000000eab00000)
 Metaspace       used 76143K, committed 77568K, reserved 1179648K
  class space    used 7848K, committed 8448K, reserved 1048576K
}

Dll operation events (11 events):
Event: 0.012 Loaded shared library c:\Users\cheng\.cursor\extensions\redhat.java-1.31.0-win32-x64\jre\17.0.11-win32-x86_64\bin\java.dll
Event: 0.144 Loaded shared library c:\Users\cheng\.cursor\extensions\redhat.java-1.31.0-win32-x64\jre\17.0.11-win32-x86_64\bin\zip.dll
Event: 0.146 Loaded shared library C:\Users\cheng\.cursor\extensions\redhat.java-1.31.0-win32-x64\jre\17.0.11-win32-x86_64\bin\instrument.dll
Event: 0.157 Loaded shared library C:\Users\cheng\.cursor\extensions\redhat.java-1.31.0-win32-x64\jre\17.0.11-win32-x86_64\bin\net.dll
Event: 0.159 Loaded shared library C:\Users\cheng\.cursor\extensions\redhat.java-1.31.0-win32-x64\jre\17.0.11-win32-x86_64\bin\nio.dll
Event: 0.166 Loaded shared library C:\Users\cheng\.cursor\extensions\redhat.java-1.31.0-win32-x64\jre\17.0.11-win32-x86_64\bin\zip.dll
Event: 0.184 Loaded shared library C:\Users\cheng\.cursor\extensions\redhat.java-1.31.0-win32-x64\jre\17.0.11-win32-x86_64\bin\jimage.dll
Event: 0.239 Loaded shared library c:\Users\cheng\.cursor\extensions\redhat.java-1.31.0-win32-x64\jre\17.0.11-win32-x86_64\bin\verify.dll
Event: 1.328 Loaded shared library C:\Users\cheng\AppData\Roaming\Cursor\User\globalStorage\redhat.java\1.31.0\config_win\org.eclipse.equinox.launcher\org.eclipse.equinox.launcher.win32.win32.x86_64_1.2.1000.v20240507-1834\eclipse_11902.dll
Event: 3.539 Loaded shared library C:\Users\cheng\AppData\Local\Temp\jna-94627417\jna5001030078639985836.dll
Event: 8.643 Loaded shared library C:\Users\cheng\.cursor\extensions\redhat.java-1.31.0-win32-x64\jre\17.0.11-win32-x86_64\bin\sunmscapi.dll

Deoptimization events (20 events):
Event: 16.209 Thread 0x0000019d97588be0 DEOPT PACKING pc=0x0000019d812c13c5 sp=0x0000006c69efef40
Event: 16.209 Thread 0x0000019d97588be0 DEOPT UNPACKING pc=0x0000019d874a6e43 sp=0x0000006c69efe4e0 mode 0
Event: 16.215 Thread 0x0000019d97588be0 DEOPT PACKING pc=0x0000019d812c13c5 sp=0x0000006c69efef40
Event: 16.215 Thread 0x0000019d97588be0 DEOPT UNPACKING pc=0x0000019d874a6e43 sp=0x0000006c69efe4e0 mode 0
Event: 16.241 Thread 0x0000019d97588be0 DEOPT PACKING pc=0x0000019d812c13c5 sp=0x0000006c69efef40
Event: 16.241 Thread 0x0000019d97588be0 DEOPT UNPACKING pc=0x0000019d874a6e43 sp=0x0000006c69efe4e0 mode 0
Event: 16.265 Thread 0x0000019d97588be0 DEOPT PACKING pc=0x0000019d812c13c5 sp=0x0000006c69efef40
Event: 16.265 Thread 0x0000019d97588be0 DEOPT UNPACKING pc=0x0000019d874a6e43 sp=0x0000006c69efe4e0 mode 0
Event: 16.274 Thread 0x0000019d97588be0 DEOPT PACKING pc=0x0000019d812c13c5 sp=0x0000006c69efef40
Event: 16.274 Thread 0x0000019d97588be0 DEOPT UNPACKING pc=0x0000019d874a6e43 sp=0x0000006c69efe4e0 mode 0
Event: 16.286 Thread 0x0000019d97588be0 DEOPT PACKING pc=0x0000019d812c13c5 sp=0x0000006c69efef40
Event: 16.286 Thread 0x0000019d97588be0 DEOPT UNPACKING pc=0x0000019d874a6e43 sp=0x0000006c69efe4e0 mode 0
Event: 16.300 Thread 0x0000019d97588be0 DEOPT PACKING pc=0x0000019d812c13c5 sp=0x0000006c69efef40
Event: 16.300 Thread 0x0000019d97588be0 DEOPT UNPACKING pc=0x0000019d874a6e43 sp=0x0000006c69efe4e0 mode 0
Event: 16.308 Thread 0x0000019d97588be0 DEOPT PACKING pc=0x0000019d812c13c5 sp=0x0000006c69efef40
Event: 16.308 Thread 0x0000019d97588be0 DEOPT UNPACKING pc=0x0000019d874a6e43 sp=0x0000006c69efe4e0 mode 0
Event: 16.353 Thread 0x0000019d97588be0 DEOPT PACKING pc=0x0000019d812c13c5 sp=0x0000006c69efef40
Event: 16.353 Thread 0x0000019d97588be0 DEOPT UNPACKING pc=0x0000019d874a6e43 sp=0x0000006c69efe4e0 mode 0
Event: 16.358 Thread 0x0000019d97588be0 DEOPT PACKING pc=0x0000019d812c13c5 sp=0x0000006c69efef40
Event: 16.358 Thread 0x0000019d97588be0 DEOPT UNPACKING pc=0x0000019d874a6e43 sp=0x0000006c69efe4e0 mode 0

Classes unloaded (18 events):
Event: 3.364 Thread 0x0000019df683e8a0 Unloading class 0x0000000100250800 'java/lang/invoke/LambdaForm$MH+0x0000000100250800'
Event: 3.364 Thread 0x0000019df683e8a0 Unloading class 0x0000000100250400 'java/lang/invoke/LambdaForm$MH+0x0000000100250400'
Event: 3.364 Thread 0x0000019df683e8a0 Unloading class 0x0000000100250000 'java/lang/invoke/LambdaForm$MH+0x0000000100250000'
Event: 3.364 Thread 0x0000019df683e8a0 Unloading class 0x000000010024bc00 'java/lang/invoke/LambdaForm$MH+0x000000010024bc00'
Event: 3.364 Thread 0x0000019df683e8a0 Unloading class 0x000000010024b800 'java/lang/invoke/LambdaForm$BMH+0x000000010024b800'
Event: 3.364 Thread 0x0000019df683e8a0 Unloading class 0x000000010024b400 'java/lang/invoke/LambdaForm$DMH+0x000000010024b400'
Event: 3.364 Thread 0x0000019df683e8a0 Unloading class 0x0000000100248800 'java/lang/invoke/LambdaForm$DMH+0x0000000100248800'
Event: 11.342 Thread 0x0000019df683e8a0 Unloading class 0x00000001007a0000 'java/lang/invoke/LambdaForm$DMH+0x00000001007a0000'
Event: 11.342 Thread 0x0000019df683e8a0 Unloading class 0x0000000100790400 'java/lang/invoke/LambdaForm$DMH+0x0000000100790400'
Event: 11.342 Thread 0x0000019df683e8a0 Unloading class 0x0000000100780800 'java/lang/invoke/LambdaForm$MH+0x0000000100780800'
Event: 11.342 Thread 0x0000019df683e8a0 Unloading class 0x0000000100780c00 'java/lang/invoke/LambdaForm$MH+0x0000000100780c00'
Event: 11.342 Thread 0x0000019df683e8a0 Unloading class 0x0000000100780400 'java/lang/invoke/LambdaForm$MH+0x0000000100780400'
Event: 11.342 Thread 0x0000019df683e8a0 Unloading class 0x0000000100780000 'java/lang/invoke/LambdaForm$MH+0x0000000100780000'
Event: 11.342 Thread 0x0000019df683e8a0 Unloading class 0x000000010073d800 'java/lang/invoke/LambdaForm$DMH+0x000000010073d800'
Event: 11.342 Thread 0x0000019df683e8a0 Unloading class 0x000000010073c800 'java/lang/invoke/LambdaForm$DMH+0x000000010073c800'
Event: 11.342 Thread 0x0000019df683e8a0 Unloading class 0x000000010073d000 'java/lang/invoke/LambdaForm$DMH+0x000000010073d000'
Event: 11.342 Thread 0x0000019df683e8a0 Unloading class 0x000000010073cc00 'java/lang/invoke/LambdaForm$DMH+0x000000010073cc00'
Event: 12.786 Thread 0x0000019df683e8a0 Unloading class 0x00000001007fc400 'java/lang/invoke/LambdaForm$DMH+0x00000001007fc400'

Classes redefined (0 events):
No events

Internal exceptions (20 events):
Event: 15.624 Thread 0x0000019d9758be80 Exception <a 'sun/nio/fs/WindowsException'{0x00000000eacc74c0}> (0x00000000eacc74c0) 
thrown [s\src\hotspot\share\prims\jni.cpp, line 516]
Event: 15.624 Thread 0x0000019d9758be80 Exception <a 'sun/nio/fs/WindowsException'{0x00000000eacc7af8}> (0x00000000eacc7af8) 
thrown [s\src\hotspot\share\prims\jni.cpp, line 516]
Event: 15.624 Thread 0x0000019d9758be80 Exception <a 'sun/nio/fs/WindowsException'{0x00000000eacc85b0}> (0x00000000eacc85b0) 
thrown [s\src\hotspot\share\prims\jni.cpp, line 516]
Event: 15.624 Thread 0x0000019d9758be80 Exception <a 'sun/nio/fs/WindowsException'{0x00000000eacc8be8}> (0x00000000eacc8be8) 
thrown [s\src\hotspot\share\prims\jni.cpp, line 516]
Event: 15.625 Thread 0x0000019d9758be80 Exception <a 'sun/nio/fs/WindowsException'{0x00000000eacca128}> (0x00000000eacca128) 
thrown [s\src\hotspot\share\prims\jni.cpp, line 516]
Event: 15.625 Thread 0x0000019d9758be80 Exception <a 'sun/nio/fs/WindowsException'{0x00000000eacca760}> (0x00000000eacca760) 
thrown [s\src\hotspot\share\prims\jni.cpp, line 516]
Event: 15.629 Thread 0x0000019d9758be80 Exception <a 'sun/nio/fs/WindowsException'{0x00000000eae76600}> (0x00000000eae76600) 
thrown [s\src\hotspot\share\prims\jni.cpp, line 516]
Event: 15.629 Thread 0x0000019d9758be80 Exception <a 'sun/nio/fs/WindowsException'{0x00000000eae76ee0}> (0x00000000eae76ee0) 
thrown [s\src\hotspot\share\prims\jni.cpp, line 516]
Event: 15.886 Thread 0x0000019d97588be0 Exception <a 'sun/nio/fs/WindowsException'{0x00000000eb112ae8}> (0x00000000eb112ae8) 
thrown [s\src\hotspot\share\prims\jni.cpp, line 516]
Event: 15.901 Thread 0x0000019d97588be0 Exception <a 'sun/nio/fs/WindowsException'{0x00000000eb51f828}> (0x00000000eb51f828) 
thrown [s\src\hotspot\share\prims\jni.cpp, line 516]
Event: 15.957 Thread 0x0000019d97588be0 Exception <a 'sun/nio/fs/WindowsException'{0x00000000eaef0da0}> (0x00000000eaef0da0) 
thrown [s\src\hotspot\share\prims\jni.cpp, line 516]
Event: 16.062 Thread 0x0000019d97588be0 Exception <a 'sun/nio/fs/WindowsException'{0x00000000eb41e3f0}> (0x00000000eb41e3f0) 
thrown [s\src\hotspot\share\prims\jni.cpp, line 516]
Event: 16.079 Thread 0x0000019d97588be0 Exception <a 'sun/nio/fs/WindowsException'{0x00000000eb4a4d70}> (0x00000000eb4a4d70) 
thrown [s\src\hotspot\share\prims\jni.cpp, line 516]
Event: 16.129 Thread 0x0000019d97588be0 Exception <a 'sun/nio/fs/WindowsException'{0x00000000eafbf178}> (0x00000000eafbf178) 
thrown [s\src\hotspot\share\prims\jni.cpp, line 516]
Event: 16.137 Thread 0x0000019d97588be0 Exception <a 'sun/nio/fs/WindowsException'{0x00000000eafdd6c0}> (0x00000000eafdd6c0) 
thrown [s\src\hotspot\share\prims\jni.cpp, line 516]
Event: 16.148 Thread 0x0000019d97588be0 Exception <a 'sun/nio/fs/WindowsException'{0x00000000eb049790}> (0x00000000eb049790) 
thrown [s\src\hotspot\share\prims\jni.cpp, line 516]
Event: 16.187 Thread 0x0000019d97588be0 Exception <a 'sun/nio/fs/WindowsException'{0x00000000eb956600}> (0x00000000eb956600) 
thrown [s\src\hotspot\share\prims\jni.cpp, line 516]
Event: 16.237 Thread 0x0000019d97588be0 Exception <a 'sun/nio/fs/WindowsException'{0x00000000eb66a2a8}> (0x00000000eb66a2a8) 
thrown [s\src\hotspot\share\prims\jni.cpp, line 516]
Event: 16.260 Thread 0x0000019d97588be0 Exception <a 'sun/nio/fs/WindowsException'{0x00000000eb9c7b20}> (0x00000000eb9c7b20) 
thrown [s\src\hotspot\share\prims\jni.cpp, line 516]
Event: 16.344 Thread 0x0000019d97588be0 Exception <a 'sun/nio/fs/WindowsException'{0x00000000eb0b14c0}> (0x00000000eb0b14c0) 
thrown [s\src\hotspot\share\prims\jni.cpp, line 516]

VM Operations (20 events):
Event: 15.569 Executing VM operation: ParallelGCFailedAllocation
Event: 15.573 Executing VM operation: ParallelGCFailedAllocation done
Event: 15.616 Executing VM operation: ParallelGCFailedAllocation
Event: 15.619 Executing VM operation: ParallelGCFailedAllocation done
Event: 15.667 Executing VM operation: ParallelGCFailedAllocation
Event: 15.672 Executing VM operation: ParallelGCFailedAllocation done
Event: 15.725 Executing VM operation: ParallelGCFailedAllocation
Event: 15.730 Executing VM operation: ParallelGCFailedAllocation done
Event: 15.919 Executing VM operation: ParallelGCFailedAllocation
Event: 15.922 Executing VM operation: ParallelGCFailedAllocation done
Event: 16.004 Executing VM operation: ParallelGCFailedAllocation
Event: 16.008 Executing VM operation: ParallelGCFailedAllocation done
Event: 16.097 Executing VM operation: ParallelGCFailedAllocation
Event: 16.099 Executing VM operation: ParallelGCFailedAllocation done
Event: 16.195 Executing VM operation: ParallelGCFailedAllocation
Event: 16.197 Executing VM operation: ParallelGCFailedAllocation done
Event: 16.268 Executing VM operation: ParallelGCFailedAllocation
Event: 16.271 Executing VM operation: ParallelGCFailedAllocation done
Event: 16.308 Executing VM operation: ParallelGCFailedAllocation
Event: 16.311 Executing VM operation: ParallelGCFailedAllocation done

Events (20 events):
Event: 14.910 Thread 0x0000019d941196b0 flushing nmethod 0x0000019d81451690
Event: 14.910 Thread 0x0000019d941196b0 flushing nmethod 0x0000019d8146fc10
Event: 14.910 Thread 0x0000019d941196b0 flushing nmethod 0x0000019d81470f90
Event: 14.910 Thread 0x0000019d941196b0 flushing nmethod 0x0000019d81474510
Event: 14.916 Thread 0x0000019d941196b0 flushing nmethod 0x0000019d81476890
Event: 14.916 Thread 0x0000019d941196b0 flushing nmethod 0x0000019d8147e410
Event: 14.916 Thread 0x0000019d941196b0 flushing nmethod 0x0000019d8147ec10
Event: 14.916 Thread 0x0000019d941196b0 flushing nmethod 0x0000019d81488f90
Event: 14.916 Thread 0x0000019d941196b0 flushing nmethod 0x0000019d81492610
Event: 14.916 Thread 0x0000019d941196b0 flushing nmethod 0x0000019d814c0990
Event: 14.916 Thread 0x0000019d941196b0 flushing nmethod 0x0000019d814c6210
Event: 14.916 Thread 0x0000019d941196b0 flushing nmethod 0x0000019d814d0010
Event: 14.917 Thread 0x0000019d941196b0 flushing nmethod 0x0000019d81605290
Event: 14.917 Thread 0x0000019d941196b0 flushing nmethod 0x0000019d81605c10
Event: 14.917 Thread 0x0000019d941196b0 flushing nmethod 0x0000019d81606690
Event: 15.012 Thread 0x0000019d99544620 Thread added: 0x0000019d99544620
Event: 15.012 Thread 0x0000019d99543630 Thread added: 0x0000019d99543630
Event: 15.109 Thread 0x0000019d99543b80 Thread added: 0x0000019d99543b80
Event: 15.114 Thread 0x0000019d99546600 Thread added: 0x0000019d99546600
Event: 16.287 Thread 0x0000019d99546600 Thread exited: 0x0000019d99546600


Dynamic libraries:
0x00007ff7ed6f0000 - 0x00007ff7ed6fe000 	c:\Users\cheng\.cursor\extensions\redhat.java-1.31.0-win32-x64\jre\17.0.11-win32-x86_64\bin\java.exe
0x00007fff24370000 - 0x00007fff24587000 	C:\WINDOWS\SYSTEM32\ntdll.dll
0x00007fff23140000 - 0x00007fff23204000 	C:\WINDOWS\System32\KERNEL32.DLL
0x00007fff21950000 - 0x00007fff21cf7000 	C:\WINDOWS\System32\KERNELBASE.dll
0x00007fff1e430000 - 0x00007fff1e4c7000 	C:\WINDOWS\SYSTEM32\apphelp.dll
0x00007fff21e20000 - 0x00007fff21f31000 	C:\WINDOWS\System32\ucrtbase.dll
0x00007fff121c0000 - 0x00007fff121d7000 	c:\Users\cheng\.cursor\extensions\redhat.java-1.31.0-win32-x64\jre\17.0.11-win32-x86_64\bin\jli.dll
0x00007fff121a0000 - 0x00007fff121bb000 	c:\Users\cheng\.cursor\extensions\redhat.java-1.31.0-win32-x64\jre\17.0.11-win32-x86_64\bin\VCRUNTIME140.dll
0x00007fff23590000 - 0x00007fff2373e000 	C:\WINDOWS\System32\USER32.dll
0x00007fff0f6b0000 - 0x00007fff0f943000 	C:\WINDOWS\WinSxS\amd64_microsoft.windows.common-controls_6595b64144ccf1df_6.0.22621.3527_none_270e469b73872a76\COMCTL32.dll
0x00007fff24000000 - 0x00007fff240a7000 	C:\WINDOWS\System32\msvcrt.dll
0x00007fff22000000 - 0x00007fff22026000 	C:\WINDOWS\System32\win32u.dll
0x00007fff22150000 - 0x00007fff22179000 	C:\WINDOWS\System32\GDI32.dll
0x00007fff21d00000 - 0x00007fff21e19000 	C:\WINDOWS\System32\gdi32full.dll
0x00007fff216c0000 - 0x00007fff2175a000 	C:\WINDOWS\System32\msvcp_win.dll
0x00007fff22ce0000 - 0x00007fff22d11000 	C:\WINDOWS\System32\IMM32.DLL
0x00007fff1a8c0000 - 0x00007fff1a8cc000 	c:\Users\cheng\.cursor\extensions\redhat.java-1.31.0-win32-x64\jre\17.0.11-win32-x86_64\bin\vcruntime140_1.dll
0x00007ffee3250000 - 0x00007ffee32dd000 	c:\Users\cheng\.cursor\extensions\redhat.java-1.31.0-win32-x64\jre\17.0.11-win32-x86_64\bin\msvcp140.dll
0x00007ffebc100000 - 0x00007ffebcd62000 	c:\Users\cheng\.cursor\extensions\redhat.java-1.31.0-win32-x64\jre\17.0.11-win32-x86_64\bin\server\jvm.dll
0x00007fff22bb0000 - 0x00007fff22c62000 	C:\WINDOWS\System32\ADVAPI32.dll
0x00007fff220a0000 - 0x00007fff22148000 	C:\WINDOWS\System32\sechost.dll
0x00007fff21690000 - 0x00007fff216b8000 	C:\WINDOWS\System32\bcrypt.dll
0x00007fff23220000 - 0x00007fff23335000 	C:\WINDOWS\System32\RPCRT4.dll
0x00007fff07bb0000 - 0x00007fff07bb9000 	C:\WINDOWS\SYSTEM32\WSOCK32.dll
0x00007fff230c0000 - 0x00007fff23131000 	C:\WINDOWS\System32\WS2_32.dll
0x00007fff20fa0000 - 0x00007fff20fed000 	C:\WINDOWS\SYSTEM32\POWRPROF.dll
0x00007fff1f040000 - 0x00007fff1f074000 	C:\WINDOWS\SYSTEM32\WINMM.dll
0x00007fff185d0000 - 0x00007fff185da000 	C:\WINDOWS\SYSTEM32\VERSION.dll
0x00007fff20ed0000 - 0x00007fff20ee3000 	C:\WINDOWS\SYSTEM32\UMPDC.dll
0x00007fff20610000 - 0x00007fff20628000 	C:\WINDOWS\SYSTEM32\kernel.appcore.dll
0x00007fff106f0000 - 0x00007fff106fa000 	c:\Users\cheng\.cursor\extensions\redhat.java-1.31.0-win32-x64\jre\17.0.11-win32-x86_64\bin\jimage.dll
0x00007fff1ee00000 - 0x00007fff1f032000 	C:\WINDOWS\SYSTEM32\DBGHELP.DLL
0x00007fff22810000 - 0x00007fff22b98000 	C:\WINDOWS\System32\combase.dll
0x00007fff22fe0000 - 0x00007fff230b7000 	C:\WINDOWS\System32\OLEAUT32.dll
0x00007fff1eda0000 - 0x00007fff1edd2000 	C:\WINDOWS\SYSTEM32\dbgcore.DLL
0x00007fff218d0000 - 0x00007fff21949000 	C:\WINDOWS\System32\bcryptPrimitives.dll
0x00007fff106e0000 - 0x00007fff106ee000 	c:\Users\cheng\.cursor\extensions\redhat.java-1.31.0-win32-x64\jre\17.0.11-win32-x86_64\bin\instrument.dll
0x00007fff106b0000 - 0x00007fff106d5000 	c:\Users\cheng\.cursor\extensions\redhat.java-1.31.0-win32-x64\jre\17.0.11-win32-x86_64\bin\java.dll
0x00007fff10650000 - 0x00007fff10668000 	c:\Users\cheng\.cursor\extensions\redhat.java-1.31.0-win32-x64\jre\17.0.11-win32-x86_64\bin\zip.dll
0x00007fff23740000 - 0x00007fff23f9c000 	C:\WINDOWS\System32\SHELL32.dll
0x00007fff1f580000 - 0x00007fff1fe76000 	C:\WINDOWS\SYSTEM32\windows.storage.dll
0x00007fff1f440000 - 0x00007fff1f57e000 	C:\WINDOWS\SYSTEM32\wintypes.dll
0x00007fff240b0000 - 0x00007fff241a5000 	C:\WINDOWS\System32\SHCORE.dll
0x00007fff23fa0000 - 0x00007fff23ffe000 	C:\WINDOWS\System32\shlwapi.dll
0x00007fff215c0000 - 0x00007fff215e1000 	C:\WINDOWS\SYSTEM32\profapi.dll
0x00007fff10630000 - 0x00007fff10649000 	C:\Users\cheng\.cursor\extensions\redhat.java-1.31.0-win32-x64\jre\17.0.11-win32-x86_64\bin\net.dll
0x00007fff1aa90000 - 0x00007fff1abc6000 	C:\WINDOWS\SYSTEM32\WINHTTP.dll
0x00007fff20ae0000 - 0x00007fff20b49000 	C:\WINDOWS\system32\mswsock.dll
0x00007fff10610000 - 0x00007fff10626000 	C:\Users\cheng\.cursor\extensions\redhat.java-1.31.0-win32-x64\jre\17.0.11-win32-x86_64\bin\nio.dll
0x00007fff105d0000 - 0x00007fff105e0000 	c:\Users\cheng\.cursor\extensions\redhat.java-1.31.0-win32-x64\jre\17.0.11-win32-x86_64\bin\verify.dll
0x00007ffee3e30000 - 0x00007ffee3e74000 	C:\Users\cheng\AppData\Roaming\Cursor\User\globalStorage\redhat.java\1.31.0\config_win\org.eclipse.equinox.launcher\org.eclipse.equinox.launcher.win32.win32.x86_64_1.2.1000.v20240507-1834\eclipse_11902.dll
0x00007fff23360000 - 0x00007fff23505000 	C:\WINDOWS\System32\ole32.dll
0x00007fff20d80000 - 0x00007fff20d9b000 	C:\WINDOWS\SYSTEM32\CRYPTSP.dll
0x00007fff205d0000 - 0x00007fff20605000 	C:\WINDOWS\system32\rsaenh.dll
0x00007fff20ba0000 - 0x00007fff20bc8000 	C:\WINDOWS\SYSTEM32\USERENV.dll
0x00007fff20da0000 - 0x00007fff20dac000 	C:\WINDOWS\SYSTEM32\CRYPTBASE.dll
0x00007fff200e0000 - 0x00007fff2010d000 	C:\WINDOWS\SYSTEM32\IPHLPAPI.DLL
0x00007fff23210000 - 0x00007fff23219000 	C:\WINDOWS\System32\NSI.dll
0x00007fff1a710000 - 0x00007fff1a729000 	C:\WINDOWS\SYSTEM32\dhcpcsvc6.DLL
0x00007fff1a6f0000 - 0x00007fff1a70f000 	C:\WINDOWS\SYSTEM32\dhcpcsvc.DLL
0x00007fff20150000 - 0x00007fff20248000 	C:\WINDOWS\SYSTEM32\DNSAPI.dll
0x00007ffee3200000 - 0x00007ffee3245000 	C:\Users\cheng\AppData\Local\Temp\jna-94627417\jna5001030078639985836.dll
0x00007fff22ba0000 - 0x00007fff22ba8000 	C:\WINDOWS\System32\PSAPI.DLL
0x00007fff08420000 - 0x00007fff0842e000 	C:\Users\cheng\.cursor\extensions\redhat.java-1.31.0-win32-x64\jre\17.0.11-win32-x86_64\bin\sunmscapi.dll
0x00007fff21760000 - 0x00007fff218c8000 	C:\WINDOWS\System32\CRYPT32.dll
0x00007fff21030000 - 0x00007fff2105e000 	C:\WINDOWS\SYSTEM32\ncrypt.dll
0x00007fff20ff0000 - 0x00007fff21027000 	C:\WINDOWS\SYSTEM32\NTASN1.dll

dbghelp: loaded successfully - version: 4.0.5 - missing functions: none
symbol engine: initialized successfully - sym options: 0x614 - pdb path: .;c:\Users\cheng\.cursor\extensions\redhat.java-1.31.0-win32-x64\jre\17.0.11-win32-x86_64\bin;C:\WINDOWS\SYSTEM32;C:\WINDOWS\WinSxS\amd64_microsoft.windows.common-controls_6595b64144ccf1df_6.0.22621.3527_none_270e469b73872a76;c:\Users\cheng\.cursor\extensions\redhat.java-1.31.0-win32-x64\jre\17.0.11-win32-x86_64\bin\server;C:\Users\cheng\AppData\Roaming\Cursor\User\globalStorage\redhat.java\1.31.0\config_win\org.eclipse.equinox.launcher\org.eclipse.equinox.launcher.win32.win32.x86_64_1.2.1000.v20240507-1834;C:\Users\cheng\AppData\Local\Temp\jna-94627417

VM Arguments:
jvm_args: --add-modules=ALL-SYSTEM --add-opens=java.base/java.util=ALL-UNNAMED --add-opens=java.base/java.lang=ALL-UNNAMED --add-opens=java.base/sun.nio.fs=ALL-UNNAMED -Declipse.application=org.eclipse.jdt.ls.core.id1 -Dosgi.bundles.defaultStartLevel=4 -Declipse.product=org.eclipse.jdt.ls.core.product -Djava.import.generatesMetadataFilesAtProjectRoot=false -DDetectVMInstallationsJob.disabled=true -Dfile.encoding=utf8 -XX:+UseParallelGC -XX:GCTimeRatio=4 -XX:AdaptiveSizePolicyWeight=90 -Dsun.zip.disableMemoryMapping=true -Xmx1G -Xms100m -Xlog:disable -javaagent:c:\Users\cheng\.cursor\extensions\redhat.java-1.31.0-win32-x64\lombok\lombok-1.18.32.jar -XX:+HeapDumpOnOutOfMemoryError -XX:HeapDumpPath=c:\Users\cheng\AppData\Roaming\Cursor\User\workspaceStorage\0a2e1038fc00e70623d54bd91d206bcc\redhat.java -Daether.dependencyCollector.impl=bf 
java_command: c:\Users\cheng\.cursor\extensions\redhat.java-1.31.0-win32-x64\server\plugins\org.eclipse.equinox.launcher_1.6.800.v20240513-1750.jar -configuration c:\Users\cheng\AppData\Roaming\Cursor\User\globalStorage\redhat.java\1.31.0\config_win -data c:\Users\cheng\AppData\Roaming\Cursor\User\workspaceStorage\0a2e1038fc00e70623d54bd91d206bcc\redhat.java\jdt_ws --pipe=\\.\pipe\lsp-acc46efd6f981d509cf0c6e20f49490a-sock
java_class_path (initial): c:\Users\cheng\.cursor\extensions\redhat.java-1.31.0-win32-x64\server\plugins\org.eclipse.equinox.launcher_1.6.800.v20240513-1750.jar
Launcher Type: SUN_STANDARD

[Global flags]
    uintx AdaptiveSizePolicyWeight                 = 90                                        {product} {command line}
     intx CICompilerCount                          = 12                                        {product} {ergonomic}
    uintx GCTimeRatio                              = 4                                         {product} {command line}
     bool HeapDumpOnOutOfMemoryError               = true                                   {manageable} {command line}
    ccstr HeapDumpPath                             = c:\Users\cheng\AppData\Roaming\Cursor\User\workspaceStorage\0a2e1038fc00e70623d54bd91d206bcc\redhat.java         {manageable} {command line}
   size_t InitialHeapSize                          = 104857600                                 {product} {command line}
   size_t MaxHeapSize                              = 1073741824                                {product} {command line}
   size_t MaxNewSize                               = 357564416                                 {product} {ergonomic}
   size_t MinHeapDeltaBytes                        = 524288                                    {product} {ergonomic}
   size_t MinHeapSize                              = 104857600                                 {product} {command line}
   size_t NewSize                                  = 34603008                                  {product} {ergonomic}
    uintx NonNMethodCodeHeapSize                   = 7602480                                {pd product} {ergonomic}
    uintx NonProfiledCodeHeapSize                  = 122027880                              {pd product} {ergonomic}
   size_t OldSize                                  = 70254592                                  {product} {ergonomic}
    uintx ProfiledCodeHeapSize                     = 122027880                              {pd product} {ergonomic}
    uintx ReservedCodeCacheSize                    = 251658240                              {pd product} {ergonomic}
     bool SegmentedCodeCache                       = true                                      {product} {ergonomic}
   size_t SoftMaxHeapSize                          = 1073741824                             {manageable} {ergonomic}
     bool UseCompressedClassPointers               = true                           {product lp64_product} {ergonomic}
     bool UseCompressedOops                        = true                           {product lp64_product} {ergonomic}
     bool UseLargePagesIndividualAllocation        = false                                  {pd product} {ergonomic}
     bool UseParallelGC                            = true                                      {product} {command line}

Logging:
Log output configuration:
 #0: stdout all=off uptime,level,tags
 #1: stderr all=off uptime,level,tags

Environment Variables:
PATH=c:\Users\cheng\AppData\Local\Programs\cursor\resources\app\bin;C:\Program Files\Common Files\Oracle\Java\javapath;C:\Python312\Scripts\;C:\Python312\;C:\Windows\system32;C:\Windows;C:\Windows\System32\Wbem;C:\Windows\System32\WindowsPowerShell\v1.0\;C:\Windows\System32\OpenSSH\;C:\Program Files (x86)\NVIDIA Corporation\PhysX\Common;C:\WINDOWS\system32;C:\WINDOWS;C:\WINDOWS\System32\Wbem;C:\WINDOWS\System32\WindowsPowerShell\v1.0\;C:\WINDOWS\System32\OpenSSH\;C:\Program Files\Git\cmd;C:\Program Files\dotnet\;C:\ProgramData\chocolatey\bin;C:\Program Files\apache-maven-3.9.6\bin;C:\Program Files\nodejs;;C:\Program Files\Docker\Docker\resources\bin;C:\Users\cheng\AppData\Local\Microsoft\WindowsApps;C:\Users\cheng\AppData\Roaming\npm;C:\Users\cheng\AppData\Local\GitHubDesktop\bin;C:\Users\cheng\.dotnet\tools;c:\Users\cheng\AppData\Local\Programs\cursor\resources\app\bin;C:\Users\cheng\AppData\Local\Programs\Microsoft VS Code\bin;C:\Users\cheng\AppData\Local\Microsoft\WinGet\Links
USERNAME=cheng
OS=Windows_NT
PROCESSOR_IDENTIFIER=AMD64 Family 23 Model 96 Stepping 1, AuthenticAMD
TMP=C:\Users\cheng\AppData\Local\Temp
TEMP=C:\Users\cheng\AppData\Local\Temp



Periodic native trim disabled


---------------  S Y S T E M  ---------------

OS:
 Windows 11 , 64 bit Build 22621 (10.0.22621.3527)
OS uptime: 5 days 7:02 hours
Hyper-V role detected

CPU: total 16 (initial active 16) (16 cores per cpu, 2 threads per core) family 23 model 96 stepping 1 microcode 0x0, cx8, cmov, fxsr, ht, mmx, 3dnowpref, sse, sse2, sse3, ssse3, sse4a, sse4.1, sse4.2, popcnt, lzcnt, tsc, tscinvbit, avx, avx2, aes, clmul, bmi1, bmi2, adx, sha, fma, vzeroupper, clflush, clflushopt, hv
Processor Information for all 16 processors :
  Max Mhz: 3000, Current Mhz: 3000, Mhz Limit: 3000

Memory: 4k page, system-wide physical 15789M (5841M free)
TotalPageFile size 64941M (AvailPageFile size 6M)
current process WorkingSet (physical memory assigned to process): 800M, peak: 842M
current process commit charge ("private bytes"): 1045M, peak: 1104M

vm_info: OpenJDK 64-Bit Server VM (17.0.11+9) for windows-amd64 JRE (17.0.11+9), built on Apr 17 2024 06:07:48 by "admin" with MS VC++ 16.10 / 16.11 (VS2019)

END.
