#
# There is insufficient memory for the Java Runtime Environment to continue.
# Native memory allocation (malloc) failed to allocate 32744 bytes. Error detail: ChunkPool::allocate
# Possible reasons:
#   The system is out of physical RAM or swap space
#   This process is running with CompressedOops enabled, and the Java Heap may be blocking the growth of the native heap
# Possible solutions:
#   Reduce memory load on the system
#   Increase physical memory or swap space
#   Check if swap backing store is full
#   Decrease Java heap size (-Xmx/-Xms)
#   Decrease number of Java threads
#   Decrease Java thread stack sizes (-Xss)
#   Set larger code cache with -XX:ReservedCodeCacheSize=
#   JVM is running with Unscaled Compressed Oops mode in which the Java heap is
#     placed in the first 4GB address space. The Java Heap base address is the
#     maximum limit for the native heap growth. Please use -XX:HeapBaseMinAddress
#     to set the Java Heap base and to place the Java Heap above 4GB virtual address.
# This output file may be truncated or incomplete.
#
#  Out of Memory Error (arena.cpp:79), pid=28232, tid=380
#
# JRE version: OpenJDK Runtime Environment Temurin-17.0.11+9 (17.0.11+9) (build 17.0.11+9)
# Java VM: OpenJDK 64-Bit Server VM Temurin-17.0.11+9 (17.0.11+9, mixed mode, tiered, compressed oops, compressed class ptrs, parallel gc, windows-amd64)
# No core dump will be written. Minidumps are not enabled by default on client versions of Windows
#

---------------  S U M M A R Y ------------

Command Line: --add-modules=ALL-SYSTEM --add-opens=java.base/java.util=ALL-UNNAMED --add-opens=java.base/java.lang=ALL-UNNAMED --add-opens=java.base/sun.nio.fs=ALL-UNNAMED -Declipse.application=org.eclipse.jdt.ls.core.id1 -Dosgi.bundles.defaultStartLevel=4 -Declipse.product=org.eclipse.jdt.ls.core.product -Djava.import.generatesMetadataFilesAtProjectRoot=false -DDetectVMInstallationsJob.disabled=true -Dfile.encoding=utf8 -XX:+UseParallelGC -XX:GCTimeRatio=4 -XX:AdaptiveSizePolicyWeight=90 -Dsun.zip.disableMemoryMapping=true -Xmx1G -Xms100m -Xlog:disable -javaagent:c:\Users\cheng\.cursor\extensions\redhat.java-1.31.0-win32-x64\lombok\lombok-1.18.32.jar -XX:+HeapDumpOnOutOfMemoryError -XX:HeapDumpPath=c:\Users\cheng\AppData\Roaming\Cursor\User\workspaceStorage\0a2e1038fc00e70623d54bd91d206bcc\redhat.java -Daether.dependencyCollector.impl=bf c:\Users\cheng\.cursor\extensions\redhat.java-1.31.0-win32-x64\server\plugins\org.eclipse.equinox.launcher_1.6.800.v20240513-1750.jar -configuration c:\Users\cheng\AppData\Roaming\Cursor\User\globalStorage\redhat.java\1.31.0\config_win -data c:\Users\cheng\AppData\Roaming\Cursor\User\workspaceStorage\0a2e1038fc00e70623d54bd91d206bcc\redhat.java\jdt_ws --pipe=\\.\pipe\lsp-ba77ba7e1dd6191ba210636850e2084c-sock

Host: AMD Ryzen 9 4900HS with Radeon Graphics         , 16 cores, 15G,  Windows 11 , 64 bit Build 22621 (10.0.22621.3527)
Time: Wed Jun  5 15:02:45 2024 Pacific Daylight Time elapsed time: 93.695449 seconds (0d 0h 1m 33s)

---------------  T H R E A D  ---------------

Current thread (0x000001e77093ad80):  JavaThread "C1 CompilerThread0" daemon [_thread_in_native, id=380, stack(0x000000d8aac00000,0x000000d8aad00000)]


Current CompileTask:
C1:  93695 14919   !   3       java.io.PrintWriter::newLine (65 bytes)

Stack: [0x000000d8aac00000,0x000000d8aad00000]
Native frames: (J=compiled Java code, j=interpreted, Vv=VM code, C=native code)
V  [jvm.dll+0x67d429]
V  [jvm.dll+0x834b7a]
V  [jvm.dll+0x83663e]
V  [jvm.dll+0x836ca3]
V  [jvm.dll+0x247dbf]
V  [jvm.dll+0xac731]
V  [jvm.dll+0xacb7c]
V  [jvm.dll+0x11ddc5]
V  [jvm.dll+0x17bac4]
V  [jvm.dll+0x17c0a3]
V  [jvm.dll+0x136663]
V  [jvm.dll+0x135f6f]
V  [jvm.dll+0x1361a6]
V  [jvm.dll+0x13563a]
V  [jvm.dll+0x1372f1]
V  [jvm.dll+0x2295cd]
V  [jvm.dll+0x22779c]
V  [jvm.dll+0x7e9d07]
V  [jvm.dll+0x7e410a]
V  [jvm.dll+0x67c315]
C  [ucrtbase.dll+0x29333]
C  [KERNEL32.DLL+0x1257d]
C  [ntdll.dll+0x5aa48]


---------------  P R O C E S S  ---------------

Threads class SMR info:
_java_thread_list=0x000001e77a4109c0, length=63, elements={
0x000001e75cac3430, 0x000001e775a99020, 0x000001e775a9a6b0, 0x000001e770930f00,
0x000001e770931d80, 0x000001e770932c00, 0x000001e770934220, 0x000001e770936fd0,
0x000001e77093ad80, 0x000001e775b15180, 0x000001e75cb25e20, 0x000001e775d8ef70,
0x000001e7786ed840, 0x000001e7787f3930, 0x000001e7785034c0, 0x000001e778d0fa90,
0x000001e778da5520, 0x000001e778e8c8b0, 0x000001e778e8cdc0, 0x000001e778e8dcf0,
0x000001e778e8be90, 0x000001e778e8d7e0, 0x000001e778e8e710, 0x000001e778e8e200,
0x000001e778e8b980, 0x000001e778e8c3a0, 0x000001e77b02ca80, 0x000001e77b026f60,
0x000001e77b027e90, 0x000001e77b026a50, 0x000001e77b02ac20, 0x000001e77b02b130,
0x000001e77b02c570, 0x000001e77b02c060, 0x000001e77b0283a0, 0x000001e77b029cf0,
0x000001e77b027470, 0x000001e77b027980, 0x000001e77b02cf90, 0x000001e77b028dc0,
0x000001e77b02d4a0, 0x000001e77b0297e0, 0x000001e77b02d9b0, 0x000001e77b026540,
0x000001e77bed0610, 0x000001e77bececc0, 0x000001e77becf1d0, 0x000001e77df234e0,
0x000001e77df276b0, 0x000001e77df27bc0, 0x000001e77df26270, 0x000001e77df225b0,
0x000001e77df271a0, 0x000001e77df28af0, 0x000001e77df21680, 0x000001e77df21b90,
0x000001e77df220a0, 0x000001e77df239f0, 0x000001e77df24410, 0x000001e700698520,
0x000001e700698f40, 0x000001e77c3a5570, 0x000001e77c3a7aa0
}

Java Threads: ( => current thread )
  0x000001e75cac3430 JavaThread "main" [_thread_blocked, id=27960, stack(0x000000d8aa200000,0x000000d8aa300000)]
  0x000001e775a99020 JavaThread "Reference Handler" daemon [_thread_blocked, id=9408, stack(0x000000d8aa500000,0x000000d8aa600000)]
  0x000001e775a9a6b0 JavaThread "Finalizer" daemon [_thread_blocked, id=46356, stack(0x000000d8aa600000,0x000000d8aa700000)]
  0x000001e770930f00 JavaThread "Signal Dispatcher" daemon [_thread_blocked, id=29744, stack(0x000000d8aa700000,0x000000d8aa800000)]
  0x000001e770931d80 JavaThread "Attach Listener" daemon [_thread_blocked, id=16976, stack(0x000000d8aa800000,0x000000d8aa900000)]
  0x000001e770932c00 JavaThread "Service Thread" daemon [_thread_blocked, id=9500, stack(0x000000d8aa900000,0x000000d8aaa00000)]
  0x000001e770934220 JavaThread "Monitor Deflation Thread" daemon [_thread_blocked, id=30072, stack(0x000000d8aaa00000,0x000000d8aab00000)]
  0x000001e770936fd0 JavaThread "C2 CompilerThread0" daemon [_thread_blocked, id=36880, stack(0x000000d8aab00000,0x000000d8aac00000)]
=>0x000001e77093ad80 JavaThread "C1 CompilerThread0" daemon [_thread_in_native, id=380, stack(0x000000d8aac00000,0x000000d8aad00000)]
  0x000001e775b15180 JavaThread "Sweeper thread" daemon [_thread_blocked, id=22060, stack(0x000000d8aad00000,0x000000d8aae00000)]
  0x000001e75cb25e20 JavaThread "Common-Cleaner" daemon [_thread_blocked, id=22964, stack(0x000000d8aae00000,0x000000d8aaf00000)]
  0x000001e775d8ef70 JavaThread "Notification Thread" daemon [_thread_blocked, id=27532, stack(0x000000d8ab300000,0x000000d8ab400000)]
  0x000001e7786ed840 JavaThread "Active Thread: Equinox Container: 3e33d446-f81e-411c-a937-f8076865519c" [_thread_blocked, id=37932, stack(0x000000d8abc00000,0x000000d8abd00000)]
  0x000001e7787f3930 JavaThread "Framework Event Dispatcher: Equinox Container: 3e33d446-f81e-411c-a937-f8076865519c" daemon [_thread_blocked, id=16148, stack(0x000000d8abd00000,0x000000d8abe00000)]
  0x000001e7785034c0 JavaThread "Start Level: Equinox Container: 3e33d446-f81e-411c-a937-f8076865519c" daemon [_thread_blocked, id=31720, stack(0x000000d8abe00000,0x000000d8abf00000)]
  0x000001e778d0fa90 JavaThread "Bundle File Closer" daemon [_thread_blocked, id=29988, stack(0x000000d8ac100000,0x000000d8ac200000)]
  0x000001e778da5520 JavaThread "SCR Component Actor" daemon [_thread_blocked, id=34096, stack(0x000000d8ac300000,0x000000d8ac400000)]
  0x000001e778e8c8b0 JavaThread "Worker-JM" [_thread_blocked, id=31904, stack(0x000000d8ab500000,0x000000d8ab600000)]
  0x000001e778e8cdc0 JavaThread "Worker-0" [_thread_blocked, id=36092, stack(0x000000d8ac700000,0x000000d8ac800000)]
  0x000001e778e8dcf0 JavaThread "Java indexing" daemon [_thread_blocked, id=36388, stack(0x000000d8acb00000,0x000000d8acc00000)]
  0x000001e778e8be90 JavaThread "JNA Cleaner" daemon [_thread_blocked, id=31788, stack(0x000000d8acc00000,0x000000d8acd00000)]
  0x000001e778e8d7e0 JavaThread "Thread-2" daemon [_thread_in_native, id=12992, stack(0x000000d8acd00000,0x000000d8ace00000)]
  0x000001e778e8e710 JavaThread "Thread-3" daemon [_thread_in_native, id=37760, stack(0x000000d8ace00000,0x000000d8acf00000)]
  0x000001e778e8e200 JavaThread "Thread-4" daemon [_thread_in_native, id=17392, stack(0x000000d8acf00000,0x000000d8ad000000)]
  0x000001e778e8b980 JavaThread "Thread-5" daemon [_thread_in_native, id=14852, stack(0x000000d8ad000000,0x000000d8ad100000)]
  0x000001e778e8c3a0 JavaThread "Thread-6" daemon [_thread_in_native, id=10180, stack(0x000000d8ad100000,0x000000d8ad200000)]
  0x000001e77b02ca80 JavaThread "Thread-7" daemon [_thread_in_native, id=45316, stack(0x000000d8ad200000,0x000000d8ad300000)]
  0x000001e77b026f60 JavaThread "Thread-8" daemon [_thread_in_native, id=15112, stack(0x000000d8ad300000,0x000000d8ad400000)]
  0x000001e77b027e90 JavaThread "Thread-9" daemon [_thread_in_native, id=44160, stack(0x000000d8ad400000,0x000000d8ad500000)]
  0x000001e77b026a50 JavaThread "Thread-10" daemon [_thread_in_native, id=7104, stack(0x000000d8ad500000,0x000000d8ad600000)]
  0x000001e77b02ac20 JavaThread "Thread-11" daemon [_thread_in_native, id=22196, stack(0x000000d8ad600000,0x000000d8ad700000)]
  0x000001e77b02b130 JavaThread "Thread-12" daemon [_thread_in_native, id=14036, stack(0x000000d8ad700000,0x000000d8ad800000)]
  0x000001e77b02c570 JavaThread "Thread-13" daemon [_thread_in_native, id=14060, stack(0x000000d8ad800000,0x000000d8ad900000)]
  0x000001e77b02c060 JavaThread "Thread-14" daemon [_thread_in_native, id=12232, stack(0x000000d8ad900000,0x000000d8ada00000)]
  0x000001e77b0283a0 JavaThread "Thread-15" daemon [_thread_in_native, id=14800, stack(0x000000d8ada00000,0x000000d8adb00000)]
  0x000001e77b029cf0 JavaThread "Thread-16" daemon [_thread_in_native, id=17760, stack(0x000000d8adb00000,0x000000d8adc00000)]
  0x000001e77b027470 JavaThread "Thread-17" daemon [_thread_in_native, id=47540, stack(0x000000d8adc00000,0x000000d8add00000)]
  0x000001e77b027980 JavaThread "Thread-18" daemon [_thread_in_native, id=39568, stack(0x000000d8add00000,0x000000d8ade00000)]
  0x000001e77b02cf90 JavaThread "pool-2-thread-1" [_thread_blocked, id=2880, stack(0x000000d8ade00000,0x000000d8adf00000)]
  0x000001e77b028dc0 JavaThread "WorkspaceEventsHandler" [_thread_blocked, id=33572, stack(0x000000d8ae000000,0x000000d8ae100000)]
  0x000001e77b02d4a0 JavaThread "pool-1-thread-1" [_thread_blocked, id=42116, stack(0x000000d8ae100000,0x000000d8ae200000)]
  0x000001e77b0297e0 JavaThread "ForkJoinPool.commonPool-worker-1" daemon [_thread_blocked, id=35480, stack(0x000000d8ae500000,0x000000d8ae600000)]
  0x000001e77b02d9b0 JavaThread "ForkJoinPool.commonPool-worker-2" daemon [_thread_blocked, id=7240, stack(0x000000d8ae600000,0x000000d8ae700000)]
  0x000001e77b026540 JavaThread "ForkJoinPool.commonPool-worker-3" daemon [_thread_blocked, id=27044, stack(0x000000d8ae800000,0x000000d8ae900000)]
  0x000001e77bed0610 JavaThread "Worker-7" [_thread_blocked, id=11188, stack(0x000000d8aed00000,0x000000d8aee00000)]
  0x000001e77bececc0 JavaThread "ForkJoinPool.commonPool-worker-4" daemon [_thread_blocked, id=19000, stack(0x000000d8aee00000,0x000000d8aef00000)]
  0x000001e77becf1d0 JavaThread "ForkJoinPool.commonPool-worker-5" daemon [_thread_blocked, id=39508, stack(0x000000d8aef00000,0x000000d8af000000)]
  0x000001e77df234e0 JavaThread "ForkJoinPool.commonPool-worker-6" daemon [_thread_blocked, id=12156, stack(0x000000d8af000000,0x000000d8af100000)]
  0x000001e77df276b0 JavaThread "ForkJoinPool.commonPool-worker-7" daemon [_thread_blocked, id=31360, stack(0x000000d8af200000,0x000000d8af300000)]
  0x000001e77df27bc0 JavaThread "ForkJoinPool.commonPool-worker-8" daemon [_thread_blocked, id=6244, stack(0x000000d8af300000,0x000000d8af400000)]
  0x000001e77df26270 JavaThread "ForkJoinPool.commonPool-worker-9" daemon [_thread_blocked, id=42772, stack(0x000000d8af400000,0x000000d8af500000)]
  0x000001e77df225b0 JavaThread "ForkJoinPool.commonPool-worker-10" daemon [_thread_blocked, id=11076, stack(0x000000d8af500000,0x000000d8af600000)]
  0x000001e77df271a0 JavaThread "ForkJoinPool.commonPool-worker-11" daemon [_thread_blocked, id=6092, stack(0x000000d8ae400000,0x000000d8ae500000)]
  0x000001e77df28af0 JavaThread "Cleaner-0" daemon [_thread_blocked, id=2192, stack(0x000000d8aea00000,0x000000d8aeb00000)]
  0x000001e77df21680 JavaThread "ForkJoinPool.commonPool-worker-12" daemon [_thread_blocked, id=13740, stack(0x000000d8af100000,0x000000d8af200000)]
  0x000001e77df21b90 JavaThread "ForkJoinPool.commonPool-worker-13" daemon [_thread_blocked, id=25180, stack(0x000000d8af600000,0x000000d8af700000)]
  0x000001e77df220a0 JavaThread "Java Debug Server" daemon [_thread_in_native, id=7252, stack(0x000000d8af900000,0x000000d8afa00000)]
  0x000001e77df239f0 JavaThread "RxSchedulerPurge-1" daemon [_thread_blocked, id=40316, stack(0x000000d8afc00000,0x000000d8afd00000)]
  0x000001e77df24410 JavaThread "RxCachedWorkerPoolEvictor-1" daemon [_thread_blocked, id=47328, stack(0x000000d8afd00000,0x000000d8afe00000)]
  0x000001e700698520 JavaThread "process reaper (pid 25336)" daemon [_thread_in_native, id=42608, stack(0x000000d8a9b50000,0x000000d8a9b70000)]
  0x000001e700698f40 JavaThread "pool-5-thread-3" [_thread_blocked, id=36592, stack(0x000000d8aa100000,0x000000d8aa200000)]
  0x000001e77c3a5570 JavaThread "C2 CompilerThread1" daemon [_thread_in_native, id=40656, stack(0x000000d8a9f00000,0x000000d8aa000000)]
  0x000001e77c3a7aa0 JavaThread "C1 CompilerThread1" daemon [_thread_in_vm, id=20452, stack(0x000000d8aa000000,0x000000d8aa100000)]

Other Threads:
  0x000001e775a845f0 VMThread "VM Thread" [stack: 0x000000d8aa400000,0x000000d8aa500000] [id=13300]
  0x000001e777cadd30 WatcherThread [stack: 0x000000d8ab400000,0x000000d8ab500000] [id=30804]
  0x000001e75cad6ff0 GCTaskThread "GC Thread#0" [stack: 0x000000d8aa300000,0x000000d8aa400000] [id=8612]
  0x000001e7780f9bf0 GCTaskThread "GC Thread#1" [stack: 0x000000d8ab700000,0x000000d8ab800000] [id=15844]
  0x000001e778171c90 GCTaskThread "GC Thread#2" [stack: 0x000000d8ab800000,0x000000d8ab900000] [id=46776]
  0x000001e778171f50 GCTaskThread "GC Thread#3" [stack: 0x000000d8ab900000,0x000000d8aba00000] [id=32512]
  0x000001e778496a90 GCTaskThread "GC Thread#4" [stack: 0x000000d8aba00000,0x000000d8abb00000] [id=23156]
  0x000001e778497560 GCTaskThread "GC Thread#5" [stack: 0x000000d8abb00000,0x000000d8abc00000] [id=40788]
  0x000001e778767300 GCTaskThread "GC Thread#6" [stack: 0x000000d8abf00000,0x000000d8ac000000] [id=17872]
  0x000001e77849b200 GCTaskThread "GC Thread#7" [stack: 0x000000d8ac000000,0x000000d8ac100000] [id=46468]
  0x000001e778b507c0 GCTaskThread "GC Thread#8" [stack: 0x000000d8ac200000,0x000000d8ac300000] [id=20776]
  0x000001e778b4fcc0 GCTaskThread "GC Thread#9" [stack: 0x000000d8ab600000,0x000000d8ab700000] [id=36256]
  0x000001e778b4ef00 GCTaskThread "GC Thread#10" [stack: 0x000000d8ac500000,0x000000d8ac600000] [id=25500]
  0x000001e778b50a80 GCTaskThread "GC Thread#11" [stack: 0x000000d8ac600000,0x000000d8ac700000] [id=45924]
  0x000001e778b4f480 GCTaskThread "GC Thread#12" [stack: 0x000000d8ac900000,0x000000d8aca00000] [id=29032]

Threads with active compile tasks:
C1 CompilerThread0    93710 14919   !   3       java.io.PrintWriter::newLine (65 bytes)
C2 CompilerThread1    93710 14917   !   4       java.io.PrintWriter::write (58 bytes)
C1 CompilerThread1    93710 14924       3       java.lang.WeakPairMap$Pair$Lookup::equals (31 bytes)

VM state: not at safepoint (normal execution)

VM Mutex/Monitor currently owned by a thread: None

Heap address: 0x00000000c0000000, size: 1024 MB, Compressed Oops mode: 32-bit

CDS archive(s) not mapped
Compressed class space mapped at: 0x0000000100000000-0x0000000140000000, reserved size: 1073741824
Narrow klass base: 0x0000000000000000, Narrow klass shift: 3, Narrow klass range: 0x140000000

GC Precious Log:
 CPUs: 16 total, 16 available
 Memory: 15789M
 Large Page Support: Disabled
 NUMA Support: Disabled
 Compressed Oops: Enabled (32-bit)
 Alignments: Space 512K, Generation 512K, Heap 2M
 Heap Min Capacity: 100M
 Heap Initial Capacity: 100M
 Heap Max Capacity: 1G
 Pre-touch: Disabled
 Parallel Workers: 13

Heap:
 PSYoungGen      total 9728K, used 7919K [0x00000000eab00000, 0x00000000eb700000, 0x0000000100000000)
  eden space 7680K, 93% used [0x00000000eab00000,0x00000000eb20bdc8,0x00000000eb280000)
  from space 2048K, 34% used [0x00000000eb380000,0x00000000eb430020,0x00000000eb580000)
  to   space 1536K, 0% used [0x00000000eb580000,0x00000000eb580000,0x00000000eb700000)
 ParOldGen       total 325120K, used 253840K [0x00000000c0000000, 0x00000000d3d80000, 0x00000000eab00000)
  object space 325120K, 78% used [0x00000000c0000000,0x00000000cf7e4090,0x00000000d3d80000)
 Metaspace       used 82193K, committed 83584K, reserved 1179648K
  class space    used 8601K, committed 9216K, reserved 1048576K

Card table byte_map: [0x000001e75c450000,0x000001e75c660000] _byte_map_base: 0x000001e75be50000

Marking Bits: (ParMarkBitMap*) 0x00007ffeb8c7d820
 Begin Bits: [0x000001e76e740000, 0x000001e76f740000)
 End Bits:   [0x000001e76f740000, 0x000001e770740000)

Polling page: 0x000001e75aa90000

Metaspace:

Usage:
  Non-class:     71.87 MB used.
      Class:      8.40 MB used.
       Both:     80.27 MB used.

Virtual space:
  Non-class space:      128.00 MB reserved,      72.62 MB ( 57%) committed,  2 nodes.
      Class space:        1.00 GB reserved,       9.00 MB ( <1%) committed,  1 nodes.
             Both:        1.12 GB reserved,      81.62 MB (  7%) committed. 

Chunk freelists:
   Non-Class:  6.56 MB
       Class:  7.03 MB
        Both:  13.59 MB

MaxMetaspaceSize: unlimited
CompressedClassSpaceSize: 1.00 GB
Initial GC threshold: 21.00 MB
Current GC threshold: 129.06 MB
CDS: off
MetaspaceReclaimPolicy: balanced
 - commit_granule_bytes: 65536.
 - commit_granule_words: 8192.
 - virtual_space_node_default_size: 8388608.
 - enlarge_chunks_in_place: 1.
 - new_chunks_are_fully_committed: 0.
 - uncommit_free_chunks: 1.
 - use_allocation_guard: 0.
 - handle_deallocations: 1.


Internal statistics:

num_allocs_failed_limit: 9.
num_arena_births: 1120.
num_arena_deaths: 34.
num_vsnodes_births: 3.
num_vsnodes_deaths: 0.
num_space_committed: 1306.
num_space_uncommitted: 0.
num_chunks_returned_to_freelist: 58.
num_chunks_taken_from_freelist: 4758.
num_chunk_merges: 21.
num_chunk_splits: 2854.
num_chunks_enlarged: 1560.
num_inconsistent_stats: 0.

CodeHeap 'non-profiled nmethods': size=119168Kb used=10277Kb max_used=10277Kb free=108891Kb
 bounds [0x000001e7672e0000, 0x000001e767d00000, 0x000001e76e740000]
CodeHeap 'profiled nmethods': size=119104Kb used=25527Kb max_used=25833Kb free=93576Kb
 bounds [0x000001e75f740000, 0x000001e7610a0000, 0x000001e766b90000]
CodeHeap 'non-nmethods': size=7488Kb used=1984Kb max_used=3217Kb free=5503Kb
 bounds [0x000001e766b90000, 0x000001e766ec0000, 0x000001e7672e0000]
 total_blobs=12831 nmethods=12052 adapters=690
 compilation: enabled
              stopped_count=0, restarted_count=0
 full_count=0

Compilation events (20 events):
Event: 92.637 Thread 0x000001e77093ad80 14905       3       java.util.concurrent.ConcurrentHashMap$KeySetView::iterator (34 bytes)
Event: 92.637 Thread 0x000001e77093ad80 nmethod 14905 0x000001e760c2e690 code [0x000001e760c2e840, 0x000001e760c2ea68]
Event: 92.637 Thread 0x000001e77093ad80 14906       3       java.util.concurrent.ConcurrentHashMap$KeyIterator::<init> (12 bytes)
Event: 92.637 Thread 0x000001e77093ad80 nmethod 14906 0x000001e760979f10 code [0x000001e76097a0a0, 0x000001e76097a1e8]
Event: 93.691 Thread 0x000001e77093ad80 14907       1       java.lang.StackStreamFactory$FrameBuffer::getIndex (5 bytes)
Event: 93.691 Thread 0x000001e77093ad80 nmethod 14907 0x000001e7677c6910 code [0x000001e7677c6aa0, 0x000001e7677c6b78]
Event: 93.691 Thread 0x000001e77093ad80 14909       3       java.lang.StackStreamFactory$AbstractStackWalker::peekFrame (132 bytes)
Event: 93.692 Thread 0x000001e770936fd0 14913       4       java.lang.System::lineSeparator (4 bytes)
Event: 93.692 Thread 0x000001e77093ad80 nmethod 14909 0x000001e76090e910 code [0x000001e76090eb80, 0x000001e76090f4a8]
Event: 93.692 Thread 0x000001e77093ad80 14908       3       java.lang.StackStreamFactory$AbstractStackWalker::hasNext (13 bytes)
Event: 93.692 Thread 0x000001e77093ad80 nmethod 14908 0x000001e760910310 code [0x000001e7609104c0, 0x000001e760910668]
Event: 93.692 Thread 0x000001e77093ad80 14910       3       java.lang.StackStreamFactory$FrameBuffer::get (58 bytes)
Event: 93.692 Thread 0x000001e770936fd0 nmethod 14913 0x000001e767afdd10 code [0x000001e767afde80, 0x000001e767afdef8]
Event: 93.693 Thread 0x000001e77093ad80 nmethod 14910 0x000001e760928b10 code [0x000001e760928d80, 0x000001e760929728]
Event: 93.693 Thread 0x000001e770936fd0 14916       4       java.io.PrintWriter::write (11 bytes)
Event: 93.693 Thread 0x000001e77093ad80 14911       3       java.lang.StackStreamFactory$AbstractStackWalker::skipReflectionFrames (32 bytes)
Event: 93.693 Thread 0x000001e77093ad80 nmethod 14911 0x000001e760f7c190 code [0x000001e760f7c360, 0x000001e760f7c778]
Event: 93.693 Thread 0x000001e77093ad80 14918       3       java.io.PrintWriter::println (5 bytes)
Event: 93.693 Thread 0x000001e77093ad80 nmethod 14918 0x000001e760e50610 code [0x000001e760e507a0, 0x000001e760e508e8]
Event: 93.693 Thread 0x000001e77093ad80 14919   !   3       java.io.PrintWriter::newLine (65 bytes)

GC Heap History (20 events):
Event: 27.276 GC heap before
{Heap before GC invocations=373 (full 18):
 PSYoungGen      total 8704K, used 7953K [0x00000000eab00000, 0x00000000eb980000, 0x0000000100000000)
  eden space 7680K, 97% used [0x00000000eab00000,0x00000000eb257200,0x00000000eb280000)
  from space 1024K, 42% used [0x00000000eb780000,0x00000000eb7ed200,0x00000000eb880000)
  to   space 512K, 0% used [0x00000000eb900000,0x00000000eb900000,0x00000000eb980000)
 ParOldGen       total 325120K, used 249683K [0x00000000c0000000, 0x00000000d3d80000, 0x00000000eab00000)
  object space 325120K, 76% used [0x00000000c0000000,0x00000000cf3d4d28,0x00000000d3d80000)
 Metaspace       used 78277K, committed 79616K, reserved 1179648K
  class space    used 8072K, committed 8640K, reserved 1048576K
}
Event: 27.278 GC heap after
{Heap after GC invocations=373 (full 18):
 PSYoungGen      total 8192K, used 512K [0x00000000eab00000, 0x00000000eb980000, 0x0000000100000000)
  eden space 7680K, 0% used [0x00000000eab00000,0x00000000eab00000,0x00000000eb280000)
  from space 512K, 100% used [0x00000000eb900000,0x00000000eb980000,0x00000000eb980000)
  to   space 1536K, 0% used [0x00000000eb680000,0x00000000eb680000,0x00000000eb800000)
 ParOldGen       total 325120K, used 250235K [0x00000000c0000000, 0x00000000d3d80000, 0x00000000eab00000)
  object space 325120K, 76% used [0x00000000c0000000,0x00000000cf45ef58,0x00000000d3d80000)
 Metaspace       used 78277K, committed 79616K, reserved 1179648K
  class space    used 8072K, committed 8640K, reserved 1048576K
}
Event: 27.335 GC heap before
{Heap before GC invocations=374 (full 18):
 PSYoungGen      total 8192K, used 7864K [0x00000000eab00000, 0x00000000eb980000, 0x0000000100000000)
  eden space 7680K, 95% used [0x00000000eab00000,0x00000000eb22e1c0,0x00000000eb280000)
  from space 512K, 100% used [0x00000000eb900000,0x00000000eb980000,0x00000000eb980000)
  to   space 1536K, 0% used [0x00000000eb680000,0x00000000eb680000,0x00000000eb800000)
 ParOldGen       total 325120K, used 250235K [0x00000000c0000000, 0x00000000d3d80000, 0x00000000eab00000)
  object space 325120K, 76% used [0x00000000c0000000,0x00000000cf45ef58,0x00000000d3d80000)
 Metaspace       used 78545K, committed 79808K, reserved 1179648K
  class space    used 8088K, committed 8640K, reserved 1048576K
}
Event: 27.337 GC heap after
{Heap after GC invocations=374 (full 18):
 PSYoungGen      total 9216K, used 1509K [0x00000000eab00000, 0x00000000eb980000, 0x0000000100000000)
  eden space 7680K, 0% used [0x00000000eab00000,0x00000000eab00000,0x00000000eb280000)
  from space 1536K, 98% used [0x00000000eb680000,0x00000000eb7f9788,0x00000000eb800000)
  to   space 1536K, 0% used [0x00000000eb800000,0x00000000eb800000,0x00000000eb980000)
 ParOldGen       total 325120K, used 251708K [0x00000000c0000000, 0x00000000d3d80000, 0x00000000eab00000)
  object space 325120K, 77% used [0x00000000c0000000,0x00000000cf5cf158,0x00000000d3d80000)
 Metaspace       used 78545K, committed 79808K, reserved 1179648K
  class space    used 8088K, committed 8640K, reserved 1048576K
}
Event: 27.366 GC heap before
{Heap before GC invocations=375 (full 18):
 PSYoungGen      total 9216K, used 9189K [0x00000000eab00000, 0x00000000eb980000, 0x0000000100000000)
  eden space 7680K, 100% used [0x00000000eab00000,0x00000000eb280000,0x00000000eb280000)
  from space 1536K, 98% used [0x00000000eb680000,0x00000000eb7f9788,0x00000000eb800000)
  to   space 1536K, 0% used [0x00000000eb800000,0x00000000eb800000,0x00000000eb980000)
 ParOldGen       total 325120K, used 251708K [0x00000000c0000000, 0x00000000d3d80000, 0x00000000eab00000)
  object space 325120K, 77% used [0x00000000c0000000,0x00000000cf5cf158,0x00000000d3d80000)
 Metaspace       used 78746K, committed 80000K, reserved 1179648K
  class space    used 8106K, committed 8640K, reserved 1048576K
}
Event: 27.368 GC heap after
{Heap after GC invocations=375 (full 18):
 PSYoungGen      total 8704K, used 702K [0x00000000eab00000, 0x00000000eb900000, 0x0000000100000000)
  eden space 7680K, 0% used [0x00000000eab00000,0x00000000eab00000,0x00000000eb280000)
  from space 1024K, 68% used [0x00000000eb800000,0x00000000eb8afa80,0x00000000eb900000)
  to   space 1536K, 0% used [0x00000000eb600000,0x00000000eb600000,0x00000000eb780000)
 ParOldGen       total 325120K, used 251940K [0x00000000c0000000, 0x00000000d3d80000, 0x00000000eab00000)
  object space 325120K, 77% used [0x00000000c0000000,0x00000000cf609158,0x00000000d3d80000)
 Metaspace       used 78746K, committed 80000K, reserved 1179648K
  class space    used 8106K, committed 8640K, reserved 1048576K
}
Event: 27.426 GC heap before
{Heap before GC invocations=376 (full 18):
 PSYoungGen      total 8704K, used 8382K [0x00000000eab00000, 0x00000000eb900000, 0x0000000100000000)
  eden space 7680K, 99% used [0x00000000eab00000,0x00000000eb27ffd0,0x00000000eb280000)
  from space 1024K, 68% used [0x00000000eb800000,0x00000000eb8afa80,0x00000000eb900000)
  to   space 1536K, 0% used [0x00000000eb600000,0x00000000eb600000,0x00000000eb780000)
 ParOldGen       total 325120K, used 251940K [0x00000000c0000000, 0x00000000d3d80000, 0x00000000eab00000)
  object space 325120K, 77% used [0x00000000c0000000,0x00000000cf609158,0x00000000d3d80000)
 Metaspace       used 79026K, committed 80320K, reserved 1179648K
  class space    used 8154K, committed 8704K, reserved 1048576K
}
Event: 27.428 GC heap after
{Heap after GC invocations=376 (full 18):
 PSYoungGen      total 9216K, used 480K [0x00000000eab00000, 0x00000000eb880000, 0x0000000100000000)
  eden space 7680K, 0% used [0x00000000eab00000,0x00000000eab00000,0x00000000eb280000)
  from space 1536K, 31% used [0x00000000eb600000,0x00000000eb678000,0x00000000eb780000)
  to   space 1024K, 0% used [0x00000000eb780000,0x00000000eb780000,0x00000000eb880000)
 ParOldGen       total 325120K, used 252124K [0x00000000c0000000, 0x00000000d3d80000, 0x00000000eab00000)
  object space 325120K, 77% used [0x00000000c0000000,0x00000000cf637158,0x00000000d3d80000)
 Metaspace       used 79026K, committed 80320K, reserved 1179648K
  class space    used 8154K, committed 8704K, reserved 1048576K
}
Event: 27.550 GC heap before
{Heap before GC invocations=377 (full 18):
 PSYoungGen      total 9216K, used 7976K [0x00000000eab00000, 0x00000000eb880000, 0x0000000100000000)
  eden space 7680K, 97% used [0x00000000eab00000,0x00000000eb252258,0x00000000eb280000)
  from space 1536K, 31% used [0x00000000eb600000,0x00000000eb678000,0x00000000eb780000)
  to   space 1024K, 0% used [0x00000000eb780000,0x00000000eb780000,0x00000000eb880000)
 ParOldGen       total 325120K, used 252124K [0x00000000c0000000, 0x00000000d3d80000, 0x00000000eab00000)
  object space 325120K, 77% used [0x00000000c0000000,0x00000000cf637158,0x00000000d3d80000)
 Metaspace       used 80010K, committed 81408K, reserved 1179648K
  class space    used 8248K, committed 8832K, reserved 1048576K
}
Event: 27.552 GC heap after
{Heap after GC invocations=377 (full 18):
 PSYoungGen      total 8704K, used 1007K [0x00000000eab00000, 0x00000000eb880000, 0x0000000100000000)
  eden space 7680K, 0% used [0x00000000eab00000,0x00000000eab00000,0x00000000eb280000)
  from space 1024K, 98% used [0x00000000eb780000,0x00000000eb87bcf0,0x00000000eb880000)
  to   space 1536K, 0% used [0x00000000eb580000,0x00000000eb580000,0x00000000eb700000)
 ParOldGen       total 325120K, used 252148K [0x00000000c0000000, 0x00000000d3d80000, 0x00000000eab00000)
  object space 325120K, 77% used [0x00000000c0000000,0x00000000cf63d158,0x00000000d3d80000)
 Metaspace       used 80010K, committed 81408K, reserved 1179648K
  class space    used 8248K, committed 8832K, reserved 1048576K
}
Event: 27.645 GC heap before
{Heap before GC invocations=378 (full 18):
 PSYoungGen      total 8704K, used 8687K [0x00000000eab00000, 0x00000000eb880000, 0x0000000100000000)
  eden space 7680K, 100% used [0x00000000eab00000,0x00000000eb280000,0x00000000eb280000)
  from space 1024K, 98% used [0x00000000eb780000,0x00000000eb87bcf0,0x00000000eb880000)
  to   space 1536K, 0% used [0x00000000eb580000,0x00000000eb580000,0x00000000eb700000)
 ParOldGen       total 325120K, used 252148K [0x00000000c0000000, 0x00000000d3d80000, 0x00000000eab00000)
  object space 325120K, 77% used [0x00000000c0000000,0x00000000cf63d158,0x00000000d3d80000)
 Metaspace       used 80862K, committed 82240K, reserved 1179648K
  class space    used 8381K, committed 8960K, reserved 1048576K
}
Event: 27.647 GC heap after
{Heap after GC invocations=378 (full 18):
 PSYoungGen      total 9216K, used 320K [0x00000000eab00000, 0x00000000eb800000, 0x0000000100000000)
  eden space 7680K, 0% used [0x00000000eab00000,0x00000000eab00000,0x00000000eb280000)
  from space 1536K, 20% used [0x00000000eb580000,0x00000000eb5d0000,0x00000000eb700000)
  to   space 1024K, 0% used [0x00000000eb700000,0x00000000eb700000,0x00000000eb800000)
 ParOldGen       total 325120K, used 252677K [0x00000000c0000000, 0x00000000d3d80000, 0x00000000eab00000)
  object space 325120K, 77% used [0x00000000c0000000,0x00000000cf6c15f8,0x00000000d3d80000)
 Metaspace       used 80862K, committed 82240K, reserved 1179648K
  class space    used 8381K, committed 8960K, reserved 1048576K
}
Event: 27.727 GC heap before
{Heap before GC invocations=379 (full 18):
 PSYoungGen      total 9216K, used 8000K [0x00000000eab00000, 0x00000000eb800000, 0x0000000100000000)
  eden space 7680K, 100% used [0x00000000eab00000,0x00000000eb280000,0x00000000eb280000)
  from space 1536K, 20% used [0x00000000eb580000,0x00000000eb5d0000,0x00000000eb700000)
  to   space 1024K, 0% used [0x00000000eb700000,0x00000000eb700000,0x00000000eb800000)
 ParOldGen       total 325120K, used 252677K [0x00000000c0000000, 0x00000000d3d80000, 0x00000000eab00000)
  object space 325120K, 77% used [0x00000000c0000000,0x00000000cf6c15f8,0x00000000d3d80000)
 Metaspace       used 81461K, committed 82880K, reserved 1179648K
  class space    used 8512K, committed 9152K, reserved 1048576K
}
Event: 27.729 GC heap after
{Heap after GC invocations=379 (full 18):
 PSYoungGen      total 8192K, used 512K [0x00000000eab00000, 0x00000000eb780000, 0x0000000100000000)
  eden space 7680K, 0% used [0x00000000eab00000,0x00000000eab00000,0x00000000eb280000)
  from space 512K, 100% used [0x00000000eb700000,0x00000000eb780000,0x00000000eb780000)
  to   space 1024K, 0% used [0x00000000eb580000,0x00000000eb580000,0x00000000eb680000)
 ParOldGen       total 325120K, used 252677K [0x00000000c0000000, 0x00000000d3d80000, 0x00000000eab00000)
  object space 325120K, 77% used [0x00000000c0000000,0x00000000cf6c15f8,0x00000000d3d80000)
 Metaspace       used 81461K, committed 82880K, reserved 1179648K
  class space    used 8512K, committed 9152K, reserved 1048576K
}
Event: 31.092 GC heap before
{Heap before GC invocations=380 (full 18):
 PSYoungGen      total 8192K, used 8192K [0x00000000eab00000, 0x00000000eb780000, 0x0000000100000000)
  eden space 7680K, 100% used [0x00000000eab00000,0x00000000eb280000,0x00000000eb280000)
  from space 512K, 100% used [0x00000000eb700000,0x00000000eb780000,0x00000000eb780000)
  to   space 1024K, 0% used [0x00000000eb580000,0x00000000eb580000,0x00000000eb680000)
 ParOldGen       total 325120K, used 252677K [0x00000000c0000000, 0x00000000d3d80000, 0x00000000eab00000)
  object space 325120K, 77% used [0x00000000c0000000,0x00000000cf6c15f8,0x00000000d3d80000)
 Metaspace       used 82116K, committed 83520K, reserved 1179648K
  class space    used 8597K, committed 9216K, reserved 1048576K
}
Event: 31.093 GC heap after
{Heap after GC invocations=380 (full 18):
 PSYoungGen      total 8704K, used 928K [0x00000000eab00000, 0x00000000eb780000, 0x0000000100000000)
  eden space 7680K, 0% used [0x00000000eab00000,0x00000000eab00000,0x00000000eb280000)
  from space 1024K, 90% used [0x00000000eb580000,0x00000000eb668060,0x00000000eb680000)
  to   space 1024K, 0% used [0x00000000eb680000,0x00000000eb680000,0x00000000eb780000)
 ParOldGen       total 325120K, used 252677K [0x00000000c0000000, 0x00000000d3d80000, 0x00000000eab00000)
  object space 325120K, 77% used [0x00000000c0000000,0x00000000cf6c15f8,0x00000000d3d80000)
 Metaspace       used 82116K, committed 83520K, reserved 1179648K
  class space    used 8597K, committed 9216K, reserved 1048576K
}
Event: 71.345 GC heap before
{Heap before GC invocations=381 (full 18):
 PSYoungGen      total 8704K, used 8540K [0x00000000eab00000, 0x00000000eb780000, 0x0000000100000000)
  eden space 7680K, 99% used [0x00000000eab00000,0x00000000eb26f130,0x00000000eb280000)
  from space 1024K, 90% used [0x00000000eb580000,0x00000000eb668060,0x00000000eb680000)
  to   space 1024K, 0% used [0x00000000eb680000,0x00000000eb680000,0x00000000eb780000)
 ParOldGen       total 325120K, used 252677K [0x00000000c0000000, 0x00000000d3d80000, 0x00000000eab00000)
  object space 325120K, 77% used [0x00000000c0000000,0x00000000cf6c15f8,0x00000000d3d80000)
 Metaspace       used 82158K, committed 83584K, reserved 1179648K
  class space    used 8597K, committed 9216K, reserved 1048576K
}
Event: 71.347 GC heap after
{Heap after GC invocations=381 (full 18):
 PSYoungGen      total 8704K, used 996K [0x00000000eab00000, 0x00000000eb780000, 0x0000000100000000)
  eden space 7680K, 0% used [0x00000000eab00000,0x00000000eab00000,0x00000000eb280000)
  from space 1024K, 97% used [0x00000000eb680000,0x00000000eb779080,0x00000000eb780000)
  to   space 2048K, 0% used [0x00000000eb380000,0x00000000eb380000,0x00000000eb580000)
 ParOldGen       total 325120K, used 253520K [0x00000000c0000000, 0x00000000d3d80000, 0x00000000eab00000)
  object space 325120K, 77% used [0x00000000c0000000,0x00000000cf794010,0x00000000d3d80000)
 Metaspace       used 82158K, committed 83584K, reserved 1179648K
  class space    used 8597K, committed 9216K, reserved 1048576K
}
Event: 71.407 GC heap before
{Heap before GC invocations=382 (full 18):
 PSYoungGen      total 8704K, used 8076K [0x00000000eab00000, 0x00000000eb780000, 0x0000000100000000)
  eden space 7680K, 92% used [0x00000000eab00000,0x00000000eb1ea178,0x00000000eb280000)
  from space 1024K, 97% used [0x00000000eb680000,0x00000000eb779080,0x00000000eb780000)
  to   space 2048K, 0% used [0x00000000eb380000,0x00000000eb380000,0x00000000eb580000)
 ParOldGen       total 325120K, used 253520K [0x00000000c0000000, 0x00000000d3d80000, 0x00000000eab00000)
  object space 325120K, 77% used [0x00000000c0000000,0x00000000cf794010,0x00000000d3d80000)
 Metaspace       used 82158K, committed 83584K, reserved 1179648K
  class space    used 8597K, committed 9216K, reserved 1048576K
}
Event: 71.407 GC heap after
{Heap after GC invocations=382 (full 18):
 PSYoungGen      total 9728K, used 704K [0x00000000eab00000, 0x00000000eb700000, 0x0000000100000000)
  eden space 7680K, 0% used [0x00000000eab00000,0x00000000eab00000,0x00000000eb280000)
  from space 2048K, 34% used [0x00000000eb380000,0x00000000eb430020,0x00000000eb580000)
  to   space 1536K, 0% used [0x00000000eb580000,0x00000000eb580000,0x00000000eb700000)
 ParOldGen       total 325120K, used 253840K [0x00000000c0000000, 0x00000000d3d80000, 0x00000000eab00000)
  object space 325120K, 78% used [0x00000000c0000000,0x00000000cf7e4090,0x00000000d3d80000)
 Metaspace       used 82158K, committed 83584K, reserved 1179648K
  class space    used 8597K, committed 9216K, reserved 1048576K
}

Dll operation events (12 events):
Event: 0.013 Loaded shared library c:\Users\cheng\.cursor\extensions\redhat.java-1.31.0-win32-x64\jre\17.0.11-win32-x86_64\bin\java.dll
Event: 0.168 Loaded shared library c:\Users\cheng\.cursor\extensions\redhat.java-1.31.0-win32-x64\jre\17.0.11-win32-x86_64\bin\zip.dll
Event: 0.172 Loaded shared library C:\Users\cheng\.cursor\extensions\redhat.java-1.31.0-win32-x64\jre\17.0.11-win32-x86_64\bin\instrument.dll
Event: 0.182 Loaded shared library C:\Users\cheng\.cursor\extensions\redhat.java-1.31.0-win32-x64\jre\17.0.11-win32-x86_64\bin\net.dll
Event: 0.184 Loaded shared library C:\Users\cheng\.cursor\extensions\redhat.java-1.31.0-win32-x64\jre\17.0.11-win32-x86_64\bin\nio.dll
Event: 0.190 Loaded shared library C:\Users\cheng\.cursor\extensions\redhat.java-1.31.0-win32-x64\jre\17.0.11-win32-x86_64\bin\zip.dll
Event: 0.204 Loaded shared library C:\Users\cheng\.cursor\extensions\redhat.java-1.31.0-win32-x64\jre\17.0.11-win32-x86_64\bin\jimage.dll
Event: 0.256 Loaded shared library c:\Users\cheng\.cursor\extensions\redhat.java-1.31.0-win32-x64\jre\17.0.11-win32-x86_64\bin\verify.dll
Event: 1.257 Loaded shared library C:\Users\cheng\AppData\Roaming\Cursor\User\globalStorage\redhat.java\1.31.0\config_win\org.eclipse.equinox.launcher\org.eclipse.equinox.launcher.win32.win32.x86_64_1.2.1000.v20240507-1834\eclipse_11902.dll
Event: 3.536 Loaded shared library C:\Users\cheng\AppData\Local\Temp\jna-94627417\jna2716396593488241990.dll
Event: 11.436 Loaded shared library C:\Users\cheng\.cursor\extensions\redhat.java-1.31.0-win32-x64\jre\17.0.11-win32-x86_64\bin\sunmscapi.dll
Event: 27.492 Loaded shared library C:\Users\cheng\.cursor\extensions\redhat.java-1.31.0-win32-x64\jre\17.0.11-win32-x86_64\bin\extnet.dll

Deoptimization events (20 events):
Event: 71.480 Thread 0x000001e700691fe0 DEOPT PACKING pc=0x000001e767579150 sp=0x000000d8aaffe870
Event: 71.480 Thread 0x000001e700691fe0 DEOPT UNPACKING pc=0x000001e766be66a3 sp=0x000000d8aaffe828 mode 2
Event: 85.574 Thread 0x000001e77b02bb50 DEOPT PACKING pc=0x000001e7603f270c sp=0x000000d8adfff1b0
Event: 85.574 Thread 0x000001e77b02bb50 DEOPT UNPACKING pc=0x000001e766be6e43 sp=0x000000d8adffe728 mode 0
Event: 86.603 Thread 0x000001e77df25340 DEOPT PACKING pc=0x000001e7603f270c sp=0x000000d8affff280
Event: 86.603 Thread 0x000001e77df25340 DEOPT UNPACKING pc=0x000001e766be6e43 sp=0x000000d8afffe7f8 mode 0
Event: 87.161 Thread 0x000001e77b02a710 DEOPT PACKING pc=0x000001e7603f270c sp=0x000000d8aecfef10
Event: 87.161 Thread 0x000001e778e8b470 DEOPT PACKING pc=0x000001e7603f270c sp=0x000000d8ac8ff050
Event: 87.161 Thread 0x000001e77b02a710 DEOPT UNPACKING pc=0x000001e766be6e43 sp=0x000000d8aecfe488 mode 0
Event: 87.161 Thread 0x000001e778e8b470 DEOPT UNPACKING pc=0x000001e766be6e43 sp=0x000000d8ac8fe5c8 mode 0
Event: 87.161 Thread 0x000001e77b02b640 DEOPT PACKING pc=0x000001e7603f270c sp=0x000000d8ae7feee0
Event: 87.161 Thread 0x000001e77b02b640 DEOPT UNPACKING pc=0x000001e766be6e43 sp=0x000000d8ae7fe458 mode 0
Event: 93.691 Thread 0x000001e77b02d4a0 Uncommon trap: trap_request=0x0000002e fr.pc=0x000001e7675a454c relative=0x000000000000034c
Event: 93.691 Thread 0x000001e77b02d4a0 Uncommon trap: reason=unloaded action=reinterpret pc=0x000001e7675a454c method=org.eclipse.jdt.ls.core.internal.ConnectionStreamFactory$NamedPipeInputStream.read()I @ 119 c2
Event: 93.691 Thread 0x000001e77b02d4a0 DEOPT PACKING pc=0x000001e7675a454c sp=0x000000d8ae1fefe0
Event: 93.691 Thread 0x000001e77b02d4a0 DEOPT UNPACKING pc=0x000001e766be66a3 sp=0x000000d8ae1fef90 mode 2
Event: 93.692 Thread 0x000001e77b02d4a0 Uncommon trap: trap_request=0xffffff45 fr.pc=0x000001e767c60214 relative=0x0000000000000274
Event: 93.692 Thread 0x000001e77b02d4a0 Uncommon trap: reason=unstable_if action=reinterpret pc=0x000001e767c60214 method=java.io.BufferedOutputStream.write([BII)V @ 6 c2
Event: 93.692 Thread 0x000001e77b02d4a0 DEOPT PACKING pc=0x000001e767c60214 sp=0x000000d8ae1feac0
Event: 93.692 Thread 0x000001e77b02d4a0 DEOPT UNPACKING pc=0x000001e766be66a3 sp=0x000000d8ae1fea88 mode 2

Classes unloaded (17 events):
Event: 2.232 Thread 0x000001e775a845f0 Unloading class 0x000000010024ac00 'java/lang/invoke/LambdaForm$MH+0x000000010024ac00'
Event: 2.232 Thread 0x000001e775a845f0 Unloading class 0x000000010024a800 'java/lang/invoke/LambdaForm$MH+0x000000010024a800'
Event: 2.232 Thread 0x000001e775a845f0 Unloading class 0x000000010024a400 'java/lang/invoke/LambdaForm$MH+0x000000010024a400'
Event: 2.232 Thread 0x000001e775a845f0 Unloading class 0x000000010024a000 'java/lang/invoke/LambdaForm$MH+0x000000010024a000'
Event: 2.232 Thread 0x000001e775a845f0 Unloading class 0x0000000100249c00 'java/lang/invoke/LambdaForm$BMH+0x0000000100249c00'
Event: 2.232 Thread 0x000001e775a845f0 Unloading class 0x0000000100249800 'java/lang/invoke/LambdaForm$DMH+0x0000000100249800'
Event: 2.232 Thread 0x000001e775a845f0 Unloading class 0x0000000100244c00 'java/lang/invoke/LambdaForm$DMH+0x0000000100244c00'
Event: 11.286 Thread 0x000001e775a845f0 Unloading class 0x0000000100780400 'java/lang/invoke/LambdaForm$DMH+0x0000000100780400'
Event: 11.286 Thread 0x000001e775a845f0 Unloading class 0x0000000100770400 'java/lang/invoke/LambdaForm$DMH+0x0000000100770400'
Event: 13.958 Thread 0x000001e775a845f0 Unloading class 0x000000010080e800 'java/lang/invoke/LambdaForm$MH+0x000000010080e800'
Event: 13.958 Thread 0x000001e775a845f0 Unloading class 0x000000010080e400 'java/lang/invoke/LambdaForm$MH+0x000000010080e400'
Event: 13.958 Thread 0x000001e775a845f0 Unloading class 0x000000010080d800 'java/lang/invoke/LambdaForm$MH+0x000000010080d800'
Event: 13.958 Thread 0x000001e775a845f0 Unloading class 0x000000010080dc00 'java/lang/invoke/LambdaForm$MH+0x000000010080dc00'
Event: 13.958 Thread 0x000001e775a845f0 Unloading class 0x000000010080d400 'java/lang/invoke/LambdaForm$DMH+0x000000010080d400'
Event: 13.958 Thread 0x000001e775a845f0 Unloading class 0x000000010080c800 'java/lang/invoke/LambdaForm$DMH+0x000000010080c800'
Event: 13.958 Thread 0x000001e775a845f0 Unloading class 0x000000010080d000 'java/lang/invoke/LambdaForm$DMH+0x000000010080d000'
Event: 13.958 Thread 0x000001e775a845f0 Unloading class 0x000000010080cc00 'java/lang/invoke/LambdaForm$DMH+0x000000010080cc00'

Classes redefined (0 events):
No events

Internal exceptions (20 events):
Event: 27.813 Thread 0x000001e778e8ec20 Exception <a 'sun/nio/fs/WindowsException'{0x00000000eaf54fe0}> (0x00000000eaf54fe0) 
thrown [s\src\hotspot\share\prims\jni.cpp, line 516]
Event: 27.813 Thread 0x000001e778e8ec20 Exception <a 'sun/nio/fs/WindowsException'{0x00000000eaf552e0}> (0x00000000eaf552e0) 
thrown [s\src\hotspot\share\prims\jni.cpp, line 516]
Event: 27.829 Thread 0x000001e778e8ec20 Exception <a 'sun/nio/fs/WindowsException'{0x00000000eaf56140}> (0x00000000eaf56140) 
thrown [s\src\hotspot\share\prims\jni.cpp, line 516]
Event: 27.829 Thread 0x000001e778e8ec20 Exception <a 'sun/nio/fs/WindowsException'{0x00000000eaf56420}> (0x00000000eaf56420) 
thrown [s\src\hotspot\share\prims\jni.cpp, line 516]
Event: 27.853 Thread 0x000001e778e8ec20 Exception <a 'java/lang/NoSuchMethodError'{0x00000000eb02dca0}: 'void java.lang.invoke.DirectMethodHandle$Holder.invokeStatic(java.lang.Object, java.lang.Object, java.lang.Object, java.lang.Object, java.lang.Object, java.lang.Object, java.lang.Object)'> (0x00000000eb02dca0) 
thrown [s\src\hotspot\share\interpreter\linkResolver.cpp, line 759]
Event: 27.853 Thread 0x000001e77b0292d0 Exception <a 'java/lang/NoSuchMethodError'{0x00000000eb0290d8}: 'void java.lang.invoke.DirectMethodHandle$Holder.invokeStatic(java.lang.Object, java.lang.Object, java.lang.Object, java.lang.Object, java.lang.Object, java.lang.Object, java.lang.Object)'> (0x00000000eb0290d8) 
thrown [s\src\hotspot\share\interpreter\linkResolver.cpp, line 759]
Event: 71.330 Thread 0x000001e77becf1d0 Exception <a 'sun/nio/fs/WindowsException'{0x00000000eace23b0}> (0x00000000eace23b0) 
thrown [s\src\hotspot\share\prims\jni.cpp, line 516]
Event: 71.330 Thread 0x000001e77becf1d0 Exception <a 'sun/nio/fs/WindowsException'{0x00000000eace2cb0}> (0x00000000eace2cb0) 
thrown [s\src\hotspot\share\prims\jni.cpp, line 516]
Event: 71.330 Thread 0x000001e77becf1d0 Exception <a 'sun/nio/fs/WindowsException'{0x00000000eace3a10}> (0x00000000eace3a10) 
thrown [s\src\hotspot\share\prims\jni.cpp, line 516]
Event: 71.331 Thread 0x000001e77becf1d0 Exception <a 'sun/nio/fs/WindowsException'{0x00000000eace4548}> (0x00000000eace4548) 
thrown [s\src\hotspot\share\prims\jni.cpp, line 516]
Event: 71.331 Thread 0x000001e77becf1d0 Exception <a 'sun/nio/fs/WindowsException'{0x00000000eace5d50}> (0x00000000eace5d50) 
thrown [s\src\hotspot\share\prims\jni.cpp, line 516]
Event: 71.331 Thread 0x000001e77becf1d0 Exception <a 'sun/nio/fs/WindowsException'{0x00000000eace6388}> (0x00000000eace6388) 
thrown [s\src\hotspot\share\prims\jni.cpp, line 516]
Event: 71.333 Thread 0x000001e77becf1d0 Exception <a 'sun/nio/fs/WindowsException'{0x00000000ead05600}> (0x00000000ead05600) 
thrown [s\src\hotspot\share\prims\jni.cpp, line 516]
Event: 71.333 Thread 0x000001e77becf1d0 Exception <a 'sun/nio/fs/WindowsException'{0x00000000ead05ee0}> (0x00000000ead05ee0) 
thrown [s\src\hotspot\share\prims\jni.cpp, line 516]
Event: 71.479 Thread 0x000001e700691fe0 Exception <a 'sun/nio/fs/WindowsException'{0x00000000eb1606d8}> (0x00000000eb1606d8) 
thrown [s\src\hotspot\share\prims\jni.cpp, line 516]
Event: 71.479 Thread 0x000001e700691fe0 Exception <a 'sun/nio/fs/WindowsException'{0x00000000eb1609b8}> (0x00000000eb1609b8) 
thrown [s\src\hotspot\share\prims\jni.cpp, line 516]
Event: 71.479 Thread 0x000001e700691fe0 Exception <a 'sun/nio/fs/WindowsException'{0x00000000eb161318}> (0x00000000eb161318) 
thrown [s\src\hotspot\share\prims\jni.cpp, line 516]
Event: 71.479 Thread 0x000001e700691fe0 Exception <a 'sun/nio/fs/WindowsException'{0x00000000eb1615e8}> (0x00000000eb1615e8) 
thrown [s\src\hotspot\share\prims\jni.cpp, line 516]
Event: 93.690 Thread 0x000001e700698f40 Exception <a 'sun/net/ConnectionResetException'{0x00000000eb1a1360}: Connection reset> (0x00000000eb1a1360) 
thrown [s\src\hotspot\share\prims\jni.cpp, line 535]
Event: 93.692 Thread 0x000001e77b02d4a0 Exception <a 'java/io/IOException'{0x00000000eb1c8308}> (0x00000000eb1c8308) 
thrown [s\src\hotspot\share\prims\jni.cpp, line 516]

VM Operations (20 events):
Event: 31.003 Executing VM operation: Cleanup
Event: 31.004 Executing VM operation: Cleanup done
Event: 31.092 Executing VM operation: ParallelGCFailedAllocation
Event: 31.093 Executing VM operation: ParallelGCFailedAllocation done
Event: 32.107 Executing VM operation: Cleanup
Event: 32.107 Executing VM operation: Cleanup done
Event: 60.259 Executing VM operation: HandshakeAllThreads
Event: 60.259 Executing VM operation: HandshakeAllThreads done
Event: 60.259 Executing VM operation: Cleanup
Event: 60.259 Executing VM operation: Cleanup done
Event: 71.345 Executing VM operation: ParallelGCFailedAllocation
Event: 71.347 Executing VM operation: ParallelGCFailedAllocation done
Event: 71.407 Executing VM operation: ParallelGCFailedAllocation
Event: 71.407 Executing VM operation: ParallelGCFailedAllocation done
Event: 72.417 Executing VM operation: Cleanup
Event: 72.417 Executing VM operation: Cleanup done
Event: 84.515 Executing VM operation: Cleanup
Event: 84.515 Executing VM operation: Cleanup done
Event: 85.527 Executing VM operation: Cleanup
Event: 85.527 Executing VM operation: Cleanup done

Events (20 events):
Event: 71.462 Thread 0x000001e700691fe0 Thread added: 0x000001e700691fe0
Event: 71.481 Thread 0x000001e700694350 Thread added: 0x000001e700694350
Event: 71.497 Thread 0x000001e7006970e0 Thread added: 0x000001e7006970e0
Event: 71.497 Thread 0x000001e700694350 Thread exited: 0x000001e700694350
Event: 71.607 Thread 0x000001e7006970e0 Thread exited: 0x000001e7006970e0
Event: 71.636 Thread 0x000001e77c3a6560 Thread exited: 0x000001e77c3a6560
Event: 71.636 Thread 0x000001e77c3a5570 Thread exited: 0x000001e77c3a5570
Event: 85.574 Thread 0x000001e77b02a200 Thread exited: 0x000001e77b02a200
Event: 85.574 Thread 0x000001e77b02bb50 Thread exited: 0x000001e77b02bb50
Event: 86.604 Thread 0x000001e77df25340 Thread exited: 0x000001e77df25340
Event: 87.161 Thread 0x000001e77b02a710 Thread exited: 0x000001e77b02a710
Event: 87.161 Thread 0x000001e778e8b470 Thread exited: 0x000001e778e8b470
Event: 87.161 Thread 0x000001e77b02b640 Thread exited: 0x000001e77b02b640
Event: 88.534 Thread 0x000001e77becfbf0 Thread exited: 0x000001e77becfbf0
Event: 93.690 loading class sun/net/ConnectionResetException
Event: 93.690 loading class sun/net/ConnectionResetException done
Event: 93.691 loading class java/lang/Throwable$WrappedPrintWriter
Event: 93.691 loading class java/lang/Throwable$PrintStreamOrWriter
Event: 93.691 loading class java/lang/Throwable$PrintStreamOrWriter done
Event: 93.691 loading class java/lang/Throwable$WrappedPrintWriter done


Dynamic libraries:
0x00007ff7ed6f0000 - 0x00007ff7ed6fe000 	c:\Users\cheng\.cursor\extensions\redhat.java-1.31.0-win32-x64\jre\17.0.11-win32-x86_64\bin\java.exe
0x00007fff24370000 - 0x00007fff24587000 	C:\WINDOWS\SYSTEM32\ntdll.dll
0x00007fff23140000 - 0x00007fff23204000 	C:\WINDOWS\System32\KERNEL32.DLL
0x00007fff21950000 - 0x00007fff21cf7000 	C:\WINDOWS\System32\KERNELBASE.dll
0x00007fff1e430000 - 0x00007fff1e4c7000 	C:\WINDOWS\SYSTEM32\apphelp.dll
0x00007fff21e20000 - 0x00007fff21f31000 	C:\WINDOWS\System32\ucrtbase.dll
0x00007fff121e0000 - 0x00007fff121f7000 	c:\Users\cheng\.cursor\extensions\redhat.java-1.31.0-win32-x64\jre\17.0.11-win32-x86_64\bin\jli.dll
0x00007fff0a1c0000 - 0x00007fff0a1db000 	c:\Users\cheng\.cursor\extensions\redhat.java-1.31.0-win32-x64\jre\17.0.11-win32-x86_64\bin\VCRUNTIME140.dll
0x00007fff23590000 - 0x00007fff2373e000 	C:\WINDOWS\System32\USER32.dll
0x00007fff0f6b0000 - 0x00007fff0f943000 	C:\WINDOWS\WinSxS\amd64_microsoft.windows.common-controls_6595b64144ccf1df_6.0.22621.3527_none_270e469b73872a76\COMCTL32.dll
0x00007fff22000000 - 0x00007fff22026000 	C:\WINDOWS\System32\win32u.dll
0x00007fff24000000 - 0x00007fff240a7000 	C:\WINDOWS\System32\msvcrt.dll
0x00007fff22150000 - 0x00007fff22179000 	C:\WINDOWS\System32\GDI32.dll
0x00007fff21d00000 - 0x00007fff21e19000 	C:\WINDOWS\System32\gdi32full.dll
0x00007fff216c0000 - 0x00007fff2175a000 	C:\WINDOWS\System32\msvcp_win.dll
0x00007fff22ce0000 - 0x00007fff22d11000 	C:\WINDOWS\System32\IMM32.DLL
0x00007fff1a8d0000 - 0x00007fff1a8dc000 	c:\Users\cheng\.cursor\extensions\redhat.java-1.31.0-win32-x64\jre\17.0.11-win32-x86_64\bin\vcruntime140_1.dll
0x00007ffee9640000 - 0x00007ffee96cd000 	c:\Users\cheng\.cursor\extensions\redhat.java-1.31.0-win32-x64\jre\17.0.11-win32-x86_64\bin\msvcp140.dll
0x00007ffeb80e0000 - 0x00007ffeb8d42000 	c:\Users\cheng\.cursor\extensions\redhat.java-1.31.0-win32-x64\jre\17.0.11-win32-x86_64\bin\server\jvm.dll
0x00007fff22bb0000 - 0x00007fff22c62000 	C:\WINDOWS\System32\ADVAPI32.dll
0x00007fff220a0000 - 0x00007fff22148000 	C:\WINDOWS\System32\sechost.dll
0x00007fff21690000 - 0x00007fff216b8000 	C:\WINDOWS\System32\bcrypt.dll
0x00007fff23220000 - 0x00007fff23335000 	C:\WINDOWS\System32\RPCRT4.dll
0x00007fff07bb0000 - 0x00007fff07bb9000 	C:\WINDOWS\SYSTEM32\WSOCK32.dll
0x00007fff1f040000 - 0x00007fff1f074000 	C:\WINDOWS\SYSTEM32\WINMM.dll
0x00007fff20fa0000 - 0x00007fff20fed000 	C:\WINDOWS\SYSTEM32\POWRPROF.dll
0x00007fff185d0000 - 0x00007fff185da000 	C:\WINDOWS\SYSTEM32\VERSION.dll
0x00007fff230c0000 - 0x00007fff23131000 	C:\WINDOWS\System32\WS2_32.dll
0x00007fff20ed0000 - 0x00007fff20ee3000 	C:\WINDOWS\SYSTEM32\UMPDC.dll
0x00007fff20610000 - 0x00007fff20628000 	C:\WINDOWS\SYSTEM32\kernel.appcore.dll
0x00007fff12190000 - 0x00007fff1219a000 	c:\Users\cheng\.cursor\extensions\redhat.java-1.31.0-win32-x64\jre\17.0.11-win32-x86_64\bin\jimage.dll
0x00007fff1ee00000 - 0x00007fff1f032000 	C:\WINDOWS\SYSTEM32\DBGHELP.DLL
0x00007fff22810000 - 0x00007fff22b98000 	C:\WINDOWS\System32\combase.dll
0x00007fff22fe0000 - 0x00007fff230b7000 	C:\WINDOWS\System32\OLEAUT32.dll
0x00007fff1eda0000 - 0x00007fff1edd2000 	C:\WINDOWS\SYSTEM32\dbgcore.DLL
0x00007fff218d0000 - 0x00007fff21949000 	C:\WINDOWS\System32\bcryptPrimitives.dll
0x00007fff118e0000 - 0x00007fff118ee000 	c:\Users\cheng\.cursor\extensions\redhat.java-1.31.0-win32-x64\jre\17.0.11-win32-x86_64\bin\instrument.dll
0x00007fff0a190000 - 0x00007fff0a1b5000 	c:\Users\cheng\.cursor\extensions\redhat.java-1.31.0-win32-x64\jre\17.0.11-win32-x86_64\bin\java.dll
0x00007fff09300000 - 0x00007fff09318000 	c:\Users\cheng\.cursor\extensions\redhat.java-1.31.0-win32-x64\jre\17.0.11-win32-x86_64\bin\zip.dll
0x00007fff23740000 - 0x00007fff23f9c000 	C:\WINDOWS\System32\SHELL32.dll
0x00007fff1f580000 - 0x00007fff1fe76000 	C:\WINDOWS\SYSTEM32\windows.storage.dll
0x00007fff1f440000 - 0x00007fff1f57e000 	C:\WINDOWS\SYSTEM32\wintypes.dll
0x00007fff240b0000 - 0x00007fff241a5000 	C:\WINDOWS\System32\SHCORE.dll
0x00007fff23fa0000 - 0x00007fff23ffe000 	C:\WINDOWS\System32\shlwapi.dll
0x00007fff215c0000 - 0x00007fff215e1000 	C:\WINDOWS\SYSTEM32\profapi.dll
0x00007fff092e0000 - 0x00007fff092f9000 	C:\Users\cheng\.cursor\extensions\redhat.java-1.31.0-win32-x64\jre\17.0.11-win32-x86_64\bin\net.dll
0x00007fff1aa90000 - 0x00007fff1abc6000 	C:\WINDOWS\SYSTEM32\WINHTTP.dll
0x00007fff20ae0000 - 0x00007fff20b49000 	C:\WINDOWS\system32\mswsock.dll
0x00007fff084b0000 - 0x00007fff084c6000 	C:\Users\cheng\.cursor\extensions\redhat.java-1.31.0-win32-x64\jre\17.0.11-win32-x86_64\bin\nio.dll
0x00007fff11720000 - 0x00007fff11730000 	c:\Users\cheng\.cursor\extensions\redhat.java-1.31.0-win32-x64\jre\17.0.11-win32-x86_64\bin\verify.dll
0x00007ffee95f0000 - 0x00007ffee9634000 	C:\Users\cheng\AppData\Roaming\Cursor\User\globalStorage\redhat.java\1.31.0\config_win\org.eclipse.equinox.launcher\org.eclipse.equinox.launcher.win32.win32.x86_64_1.2.1000.v20240507-1834\eclipse_11902.dll
0x00007fff23360000 - 0x00007fff23505000 	C:\WINDOWS\System32\ole32.dll
0x00007fff20d80000 - 0x00007fff20d9b000 	C:\WINDOWS\SYSTEM32\CRYPTSP.dll
0x00007fff205d0000 - 0x00007fff20605000 	C:\WINDOWS\system32\rsaenh.dll
0x00007fff20ba0000 - 0x00007fff20bc8000 	C:\WINDOWS\SYSTEM32\USERENV.dll
0x00007fff20da0000 - 0x00007fff20dac000 	C:\WINDOWS\SYSTEM32\CRYPTBASE.dll
0x00007fff200e0000 - 0x00007fff2010d000 	C:\WINDOWS\SYSTEM32\IPHLPAPI.DLL
0x00007fff23210000 - 0x00007fff23219000 	C:\WINDOWS\System32\NSI.dll
0x00007fff1a710000 - 0x00007fff1a729000 	C:\WINDOWS\SYSTEM32\dhcpcsvc6.DLL
0x00007fff1a6f0000 - 0x00007fff1a70f000 	C:\WINDOWS\SYSTEM32\dhcpcsvc.DLL
0x00007fff20150000 - 0x00007fff20248000 	C:\WINDOWS\SYSTEM32\DNSAPI.dll
0x00007ffee59c0000 - 0x00007ffee5a05000 	C:\Users\cheng\AppData\Local\Temp\jna-94627417\jna2716396593488241990.dll
0x00007fff22ba0000 - 0x00007fff22ba8000 	C:\WINDOWS\System32\PSAPI.DLL
0x00007fff10690000 - 0x00007fff1069e000 	C:\Users\cheng\.cursor\extensions\redhat.java-1.31.0-win32-x64\jre\17.0.11-win32-x86_64\bin\sunmscapi.dll
0x00007fff21760000 - 0x00007fff218c8000 	C:\WINDOWS\System32\CRYPT32.dll
0x00007fff21030000 - 0x00007fff2105e000 	C:\WINDOWS\SYSTEM32\ncrypt.dll
0x00007fff20ff0000 - 0x00007fff21027000 	C:\WINDOWS\SYSTEM32\NTASN1.dll
0x00007fff0a5e0000 - 0x00007fff0a5e9000 	C:\Users\cheng\.cursor\extensions\redhat.java-1.31.0-win32-x64\jre\17.0.11-win32-x86_64\bin\extnet.dll

dbghelp: loaded successfully - version: 4.0.5 - missing functions: none
symbol engine: initialized successfully - sym options: 0x614 - pdb path: .;c:\Users\cheng\.cursor\extensions\redhat.java-1.31.0-win32-x64\jre\17.0.11-win32-x86_64\bin;C:\WINDOWS\SYSTEM32;C:\WINDOWS\WinSxS\amd64_microsoft.windows.common-controls_6595b64144ccf1df_6.0.22621.3527_none_270e469b73872a76;c:\Users\cheng\.cursor\extensions\redhat.java-1.31.0-win32-x64\jre\17.0.11-win32-x86_64\bin\server;C:\Users\cheng\AppData\Roaming\Cursor\User\globalStorage\redhat.java\1.31.0\config_win\org.eclipse.equinox.launcher\org.eclipse.equinox.launcher.win32.win32.x86_64_1.2.1000.v20240507-1834;C:\Users\cheng\AppData\Local\Temp\jna-94627417

VM Arguments:
jvm_args: --add-modules=ALL-SYSTEM --add-opens=java.base/java.util=ALL-UNNAMED --add-opens=java.base/java.lang=ALL-UNNAMED --add-opens=java.base/sun.nio.fs=ALL-UNNAMED -Declipse.application=org.eclipse.jdt.ls.core.id1 -Dosgi.bundles.defaultStartLevel=4 -Declipse.product=org.eclipse.jdt.ls.core.product -Djava.import.generatesMetadataFilesAtProjectRoot=false -DDetectVMInstallationsJob.disabled=true -Dfile.encoding=utf8 -XX:+UseParallelGC -XX:GCTimeRatio=4 -XX:AdaptiveSizePolicyWeight=90 -Dsun.zip.disableMemoryMapping=true -Xmx1G -Xms100m -Xlog:disable -javaagent:c:\Users\cheng\.cursor\extensions\redhat.java-1.31.0-win32-x64\lombok\lombok-1.18.32.jar -XX:+HeapDumpOnOutOfMemoryError -XX:HeapDumpPath=c:\Users\cheng\AppData\Roaming\Cursor\User\workspaceStorage\0a2e1038fc00e70623d54bd91d206bcc\redhat.java -Daether.dependencyCollector.impl=bf 
java_command: c:\Users\cheng\.cursor\extensions\redhat.java-1.31.0-win32-x64\server\plugins\org.eclipse.equinox.launcher_1.6.800.v20240513-1750.jar -configuration c:\Users\cheng\AppData\Roaming\Cursor\User\globalStorage\redhat.java\1.31.0\config_win -data c:\Users\cheng\AppData\Roaming\Cursor\User\workspaceStorage\0a2e1038fc00e70623d54bd91d206bcc\redhat.java\jdt_ws --pipe=\\.\pipe\lsp-ba77ba7e1dd6191ba210636850e2084c-sock
java_class_path (initial): c:\Users\cheng\.cursor\extensions\redhat.java-1.31.0-win32-x64\server\plugins\org.eclipse.equinox.launcher_1.6.800.v20240513-1750.jar
Launcher Type: SUN_STANDARD

[Global flags]
    uintx AdaptiveSizePolicyWeight                 = 90                                        {product} {command line}
     intx CICompilerCount                          = 12                                        {product} {ergonomic}
    uintx GCTimeRatio                              = 4                                         {product} {command line}
     bool HeapDumpOnOutOfMemoryError               = true                                   {manageable} {command line}
    ccstr HeapDumpPath                             = c:\Users\cheng\AppData\Roaming\Cursor\User\workspaceStorage\0a2e1038fc00e70623d54bd91d206bcc\redhat.java         {manageable} {command line}
   size_t InitialHeapSize                          = 104857600                                 {product} {command line}
   size_t MaxHeapSize                              = 1073741824                                {product} {command line}
   size_t MaxNewSize                               = 357564416                                 {product} {ergonomic}
   size_t MinHeapDeltaBytes                        = 524288                                    {product} {ergonomic}
   size_t MinHeapSize                              = 104857600                                 {product} {command line}
   size_t NewSize                                  = 34603008                                  {product} {ergonomic}
    uintx NonNMethodCodeHeapSize                   = 7602480                                {pd product} {ergonomic}
    uintx NonProfiledCodeHeapSize                  = 122027880                              {pd product} {ergonomic}
   size_t OldSize                                  = 70254592                                  {product} {ergonomic}
    uintx ProfiledCodeHeapSize                     = 122027880                              {pd product} {ergonomic}
    uintx ReservedCodeCacheSize                    = 251658240                              {pd product} {ergonomic}
     bool SegmentedCodeCache                       = true                                      {product} {ergonomic}
   size_t SoftMaxHeapSize                          = 1073741824                             {manageable} {ergonomic}
     bool UseCompressedClassPointers               = true                           {product lp64_product} {ergonomic}
     bool UseCompressedOops                        = true                           {product lp64_product} {ergonomic}
     bool UseLargePagesIndividualAllocation        = false                                  {pd product} {ergonomic}
     bool UseParallelGC                            = true                                      {product} {command line}

Logging:
Log output configuration:
 #0: stdout all=off uptime,level,tags
 #1: stderr all=off uptime,level,tags

Environment Variables:
PATH=c:\Users\cheng\AppData\Local\Programs\cursor\resources\app\bin;C:\Program Files\Common Files\Oracle\Java\javapath;C:\Python312\Scripts\;C:\Python312\;C:\Windows\system32;C:\Windows;C:\Windows\System32\Wbem;C:\Windows\System32\WindowsPowerShell\v1.0\;C:\Windows\System32\OpenSSH\;C:\Program Files (x86)\NVIDIA Corporation\PhysX\Common;C:\WINDOWS\system32;C:\WINDOWS;C:\WINDOWS\System32\Wbem;C:\WINDOWS\System32\WindowsPowerShell\v1.0\;C:\WINDOWS\System32\OpenSSH\;C:\Program Files\Git\cmd;C:\Program Files\dotnet\;C:\ProgramData\chocolatey\bin;C:\Program Files\apache-maven-3.9.6\bin;C:\Program Files\nodejs;;C:\Program Files\Docker\Docker\resources\bin;C:\Users\cheng\AppData\Local\Microsoft\WindowsApps;C:\Users\cheng\AppData\Roaming\npm;C:\Users\cheng\AppData\Local\GitHubDesktop\bin;C:\Users\cheng\.dotnet\tools;c:\Users\cheng\AppData\Local\Programs\cursor\resources\app\bin;C:\Users\cheng\AppData\Local\Programs\Microsoft VS Code\bin;C:\Users\cheng\AppData\Local\Microsoft\WinGet\Links
USERNAME=cheng
OS=Windows_NT
PROCESSOR_IDENTIFIER=AMD64 Family 23 Model 96 Stepping 1, AuthenticAMD
TMP=C:\Users\cheng\AppData\Local\Temp
TEMP=C:\Users\cheng\AppData\Local\Temp



Periodic native trim disabled


---------------  S Y S T E M  ---------------

OS:
 Windows 11 , 64 bit Build 22621 (10.0.22621.3527)
OS uptime: 5 days 7:05 hours
Hyper-V role detected

CPU: total 16 (initial active 16) (16 cores per cpu, 2 threads per core) family 23 model 96 stepping 1 microcode 0x0, cx8, cmov, fxsr, ht, mmx, 3dnowpref, sse, sse2, sse3, ssse3, sse4a, sse4.1, sse4.2, popcnt, lzcnt, tsc, tscinvbit, avx, avx2, aes, clmul, bmi1, bmi2, adx, sha, fma, vzeroupper, clflush, clflushopt, hv
Processor Information for all 16 processors :
  Max Mhz: 3000, Current Mhz: 3000, Mhz Limit: 3000

Memory: 4k page, system-wide physical 15789M (5943M free)
TotalPageFile size 64941M (AvailPageFile size 403M)
current process WorkingSet (physical memory assigned to process): 696M, peak: 903M
current process commit charge ("private bytes"): 597M, peak: 877M

vm_info: OpenJDK 64-Bit Server VM (17.0.11+9) for windows-amd64 JRE (17.0.11+9), built on Apr 17 2024 06:07:48 by "admin" with MS VC++ 16.10 / 16.11 (VS2019)

END.
