#
# There is insufficient memory for the Java Runtime Environment to continue.
# Native memory allocation (malloc) failed to allocate 2758464 bytes. Error detail: Chunk::new
# Possible reasons:
#   The system is out of physical RAM or swap space
#   This process is running with CompressedOops enabled, and the Java Heap may be blocking the growth of the native heap
# Possible solutions:
#   Reduce memory load on the system
#   Increase physical memory or swap space
#   Check if swap backing store is full
#   Decrease Java heap size (-Xmx/-Xms)
#   Decrease number of Java threads
#   Decrease Java thread stack sizes (-Xss)
#   Set larger code cache with -XX:ReservedCodeCacheSize=
#   JVM is running with Unscaled Compressed Oops mode in which the Java heap is
#     placed in the first 4GB address space. The Java Heap base address is the
#     maximum limit for the native heap growth. Please use -XX:HeapBaseMinAddress
#     to set the Java Heap base and to place the Java Heap above 4GB virtual address.
# This output file may be truncated or incomplete.
#
#  Out of Memory Error (arena.cpp:191), pid=36832, tid=47468
#
# JRE version: OpenJDK Runtime Environment Temurin-17.0.11+9 (17.0.11+9) (build 17.0.11+9)
# Java VM: OpenJDK 64-Bit Server VM Temurin-17.0.11+9 (17.0.11+9, mixed mode, tiered, compressed oops, compressed class ptrs, parallel gc, windows-amd64)
# No core dump will be written. Minidumps are not enabled by default on client versions of Windows
#

---------------  S U M M A R Y ------------

Command Line: --add-modules=ALL-SYSTEM --add-opens=java.base/java.util=ALL-UNNAMED --add-opens=java.base/java.lang=ALL-UNNAMED --add-opens=java.base/sun.nio.fs=ALL-UNNAMED -Declipse.application=org.eclipse.jdt.ls.core.id1 -Dosgi.bundles.defaultStartLevel=4 -Declipse.product=org.eclipse.jdt.ls.core.product -Djava.import.generatesMetadataFilesAtProjectRoot=false -DDetectVMInstallationsJob.disabled=true -Dfile.encoding=utf8 -XX:+UseParallelGC -XX:GCTimeRatio=4 -XX:AdaptiveSizePolicyWeight=90 -Dsun.zip.disableMemoryMapping=true -Xmx1G -Xms100m -Xlog:disable -javaagent:c:\Users\cheng\.cursor\extensions\redhat.java-1.31.0-win32-x64\lombok\lombok-1.18.32.jar -XX:+HeapDumpOnOutOfMemoryError -XX:HeapDumpPath=c:\Users\cheng\AppData\Roaming\Cursor\User\workspaceStorage\0a2e1038fc00e70623d54bd91d206bcc\redhat.java -Daether.dependencyCollector.impl=bf c:\Users\cheng\.cursor\extensions\redhat.java-1.31.0-win32-x64\server\plugins\org.eclipse.equinox.launcher_1.6.800.v20240513-1750.jar -configuration c:\Users\cheng\AppData\Roaming\Cursor\User\globalStorage\redhat.java\1.31.0\config_win -data c:\Users\cheng\AppData\Roaming\Cursor\User\workspaceStorage\0a2e1038fc00e70623d54bd91d206bcc\redhat.java\jdt_ws --pipe=\\.\pipe\lsp-b8e38ae59b0a87ab4039f4085a64c898-sock

Host: AMD Ryzen 9 4900HS with Radeon Graphics         , 16 cores, 15G,  Windows 11 , 64 bit Build 22621 (10.0.22621.3527)
Time: Wed Jun  5 14:55:32 2024 Pacific Daylight Time elapsed time: 16.090325 seconds (0d 0h 0m 16s)

---------------  T H R E A D  ---------------

Current thread (0x000001d805145220):  JavaThread "C2 CompilerThread0" daemon [_thread_in_native, id=47468, stack(0x000000cd49700000,0x000000cd49800000)]


Current CompileTask:
C2:  16090 13515 % !   4       org.eclipse.jdt.internal.compiler.classfmt.ClassFileReader::<init> @ 63 (2158 bytes)

Stack: [0x000000cd49700000,0x000000cd49800000]
Native frames: (J=compiled Java code, j=interpreted, Vv=VM code, C=native code)
V  [jvm.dll+0x67d429]
V  [jvm.dll+0x834b7a]
V  [jvm.dll+0x83663e]
V  [jvm.dll+0x836ca3]
V  [jvm.dll+0x247dbf]
V  [jvm.dll+0xac534]
V  [jvm.dll+0xacb7c]
V  [jvm.dll+0x366647]
V  [jvm.dll+0x330bba]
V  [jvm.dll+0x33005a]
V  [jvm.dll+0x21a471]
V  [jvm.dll+0x2198b1]
V  [jvm.dll+0x1a534d]
V  [jvm.dll+0x2295cd]
V  [jvm.dll+0x22779c]
V  [jvm.dll+0x7e9d07]
V  [jvm.dll+0x7e410a]
V  [jvm.dll+0x67c315]
C  [ucrtbase.dll+0x29333]
C  [KERNEL32.DLL+0x1257d]
C  [ntdll.dll+0x5aa48]


---------------  P R O C E S S  ---------------

Threads class SMR info:
_java_thread_list=0x000001d80c993d50, length=75, elements={
0x000001d8675a2bd0, 0x000001d87b412b80, 0x000001d87b414fc0, 0x000001d87b41e000,
0x000001d80511c900, 0x000001d80511d430, 0x000001d80511f6b0, 0x000001d805145220,
0x000001d805155b60, 0x000001d8051833c0, 0x000001d805248cf0, 0x000001d8051e6460,
0x000001d807288850, 0x000001d807288d70, 0x000001d8073e18a0, 0x000001d8073a93e0,
0x000001d8073a89c0, 0x000001d8073a9e00, 0x000001d8073a7070, 0x000001d8073a8ed0,
0x000001d808388450, 0x000001d8073aa820, 0x000001d8073a7580, 0x000001d8073a7fa0,
0x000001d8089dea70, 0x000001d80856f470, 0x000001d8085703a0, 0x000001d808572710,
0x000001d808573130, 0x000001d80856f980, 0x000001d8085712d0, 0x000001d8085754a0,
0x000001d8085759b0, 0x000001d808572c20, 0x000001d8085768e0, 0x000001d808573b50,
0x000001d808571cf0, 0x000001d808573640, 0x000001d80856fe90, 0x000001d808575ec0,
0x000001d808574060, 0x000001d8085763d0, 0x000001d8085708b0, 0x000001d808570dc0,
0x000001d8085717e0, 0x000001d808574570, 0x000001d80a64aaa0, 0x000001d80a646590,
0x000001d80a64bfe0, 0x000001d8086453f0, 0x000001d808647250, 0x000001d80a648020,
0x000001d808645900, 0x000001d808643080, 0x000001d80a649ab0, 0x000001d808646320,
0x000001d808648690, 0x000001d808648ba0, 0x000001d808643590, 0x000001d8086490b0,
0x000001d808647c70, 0x000001d8086495c0, 0x000001d808643aa0, 0x000001d808649ad0,
0x000001d808643fb0, 0x000001d808649fe0, 0x000001d80864a4f0, 0x000001d80864aa00,
0x000001d8086449d0, 0x000001d808645e10, 0x000001d8073a7a90, 0x000001d80ec5fce0,
0x000001d80ec5d970, 0x000001d80ec62560, 0x000001d80ec61630
}

Java Threads: ( => current thread )
  0x000001d8675a2bd0 JavaThread "main" [_thread_blocked, id=18408, stack(0x000000cd48e00000,0x000000cd48f00000)]
  0x000001d87b412b80 JavaThread "Reference Handler" daemon [_thread_blocked, id=25312, stack(0x000000cd49100000,0x000000cd49200000)]
  0x000001d87b414fc0 JavaThread "Finalizer" daemon [_thread_blocked, id=32312, stack(0x000000cd49200000,0x000000cd49300000)]
  0x000001d87b41e000 JavaThread "Signal Dispatcher" daemon [_thread_blocked, id=11192, stack(0x000000cd49300000,0x000000cd49400000)]
  0x000001d80511c900 JavaThread "Attach Listener" daemon [_thread_blocked, id=44660, stack(0x000000cd49400000,0x000000cd49500000)]
  0x000001d80511d430 JavaThread "Service Thread" daemon [_thread_blocked, id=11424, stack(0x000000cd49500000,0x000000cd49600000)]
  0x000001d80511f6b0 JavaThread "Monitor Deflation Thread" daemon [_thread_blocked, id=10824, stack(0x000000cd49600000,0x000000cd49700000)]
=>0x000001d805145220 JavaThread "C2 CompilerThread0" daemon [_thread_in_native, id=47468, stack(0x000000cd49700000,0x000000cd49800000)]
  0x000001d805155b60 JavaThread "C1 CompilerThread0" daemon [_thread_blocked, id=16748, stack(0x000000cd49800000,0x000000cd49900000)]
  0x000001d8051833c0 JavaThread "Sweeper thread" daemon [_thread_blocked, id=23060, stack(0x000000cd49900000,0x000000cd49a00000)]
  0x000001d805248cf0 JavaThread "Common-Cleaner" daemon [_thread_blocked, id=27528, stack(0x000000cd49a00000,0x000000cd49b00000)]
  0x000001d8051e6460 JavaThread "C1 CompilerThread1" daemon [_thread_blocked, id=29920, stack(0x000000cd49b00000,0x000000cd49c00000)]
  0x000001d807288850 JavaThread "C1 CompilerThread2" daemon [_thread_blocked, id=13760, stack(0x000000cd49e00000,0x000000cd49f00000)]
  0x000001d807288d70 JavaThread "C1 CompilerThread3" daemon [_thread_blocked, id=47352, stack(0x000000cd49f00000,0x000000cd4a000000)]
  0x000001d8073e18a0 JavaThread "Notification Thread" daemon [_thread_blocked, id=19892, stack(0x000000cd4a000000,0x000000cd4a100000)]
  0x000001d8073a93e0 JavaThread "Active Thread: Equinox Container: f2f973ea-397c-4e83-a792-bcc21616d8ba" [_thread_blocked, id=45496, stack(0x000000cd4a300000,0x000000cd4a400000)]
  0x000001d8073a89c0 JavaThread "Framework Event Dispatcher: Equinox Container: f2f973ea-397c-4e83-a792-bcc21616d8ba" daemon [_thread_blocked, id=38412, stack(0x000000cd4a900000,0x000000cd4aa00000)]
  0x000001d8073a9e00 JavaThread "Start Level: Equinox Container: f2f973ea-397c-4e83-a792-bcc21616d8ba" daemon [_thread_blocked, id=26396, stack(0x000000cd4aa00000,0x000000cd4ab00000)]
  0x000001d8073a7070 JavaThread "Bundle File Closer" daemon [_thread_blocked, id=8480, stack(0x000000cd4ad00000,0x000000cd4ae00000)]
  0x000001d8073a8ed0 JavaThread "SCR Component Actor" daemon [_thread_blocked, id=47728, stack(0x000000cd4af00000,0x000000cd4b000000)]
  0x000001d808388450 JavaThread "C2 CompilerThread1" daemon [_thread_in_native, id=25156, stack(0x000000cd49c00000,0x000000cd49d00000)]
  0x000001d8073aa820 JavaThread "Worker-JM" [_thread_blocked, id=42312, stack(0x000000cd4b200000,0x000000cd4b300000)]
  0x000001d8073a7580 JavaThread "Worker-0: Initialize workspace" [_thread_blocked, id=1600, stack(0x000000cd4b400000,0x000000cd4b500000)]
  0x000001d8073a7fa0 JavaThread "Worker-1" [_thread_blocked, id=18392, stack(0x000000cd4b500000,0x000000cd4b600000)]
  0x000001d8089dea70 JavaThread "C2 CompilerThread2" daemon [_thread_in_native, id=40404, stack(0x000000cd4b600000,0x000000cd4b700000)]
  0x000001d80856f470 JavaThread "Java indexing" daemon [_thread_in_native, id=3752, stack(0x000000cd4b700000,0x000000cd4b800000)]
  0x000001d8085703a0 JavaThread "JNA Cleaner" daemon [_thread_blocked, id=47036, stack(0x000000cd4b800000,0x000000cd4b900000)]
  0x000001d808572710 JavaThread "Thread-2" daemon [_thread_in_native, id=31240, stack(0x000000cd4b900000,0x000000cd4ba00000)]
  0x000001d808573130 JavaThread "Thread-3" daemon [_thread_in_native, id=37968, stack(0x000000cd4ba00000,0x000000cd4bb00000)]
  0x000001d80856f980 JavaThread "Thread-4" daemon [_thread_in_native, id=33320, stack(0x000000cd4bb00000,0x000000cd4bc00000)]
  0x000001d8085712d0 JavaThread "Thread-5" daemon [_thread_in_native, id=12896, stack(0x000000cd4bc00000,0x000000cd4bd00000)]
  0x000001d8085754a0 JavaThread "Thread-6" daemon [_thread_in_native, id=19632, stack(0x000000cd4bd00000,0x000000cd4be00000)]
  0x000001d8085759b0 JavaThread "Thread-7" daemon [_thread_in_native, id=37108, stack(0x000000cd4be00000,0x000000cd4bf00000)]
  0x000001d808572c20 JavaThread "Thread-8" daemon [_thread_in_native, id=40172, stack(0x000000cd4bf00000,0x000000cd4c000000)]
  0x000001d8085768e0 JavaThread "Thread-9" daemon [_thread_in_native, id=38152, stack(0x000000cd4c000000,0x000000cd4c100000)]
  0x000001d808573b50 JavaThread "Thread-10" daemon [_thread_in_native, id=1392, stack(0x000000cd4c100000,0x000000cd4c200000)]
  0x000001d808571cf0 JavaThread "Thread-11" daemon [_thread_in_native, id=22296, stack(0x000000cd4c200000,0x000000cd4c300000)]
  0x000001d808573640 JavaThread "Thread-12" daemon [_thread_in_native, id=46564, stack(0x000000cd4c300000,0x000000cd4c400000)]
  0x000001d80856fe90 JavaThread "Thread-13" daemon [_thread_in_native, id=24016, stack(0x000000cd4c400000,0x000000cd4c500000)]
  0x000001d808575ec0 JavaThread "Thread-14" daemon [_thread_in_native, id=19172, stack(0x000000cd4c500000,0x000000cd4c600000)]
  0x000001d808574060 JavaThread "Thread-15" daemon [_thread_in_native, id=19176, stack(0x000000cd4c600000,0x000000cd4c700000)]
  0x000001d8085763d0 JavaThread "Thread-16" daemon [_thread_in_native, id=38552, stack(0x000000cd4c700000,0x000000cd4c800000)]
  0x000001d8085708b0 JavaThread "Thread-17" daemon [_thread_in_native, id=34248, stack(0x000000cd4c800000,0x000000cd4c900000)]
  0x000001d808570dc0 JavaThread "Thread-18" daemon [_thread_in_native, id=45004, stack(0x000000cd4c900000,0x000000cd4ca00000)]
  0x000001d8085717e0 JavaThread "pool-2-thread-1" [_thread_blocked, id=44420, stack(0x000000cd4ca00000,0x000000cd4cb00000)]
  0x000001d808574570 JavaThread "Worker-2: Send Classpath Notifications" [_thread_blocked, id=47848, stack(0x000000cd4cb00000,0x000000cd4cc00000)]
  0x000001d80a64aaa0 JavaThread "C2 CompilerThread3" daemon [_thread_in_native, id=42080, stack(0x000000cd4cc00000,0x000000cd4cd00000)]
  0x000001d80a646590 JavaThread "C2 CompilerThread4" daemon [_thread_blocked, id=46180, stack(0x000000cd4cd00000,0x000000cd4ce00000)]
  0x000001d80a64bfe0 JavaThread "C2 CompilerThread5" daemon [_thread_in_native, id=35940, stack(0x000000cd4ce00000,0x000000cd4cf00000)]
  0x000001d8086453f0 JavaThread "WorkspaceEventsHandler" [_thread_blocked, id=46132, stack(0x000000cd4cf00000,0x000000cd4d000000)]
  0x000001d808647250 JavaThread "pool-1-thread-1" [_thread_blocked, id=43612, stack(0x000000cd4d000000,0x000000cd4d100000)]
  0x000001d80a648020 JavaThread "C2 CompilerThread6" daemon [_thread_in_native, id=33776, stack(0x000000cd4d100000,0x000000cd4d200000)]
  0x000001d808645900 JavaThread "Worker-3: Java indexing... " [_thread_blocked, id=38428, stack(0x000000cd4d300000,0x000000cd4d400000)]
  0x000001d808643080 JavaThread "ForkJoinPool.commonPool-worker-1" daemon [_thread_in_native, id=33356, stack(0x000000cd4d200000,0x000000cd4d300000)]
  0x000001d80a649ab0 JavaThread "C2 CompilerThread7" daemon [_thread_in_native, id=32352, stack(0x000000cd4d400000,0x000000cd4d500000)]
  0x000001d808646320 JavaThread "Worker-4" [_thread_blocked, id=11856, stack(0x000000cd4d500000,0x000000cd4d600000)]
  0x000001d808648690 JavaThread "Worker-5" [_thread_blocked, id=42344, stack(0x000000cd4d600000,0x000000cd4d700000)]
  0x000001d808648ba0 JavaThread "Worker-6" [_thread_blocked, id=34740, stack(0x000000cd4b000000,0x000000cd4b100000)]
  0x000001d808643590 JavaThread "ForkJoinPool.commonPool-worker-2" daemon [_thread_blocked, id=7076, stack(0x000000cd4d700000,0x000000cd4d800000)]
  0x000001d8086490b0 JavaThread "ForkJoinPool.commonPool-worker-3" daemon [_thread_blocked, id=39596, stack(0x000000cd4d800000,0x000000cd4d900000)]
  0x000001d808647c70 JavaThread "ForkJoinPool.commonPool-worker-4" daemon [_thread_blocked, id=46752, stack(0x000000cd4d900000,0x000000cd4da00000)]
  0x000001d8086495c0 JavaThread "ForkJoinPool.commonPool-worker-5" daemon [_thread_blocked, id=44540, stack(0x000000cd4da00000,0x000000cd4db00000)]
  0x000001d808643aa0 JavaThread "ForkJoinPool.commonPool-worker-6" daemon [_thread_blocked, id=25244, stack(0x000000cd4db00000,0x000000cd4dc00000)]
  0x000001d808649ad0 JavaThread "ForkJoinPool.commonPool-worker-7" daemon [_thread_blocked, id=18812, stack(0x000000cd4dc00000,0x000000cd4dd00000)]
  0x000001d808643fb0 JavaThread "ForkJoinPool.commonPool-worker-8" daemon [_thread_blocked, id=30672, stack(0x000000cd4dd00000,0x000000cd4de00000)]
  0x000001d808649fe0 JavaThread "ForkJoinPool.commonPool-worker-9" daemon [_thread_blocked, id=47692, stack(0x000000cd4de00000,0x000000cd4df00000)]
  0x000001d80864a4f0 JavaThread "ForkJoinPool.commonPool-worker-10" daemon [_thread_blocked, id=23664, stack(0x000000cd4df00000,0x000000cd4e000000)]
  0x000001d80864aa00 JavaThread "ForkJoinPool.commonPool-worker-11" daemon [_thread_blocked, id=24648, stack(0x000000cd4e000000,0x000000cd4e100000)]
  0x000001d8086449d0 JavaThread "ForkJoinPool.commonPool-worker-12" daemon [_thread_blocked, id=33752, stack(0x000000cd4e100000,0x000000cd4e200000)]
  0x000001d808645e10 JavaThread "ForkJoinPool.commonPool-worker-13" daemon [_thread_blocked, id=9292, stack(0x000000cd4e200000,0x000000cd4e300000)]
  0x000001d8073a7a90 JavaThread "ForkJoinPool.commonPool-worker-14" daemon [_thread_blocked, id=37148, stack(0x000000cd4e400000,0x000000cd4e500000)]
  0x000001d80ec5fce0 JavaThread "Worker-7" [_thread_blocked, id=42356, stack(0x000000cd4f300000,0x000000cd4f400000)]
  0x000001d80ec5d970 JavaThread "Worker-8" [_thread_blocked, id=37516, stack(0x000000cd4f400000,0x000000cd4f500000)]
  0x000001d80ec62560 JavaThread "ForkJoinPool.commonPool-worker-15" daemon [_thread_blocked, id=18924, stack(0x000000cd4e300000,0x000000cd4e400000)]
  0x000001d80ec61630 JavaThread "SCR Component Registry" daemon [_thread_blocked, id=32308, stack(0x000000cd4e500000,0x000000cd4e600000)]

Other Threads:
  0x000001d867627e40 VMThread "VM Thread" [stack: 0x000000cd49000000,0x000000cd49100000] [id=26984]
  0x000001d807285020 WatcherThread [stack: 0x000000cd4a100000,0x000000cd4a200000] [id=29484]
  0x000001d8675b87a0 GCTaskThread "GC Thread#0" [stack: 0x000000cd48f00000,0x000000cd49000000] [id=30504]
  0x000001d8078a3940 GCTaskThread "GC Thread#1" [stack: 0x000000cd4a400000,0x000000cd4a500000] [id=44924]
  0x000001d807781410 GCTaskThread "GC Thread#2" [stack: 0x000000cd4a500000,0x000000cd4a600000] [id=39060]
  0x000001d8077816d0 GCTaskThread "GC Thread#3" [stack: 0x000000cd4a600000,0x000000cd4a700000] [id=30060]
  0x000001d807781990 GCTaskThread "GC Thread#4" [stack: 0x000000cd4a700000,0x000000cd4a800000] [id=33984]
  0x000001d807781c50 GCTaskThread "GC Thread#5" [stack: 0x000000cd4a800000,0x000000cd4a900000] [id=13432]
  0x000001d807b94180 GCTaskThread "GC Thread#6" [stack: 0x000000cd4ab00000,0x000000cd4ac00000] [id=40256]
  0x000001d8078f92b0 GCTaskThread "GC Thread#7" [stack: 0x000000cd4ac00000,0x000000cd4ad00000] [id=11572]
  0x000001d8080f0d70 GCTaskThread "GC Thread#8" [stack: 0x000000cd4ae00000,0x000000cd4af00000] [id=28688]
  0x000001d807d55f50 GCTaskThread "GC Thread#9" [stack: 0x000000cd49d00000,0x000000cd49e00000] [id=28036]
  0x000001d807d56620 GCTaskThread "GC Thread#10" [stack: 0x000000cd4a200000,0x000000cd4a300000] [id=15580]
  0x000001d807d568e0 GCTaskThread "GC Thread#11" [stack: 0x000000cd4b100000,0x000000cd4b200000] [id=41216]
  0x000001d8081fc920 GCTaskThread "GC Thread#12" [stack: 0x000000cd4b300000,0x000000cd4b400000] [id=26428]

Threads with active compile tasks:
C2 CompilerThread0    16107 13515 % !   4       org.eclipse.jdt.internal.compiler.classfmt.ClassFileReader::<init> @ 63 (2158 bytes)
C2 CompilerThread1    16107 14223       4       org.eclipse.jdt.internal.core.JavaModel::getExternalTarget (85 bytes)
C2 CompilerThread2    16107 14016       4       jdk.internal.org.objectweb.asm.Frame::execute (2318 bytes)
C2 CompilerThread3    16107 12909       4       org.eclipse.jdt.core.search.SearchDocument::removeAllIndexEntries (19 bytes)
C2 CompilerThread5    16107 13352       4       org.eclipse.jdt.internal.compiler.lookup.BinaryTypeBinding::createMethod (1724 bytes)
C2 CompilerThread6    16107 13869   !   4       org.eclipse.jdt.internal.core.search.indexing.BinaryIndexer::indexDocument (1157 bytes)
C2 CompilerThread7    16107 13922       4       com.google.inject.spi.InjectionPoint::getAtInject (28 bytes)

VM state: not at safepoint (normal execution)

VM Mutex/Monitor currently owned by a thread: None

Heap address: 0x00000000c0000000, size: 1024 MB, Compressed Oops mode: 32-bit

CDS archive(s) not mapped
Compressed class space mapped at: 0x0000000100000000-0x0000000140000000, reserved size: 1073741824
Narrow klass base: 0x0000000000000000, Narrow klass shift: 3, Narrow klass range: 0x140000000

GC Precious Log:
 CPUs: 16 total, 16 available
 Memory: 15789M
 Large Page Support: Disabled
 NUMA Support: Disabled
 Compressed Oops: Enabled (32-bit)
 Alignments: Space 512K, Generation 512K, Heap 2M
 Heap Min Capacity: 100M
 Heap Initial Capacity: 100M
 Heap Max Capacity: 1G
 Pre-touch: Disabled
 Parallel Workers: 13

Heap:
 PSYoungGen      total 40448K, used 37144K [0x00000000eab00000, 0x00000000eda00000, 0x0000000100000000)
  eden space 36864K, 91% used [0x00000000eab00000,0x00000000ecbc70b8,0x00000000ecf00000)
  from space 3584K, 99% used [0x00000000ed600000,0x00000000ed97f1d8,0x00000000ed980000)
  to   space 5632K, 0% used [0x00000000ecf00000,0x00000000ecf00000,0x00000000ed480000)
 ParOldGen       total 414720K, used 377158K [0x00000000c0000000, 0x00000000d9500000, 0x00000000eab00000)
  object space 414720K, 90% used [0x00000000c0000000,0x00000000d7051a58,0x00000000d9500000)
 Metaspace       used 76410K, committed 77760K, reserved 1179648K
  class space    used 7861K, committed 8448K, reserved 1048576K

Card table byte_map: [0x000001d866f20000,0x000001d867130000] _byte_map_base: 0x000001d866920000

Marking Bits: (ParMarkBitMap*) 0x00007ffebcbfd820
 Begin Bits: [0x000001d879220000, 0x000001d87a220000)
 End Bits:   [0x000001d87a220000, 0x000001d87b220000)

Polling page: 0x000001d865500000

Metaspace:

Usage:
  Non-class:     66.94 MB used.
      Class:      7.68 MB used.
       Both:     74.62 MB used.

Virtual space:
  Non-class space:      128.00 MB reserved,      67.69 MB ( 53%) committed,  2 nodes.
      Class space:        1.00 GB reserved,       8.25 MB ( <1%) committed,  1 nodes.
             Both:        1.12 GB reserved,      75.94 MB (  7%) committed. 

Chunk freelists:
   Non-Class:  12.30 MB
       Class:  7.69 MB
        Both:  19.98 MB

MaxMetaspaceSize: unlimited
CompressedClassSpaceSize: 1.00 GB
Initial GC threshold: 21.00 MB
Current GC threshold: 121.88 MB
CDS: off
MetaspaceReclaimPolicy: balanced
 - commit_granule_bytes: 65536.
 - commit_granule_words: 8192.
 - virtual_space_node_default_size: 8388608.
 - enlarge_chunks_in_place: 1.
 - new_chunks_are_fully_committed: 0.
 - uncommit_free_chunks: 1.
 - use_allocation_guard: 0.
 - handle_deallocations: 1.


Internal statistics:

num_allocs_failed_limit: 9.
num_arena_births: 1024.
num_arena_deaths: 34.
num_vsnodes_births: 3.
num_vsnodes_deaths: 0.
num_space_committed: 1215.
num_space_uncommitted: 0.
num_chunks_returned_to_freelist: 52.
num_chunks_taken_from_freelist: 4368.
num_chunk_merges: 23.
num_chunk_splits: 2634.
num_chunks_enlarged: 1424.
num_inconsistent_stats: 0.

CodeHeap 'non-profiled nmethods': size=119168Kb used=8163Kb max_used=8227Kb free=111004Kb
 bounds [0x000001d871dc0000, 0x000001d8725d0000, 0x000001d879220000]
CodeHeap 'profiled nmethods': size=119104Kb used=24357Kb max_used=24357Kb free=94746Kb
 bounds [0x000001d86a220000, 0x000001d86b9f0000, 0x000001d871670000]
CodeHeap 'non-nmethods': size=7488Kb used=3077Kb max_used=3173Kb free=4410Kb
 bounds [0x000001d871670000, 0x000001d8719a0000, 0x000001d871dc0000]
 total_blobs=12266 nmethods=11526 adapters=649
 compilation: enabled
              stopped_count=0, restarted_count=0
 full_count=0

Compilation events (20 events):
Event: 16.070 Thread 0x000001d80a646590 nmethod 13655 0x000001d872085a90 code [0x000001d872085c00, 0x000001d872085c78]
Event: 16.070 Thread 0x000001d80a646590 13514       4       org.eclipse.jdt.internal.compiler.lookup.TypeBinding::original (53 bytes)
Event: 16.073 Thread 0x000001d80a646590 nmethod 13514 0x000001d872085690 code [0x000001d872085820, 0x000001d872085938]
Event: 16.073 Thread 0x000001d80a646590 14203       4       java.util.TreeMap$KeyIterator::next (8 bytes)
Event: 16.074 Thread 0x000001d808388450 nmethod 14202 0x000001d872085210 code [0x000001d8720853a0, 0x000001d872085518]
Event: 16.074 Thread 0x000001d808388450 13312       4       org.eclipse.jdt.internal.compiler.env.ITypeAnnotationWalker$1::toTypeArgument (2 bytes)
Event: 16.075 Thread 0x000001d80a64aaa0 nmethod 14139 0x000001d872080d90 code [0x000001d8720810c0, 0x000001d8720835d8]
Event: 16.076 Thread 0x000001d808388450 nmethod 13312 0x000001d872080a90 code [0x000001d872080c00, 0x000001d872080c78]
Event: 16.076 Thread 0x000001d808388450 13061       4       org.eclipse.jdt.internal.compiler.parser.Scanner::resetLookBack (15 bytes)
Event: 16.078 Thread 0x000001d80a64aaa0 13146       4       org.eclipse.jdt.internal.compiler.lookup.ReferenceBinding$2::compare (23 bytes)
Event: 16.078 Thread 0x000001d808388450 nmethod 13061 0x000001d872080790 code [0x000001d872080900, 0x000001d8720809b8]
Event: 16.078 Thread 0x000001d808388450 12935       4       org.eclipse.jdt.internal.core.JavaElement::getJavaProject (5 bytes)
Event: 16.079 Thread 0x000001d80a646590 nmethod 14203 0x000001d872080310 code [0x000001d8720804a0, 0x000001d872080618]
Event: 16.079 Thread 0x000001d808388450 nmethod 12935 0x000001d872080010 code [0x000001d872080180, 0x000001d872080218]
Event: 16.079 Thread 0x000001d80a646590 13702       4       org.eclipse.jdt.internal.compiler.lookup.ModuleBinding$UnNamedModule::nameForLookup (4 bytes)
Event: 16.079 Thread 0x000001d808388450 14085       4       java.util.Collections$SynchronizedCollection::iterator (10 bytes)
Event: 16.079 Thread 0x000001d80a64aaa0 nmethod 13146 0x000001d87207fc10 code [0x000001d87207fda0, 0x000001d87207fe88]
Event: 16.079 Thread 0x000001d80a64aaa0 12909       4       org.eclipse.jdt.core.search.SearchDocument::removeAllIndexEntries (19 bytes)
Event: 16.080 Thread 0x000001d80a646590 nmethod 13702 0x000001d87207f910 code [0x000001d87207fa80, 0x000001d87207faf8]
Event: 16.080 Thread 0x000001d808388450 nmethod 14085 0x000001d87207f610 code [0x000001d87207f780, 0x000001d87207f818]

GC Heap History (20 events):
Event: 14.577 GC heap before
{Heap before GC invocations=124 (full 9):
 PSYoungGen      total 41472K, used 41468K [0x00000000eab00000, 0x00000000efb00000, 0x0000000100000000)
  eden space 23040K, 100% used [0x00000000eab00000,0x00000000ec180000,0x00000000ec180000)
  from space 18432K, 99% used [0x00000000eda80000,0x00000000eec7f270,0x00000000eec80000)
  to   space 25600K, 0% used [0x00000000ec180000,0x00000000ec180000,0x00000000eda80000)
 ParOldGen       total 414720K, used 317001K [0x00000000c0000000, 0x00000000d9500000, 0x00000000eab00000)
  object space 414720K, 76% used [0x00000000c0000000,0x00000000d3592638,0x00000000d9500000)
 Metaspace       used 73665K, committed 75008K, reserved 1179648K
  class space    used 7666K, committed 8256K, reserved 1048576K
}
Event: 14.583 GC heap after
{Heap after GC invocations=124 (full 9):
 PSYoungGen      total 41472K, used 18183K [0x00000000eab00000, 0x00000000eec80000, 0x0000000100000000)
  eden space 23040K, 0% used [0x00000000eab00000,0x00000000eab00000,0x00000000ec180000)
  from space 18432K, 98% used [0x00000000ec180000,0x00000000ed341f10,0x00000000ed380000)
  to   space 20480K, 0% used [0x00000000ed880000,0x00000000ed880000,0x00000000eec80000)
 ParOldGen       total 414720K, used 325905K [0x00000000c0000000, 0x00000000d9500000, 0x00000000eab00000)
  object space 414720K, 78% used [0x00000000c0000000,0x00000000d3e446d0,0x00000000d9500000)
 Metaspace       used 73665K, committed 75008K, reserved 1179648K
  class space    used 7666K, committed 8256K, reserved 1048576K
}
Event: 14.597 GC heap before
{Heap before GC invocations=125 (full 9):
 PSYoungGen      total 41472K, used 41223K [0x00000000eab00000, 0x00000000eec80000, 0x0000000100000000)
  eden space 23040K, 100% used [0x00000000eab00000,0x00000000ec180000,0x00000000ec180000)
  from space 18432K, 98% used [0x00000000ec180000,0x00000000ed341f10,0x00000000ed380000)
  to   space 20480K, 0% used [0x00000000ed880000,0x00000000ed880000,0x00000000eec80000)
 ParOldGen       total 414720K, used 325905K [0x00000000c0000000, 0x00000000d9500000, 0x00000000eab00000)
  object space 414720K, 78% used [0x00000000c0000000,0x00000000d3e446d0,0x00000000d9500000)
 Metaspace       used 73679K, committed 75008K, reserved 1179648K
  class space    used 7666K, committed 8256K, reserved 1048576K
}
Event: 14.603 GC heap after
{Heap after GC invocations=125 (full 9):
 PSYoungGen      total 44032K, used 17520K [0x00000000eab00000, 0x00000000eea00000, 0x0000000100000000)
  eden space 26112K, 0% used [0x00000000eab00000,0x00000000eab00000,0x00000000ec480000)
  from space 17920K, 97% used [0x00000000ed880000,0x00000000ee99c2c0,0x00000000eea00000)
  to   space 18432K, 0% used [0x00000000ec600000,0x00000000ec600000,0x00000000ed800000)
 ParOldGen       total 414720K, used 335351K [0x00000000c0000000, 0x00000000d9500000, 0x00000000eab00000)
  object space 414720K, 80% used [0x00000000c0000000,0x00000000d477dd28,0x00000000d9500000)
 Metaspace       used 73679K, committed 75008K, reserved 1179648K
  class space    used 7666K, committed 8256K, reserved 1048576K
}
Event: 14.712 GC heap before
{Heap before GC invocations=126 (full 9):
 PSYoungGen      total 44032K, used 43632K [0x00000000eab00000, 0x00000000eea00000, 0x0000000100000000)
  eden space 26112K, 100% used [0x00000000eab00000,0x00000000ec480000,0x00000000ec480000)
  from space 17920K, 97% used [0x00000000ed880000,0x00000000ee99c2c0,0x00000000eea00000)
  to   space 18432K, 0% used [0x00000000ec600000,0x00000000ec600000,0x00000000ed800000)
 ParOldGen       total 414720K, used 335351K [0x00000000c0000000, 0x00000000d9500000, 0x00000000eab00000)
  object space 414720K, 80% used [0x00000000c0000000,0x00000000d477dd28,0x00000000d9500000)
 Metaspace       used 73743K, committed 75072K, reserved 1179648K
  class space    used 7670K, committed 8256K, reserved 1048576K
}
Event: 14.729 GC heap after
{Heap after GC invocations=126 (full 9):
 PSYoungGen      total 33792K, used 6027K [0x00000000eab00000, 0x00000000edd00000, 0x0000000100000000)
  eden space 27648K, 0% used [0x00000000eab00000,0x00000000eab00000,0x00000000ec600000)
  from space 6144K, 98% used [0x00000000ec600000,0x00000000ecbe2c98,0x00000000ecc00000)
  to   space 10752K, 0% used [0x00000000ed280000,0x00000000ed280000,0x00000000edd00000)
 ParOldGen       total 414720K, used 352435K [0x00000000c0000000, 0x00000000d9500000, 0x00000000eab00000)
  object space 414720K, 84% used [0x00000000c0000000,0x00000000d582ccf0,0x00000000d9500000)
 Metaspace       used 73743K, committed 75072K, reserved 1179648K
  class space    used 7670K, committed 8256K, reserved 1048576K
}
Event: 14.854 GC heap before
{Heap before GC invocations=127 (full 9):
 PSYoungGen      total 33792K, used 33675K [0x00000000eab00000, 0x00000000edd00000, 0x0000000100000000)
  eden space 27648K, 100% used [0x00000000eab00000,0x00000000ec600000,0x00000000ec600000)
  from space 6144K, 98% used [0x00000000ec600000,0x00000000ecbe2c98,0x00000000ecc00000)
  to   space 10752K, 0% used [0x00000000ed280000,0x00000000ed280000,0x00000000edd00000)
 ParOldGen       total 414720K, used 352435K [0x00000000c0000000, 0x00000000d9500000, 0x00000000eab00000)
  object space 414720K, 84% used [0x00000000c0000000,0x00000000d582ccf0,0x00000000d9500000)
 Metaspace       used 73781K, committed 75072K, reserved 1179648K
  class space    used 7670K, committed 8256K, reserved 1048576K
}
Event: 14.859 GC heap after
{Heap after GC invocations=127 (full 9):
 PSYoungGen      total 38912K, used 7800K [0x00000000eab00000, 0x00000000eda80000, 0x0000000100000000)
  eden space 30720K, 0% used [0x00000000eab00000,0x00000000eab00000,0x00000000ec900000)
  from space 8192K, 95% used [0x00000000ed280000,0x00000000eda1e1e0,0x00000000eda80000)
  to   space 8704K, 0% used [0x00000000ec980000,0x00000000ec980000,0x00000000ed200000)
 ParOldGen       total 414720K, used 358088K [0x00000000c0000000, 0x00000000d9500000, 0x00000000eab00000)
  object space 414720K, 86% used [0x00000000c0000000,0x00000000d5db2378,0x00000000d9500000)
 Metaspace       used 73781K, committed 75072K, reserved 1179648K
  class space    used 7670K, committed 8256K, reserved 1048576K
}
Event: 15.041 GC heap before
{Heap before GC invocations=128 (full 9):
 PSYoungGen      total 38912K, used 38520K [0x00000000eab00000, 0x00000000eda80000, 0x0000000100000000)
  eden space 30720K, 100% used [0x00000000eab00000,0x00000000ec900000,0x00000000ec900000)
  from space 8192K, 95% used [0x00000000ed280000,0x00000000eda1e1e0,0x00000000eda80000)
  to   space 8704K, 0% used [0x00000000ec980000,0x00000000ec980000,0x00000000ed200000)
 ParOldGen       total 414720K, used 358088K [0x00000000c0000000, 0x00000000d9500000, 0x00000000eab00000)
  object space 414720K, 86% used [0x00000000c0000000,0x00000000d5db2378,0x00000000d9500000)
 Metaspace       used 74115K, committed 75456K, reserved 1179648K
  class space    used 7682K, committed 8320K, reserved 1048576K
}
Event: 15.054 GC heap after
{Heap after GC invocations=128 (full 9):
 PSYoungGen      total 35328K, used 3896K [0x00000000eab00000, 0x00000000ed700000, 0x0000000100000000)
  eden space 31232K, 0% used [0x00000000eab00000,0x00000000eab00000,0x00000000ec980000)
  from space 4096K, 95% used [0x00000000ec980000,0x00000000ecd4e028,0x00000000ecd80000)
  to   space 5632K, 0% used [0x00000000ed180000,0x00000000ed180000,0x00000000ed700000)
 ParOldGen       total 414720K, used 365449K [0x00000000c0000000, 0x00000000d9500000, 0x00000000eab00000)
  object space 414720K, 88% used [0x00000000c0000000,0x00000000d64e2428,0x00000000d9500000)
 Metaspace       used 74115K, committed 75456K, reserved 1179648K
  class space    used 7682K, committed 8320K, reserved 1048576K
}
Event: 15.178 GC heap before
{Heap before GC invocations=129 (full 9):
 PSYoungGen      total 35328K, used 35128K [0x00000000eab00000, 0x00000000ed700000, 0x0000000100000000)
  eden space 31232K, 100% used [0x00000000eab00000,0x00000000ec980000,0x00000000ec980000)
  from space 4096K, 95% used [0x00000000ec980000,0x00000000ecd4e028,0x00000000ecd80000)
  to   space 5632K, 0% used [0x00000000ed180000,0x00000000ed180000,0x00000000ed700000)
 ParOldGen       total 414720K, used 365449K [0x00000000c0000000, 0x00000000d9500000, 0x00000000eab00000)
  object space 414720K, 88% used [0x00000000c0000000,0x00000000d64e2428,0x00000000d9500000)
 Metaspace       used 74350K, committed 75648K, reserved 1179648K
  class space    used 7699K, committed 8320K, reserved 1048576K
}
Event: 15.182 GC heap after
{Heap after GC invocations=129 (full 9):
 PSYoungGen      total 39424K, used 4531K [0x00000000eab00000, 0x00000000ed680000, 0x0000000100000000)
  eden space 34304K, 0% used [0x00000000eab00000,0x00000000eab00000,0x00000000ecc80000)
  from space 5120K, 88% used [0x00000000ed180000,0x00000000ed5ecf78,0x00000000ed680000)
  to   space 5120K, 0% used [0x00000000ecc80000,0x00000000ecc80000,0x00000000ed180000)
 ParOldGen       total 414720K, used 368993K [0x00000000c0000000, 0x00000000d9500000, 0x00000000eab00000)
  object space 414720K, 88% used [0x00000000c0000000,0x00000000d6858450,0x00000000d9500000)
 Metaspace       used 74350K, committed 75648K, reserved 1179648K
  class space    used 7699K, committed 8320K, reserved 1048576K
}
Event: 15.318 GC heap before
{Heap before GC invocations=130 (full 9):
 PSYoungGen      total 39424K, used 38835K [0x00000000eab00000, 0x00000000ed680000, 0x0000000100000000)
  eden space 34304K, 100% used [0x00000000eab00000,0x00000000ecc80000,0x00000000ecc80000)
  from space 5120K, 88% used [0x00000000ed180000,0x00000000ed5ecf78,0x00000000ed680000)
  to   space 5120K, 0% used [0x00000000ecc80000,0x00000000ecc80000,0x00000000ed180000)
 ParOldGen       total 414720K, used 368993K [0x00000000c0000000, 0x00000000d9500000, 0x00000000eab00000)
  object space 414720K, 88% used [0x00000000c0000000,0x00000000d6858450,0x00000000d9500000)
 Metaspace       used 74765K, committed 76096K, reserved 1179648K
  class space    used 7708K, committed 8320K, reserved 1048576K
}
Event: 15.325 GC heap after
{Heap after GC invocations=130 (full 9):
 PSYoungGen      total 39424K, used 5103K [0x00000000eab00000, 0x00000000ee280000, 0x0000000100000000)
  eden space 34304K, 0% used [0x00000000eab00000,0x00000000eab00000,0x00000000ecc80000)
  from space 5120K, 99% used [0x00000000ecc80000,0x00000000ed17bdd8,0x00000000ed180000)
  to   space 9728K, 0% used [0x00000000ed900000,0x00000000ed900000,0x00000000ee280000)
 ParOldGen       total 414720K, used 372529K [0x00000000c0000000, 0x00000000d9500000, 0x00000000eab00000)
  object space 414720K, 89% used [0x00000000c0000000,0x00000000d6bcc450,0x00000000d9500000)
 Metaspace       used 74765K, committed 76096K, reserved 1179648K
  class space    used 7708K, committed 8320K, reserved 1048576K
}
Event: 15.560 GC heap before
{Heap before GC invocations=131 (full 9):
 PSYoungGen      total 39424K, used 39407K [0x00000000eab00000, 0x00000000ee280000, 0x0000000100000000)
  eden space 34304K, 100% used [0x00000000eab00000,0x00000000ecc80000,0x00000000ecc80000)
  from space 5120K, 99% used [0x00000000ecc80000,0x00000000ed17bdd8,0x00000000ed180000)
  to   space 9728K, 0% used [0x00000000ed900000,0x00000000ed900000,0x00000000ee280000)
 ParOldGen       total 414720K, used 372529K [0x00000000c0000000, 0x00000000d9500000, 0x00000000eab00000)
  object space 414720K, 89% used [0x00000000c0000000,0x00000000d6bcc450,0x00000000d9500000)
 Metaspace       used 75166K, committed 76480K, reserved 1179648K
  class space    used 7715K, committed 8320K, reserved 1048576K
}
Event: 15.564 GC heap after
{Heap after GC invocations=131 (full 9):
 PSYoungGen      total 41472K, used 4379K [0x00000000eab00000, 0x00000000edd80000, 0x0000000100000000)
  eden space 36864K, 0% used [0x00000000eab00000,0x00000000eab00000,0x00000000ecf00000)
  from space 4608K, 95% used [0x00000000ed900000,0x00000000edd46cd8,0x00000000edd80000)
  to   space 6144K, 0% used [0x00000000ed180000,0x00000000ed180000,0x00000000ed780000)
 ParOldGen       total 414720K, used 375494K [0x00000000c0000000, 0x00000000d9500000, 0x00000000eab00000)
  object space 414720K, 90% used [0x00000000c0000000,0x00000000d6eb1a48,0x00000000d9500000)
 Metaspace       used 75166K, committed 76480K, reserved 1179648K
  class space    used 7715K, committed 8320K, reserved 1048576K
}
Event: 15.716 GC heap before
{Heap before GC invocations=132 (full 9):
 PSYoungGen      total 41472K, used 41243K [0x00000000eab00000, 0x00000000edd80000, 0x0000000100000000)
  eden space 36864K, 100% used [0x00000000eab00000,0x00000000ecf00000,0x00000000ecf00000)
  from space 4608K, 95% used [0x00000000ed900000,0x00000000edd46cd8,0x00000000edd80000)
  to   space 6144K, 0% used [0x00000000ed180000,0x00000000ed180000,0x00000000ed780000)
 ParOldGen       total 414720K, used 375494K [0x00000000c0000000, 0x00000000d9500000, 0x00000000eab00000)
  object space 414720K, 90% used [0x00000000c0000000,0x00000000d6eb1a48,0x00000000d9500000)
 Metaspace       used 75439K, committed 76736K, reserved 1179648K
  class space    used 7756K, committed 8320K, reserved 1048576K
}
Event: 15.720 GC heap after
{Heap after GC invocations=132 (full 9):
 PSYoungGen      total 41472K, used 4565K [0x00000000eab00000, 0x00000000ed980000, 0x0000000100000000)
  eden space 36864K, 0% used [0x00000000eab00000,0x00000000eab00000,0x00000000ecf00000)
  from space 4608K, 99% used [0x00000000ed180000,0x00000000ed5f56a0,0x00000000ed600000)
  to   space 3584K, 0% used [0x00000000ed600000,0x00000000ed600000,0x00000000ed980000)
 ParOldGen       total 414720K, used 375502K [0x00000000c0000000, 0x00000000d9500000, 0x00000000eab00000)
  object space 414720K, 90% used [0x00000000c0000000,0x00000000d6eb3a48,0x00000000d9500000)
 Metaspace       used 75439K, committed 76736K, reserved 1179648K
  class space    used 7756K, committed 8320K, reserved 1048576K
}
Event: 15.915 GC heap before
{Heap before GC invocations=133 (full 9):
 PSYoungGen      total 41472K, used 41429K [0x00000000eab00000, 0x00000000ed980000, 0x0000000100000000)
  eden space 36864K, 100% used [0x00000000eab00000,0x00000000ecf00000,0x00000000ecf00000)
  from space 4608K, 99% used [0x00000000ed180000,0x00000000ed5f56a0,0x00000000ed600000)
  to   space 3584K, 0% used [0x00000000ed600000,0x00000000ed600000,0x00000000ed980000)
 ParOldGen       total 414720K, used 375502K [0x00000000c0000000, 0x00000000d9500000, 0x00000000eab00000)
  object space 414720K, 90% used [0x00000000c0000000,0x00000000d6eb3a48,0x00000000d9500000)
 Metaspace       used 75809K, committed 77120K, reserved 1179648K
  class space    used 7802K, committed 8384K, reserved 1048576K
}
Event: 15.923 GC heap after
{Heap after GC invocations=133 (full 9):
 PSYoungGen      total 40448K, used 3580K [0x00000000eab00000, 0x00000000eda00000, 0x0000000100000000)
  eden space 36864K, 0% used [0x00000000eab00000,0x00000000eab00000,0x00000000ecf00000)
  from space 3584K, 99% used [0x00000000ed600000,0x00000000ed97f1d8,0x00000000ed980000)
  to   space 5632K, 0% used [0x00000000ecf00000,0x00000000ecf00000,0x00000000ed480000)
 ParOldGen       total 414720K, used 377158K [0x00000000c0000000, 0x00000000d9500000, 0x00000000eab00000)
  object space 414720K, 90% used [0x00000000c0000000,0x00000000d7051a58,0x00000000d9500000)
 Metaspace       used 75809K, committed 77120K, reserved 1179648K
  class space    used 7802K, committed 8384K, reserved 1048576K
}

Dll operation events (10 events):
Event: 0.012 Loaded shared library c:\Users\cheng\.cursor\extensions\redhat.java-1.31.0-win32-x64\jre\17.0.11-win32-x86_64\bin\java.dll
Event: 0.168 Loaded shared library c:\Users\cheng\.cursor\extensions\redhat.java-1.31.0-win32-x64\jre\17.0.11-win32-x86_64\bin\zip.dll
Event: 0.170 Loaded shared library C:\Users\cheng\.cursor\extensions\redhat.java-1.31.0-win32-x64\jre\17.0.11-win32-x86_64\bin\instrument.dll
Event: 0.180 Loaded shared library C:\Users\cheng\.cursor\extensions\redhat.java-1.31.0-win32-x64\jre\17.0.11-win32-x86_64\bin\net.dll
Event: 0.182 Loaded shared library C:\Users\cheng\.cursor\extensions\redhat.java-1.31.0-win32-x64\jre\17.0.11-win32-x86_64\bin\nio.dll
Event: 0.187 Loaded shared library C:\Users\cheng\.cursor\extensions\redhat.java-1.31.0-win32-x64\jre\17.0.11-win32-x86_64\bin\zip.dll
Event: 0.202 Loaded shared library C:\Users\cheng\.cursor\extensions\redhat.java-1.31.0-win32-x64\jre\17.0.11-win32-x86_64\bin\jimage.dll
Event: 0.246 Loaded shared library c:\Users\cheng\.cursor\extensions\redhat.java-1.31.0-win32-x64\jre\17.0.11-win32-x86_64\bin\verify.dll
Event: 1.098 Loaded shared library C:\Users\cheng\AppData\Roaming\Cursor\User\globalStorage\redhat.java\1.31.0\config_win\org.eclipse.equinox.launcher\org.eclipse.equinox.launcher.win32.win32.x86_64_1.2.1000.v20240507-1834\eclipse_11902.dll
Event: 3.333 Loaded shared library C:\Users\cheng\AppData\Local\Temp\jna-94627417\jna6800291537827857820.dll

Deoptimization events (20 events):
Event: 15.869 Thread 0x000001d808643080 DEOPT PACKING pc=0x000001d871e6b0a0 sp=0x000000cd4d2fcc70
Event: 15.869 Thread 0x000001d808643080 DEOPT UNPACKING pc=0x000001d8716c66a3 sp=0x000000cd4d2fcc10 mode 2
Event: 15.872 Thread 0x000001d808643080 Uncommon trap: trap_request=0xffffff45 fr.pc=0x000001d871ffa2d0 relative=0x00000000000012b0
Event: 15.872 Thread 0x000001d808643080 Uncommon trap: reason=unstable_if action=reinterpret pc=0x000001d871ffa2d0 method=lombok.eclipse.agent.EclipsePatcher$1.shouldTransform(Ljava/lang/ClassLoader;Ljava/lang/String;Ljava/lang/Class;Ljava/security/ProtectionDomain;[B)Z @ 66 c2
Event: 15.872 Thread 0x000001d808643080 DEOPT PACKING pc=0x000001d871ffa2d0 sp=0x000000cd4d2fb130
Event: 15.872 Thread 0x000001d808643080 DEOPT UNPACKING pc=0x000001d8716c66a3 sp=0x000000cd4d2fb028 mode 2
Event: 15.900 Thread 0x000001d80856f470 DEOPT PACKING pc=0x000001d86b90d206 sp=0x000000cd4b7ff240
Event: 15.900 Thread 0x000001d80856f470 DEOPT UNPACKING pc=0x000001d8716c6e43 sp=0x000000cd4b7fe798 mode 0
Event: 16.017 Thread 0x000001d808643080 DEOPT PACKING pc=0x000001d86b81f9e7 sp=0x000000cd4d2fced0
Event: 16.017 Thread 0x000001d808643080 DEOPT UNPACKING pc=0x000001d8716c6e43 sp=0x000000cd4d2fc3e0 mode 0
Event: 16.025 Thread 0x000001d808643080 DEOPT PACKING pc=0x000001d86b9b05a9 sp=0x000000cd4d2f7600
Event: 16.025 Thread 0x000001d808643080 DEOPT UNPACKING pc=0x000001d8716c6e43 sp=0x000000cd4d2f6ac8 mode 0
Event: 16.034 Thread 0x000001d808643080 Uncommon trap: trap_request=0xffffff45 fr.pc=0x000001d87250b640 relative=0x0000000000000e40
Event: 16.034 Thread 0x000001d808643080 Uncommon trap: reason=unstable_if action=reinterpret pc=0x000001d87250b640 method=org.eclipse.core.runtime.Path.toOSString()Ljava/lang/String; @ 6 c2
Event: 16.034 Thread 0x000001d808643080 DEOPT PACKING pc=0x000001d87250b640 sp=0x000000cd4d2fcc00
Event: 16.034 Thread 0x000001d808643080 DEOPT UNPACKING pc=0x000001d8716c66a3 sp=0x000000cd4d2fcbc0 mode 2
Event: 16.035 Thread 0x000001d808643080 Uncommon trap: trap_request=0xffffff45 fr.pc=0x000001d8724fe060 relative=0x0000000000000300
Event: 16.035 Thread 0x000001d808643080 Uncommon trap: reason=unstable_if action=reinterpret pc=0x000001d8724fe060 method=java.io.WinNTFileSystem.prefixLength(Ljava/lang/String;)I @ 11 c2
Event: 16.035 Thread 0x000001d808643080 DEOPT PACKING pc=0x000001d8724fe060 sp=0x000000cd4d2fd2e0
Event: 16.035 Thread 0x000001d808643080 DEOPT UNPACKING pc=0x000001d8716c66a3 sp=0x000000cd4d2fd200 mode 2

Classes unloaded (17 events):
Event: 3.059 Thread 0x000001d867627e40 Unloading class 0x0000000100252c00 'java/lang/invoke/LambdaForm$MH+0x0000000100252c00'
Event: 3.059 Thread 0x000001d867627e40 Unloading class 0x0000000100252800 'java/lang/invoke/LambdaForm$MH+0x0000000100252800'
Event: 3.059 Thread 0x000001d867627e40 Unloading class 0x0000000100252400 'java/lang/invoke/LambdaForm$MH+0x0000000100252400'
Event: 3.059 Thread 0x000001d867627e40 Unloading class 0x0000000100252000 'java/lang/invoke/LambdaForm$MH+0x0000000100252000'
Event: 3.059 Thread 0x000001d867627e40 Unloading class 0x0000000100251c00 'java/lang/invoke/LambdaForm$BMH+0x0000000100251c00'
Event: 3.059 Thread 0x000001d867627e40 Unloading class 0x0000000100251800 'java/lang/invoke/LambdaForm$DMH+0x0000000100251800'
Event: 3.059 Thread 0x000001d867627e40 Unloading class 0x000000010024cc00 'java/lang/invoke/LambdaForm$DMH+0x000000010024cc00'
Event: 12.204 Thread 0x000001d867627e40 Unloading class 0x00000001007b8400 'java/lang/invoke/LambdaForm$DMH+0x00000001007b8400'
Event: 12.204 Thread 0x000001d867627e40 Unloading class 0x000000010078c400 'java/lang/invoke/LambdaForm$DMH+0x000000010078c400'
Event: 14.067 Thread 0x000001d867627e40 Unloading class 0x0000000100810800 'java/lang/invoke/LambdaForm$MH+0x0000000100810800'
Event: 14.067 Thread 0x000001d867627e40 Unloading class 0x000000010080dc00 'java/lang/invoke/LambdaForm$MH+0x000000010080dc00'
Event: 14.067 Thread 0x000001d867627e40 Unloading class 0x000000010080d800 'java/lang/invoke/LambdaForm$MH+0x000000010080d800'
Event: 14.067 Thread 0x000001d867627e40 Unloading class 0x0000000100810000 'java/lang/invoke/LambdaForm$MH+0x0000000100810000'
Event: 14.067 Thread 0x000001d867627e40 Unloading class 0x000000010080d400 'java/lang/invoke/LambdaForm$DMH+0x000000010080d400'
Event: 14.067 Thread 0x000001d867627e40 Unloading class 0x000000010080d000 'java/lang/invoke/LambdaForm$DMH+0x000000010080d000'
Event: 14.067 Thread 0x000001d867627e40 Unloading class 0x000000010080c800 'java/lang/invoke/LambdaForm$DMH+0x000000010080c800'
Event: 14.067 Thread 0x000001d867627e40 Unloading class 0x000000010080cc00 'java/lang/invoke/LambdaForm$DMH+0x000000010080cc00'

Classes redefined (0 events):
No events

Internal exceptions (20 events):
Event: 15.548 Thread 0x000001d80856f470 Exception <a 'sun/nio/fs/WindowsException'{0x00000000ec5e1188}> (0x00000000ec5e1188) 
thrown [s\src\hotspot\share\prims\jni.cpp, line 516]
Event: 15.597 Thread 0x000001d808643080 Exception <a 'sun/nio/fs/WindowsException'{0x00000000eb70c920}> (0x00000000eb70c920) 
thrown [s\src\hotspot\share\prims\jni.cpp, line 516]
Event: 15.601 Thread 0x000001d808643080 Exception <a 'sun/nio/fs/WindowsException'{0x00000000eb9601e8}> (0x00000000eb9601e8) 
thrown [s\src\hotspot\share\prims\jni.cpp, line 516]
Event: 15.601 Thread 0x000001d808643080 Exception <a 'sun/nio/fs/WindowsException'{0x00000000eb960ac8}> (0x00000000eb960ac8) 
thrown [s\src\hotspot\share\prims\jni.cpp, line 516]
Event: 15.617 Thread 0x000001d808643080 Exception <a 'java/lang/NoSuchMethodError'{0x00000000ebe7e658}: 'java.lang.Object java.lang.invoke.DirectMethodHandle$Holder.newInvokeSpecial(java.lang.Object, java.lang.Object, int, java.lang.Object, java.lang.Object)'> (0x00000000ebe7e658) 
thrown [s\src\hotspot\share\interpreter\linkResolver.cpp, line 759]
Event: 15.621 Thread 0x000001d808643080 Exception <a 'java/lang/NoSuchMethodError'{0x00000000ebf1c978}: 'java.lang.Object java.lang.invoke.DirectMethodHandle$Holder.invokeSpecial(java.lang.Object, java.lang.Object, java.lang.Object, int, java.lang.Object, java.lang.Object, java.lang.Object)'> (0x00000000ebf1c978) 
thrown [s\src\hotspot\share\interpreter\linkResolver.cpp, line 759]
Event: 15.624 Thread 0x000001d808643080 Exception <a 'java/lang/NoSuchMethodError'{0x00000000ebf25638}: 'java.lang.Object java.lang.invoke.DirectMethodHandle$Holder.invokeStatic(java.lang.Object, java.lang.Object, int, java.lang.Object, java.lang.Object)'> (0x00000000ebf25638) 
thrown [s\src\hotspot\share\interpreter\linkResolver.cpp, line 759]
Event: 15.643 Thread 0x000001d808643080 Exception <a 'java/lang/NoSuchMethodError'{0x00000000ec01c890}: 'void java.lang.invoke.DirectMethodHandle$Holder.invokeStatic(java.lang.Object, int)'> (0x00000000ec01c890) 
thrown [s\src\hotspot\share\interpreter\linkResolver.cpp, line 759]
Event: 15.646 Thread 0x000001d80856f470 Exception <a 'sun/nio/fs/WindowsException'{0x00000000ebf54150}> (0x00000000ebf54150) 
thrown [s\src\hotspot\share\prims\jni.cpp, line 516]
Event: 15.669 Thread 0x000001d80856f470 Exception <a 'sun/nio/fs/WindowsException'{0x00000000ec0a4dd8}> (0x00000000ec0a4dd8) 
thrown [s\src\hotspot\share\prims\jni.cpp, line 516]
Event: 15.747 Thread 0x000001d80856f470 Exception <a 'sun/nio/fs/WindowsException'{0x00000000eab447a8}> (0x00000000eab447a8) 
thrown [s\src\hotspot\share\prims\jni.cpp, line 516]
Event: 15.748 Thread 0x000001d808643080 Exception <a 'java/io/FileNotFoundException'{0x00000000ead602e8}> (0x00000000ead602e8) 
thrown [s\src\hotspot\share\prims\jni.cpp, line 516]
Event: 15.749 Thread 0x000001d808643080 Exception <a 'java/io/FileNotFoundException'{0x00000000ead61580}> (0x00000000ead61580) 
thrown [s\src\hotspot\share\prims\jni.cpp, line 516]
Event: 15.749 Thread 0x000001d808643080 Exception <a 'java/io/FileNotFoundException'{0x00000000ead62568}> (0x00000000ead62568) 
thrown [s\src\hotspot\share\prims\jni.cpp, line 516]
Event: 15.763 Thread 0x000001d80856f470 Exception <a 'sun/nio/fs/WindowsException'{0x00000000eab5f6c8}> (0x00000000eab5f6c8) 
thrown [s\src\hotspot\share\prims\jni.cpp, line 516]
Event: 15.767 Thread 0x000001d808643080 Exception <a 'java/lang/NoSuchMethodError'{0x00000000eadc26c8}: 'int java.lang.invoke.DirectMethodHandle$Holder.invokeStatic(java.lang.Object, java.lang.Object, java.lang.Object, java.lang.Object, java.lang.Object, java.lang.Object)'> (0x00000000eadc26c8) 
thrown [s\src\hotspot\share\interpreter\linkResolver.cpp, line 759]
Event: 15.785 Thread 0x000001d80856f470 Exception <a 'sun/nio/fs/WindowsException'{0x00000000eadef510}> (0x00000000eadef510) 
thrown [s\src\hotspot\share\prims\jni.cpp, line 516]
Event: 15.855 Thread 0x000001d80856f470 Exception <a 'sun/nio/fs/WindowsException'{0x00000000eb9a3cb0}> (0x00000000eb9a3cb0) 
thrown [s\src\hotspot\share\prims\jni.cpp, line 516]
Event: 15.937 Thread 0x000001d80856f470 Exception <a 'sun/nio/fs/WindowsException'{0x00000000eab8a540}> (0x00000000eab8a540) 
thrown [s\src\hotspot\share\prims\jni.cpp, line 516]
Event: 15.984 Thread 0x000001d80856f470 Exception <a 'sun/nio/fs/WindowsException'{0x00000000eaf4ef08}> (0x00000000eaf4ef08) 
thrown [s\src\hotspot\share\prims\jni.cpp, line 516]

VM Operations (20 events):
Event: 15.222 Executing VM operation: HandshakeAllThreads
Event: 15.222 Executing VM operation: HandshakeAllThreads done
Event: 15.265 Executing VM operation: HandshakeAllThreads
Event: 15.265 Executing VM operation: HandshakeAllThreads done
Event: 15.297 Executing VM operation: HandshakeAllThreads
Event: 15.297 Executing VM operation: HandshakeAllThreads done
Event: 15.318 Executing VM operation: ParallelGCFailedAllocation
Event: 15.325 Executing VM operation: ParallelGCFailedAllocation done
Event: 15.445 Executing VM operation: ICBufferFull
Event: 15.446 Executing VM operation: ICBufferFull done
Event: 15.512 Executing VM operation: HandshakeAllThreads
Event: 15.513 Executing VM operation: HandshakeAllThreads done
Event: 15.559 Executing VM operation: ParallelGCFailedAllocation
Event: 15.564 Executing VM operation: ParallelGCFailedAllocation done
Event: 15.716 Executing VM operation: ParallelGCFailedAllocation
Event: 15.720 Executing VM operation: ParallelGCFailedAllocation done
Event: 15.785 Executing VM operation: HandshakeAllThreads
Event: 15.786 Executing VM operation: HandshakeAllThreads done
Event: 15.914 Executing VM operation: ParallelGCFailedAllocation
Event: 15.924 Executing VM operation: ParallelGCFailedAllocation done

Events (20 events):
Event: 15.795 Thread 0x000001d8051833c0 flushing nmethod 0x000001d872531390
Event: 15.800 Thread 0x000001d8051833c0 flushing nmethod 0x000001d86a46fa90
Event: 15.802 Thread 0x000001d8051833c0 flushing nmethod 0x000001d86a4f9690
Event: 15.807 Thread 0x000001d8051833c0 flushing nmethod 0x000001d86a849190
Event: 15.809 Thread 0x000001d8051833c0 flushing nmethod 0x000001d86aaad690
Event: 15.815 Thread 0x000001d8051833c0 flushing nmethod 0x000001d86ae3c290
Event: 15.817 Thread 0x000001d80bb20ea0 Thread added: 0x000001d80bb20ea0
Event: 15.817 Thread 0x000001d8051833c0 flushing nmethod 0x000001d86af3e890
Event: 15.817 Thread 0x000001d80bb20480 Thread added: 0x000001d80bb20480
Event: 15.818 Thread 0x000001d80bb23210 Thread added: 0x000001d80bb23210
Event: 15.818 Thread 0x000001d80bb227f0 Thread added: 0x000001d80bb227f0
Event: 15.819 Thread 0x000001d80bb22d00 Thread added: 0x000001d80bb22d00
Event: 15.823 Thread 0x000001d8051833c0 flushing nmethod 0x000001d86b173490
Event: 15.853 Thread 0x000001d80bb23210 Thread exited: 0x000001d80bb23210
Event: 15.853 Thread 0x000001d80bb20480 Thread exited: 0x000001d80bb20480
Event: 15.853 Thread 0x000001d80bb22d00 Thread exited: 0x000001d80bb22d00
Event: 15.853 Thread 0x000001d80bb227f0 Thread exited: 0x000001d80bb227f0
Event: 15.853 Thread 0x000001d80bb20ea0 Thread exited: 0x000001d80bb20ea0
Event: 16.078 loading class java/io/CharArrayWriter
Event: 16.078 loading class java/io/CharArrayWriter done


Dynamic libraries:
0x00007ff7ed6f0000 - 0x00007ff7ed6fe000 	c:\Users\cheng\.cursor\extensions\redhat.java-1.31.0-win32-x64\jre\17.0.11-win32-x86_64\bin\java.exe
0x00007fff24370000 - 0x00007fff24587000 	C:\WINDOWS\SYSTEM32\ntdll.dll
0x00007fff23140000 - 0x00007fff23204000 	C:\WINDOWS\System32\KERNEL32.DLL
0x00007fff21950000 - 0x00007fff21cf7000 	C:\WINDOWS\System32\KERNELBASE.dll
0x00007fff1e430000 - 0x00007fff1e4c7000 	C:\WINDOWS\SYSTEM32\apphelp.dll
0x00007fff21e20000 - 0x00007fff21f31000 	C:\WINDOWS\System32\ucrtbase.dll
0x00007fff10650000 - 0x00007fff10667000 	c:\Users\cheng\.cursor\extensions\redhat.java-1.31.0-win32-x64\jre\17.0.11-win32-x86_64\bin\jli.dll
0x00007fff10630000 - 0x00007fff1064b000 	c:\Users\cheng\.cursor\extensions\redhat.java-1.31.0-win32-x64\jre\17.0.11-win32-x86_64\bin\VCRUNTIME140.dll
0x00007fff23590000 - 0x00007fff2373e000 	C:\WINDOWS\System32\USER32.dll
0x00007fff0f6b0000 - 0x00007fff0f943000 	C:\WINDOWS\WinSxS\amd64_microsoft.windows.common-controls_6595b64144ccf1df_6.0.22621.3527_none_270e469b73872a76\COMCTL32.dll
0x00007fff22000000 - 0x00007fff22026000 	C:\WINDOWS\System32\win32u.dll
0x00007fff24000000 - 0x00007fff240a7000 	C:\WINDOWS\System32\msvcrt.dll
0x00007fff22150000 - 0x00007fff22179000 	C:\WINDOWS\System32\GDI32.dll
0x00007fff21d00000 - 0x00007fff21e19000 	C:\WINDOWS\System32\gdi32full.dll
0x00007fff216c0000 - 0x00007fff2175a000 	C:\WINDOWS\System32\msvcp_win.dll
0x00007fff22ce0000 - 0x00007fff22d11000 	C:\WINDOWS\System32\IMM32.DLL
0x00007fff1a8c0000 - 0x00007fff1a8cc000 	c:\Users\cheng\.cursor\extensions\redhat.java-1.31.0-win32-x64\jre\17.0.11-win32-x86_64\bin\vcruntime140_1.dll
0x00007ffed9ec0000 - 0x00007ffed9f4d000 	c:\Users\cheng\.cursor\extensions\redhat.java-1.31.0-win32-x64\jre\17.0.11-win32-x86_64\bin\msvcp140.dll
0x00007ffebc060000 - 0x00007ffebccc2000 	c:\Users\cheng\.cursor\extensions\redhat.java-1.31.0-win32-x64\jre\17.0.11-win32-x86_64\bin\server\jvm.dll
0x00007fff22bb0000 - 0x00007fff22c62000 	C:\WINDOWS\System32\ADVAPI32.dll
0x00007fff220a0000 - 0x00007fff22148000 	C:\WINDOWS\System32\sechost.dll
0x00007fff21690000 - 0x00007fff216b8000 	C:\WINDOWS\System32\bcrypt.dll
0x00007fff23220000 - 0x00007fff23335000 	C:\WINDOWS\System32\RPCRT4.dll
0x00007fff20fa0000 - 0x00007fff20fed000 	C:\WINDOWS\SYSTEM32\POWRPROF.dll
0x00007fff07bb0000 - 0x00007fff07bb9000 	C:\WINDOWS\SYSTEM32\WSOCK32.dll
0x00007fff230c0000 - 0x00007fff23131000 	C:\WINDOWS\System32\WS2_32.dll
0x00007fff1f040000 - 0x00007fff1f074000 	C:\WINDOWS\SYSTEM32\WINMM.dll
0x00007fff185d0000 - 0x00007fff185da000 	C:\WINDOWS\SYSTEM32\VERSION.dll
0x00007fff20ed0000 - 0x00007fff20ee3000 	C:\WINDOWS\SYSTEM32\UMPDC.dll
0x00007fff20610000 - 0x00007fff20628000 	C:\WINDOWS\SYSTEM32\kernel.appcore.dll
0x00007fff10620000 - 0x00007fff1062a000 	c:\Users\cheng\.cursor\extensions\redhat.java-1.31.0-win32-x64\jre\17.0.11-win32-x86_64\bin\jimage.dll
0x00007fff1ee00000 - 0x00007fff1f032000 	C:\WINDOWS\SYSTEM32\DBGHELP.DLL
0x00007fff22810000 - 0x00007fff22b98000 	C:\WINDOWS\System32\combase.dll
0x00007fff22fe0000 - 0x00007fff230b7000 	C:\WINDOWS\System32\OLEAUT32.dll
0x00007fff1eda0000 - 0x00007fff1edd2000 	C:\WINDOWS\SYSTEM32\dbgcore.DLL
0x00007fff218d0000 - 0x00007fff21949000 	C:\WINDOWS\System32\bcryptPrimitives.dll
0x00007fff10610000 - 0x00007fff1061e000 	c:\Users\cheng\.cursor\extensions\redhat.java-1.31.0-win32-x64\jre\17.0.11-win32-x86_64\bin\instrument.dll
0x00007ffef4fc0000 - 0x00007ffef4fe5000 	c:\Users\cheng\.cursor\extensions\redhat.java-1.31.0-win32-x64\jre\17.0.11-win32-x86_64\bin\java.dll
0x00007ffef5150000 - 0x00007ffef5168000 	c:\Users\cheng\.cursor\extensions\redhat.java-1.31.0-win32-x64\jre\17.0.11-win32-x86_64\bin\zip.dll
0x00007fff23740000 - 0x00007fff23f9c000 	C:\WINDOWS\System32\SHELL32.dll
0x00007fff1f580000 - 0x00007fff1fe76000 	C:\WINDOWS\SYSTEM32\windows.storage.dll
0x00007fff1f440000 - 0x00007fff1f57e000 	C:\WINDOWS\SYSTEM32\wintypes.dll
0x00007fff240b0000 - 0x00007fff241a5000 	C:\WINDOWS\System32\SHCORE.dll
0x00007fff23fa0000 - 0x00007fff23ffe000 	C:\WINDOWS\System32\shlwapi.dll
0x00007fff215c0000 - 0x00007fff215e1000 	C:\WINDOWS\SYSTEM32\profapi.dll
0x00007ffef4fa0000 - 0x00007ffef4fb9000 	C:\Users\cheng\.cursor\extensions\redhat.java-1.31.0-win32-x64\jre\17.0.11-win32-x86_64\bin\net.dll
0x00007fff1aa90000 - 0x00007fff1abc6000 	C:\WINDOWS\SYSTEM32\WINHTTP.dll
0x00007fff20ae0000 - 0x00007fff20b49000 	C:\WINDOWS\system32\mswsock.dll
0x00007ffef4a60000 - 0x00007ffef4a76000 	C:\Users\cheng\.cursor\extensions\redhat.java-1.31.0-win32-x64\jre\17.0.11-win32-x86_64\bin\nio.dll
0x00007fff105d0000 - 0x00007fff105e0000 	c:\Users\cheng\.cursor\extensions\redhat.java-1.31.0-win32-x64\jre\17.0.11-win32-x86_64\bin\verify.dll
0x00007fff106b0000 - 0x00007fff106f4000 	C:\Users\cheng\AppData\Roaming\Cursor\User\globalStorage\redhat.java\1.31.0\config_win\org.eclipse.equinox.launcher\org.eclipse.equinox.launcher.win32.win32.x86_64_1.2.1000.v20240507-1834\eclipse_11902.dll
0x00007fff23360000 - 0x00007fff23505000 	C:\WINDOWS\System32\ole32.dll
0x00007fff20d80000 - 0x00007fff20d9b000 	C:\WINDOWS\SYSTEM32\CRYPTSP.dll
0x00007fff205d0000 - 0x00007fff20605000 	C:\WINDOWS\system32\rsaenh.dll
0x00007fff20ba0000 - 0x00007fff20bc8000 	C:\WINDOWS\SYSTEM32\USERENV.dll
0x00007fff20da0000 - 0x00007fff20dac000 	C:\WINDOWS\SYSTEM32\CRYPTBASE.dll
0x00007fff200e0000 - 0x00007fff2010d000 	C:\WINDOWS\SYSTEM32\IPHLPAPI.DLL
0x00007fff23210000 - 0x00007fff23219000 	C:\WINDOWS\System32\NSI.dll
0x00007fff1a710000 - 0x00007fff1a729000 	C:\WINDOWS\SYSTEM32\dhcpcsvc6.DLL
0x00007fff1a6f0000 - 0x00007fff1a70f000 	C:\WINDOWS\SYSTEM32\dhcpcsvc.DLL
0x00007fff20150000 - 0x00007fff20248000 	C:\WINDOWS\SYSTEM32\DNSAPI.dll
0x00007ffed84e0000 - 0x00007ffed8525000 	C:\Users\cheng\AppData\Local\Temp\jna-94627417\jna6800291537827857820.dll
0x00007fff22ba0000 - 0x00007fff22ba8000 	C:\WINDOWS\System32\PSAPI.DLL

dbghelp: loaded successfully - version: 4.0.5 - missing functions: none
symbol engine: initialized successfully - sym options: 0x614 - pdb path: .;c:\Users\cheng\.cursor\extensions\redhat.java-1.31.0-win32-x64\jre\17.0.11-win32-x86_64\bin;C:\WINDOWS\SYSTEM32;C:\WINDOWS\WinSxS\amd64_microsoft.windows.common-controls_6595b64144ccf1df_6.0.22621.3527_none_270e469b73872a76;c:\Users\cheng\.cursor\extensions\redhat.java-1.31.0-win32-x64\jre\17.0.11-win32-x86_64\bin\server;C:\Users\cheng\AppData\Roaming\Cursor\User\globalStorage\redhat.java\1.31.0\config_win\org.eclipse.equinox.launcher\org.eclipse.equinox.launcher.win32.win32.x86_64_1.2.1000.v20240507-1834;C:\Users\cheng\AppData\Local\Temp\jna-94627417

VM Arguments:
jvm_args: --add-modules=ALL-SYSTEM --add-opens=java.base/java.util=ALL-UNNAMED --add-opens=java.base/java.lang=ALL-UNNAMED --add-opens=java.base/sun.nio.fs=ALL-UNNAMED -Declipse.application=org.eclipse.jdt.ls.core.id1 -Dosgi.bundles.defaultStartLevel=4 -Declipse.product=org.eclipse.jdt.ls.core.product -Djava.import.generatesMetadataFilesAtProjectRoot=false -DDetectVMInstallationsJob.disabled=true -Dfile.encoding=utf8 -XX:+UseParallelGC -XX:GCTimeRatio=4 -XX:AdaptiveSizePolicyWeight=90 -Dsun.zip.disableMemoryMapping=true -Xmx1G -Xms100m -Xlog:disable -javaagent:c:\Users\cheng\.cursor\extensions\redhat.java-1.31.0-win32-x64\lombok\lombok-1.18.32.jar -XX:+HeapDumpOnOutOfMemoryError -XX:HeapDumpPath=c:\Users\cheng\AppData\Roaming\Cursor\User\workspaceStorage\0a2e1038fc00e70623d54bd91d206bcc\redhat.java -Daether.dependencyCollector.impl=bf 
java_command: c:\Users\cheng\.cursor\extensions\redhat.java-1.31.0-win32-x64\server\plugins\org.eclipse.equinox.launcher_1.6.800.v20240513-1750.jar -configuration c:\Users\cheng\AppData\Roaming\Cursor\User\globalStorage\redhat.java\1.31.0\config_win -data c:\Users\cheng\AppData\Roaming\Cursor\User\workspaceStorage\0a2e1038fc00e70623d54bd91d206bcc\redhat.java\jdt_ws --pipe=\\.\pipe\lsp-b8e38ae59b0a87ab4039f4085a64c898-sock
java_class_path (initial): c:\Users\cheng\.cursor\extensions\redhat.java-1.31.0-win32-x64\server\plugins\org.eclipse.equinox.launcher_1.6.800.v20240513-1750.jar
Launcher Type: SUN_STANDARD

[Global flags]
    uintx AdaptiveSizePolicyWeight                 = 90                                        {product} {command line}
     intx CICompilerCount                          = 12                                        {product} {ergonomic}
    uintx GCTimeRatio                              = 4                                         {product} {command line}
     bool HeapDumpOnOutOfMemoryError               = true                                   {manageable} {command line}
    ccstr HeapDumpPath                             = c:\Users\cheng\AppData\Roaming\Cursor\User\workspaceStorage\0a2e1038fc00e70623d54bd91d206bcc\redhat.java         {manageable} {command line}
   size_t InitialHeapSize                          = 104857600                                 {product} {command line}
   size_t MaxHeapSize                              = 1073741824                                {product} {command line}
   size_t MaxNewSize                               = 357564416                                 {product} {ergonomic}
   size_t MinHeapDeltaBytes                        = 524288                                    {product} {ergonomic}
   size_t MinHeapSize                              = 104857600                                 {product} {command line}
   size_t NewSize                                  = 34603008                                  {product} {ergonomic}
    uintx NonNMethodCodeHeapSize                   = 7602480                                {pd product} {ergonomic}
    uintx NonProfiledCodeHeapSize                  = 122027880                              {pd product} {ergonomic}
   size_t OldSize                                  = 70254592                                  {product} {ergonomic}
    uintx ProfiledCodeHeapSize                     = 122027880                              {pd product} {ergonomic}
    uintx ReservedCodeCacheSize                    = 251658240                              {pd product} {ergonomic}
     bool SegmentedCodeCache                       = true                                      {product} {ergonomic}
   size_t SoftMaxHeapSize                          = 1073741824                             {manageable} {ergonomic}
     bool UseCompressedClassPointers               = true                           {product lp64_product} {ergonomic}
     bool UseCompressedOops                        = true                           {product lp64_product} {ergonomic}
     bool UseLargePagesIndividualAllocation        = false                                  {pd product} {ergonomic}
     bool UseParallelGC                            = true                                      {product} {command line}

Logging:
Log output configuration:
 #0: stdout all=off uptime,level,tags
 #1: stderr all=off uptime,level,tags

Environment Variables:
PATH=c:\Users\cheng\AppData\Local\Programs\cursor\resources\app\bin;C:\Program Files\Common Files\Oracle\Java\javapath;C:\Python312\Scripts\;C:\Python312\;C:\Windows\system32;C:\Windows;C:\Windows\System32\Wbem;C:\Windows\System32\WindowsPowerShell\v1.0\;C:\Windows\System32\OpenSSH\;C:\Program Files (x86)\NVIDIA Corporation\PhysX\Common;C:\WINDOWS\system32;C:\WINDOWS;C:\WINDOWS\System32\Wbem;C:\WINDOWS\System32\WindowsPowerShell\v1.0\;C:\WINDOWS\System32\OpenSSH\;C:\Program Files\Git\cmd;C:\Program Files\dotnet\;C:\ProgramData\chocolatey\bin;C:\Program Files\apache-maven-3.9.6\bin;C:\Program Files\nodejs;;C:\Program Files\Docker\Docker\resources\bin;C:\Users\cheng\AppData\Local\Microsoft\WindowsApps;C:\Users\cheng\AppData\Roaming\npm;C:\Users\cheng\AppData\Local\GitHubDesktop\bin;C:\Users\cheng\.dotnet\tools;c:\Users\cheng\AppData\Local\Programs\cursor\resources\app\bin;C:\Users\cheng\AppData\Local\Programs\Microsoft VS Code\bin;C:\Users\cheng\AppData\Local\Microsoft\WinGet\Links
USERNAME=cheng
OS=Windows_NT
PROCESSOR_IDENTIFIER=AMD64 Family 23 Model 96 Stepping 1, AuthenticAMD
TMP=C:\Users\cheng\AppData\Local\Temp
TEMP=C:\Users\cheng\AppData\Local\Temp



Periodic native trim disabled


---------------  S Y S T E M  ---------------

OS:
 Windows 11 , 64 bit Build 22621 (10.0.22621.3527)
OS uptime: 5 days 6:57 hours
Hyper-V role detected

CPU: total 16 (initial active 16) (16 cores per cpu, 2 threads per core) family 23 model 96 stepping 1 microcode 0x0, cx8, cmov, fxsr, ht, mmx, 3dnowpref, sse, sse2, sse3, ssse3, sse4a, sse4.1, sse4.2, popcnt, lzcnt, tsc, tscinvbit, avx, avx2, aes, clmul, bmi1, bmi2, adx, sha, fma, vzeroupper, clflush, clflushopt, hv
Processor Information for all 16 processors :
  Max Mhz: 3000, Current Mhz: 3000, Mhz Limit: 3000

Memory: 4k page, system-wide physical 15789M (5400M free)
TotalPageFile size 64941M (AvailPageFile size 5M)
current process WorkingSet (physical memory assigned to process): 869M, peak: 869M
current process commit charge ("private bytes"): 821M, peak: 833M

vm_info: OpenJDK 64-Bit Server VM (17.0.11+9) for windows-amd64 JRE (17.0.11+9), built on Apr 17 2024 06:07:48 by "admin" with MS VC++ 16.10 / 16.11 (VS2019)

END.
